Removed Pin From Net: NetName=GND Pin=C6-1
Removed Pin From Net: NetName=5V Pin=C6-2
Removed Pin From Net: NetName=GND Pin=C7-2
Removed Pin From Net: NetName=1V8 Pin=C9-2
Removed Pin From Net: NetName=1V8 Pin=C12-2
Removed Pin From Net: NetName=GND Pin=C14-1
Removed Pin From Net: NetName=1V8 Pin=C14-2
Removed Pin From Net: NetName=GND Pin=C16-1
Removed Pin From Net: NetName=1V8 Pin=C16-2
Removed Pin From Net: NetName=1V8 Pin=L2-1
Removed Pin From Net: NetName=5V Pin=R12-2
Removed Pin From Net: NetName=5V Pin=R22-2
Removed Pin From Net: NetName=GND Pin=R27-2
Removed Pin From Net: NetName=1V8 Pin=R30-2
Removed Pin From Net: NetName=1V8 Pin=U2-2
Removed Pin From Net: NetName=5V Pin=U2-8
Removed Pin From Net: NetName=GND Pin=U2-10
Removed Pin From Net: NetName=GND Pin=U2-11
Removed Pin From Net: NetName=GND Pin=U2-12
Removed Pin From Net: NetName=5V Pin=U2-13
Removed Member From Class: ClassName=OECU_BASE1 Member=C6
Removed Member From Class: ClassName=OECU_BASE1 Member=C7
Removed Member From Class: ClassName=OECU_BASE1 Member=C9
Removed Member From Class: ClassName=OECU_BASE1 Member=C12
Removed Member From Class: ClassName=OECU_BASE1 Member=C14
Removed Member From Class: ClassName=OECU_BASE1 Member=C16
Removed Member From Class: ClassName=OECU_BASE1 Member=L2
Removed Member From Class: ClassName=OECU_BASE1 Member=R12
Removed Member From Class: ClassName=OECU_BASE1 Member=R22
Removed Member From Class: ClassName=OECU_BASE1 Member=R27
Removed Member From Class: ClassName=OECU_BASE1 Member=R30
Removed Member From Class: ClassName=OECU_BASE1 Member=U2
