Removed Pin From Net: NetName=NetC7_1 Pin=C7-1
Removed Pin From Net: NetName=NetR13_1 Pin=R13-1
Change Component Designator: OldDesignator=C1 NewDesignator=C5
Change Component Designator: OldDesignator=C2 NewDesignator=C11
Change Component Designator: OldDesignator=C3 NewDesignator=C13
Change Component Designator: OldDesignator=C4 NewDesignator=C15
Change Component Designator: OldDesignator=C5 NewDesignator=C2
Change Component Designator: OldDesignator=C6 NewDesignator=C10
Change Component Designator: OldDesignator=C7 NewDesignator=C8
Change Component Designator: OldDesignator=C8 NewDesignator=C6
Change Component Designator: OldDesignator=C9 NewDesignator=C12
Change Component Designator: OldDesignator=C10 NewDesignator=C14
Change Component Designator: OldDesignator=C11 NewDesignator=C16
Change Component Designator: OldDesignator=C12 NewDesignator=C9
Change Component Designator: OldDesignator=C13 NewDesignator=C3
Change Component Designator: OldDesignator=C14 NewDesignator=C7
Change Component Designator: OldDesignator=C15 NewDesignator=C1
Change Component Designator: OldDesignator=C16 NewDesignator=C4
Change Component Designator: OldDesignator=C17 NewDesignator=C38
Change Component Designator: OldDesignator=C18 NewDesignator=C39
Change Component Designator: OldDesignator=C19 NewDesignator=C24
Change Component Designator: OldDesignator=C20 NewDesignator=C25
Change Component Designator: OldDesignator=C21 NewDesignator=C17
Change Component Designator: OldDesignator=C22 NewDesignator=C26
Change Component Designator: OldDesignator=C23 NewDesignator=C18
Change Component Designator: OldDesignator=C24 NewDesignator=C20
Change Component Designator: OldDesignator=C25 NewDesignator=C22
Change Component Designator: OldDesignator=C26 NewDesignator=C27
Change Component Designator: OldDesignator=C27 NewDesignator=C28
Change Component Designator: OldDesignator=C28 NewDesignator=C29
Change Component Designator: OldDesignator=C29 NewDesignator=C19
Change Component Designator: OldDesignator=C30 NewDesignator=C21
Change Component Designator: OldDesignator=C31 NewDesignator=C23
Change Component Designator: OldDesignator=C32 NewDesignator=C30
Change Component Designator: OldDesignator=C33 NewDesignator=C31
Change Component Designator: OldDesignator=C34 NewDesignator=C32
Change Component Designator: OldDesignator=C35 NewDesignator=C33
Change Component Designator: OldDesignator=C36 NewDesignator=C34
Change Component Designator: OldDesignator=C37 NewDesignator=C35
Change Component Designator: OldDesignator=C38 NewDesignator=C36
Change Component Designator: OldDesignator=C39 NewDesignator=C37
Change Component Designator: OldDesignator=C40 NewDesignator=C55
Change Component Designator: OldDesignator=C41 NewDesignator=C73
Change Component Designator: OldDesignator=C42 NewDesignator=C56
Change Component Designator: OldDesignator=C43 NewDesignator=C74
Change Component Designator: OldDesignator=C44 NewDesignator=C41
Change Component Designator: OldDesignator=C45 NewDesignator=C58
Change Component Designator: OldDesignator=C46 NewDesignator=C49
Change Component Designator: OldDesignator=C47 NewDesignator=C51
Change Component Designator: OldDesignator=C48 NewDesignator=C53
Change Component Designator: OldDesignator=C49 NewDesignator=C67
Change Component Designator: OldDesignator=C50 NewDesignator=C69
Change Component Designator: OldDesignator=C51 NewDesignator=C71
Change Component Designator: OldDesignator=C52 NewDesignator=C50
Change Component Designator: OldDesignator=C53 NewDesignator=C52
Change Component Designator: OldDesignator=C55 NewDesignator=C68
Change Component Designator: OldDesignator=C56 NewDesignator=C70
Change Component Designator: OldDesignator=C57 NewDesignator=C72
Change Component Designator: OldDesignator=C58 NewDesignator=C40
Change Component Designator: OldDesignator=C59 NewDesignator=C42
Change Component Designator: OldDesignator=C60 NewDesignator=C43
Change Component Designator: OldDesignator=C61 NewDesignator=C44
Change Component Designator: OldDesignator=C62 NewDesignator=C45
Change Component Designator: OldDesignator=C63 NewDesignator=C46
Change Component Designator: OldDesignator=C64 NewDesignator=C59
Change Component Designator: OldDesignator=C65 NewDesignator=C60
Change Component Designator: OldDesignator=C66 NewDesignator=C61
Change Component Designator: OldDesignator=C67 NewDesignator=C62
Change Component Designator: OldDesignator=C68 NewDesignator=C63
Change Component Designator: OldDesignator=C69 NewDesignator=C64
Change Component Designator: OldDesignator=C70 NewDesignator=C47
Change Component Designator: OldDesignator=C71 NewDesignator=C48
Change Component Designator: OldDesignator=C72 NewDesignator=C57
Change Component Designator: OldDesignator=C73 NewDesignator=C65
Change Component Designator: OldDesignator=C74 NewDesignator=C66
Change Component Designator: OldDesignator=C76 NewDesignator=C91
Change Component Designator: OldDesignator=C77 NewDesignator=C109
Change Component Designator: OldDesignator=C78 NewDesignator=C92
Change Component Designator: OldDesignator=C79 NewDesignator=C110
Change Component Designator: OldDesignator=C80 NewDesignator=C77
Change Component Designator: OldDesignator=C81 NewDesignator=C95
Change Component Designator: OldDesignator=C82 NewDesignator=C85
Change Component Designator: OldDesignator=C83 NewDesignator=C87
Change Component Designator: OldDesignator=C84 NewDesignator=C89
Change Component Designator: OldDesignator=C85 NewDesignator=C103
Change Component Designator: OldDesignator=C86 NewDesignator=C105
Change Component Designator: OldDesignator=C87 NewDesignator=C107
Change Component Designator: OldDesignator=C88 NewDesignator=C86
Change Component Designator: OldDesignator=C89 NewDesignator=C88
Change Component Designator: OldDesignator=C91 NewDesignator=C104
Change Component Designator: OldDesignator=C92 NewDesignator=C106
Change Component Designator: OldDesignator=C93 NewDesignator=C108
Change Component Designator: OldDesignator=C94 NewDesignator=C76
Change Component Designator: OldDesignator=C95 NewDesignator=C78
Change Component Designator: OldDesignator=C96 NewDesignator=C79
Change Component Designator: OldDesignator=C97 NewDesignator=C80
Change Component Designator: OldDesignator=C98 NewDesignator=C81
Change Component Designator: OldDesignator=C99 NewDesignator=C82
Change Component Designator: OldDesignator=C100 NewDesignator=C94
Change Component Designator: OldDesignator=C101 NewDesignator=C96
Change Component Designator: OldDesignator=C102 NewDesignator=C97
Change Component Designator: OldDesignator=C103 NewDesignator=C98
Change Component Designator: OldDesignator=C104 NewDesignator=C99
Change Component Designator: OldDesignator=C105 NewDesignator=C100
Change Component Designator: OldDesignator=C106 NewDesignator=C83
Change Component Designator: OldDesignator=C107 NewDesignator=C84
Change Component Designator: OldDesignator=C108 NewDesignator=C93
Change Component Designator: OldDesignator=C109 NewDesignator=C101
Change Component Designator: OldDesignator=C110 NewDesignator=C102
Change Component Designator: OldDesignator=C112 NewDesignator=C127
Change Component Designator: OldDesignator=C113 NewDesignator=C145
Change Component Designator: OldDesignator=C114 NewDesignator=C128
Change Component Designator: OldDesignator=C115 NewDesignator=C146
Change Component Designator: OldDesignator=C116 NewDesignator=C113
Change Component Designator: OldDesignator=C117 NewDesignator=C131
Change Component Designator: OldDesignator=C118 NewDesignator=C121
Change Component Designator: OldDesignator=C119 NewDesignator=C123
Change Component Designator: OldDesignator=C120 NewDesignator=C125
Change Component Designator: OldDesignator=C121 NewDesignator=C139
Change Component Designator: OldDesignator=C122 NewDesignator=C141
Change Component Designator: OldDesignator=C123 NewDesignator=C143
Change Component Designator: OldDesignator=C124 NewDesignator=C122
Change Component Designator: OldDesignator=C125 NewDesignator=C124
Change Component Designator: OldDesignator=C127 NewDesignator=C140
Change Component Designator: OldDesignator=C128 NewDesignator=C142
Change Component Designator: OldDesignator=C129 NewDesignator=C144
Change Component Designator: OldDesignator=C130 NewDesignator=C112
Change Component Designator: OldDesignator=C131 NewDesignator=C114
Change Component Designator: OldDesignator=C132 NewDesignator=C115
Change Component Designator: OldDesignator=C133 NewDesignator=C116
Change Component Designator: OldDesignator=C134 NewDesignator=C117
Change Component Designator: OldDesignator=C135 NewDesignator=C118
Change Component Designator: OldDesignator=C136 NewDesignator=C130
Change Component Designator: OldDesignator=C137 NewDesignator=C132
Change Component Designator: OldDesignator=C138 NewDesignator=C133
Change Component Designator: OldDesignator=C139 NewDesignator=C134
Change Component Designator: OldDesignator=C140 NewDesignator=C135
Change Component Designator: OldDesignator=C141 NewDesignator=C136
Change Component Designator: OldDesignator=C142 NewDesignator=C119
Change Component Designator: OldDesignator=C143 NewDesignator=C120
Change Component Designator: OldDesignator=C144 NewDesignator=C129
Change Component Designator: OldDesignator=C145 NewDesignator=C137
Change Component Designator: OldDesignator=C146 NewDesignator=C138
Change Component Designator: OldDesignator=R1 NewDesignator=R23
Change Component Designator: OldDesignator=R2 NewDesignator=R24
Change Component Designator: OldDesignator=R3 NewDesignator=R25
Change Component Designator: OldDesignator=R4 NewDesignator=R6
Change Component Designator: OldDesignator=R5 NewDesignator=R26
Change Component Designator: OldDesignator=R6 NewDesignator=R7
Change Component Designator: OldDesignator=R7 NewDesignator=R8
Change Component Designator: OldDesignator=R8 NewDesignator=R13
Change Component Designator: OldDesignator=R9 NewDesignator=R21
Change Component Designator: OldDesignator=R10 NewDesignator=R29
Change Component Designator: OldDesignator=R12 NewDesignator=R28
Change Component Designator: OldDesignator=R13 NewDesignator=R12
Change Component Designator: OldDesignator=R14 NewDesignator=R22
Change Component Designator: OldDesignator=R15 NewDesignator=R30
Change Component Designator: OldDesignator=R16 NewDesignator=R9
Change Component Designator: OldDesignator=R17 NewDesignator=R10
Change Component Designator: OldDesignator=R18 NewDesignator=R27
Change Component Designator: OldDesignator=R19 NewDesignator=R14
Change Component Designator: OldDesignator=R20 NewDesignator=R15
Change Component Designator: OldDesignator=R21 NewDesignator=R16
Change Component Designator: OldDesignator=R22 NewDesignator=R1
Change Component Designator: OldDesignator=R23 NewDesignator=R2
Change Component Designator: OldDesignator=R24 NewDesignator=R17
Change Component Designator: OldDesignator=R25 NewDesignator=R3
Change Component Designator: OldDesignator=R26 NewDesignator=R18
Change Component Designator: OldDesignator=R27 NewDesignator=R19
Change Component Designator: OldDesignator=R28 NewDesignator=R4
Change Component Designator: OldDesignator=R29 NewDesignator=R5
Change Component Designator: OldDesignator=R30 NewDesignator=R20
Change Component Designator: OldDesignator=R39 NewDesignator=R61
Change Component Designator: OldDesignator=R40 NewDesignator=R67
Change Component Designator: OldDesignator=R41 NewDesignator=R39
Change Component Designator: OldDesignator=R42 NewDesignator=R62
Change Component Designator: OldDesignator=R43 NewDesignator=R68
Change Component Designator: OldDesignator=R44 NewDesignator=R40
Change Component Designator: OldDesignator=R45 NewDesignator=R41
Change Component Designator: OldDesignator=R46 NewDesignator=R42
Change Component Designator: OldDesignator=R47 NewDesignator=R43
Change Component Designator: OldDesignator=R48 NewDesignator=R44
Change Component Designator: OldDesignator=R49 NewDesignator=R59
Change Component Designator: OldDesignator=R50 NewDesignator=R58
Change Component Designator: OldDesignator=R51 NewDesignator=R60
Change Component Designator: OldDesignator=R52 NewDesignator=R48
Change Component Designator: OldDesignator=R53 NewDesignator=R63
Change Component Designator: OldDesignator=R54 NewDesignator=R69
Change Component Designator: OldDesignator=R55 NewDesignator=R64
Change Component Designator: OldDesignator=R56 NewDesignator=R70
Change Component Designator: OldDesignator=R57 NewDesignator=R49
Change Component Designator: OldDesignator=R58 NewDesignator=R65
Change Component Designator: OldDesignator=R59 NewDesignator=R71
Change Component Designator: OldDesignator=R60 NewDesignator=R66
Change Component Designator: OldDesignator=R61 NewDesignator=R72
Change Component Designator: OldDesignator=R62 NewDesignator=R50
Change Component Designator: OldDesignator=R63 NewDesignator=R51
Change Component Designator: OldDesignator=R64 NewDesignator=R52
Change Component Designator: OldDesignator=R65 NewDesignator=R53
Change Component Designator: OldDesignator=R66 NewDesignator=R54
Change Component Designator: OldDesignator=R67 NewDesignator=R45
Change Component Designator: OldDesignator=R68 NewDesignator=R55
Change Component Designator: OldDesignator=R69 NewDesignator=R46
Change Component Designator: OldDesignator=R70 NewDesignator=R56
Change Component Designator: OldDesignator=R71 NewDesignator=R47
Change Component Designator: OldDesignator=R72 NewDesignator=R57
Change Component Designator: OldDesignator=R73 NewDesignator=R81
Change Component Designator: OldDesignator=R74 NewDesignator=R113
Change Component Designator: OldDesignator=R75 NewDesignator=R82
Change Component Designator: OldDesignator=R76 NewDesignator=R114
Change Component Designator: OldDesignator=R77 NewDesignator=R83
Change Component Designator: OldDesignator=R78 NewDesignator=R115
Change Component Designator: OldDesignator=R79 NewDesignator=R84
Change Component Designator: OldDesignator=R80 NewDesignator=R116
Change Component Designator: OldDesignator=R81 NewDesignator=R85
Change Component Designator: OldDesignator=R82 NewDesignator=R117
Change Component Designator: OldDesignator=R83 NewDesignator=R86
Change Component Designator: OldDesignator=R84 NewDesignator=R118
Change Component Designator: OldDesignator=R85 NewDesignator=R87
Change Component Designator: OldDesignator=R86 NewDesignator=R119
Change Component Designator: OldDesignator=R87 NewDesignator=R88
Change Component Designator: OldDesignator=R88 NewDesignator=R120
Change Component Designator: OldDesignator=R90 NewDesignator=R121
Change Component Designator: OldDesignator=R91 NewDesignator=R90
Change Component Designator: OldDesignator=R92 NewDesignator=R122
Change Component Designator: OldDesignator=R93 NewDesignator=R91
Change Component Designator: OldDesignator=R94 NewDesignator=R123
Change Component Designator: OldDesignator=R95 NewDesignator=R92
Change Component Designator: OldDesignator=R96 NewDesignator=R124
Change Component Designator: OldDesignator=R97 NewDesignator=R93
Change Component Designator: OldDesignator=R98 NewDesignator=R125
Change Component Designator: OldDesignator=R99 NewDesignator=R94
Change Component Designator: OldDesignator=R100 NewDesignator=R126
Change Component Designator: OldDesignator=R101 NewDesignator=R100
Change Component Designator: OldDesignator=R102 NewDesignator=R132
Change Component Designator: OldDesignator=R103 NewDesignator=R98
Change Component Designator: OldDesignator=R104 NewDesignator=R130
Change Component Designator: OldDesignator=R105 NewDesignator=R99
Change Component Designator: OldDesignator=R106 NewDesignator=R131
Change Component Designator: OldDesignator=R107 NewDesignator=R76
Change Component Designator: OldDesignator=R109 NewDesignator=R77
Change Component Designator: OldDesignator=R110 NewDesignator=R109
Change Component Designator: OldDesignator=R111 NewDesignator=R78
Change Component Designator: OldDesignator=R112 NewDesignator=R110
Change Component Designator: OldDesignator=R113 NewDesignator=R79
Change Component Designator: OldDesignator=R114 NewDesignator=R111
Change Component Designator: OldDesignator=R115 NewDesignator=R80
Change Component Designator: OldDesignator=R116 NewDesignator=R112
Change Component Designator: OldDesignator=R117 NewDesignator=R73
Change Component Designator: OldDesignator=R118 NewDesignator=R95
Change Component Designator: OldDesignator=R119 NewDesignator=R105
Change Component Designator: OldDesignator=R120 NewDesignator=R127
Change Component Designator: OldDesignator=R121 NewDesignator=R74
Change Component Designator: OldDesignator=R122 NewDesignator=R96
Change Component Designator: OldDesignator=R123 NewDesignator=R106
Change Component Designator: OldDesignator=R124 NewDesignator=R128
Change Component Designator: OldDesignator=R125 NewDesignator=R75
Change Component Designator: OldDesignator=R126 NewDesignator=R97
Change Component Designator: OldDesignator=R127 NewDesignator=R107
Change Component Designator: OldDesignator=R128 NewDesignator=R129
Change Component Designator: OldDesignator=R129 NewDesignator=R101
Change Component Designator: OldDesignator=R130 NewDesignator=R133
Change Component Designator: OldDesignator=R131 NewDesignator=R102
Change Component Designator: OldDesignator=R132 NewDesignator=R134
Change Component Designator: OldDesignator=R133 NewDesignator=R103
Change Component Designator: OldDesignator=R134 NewDesignator=R135
Change Component Designator: OldDesignator=R135 NewDesignator=R104
Change Component Designator: OldDesignator=R137 NewDesignator=R145
Change Component Designator: OldDesignator=R138 NewDesignator=R177
Change Component Designator: OldDesignator=R139 NewDesignator=R146
Change Component Designator: OldDesignator=R140 NewDesignator=R178
Change Component Designator: OldDesignator=R141 NewDesignator=R147
Change Component Designator: OldDesignator=R142 NewDesignator=R179
Change Component Designator: OldDesignator=R143 NewDesignator=R148
Change Component Designator: OldDesignator=R144 NewDesignator=R180
Change Component Designator: OldDesignator=R145 NewDesignator=R149
Change Component Designator: OldDesignator=R146 NewDesignator=R181
Change Component Designator: OldDesignator=R147 NewDesignator=R150
Change Component Designator: OldDesignator=R148 NewDesignator=R182
Change Component Designator: OldDesignator=R149 NewDesignator=R151
Change Component Designator: OldDesignator=R150 NewDesignator=R183
Change Component Designator: OldDesignator=R151 NewDesignator=R152
Change Component Designator: OldDesignator=R152 NewDesignator=R184
Change Component Designator: OldDesignator=R154 NewDesignator=R185
Change Component Designator: OldDesignator=R155 NewDesignator=R154
Change Component Designator: OldDesignator=R156 NewDesignator=R186
Change Component Designator: OldDesignator=R157 NewDesignator=R155
Change Component Designator: OldDesignator=R158 NewDesignator=R187
Change Component Designator: OldDesignator=R159 NewDesignator=R156
Change Component Designator: OldDesignator=R160 NewDesignator=R188
Change Component Designator: OldDesignator=R161 NewDesignator=R157
Change Component Designator: OldDesignator=R162 NewDesignator=R189
Change Component Designator: OldDesignator=R163 NewDesignator=R158
Change Component Designator: OldDesignator=R164 NewDesignator=R190
Change Component Designator: OldDesignator=R165 NewDesignator=R164
Change Component Designator: OldDesignator=R166 NewDesignator=R196
Change Component Designator: OldDesignator=R167 NewDesignator=R162
Change Component Designator: OldDesignator=R168 NewDesignator=R194
Change Component Designator: OldDesignator=R169 NewDesignator=R163
Change Component Designator: OldDesignator=R170 NewDesignator=R195
Change Component Designator: OldDesignator=R171 NewDesignator=R140
Change Component Designator: OldDesignator=R173 NewDesignator=R141
Change Component Designator: OldDesignator=R174 NewDesignator=R173
Change Component Designator: OldDesignator=R175 NewDesignator=R142
Change Component Designator: OldDesignator=R176 NewDesignator=R174
Change Component Designator: OldDesignator=R177 NewDesignator=R143
Change Component Designator: OldDesignator=R178 NewDesignator=R175
Change Component Designator: OldDesignator=R179 NewDesignator=R144
Change Component Designator: OldDesignator=R180 NewDesignator=R176
Change Component Designator: OldDesignator=R181 NewDesignator=R137
Change Component Designator: OldDesignator=R182 NewDesignator=R159
Change Component Designator: OldDesignator=R183 NewDesignator=R169
Change Component Designator: OldDesignator=R184 NewDesignator=R191
Change Component Designator: OldDesignator=R185 NewDesignator=R138
Change Component Designator: OldDesignator=R186 NewDesignator=R160
Change Component Designator: OldDesignator=R187 NewDesignator=R170
Change Component Designator: OldDesignator=R188 NewDesignator=R192
Change Component Designator: OldDesignator=R189 NewDesignator=R139
Change Component Designator: OldDesignator=R190 NewDesignator=R161
Change Component Designator: OldDesignator=R191 NewDesignator=R171
Change Component Designator: OldDesignator=R192 NewDesignator=R193
Change Component Designator: OldDesignator=R193 NewDesignator=R165
Change Component Designator: OldDesignator=R194 NewDesignator=R197
Change Component Designator: OldDesignator=R195 NewDesignator=R166
Change Component Designator: OldDesignator=R196 NewDesignator=R198
Change Component Designator: OldDesignator=R197 NewDesignator=R167
Change Component Designator: OldDesignator=R198 NewDesignator=R199
Change Component Designator: OldDesignator=R199 NewDesignator=R168
Change Component Designator: OldDesignator=R201 NewDesignator=R209
Change Component Designator: OldDesignator=R202 NewDesignator=R241
Change Component Designator: OldDesignator=R203 NewDesignator=R210
Change Component Designator: OldDesignator=R204 NewDesignator=R242
Change Component Designator: OldDesignator=R205 NewDesignator=R211
Change Component Designator: OldDesignator=R206 NewDesignator=R243
Change Component Designator: OldDesignator=R207 NewDesignator=R212
Change Component Designator: OldDesignator=R208 NewDesignator=R244
Change Component Designator: OldDesignator=R209 NewDesignator=R213
Change Component Designator: OldDesignator=R210 NewDesignator=R245
Change Component Designator: OldDesignator=R211 NewDesignator=R214
Change Component Designator: OldDesignator=R212 NewDesignator=R246
Change Component Designator: OldDesignator=R213 NewDesignator=R215
Change Component Designator: OldDesignator=R214 NewDesignator=R247
Change Component Designator: OldDesignator=R215 NewDesignator=R216
Change Component Designator: OldDesignator=R216 NewDesignator=R248
Change Component Designator: OldDesignator=R218 NewDesignator=R249
Change Component Designator: OldDesignator=R219 NewDesignator=R218
Change Component Designator: OldDesignator=R220 NewDesignator=R250
Change Component Designator: OldDesignator=R221 NewDesignator=R219
Change Component Designator: OldDesignator=R222 NewDesignator=R251
Change Component Designator: OldDesignator=R223 NewDesignator=R220
Change Component Designator: OldDesignator=R224 NewDesignator=R252
Change Component Designator: OldDesignator=R225 NewDesignator=R221
Change Component Designator: OldDesignator=R226 NewDesignator=R253
Change Component Designator: OldDesignator=R227 NewDesignator=R222
Change Component Designator: OldDesignator=R228 NewDesignator=R254
Change Component Designator: OldDesignator=R229 NewDesignator=R228
Change Component Designator: OldDesignator=R230 NewDesignator=R260
Change Component Designator: OldDesignator=R231 NewDesignator=R226
Change Component Designator: OldDesignator=R232 NewDesignator=R258
Change Component Designator: OldDesignator=R233 NewDesignator=R227
Change Component Designator: OldDesignator=R234 NewDesignator=R259
Change Component Designator: OldDesignator=R235 NewDesignator=R204
Change Component Designator: OldDesignator=R236 NewDesignator=R205
Change Component Designator: OldDesignator=R237 NewDesignator=R236
Change Component Designator: OldDesignator=R238 NewDesignator=R206
Change Component Designator: OldDesignator=R239 NewDesignator=R237
Change Component Designator: OldDesignator=R240 NewDesignator=R207
Change Component Designator: OldDesignator=R241 NewDesignator=R238
Change Component Designator: OldDesignator=R242 NewDesignator=R208
Change Component Designator: OldDesignator=R243 NewDesignator=R239
Change Component Designator: OldDesignator=R244 NewDesignator=R240
Change Component Designator: OldDesignator=R245 NewDesignator=R201
Change Component Designator: OldDesignator=R246 NewDesignator=R223
Change Component Designator: OldDesignator=R247 NewDesignator=R202
Change Component Designator: OldDesignator=R248 NewDesignator=R224
Change Component Designator: OldDesignator=R249 NewDesignator=R203
Change Component Designator: OldDesignator=R250 NewDesignator=R225
Change Component Designator: OldDesignator=R251 NewDesignator=R233
Change Component Designator: OldDesignator=R252 NewDesignator=R255
Change Component Designator: OldDesignator=R253 NewDesignator=R234
Change Component Designator: OldDesignator=R254 NewDesignator=R256
Change Component Designator: OldDesignator=R255 NewDesignator=R235
Change Component Designator: OldDesignator=R256 NewDesignator=R257
Change Component Designator: OldDesignator=R257 NewDesignator=R229
Change Component Designator: OldDesignator=R258 NewDesignator=R261
Change Component Designator: OldDesignator=R259 NewDesignator=R230
Change Component Designator: OldDesignator=R260 NewDesignator=R262
Change Component Designator: OldDesignator=R261 NewDesignator=R231
Change Component Designator: OldDesignator=R262 NewDesignator=R263
Change Component Designator: OldDesignator=R263 NewDesignator=R232
Added Pin To Net: NetName=NetC7_1 Pin=C7-1
Added Pin To Net: NetName=NetR13_1 Pin=R13-1
Change Net Name : Old Net Name=NetC2_1 New Net Name=NetC11_1
Change Net Name : Old Net Name=NetC9_1 New Net Name=NetC12_1
Change Net Name : Old Net Name=NetC13_2 New Net Name=NetC3_2
Change Net Name : Old Net Name=NetC17_2 New Net Name=NetC38_2
Change Net Name : Old Net Name=NetC21_2 New Net Name=NetC17_2
Change Net Name : Old Net Name=NetC44_2 New Net Name=NetC41_2
Change Net Name : Old Net Name=NetC45_2 New Net Name=NetC58_2
Change Net Name : Old Net Name=NetC70_2 New Net Name=NetC47_2
Change Net Name : Old Net Name=NetC72_2 New Net Name=NetC57_2
Change Net Name : Old Net Name=NetC73_2 New Net Name=NetC65_2
Change Net Name : Old Net Name=NetC80_2 New Net Name=NetC77_2
Change Net Name : Old Net Name=NetC81_2 New Net Name=NetC95_2
Change Net Name : Old Net Name=NetC106_2 New Net Name=NetC83_2
Change Net Name : Old Net Name=NetC108_2 New Net Name=NetC93_2
Change Net Name : Old Net Name=NetC109_2 New Net Name=NetC101_2
Change Net Name : Old Net Name=NetC116_2 New Net Name=NetC113_2
Change Net Name : Old Net Name=NetC117_2 New Net Name=NetC131_2
Change Net Name : Old Net Name=NetC142_2 New Net Name=NetC119_2
Change Net Name : Old Net Name=NetC144_2 New Net Name=NetC129_2
Change Net Name : Old Net Name=NetC145_2 New Net Name=NetC137_2
Change Net Name : Old Net Name=NetR4_2 New Net Name=NetR6_2
Change Net Name : Old Net Name=NetR6_2 New Net Name=NetR7_2
Change Net Name : Old Net Name=NetR7_1 New Net Name=NetR8_1
Change Net Name : Old Net Name=NetR16_2 New Net Name=NetR9_2
Change Net Name : Old Net Name=NetR17_2 New Net Name=NetR10_2
Change Net Name : Old Net Name=NetR29_2 New Net Name=NetR5_2
Change Net Name : Old Net Name=NetR50_1 New Net Name=NetR58_1
Change Net Name : Old Net Name=NetR52_1 New Net Name=NetR48_1
Change Net Name : Old Net Name=NetR52_2 New Net Name=NetR48_2
Change Net Name : Old Net Name=NetR57_1 New Net Name=NetR49_1
Change Net Name : Old Net Name=NetR73_2 New Net Name=NetR81_2
Change Net Name : Old Net Name=NetR74_2 New Net Name=NetR113_2
Change Net Name : Old Net Name=NetR75_2 New Net Name=NetR82_2
Change Net Name : Old Net Name=NetR76_2 New Net Name=NetR114_2
Change Net Name : Old Net Name=NetR77_2 New Net Name=NetR83_2
Change Net Name : Old Net Name=NetR78_2 New Net Name=NetR115_2
Change Net Name : Old Net Name=NetR79_2 New Net Name=NetR84_2
Change Net Name : Old Net Name=NetR80_2 New Net Name=NetR116_2
Change Net Name : Old Net Name=NetR81_2 New Net Name=NetR85_2
Change Net Name : Old Net Name=NetR82_2 New Net Name=NetR117_2
Change Net Name : Old Net Name=NetR83_2 New Net Name=NetR86_2
Change Net Name : Old Net Name=NetR84_2 New Net Name=NetR118_2
Change Net Name : Old Net Name=NetR85_2 New Net Name=NetR87_2
Change Net Name : Old Net Name=NetR86_2 New Net Name=NetR119_2
Change Net Name : Old Net Name=NetR101_1 New Net Name=NetR100_1
Change Net Name : Old Net Name=NetR102_1 New Net Name=NetR132_1
Change Net Name : Old Net Name=NetR103_1 New Net Name=NetR98_1
Change Net Name : Old Net Name=NetR103_2 New Net Name=NetR98_2
Change Net Name : Old Net Name=NetR104_1 New Net Name=NetR130_1
Change Net Name : Old Net Name=NetR104_2 New Net Name=NetR130_2
Change Net Name : Old Net Name=NetR105_1 New Net Name=NetR99_1
Change Net Name : Old Net Name=NetR106_1 New Net Name=NetR131_1
Change Net Name : Old Net Name=NetR129_1 New Net Name=NetR101_1
Change Net Name : Old Net Name=NetR130_1 New Net Name=NetR133_1
Change Net Name : Old Net Name=NetR131_1 New Net Name=NetR102_1
Change Net Name : Old Net Name=NetR132_1 New Net Name=NetR134_1
Change Net Name : Old Net Name=NetR133_1 New Net Name=NetR103_1
Change Net Name : Old Net Name=NetR134_1 New Net Name=NetR135_1
Change Net Name : Old Net Name=NetR135_1 New Net Name=NetR104_1
Change Net Name : Old Net Name=NetR137_2 New Net Name=NetR145_2
Change Net Name : Old Net Name=NetR138_2 New Net Name=NetR177_2
Change Net Name : Old Net Name=NetR139_2 New Net Name=NetR146_2
Change Net Name : Old Net Name=NetR140_2 New Net Name=NetR178_2
Change Net Name : Old Net Name=NetR141_2 New Net Name=NetR147_2
Change Net Name : Old Net Name=NetR142_2 New Net Name=NetR179_2
Change Net Name : Old Net Name=NetR143_2 New Net Name=NetR148_2
Change Net Name : Old Net Name=NetR144_2 New Net Name=NetR180_2
Change Net Name : Old Net Name=NetR145_2 New Net Name=NetR149_2
Change Net Name : Old Net Name=NetR146_2 New Net Name=NetR181_2
Change Net Name : Old Net Name=NetR147_2 New Net Name=NetR150_2
Change Net Name : Old Net Name=NetR148_2 New Net Name=NetR182_2
Change Net Name : Old Net Name=NetR149_2 New Net Name=NetR151_2
Change Net Name : Old Net Name=NetR150_2 New Net Name=NetR183_2
Change Net Name : Old Net Name=NetR165_1 New Net Name=NetR164_1
Change Net Name : Old Net Name=NetR166_1 New Net Name=NetR196_1
Change Net Name : Old Net Name=NetR167_1 New Net Name=NetR162_1
Change Net Name : Old Net Name=NetR167_2 New Net Name=NetR162_2
Change Net Name : Old Net Name=NetR168_1 New Net Name=NetR194_1
Change Net Name : Old Net Name=NetR168_2 New Net Name=NetR194_2
Change Net Name : Old Net Name=NetR169_1 New Net Name=NetR163_1
Change Net Name : Old Net Name=NetR170_1 New Net Name=NetR195_1
Change Net Name : Old Net Name=NetR193_1 New Net Name=NetR165_1
Change Net Name : Old Net Name=NetR194_1 New Net Name=NetR197_1
Change Net Name : Old Net Name=NetR195_1 New Net Name=NetR166_1
Change Net Name : Old Net Name=NetR196_1 New Net Name=NetR198_1
Change Net Name : Old Net Name=NetR197_1 New Net Name=NetR167_1
Change Net Name : Old Net Name=NetR198_1 New Net Name=NetR199_1
Change Net Name : Old Net Name=NetR199_1 New Net Name=NetR168_1
Change Net Name : Old Net Name=NetR201_2 New Net Name=NetR209_2
Change Net Name : Old Net Name=NetR202_2 New Net Name=NetR241_2
Change Net Name : Old Net Name=NetR203_2 New Net Name=NetR210_2
Change Net Name : Old Net Name=NetR204_2 New Net Name=NetR242_2
Change Net Name : Old Net Name=NetR205_2 New Net Name=NetR211_2
Change Net Name : Old Net Name=NetR206_2 New Net Name=NetR243_2
Change Net Name : Old Net Name=NetR207_2 New Net Name=NetR212_2
Change Net Name : Old Net Name=NetR208_2 New Net Name=NetR244_2
Change Net Name : Old Net Name=NetR209_2 New Net Name=NetR213_2
Change Net Name : Old Net Name=NetR210_2 New Net Name=NetR245_2
Change Net Name : Old Net Name=NetR211_2 New Net Name=NetR214_2
Change Net Name : Old Net Name=NetR212_2 New Net Name=NetR246_2
Change Net Name : Old Net Name=NetR213_2 New Net Name=NetR215_2
Change Net Name : Old Net Name=NetR214_2 New Net Name=NetR247_2
Change Net Name : Old Net Name=NetR229_1 New Net Name=NetR228_1
Change Net Name : Old Net Name=NetR230_1 New Net Name=NetR260_1
Change Net Name : Old Net Name=NetR231_1 New Net Name=NetR226_1
Change Net Name : Old Net Name=NetR231_2 New Net Name=NetR226_2
Change Net Name : Old Net Name=NetR232_1 New Net Name=NetR258_1
Change Net Name : Old Net Name=NetR232_2 New Net Name=NetR258_2
Change Net Name : Old Net Name=NetR233_1 New Net Name=NetR227_1
Change Net Name : Old Net Name=NetR234_1 New Net Name=NetR259_1
Change Net Name : Old Net Name=NetR257_1 New Net Name=NetR229_1
Change Net Name : Old Net Name=NetR258_1 New Net Name=NetR261_1
Change Net Name : Old Net Name=NetR259_1 New Net Name=NetR230_1
Change Net Name : Old Net Name=NetR260_1 New Net Name=NetR262_1
Change Net Name : Old Net Name=NetR261_1 New Net Name=NetR231_1
Change Net Name : Old Net Name=NetR262_1 New Net Name=NetR263_1
Change Net Name : Old Net Name=NetR263_1 New Net Name=NetR232_1
Added Pin To Net: NetName=NetC8_1 Pin=C8-1
Added Net: Name=NetC8_1
Added Pin To Net: NetName=NetC9_1 Pin=C9-1
Added Net: Name=NetC9_1
Added Pin To Net: NetName=NetC10_1 Pin=C10-1
Added Net: Name=NetC10_1
Added Pin To Net: NetName=NetR12_1 Pin=R12-1
Added Net: Name=NetR12_1
Added Pin To Net: NetName=NetR21_1 Pin=R21-1
Added Net: Name=NetR21_1
Added Pin To Net: NetName=NetR22_1 Pin=R22-1
Added Net: Name=NetR22_1
