Removed Pin From Net: NetName=GND Pin=R1-2
Removed Pin From Net: NetName=GND Pin=R2-2
Removed Pin From Net: NetName=VBUS Pin=USB-11
Removed Pin From Net: NetName=GND Pin=USB-12
Removed Member From Class: ClassName=OECU_BASE2 Member=J1
Removed Member From Class: ClassName=OECU_BASE1 Member=U7
Removed Member From Class: ClassName=OECU_BASE1 Member=Y7
Change Component Footprint: Designator=USB Old Footprint=USB_C_16PIN_SMT New Footprint=USB_C_6PIN
Change Component Comment : Designator=U1 Old Comment=RTL8211FS(I) New Comment=RTL8211E-VB
Change Component Comment : Designator=U2 Old Comment=RTL8211FS(I) New Comment=RTL8211E-VB
Change Component Comment : Designator=U3 Old Comment=RTL8211FS(I) New Comment=RTL8211E-VB
Change Component Comment : Designator=U4 Old Comment=RTL8211FS(I) New Comment=RTL8211E-VB
Change Component Comment : Designator=U5 Old Comment=RTL8211FS(I) New Comment=RTL8211E-VB
Change Component Comment : Designator=U6 Old Comment=RTL8211FS(I) New Comment=RTL8211E-VB
Change Component Comment : Designator=U0 Old Comment=RTL8211FS(I) New Comment=RTL8211E-VL
Change Component Comment : Designator=USB Old Comment=USB_C_16P_SMT New Comment=USB_C_6P
Added Component: Designator=C5(0603_C)
Added Component: Designator=C6(0603_C)
Added Component: Designator=C7(0603_C)
Added Component: Designator=C8(0603_C)
Added Component: Designator=C9(0603_C)
Added Component: Designator=C10(0603_C)
Added Component: Designator=C11(0603_C)
Added Component: Designator=C12(0603_C)
Added Component: Designator=C13(0603_C)
Added Component: Designator=C14(0603_C)
Added Component: Designator=C15(0603_C)
Added Component: Designator=C16(0603_C)
Added Component: Designator=C17(0603_C)
Added Component: Designator=C18(0603_C)
Added Component: Designator=C19(0603_C)
Added Component: Designator=C20(0603_C)
Added Component: Designator=C21(0603_C)
Added Component: Designator=C22(0603_C)
Added Component: Designator=C23(0603_C)
Added Component: Designator=C24(0603_C)
Added Component: Designator=C25(0603_C)
Added Component: Designator=C26(0603_C)
Added Component: Designator=C27(0603_C)
Added Component: Designator=C28(0603_C)
Added Component: Designator=C29(0603_C)
Added Component: Designator=C30(0603_C)
Added Component: Designator=C31(0603_C)
Added Component: Designator=C32(0603_C)
Added Component: Designator=C33(0603_C)
Added Component: Designator=C34(0603_C)
Added Component: Designator=C35(0603_C)
Added Component: Designator=C36(0603_C)
Added Component: Designator=C37(0603_C)
Added Component: Designator=C38(0603_C)
Added Component: Designator=C39(0603_C)
Added Component: Designator=C40(0603_C)
Added Component: Designator=C41(0603_C)
Added Component: Designator=C42(0603_C)
Added Component: Designator=C43(0603_C)
Added Component: Designator=C44(0603_C)
Added Component: Designator=C45(0603_C)
Added Component: Designator=C46(0603_C)
Added Component: Designator=C47(0603_C)
Added Component: Designator=C48(0603_C)
Added Component: Designator=C49(0603_C)
Added Component: Designator=C50(0603_C)
Added Component: Designator=C51(0603_C)
Added Component: Designator=C52(0603_C)
Added Component: Designator=C53(0603_C)
Added Component: Designator=C54(0603_C)
Added Component: Designator=C55(0603_C)
Added Component: Designator=C56(0603_C)
Added Component: Designator=C57(0603_C)
Added Component: Designator=C58(0603_C)
Added Component: Designator=C59(0603_C)
Added Component: Designator=C60(0603_C)
Added Component: Designator=C61(0603_C)
Added Component: Designator=C62(0603_C)
Added Component: Designator=C63(0603_C)
Added Component: Designator=C64(0603_C)
Added Component: Designator=C65(0603_C)
Added Component: Designator=C66(0603_C)
Added Component: Designator=C67(0603_C)
Added Component: Designator=C68(0603_C)
Added Component: Designator=C69(0603_C)
Added Component: Designator=C70(0603_C)
Added Component: Designator=C71(0603_C)
Added Component: Designator=C72(0603_C)
Added Component: Designator=C73(0603_C)
Added Component: Designator=C74(0603_C)
Added Component: Designator=C75(0603_C)
Added Component: Designator=C76(0603_C)
Added Component: Designator=C77(0603_C)
Added Component: Designator=C78(0603_C)
Added Component: Designator=C79(0603_C)
Added Component: Designator=C80(0603_C)
Added Component: Designator=C81(0603_C)
Added Component: Designator=C82(0603_C)
Added Component: Designator=C83(0603_C)
Added Component: Designator=C84(0603_C)
Added Component: Designator=C85(0603_C)
Added Component: Designator=C86(0603_C)
Added Component: Designator=C87(0603_C)
Added Component: Designator=C88(0603_C)
Added Component: Designator=C89(0603_C)
Added Component: Designator=C90(0603_C)
Added Component: Designator=C91(0603_C)
Added Component: Designator=C92(0603_C)
Added Component: Designator=C93(0603_C)
Added Component: Designator=C94(0603_C)
Added Component: Designator=C95(0603_C)
Added Component: Designator=C96(0603_C)
Added Component: Designator=C97(0603_C)
Added Component: Designator=C98(0603_C)
Added Component: Designator=C99(0603_C)
Added Component: Designator=C100(0603_C)
Added Component: Designator=C101(0603_C)
Added Component: Designator=C102(0603_C)
Added Component: Designator=C103(0603_C)
Added Component: Designator=C104(0603_C)
Added Component: Designator=C105(0603_C)
Added Component: Designator=C106(0603_C)
Added Component: Designator=C107(0603_C)
Added Component: Designator=C108(0603_C)
Added Component: Designator=C109(0603_C)
Added Component: Designator=C110(0603_C)
Added Component: Designator=C111(0603_C)
Added Component: Designator=C112(0603_C)
Added Component: Designator=C113(0603_C)
Added Component: Designator=C114(0603_C)
Added Component: Designator=C115(0603_C)
Added Component: Designator=C116(0603_C)
Added Component: Designator=C117(0603_C)
Added Component: Designator=DB1(DB25_1)
Added Component: Designator=FB1(0603_C)
Added Component: Designator=FB2(0603_C)
Added Component: Designator=FB3(0603_C)
Added Component: Designator=FB4(0603_C)
Added Component: Designator=FB5(0603_C)
Added Component: Designator=FB6(0603_C)
Added Component: Designator=FB7(0603_C)
Added Component: Designator=FB8(0603_C)
Added Component: Designator=FB9(0603_C)
Added Component: Designator=FB10(0603_C)
Added Component: Designator=FB11(0603_C)
Added Component: Designator=FB12(0603_C)
Added Component: Designator=FB13(0603_C)
Added Component: Designator=FB14(0603_C)
Added Component: Designator=FB15(0603_C)
Added Component: Designator=FB16(0603_C)
Added Component: Designator=FB17(0603_C)
Added Component: Designator=FB18(0603_C)
Added Component: Designator=FB19(0603_C)
Added Component: Designator=FB20(0603_C)
Added Component: Designator=FB21(0603_C)
Added Component: Designator=L1(0603_C)
Added Component: Designator=L2(0603_C)
Added Component: Designator=L3(0603_C)
Added Component: Designator=L4(0603_C)
Added Component: Designator=L5(0603_C)
Added Component: Designator=L6(0603_C)
Added Component: Designator=R12(0603_R)
Added Component: Designator=R13(0603_R)
Added Component: Designator=R14(0603_R)
Added Component: Designator=R15(0603_R)
Added Component: Designator=R16(0603_R)
Added Component: Designator=R17(0603_R)
Added Component: Designator=R18(0603_R)
Added Component: Designator=R19(0603_R)
Added Component: Designator=R20(0603_R)
Added Component: Designator=R21(0603_R)
Added Component: Designator=R22(0603_R)
Added Component: Designator=R23(0603_R)
Added Component: Designator=R24(0603_R)
Added Component: Designator=R25(0603_R)
Added Component: Designator=R26(0603_R)
Added Component: Designator=R27(0603_R)
Added Component: Designator=R28(0603_R)
Added Component: Designator=R29(0603_R)
Added Component: Designator=R30(0603_R)
Added Component: Designator=R31(0603_R)
Added Component: Designator=R32(0603_R)
Added Component: Designator=R33(0603_R)
Added Component: Designator=R34(0603_R)
Added Component: Designator=R35(0603_R)
Added Component: Designator=R36(0603_R)
Added Component: Designator=R37(0603_R)
Added Component: Designator=R38(0603_R)
Added Component: Designator=R39(0603_R)
Added Component: Designator=R40(0603_R)
Added Component: Designator=R41(0603_R)
Added Component: Designator=R42(0603_R)
Added Component: Designator=R43(0603_R)
Added Component: Designator=R44(0603_R)
Added Component: Designator=R45(0603_R)
Added Component: Designator=R46(0603_R)
Added Component: Designator=R47(0603_R)
Added Component: Designator=R48(0603_R)
Added Component: Designator=R49(0603_R)
Added Component: Designator=R50(0603_R)
Added Component: Designator=R51(0603_R)
Added Component: Designator=R52(0603_R)
Added Component: Designator=R53(0603_R)
Added Component: Designator=R54(0603_R)
Added Component: Designator=R55(0603_R)
Added Component: Designator=R56(0603_R)
Added Component: Designator=R57(0603_R)
Added Component: Designator=R58(0603_R)
Added Component: Designator=R59(0603_R)
Added Component: Designator=R60(0603_R)
Added Component: Designator=R61(0603_R)
Added Component: Designator=R62(0603_R)
Added Component: Designator=R63(0603_R)
Added Component: Designator=R64(0603_R)
Added Component: Designator=R65(0603_R)
Added Component: Designator=R66(0603_R)
Added Component: Designator=R67(0603_R)
Added Component: Designator=R68(0603_R)
Added Component: Designator=R69(0603_R)
Added Component: Designator=R70(0603_R)
Added Component: Designator=R71(0603_R)
Added Component: Designator=R72(0603_R)
Added Component: Designator=R73(0603_R)
Added Component: Designator=R74(0603_R)
Added Component: Designator=R75(0603_R)
Added Component: Designator=R76(0603_R)
Added Component: Designator=R77(0603_R)
Added Component: Designator=R78(0603_R)
Added Component: Designator=R79(0603_R)
Added Component: Designator=R80(0603_R)
Added Component: Designator=R81(0603_R)
Added Component: Designator=R82(0603_R)
Added Component: Designator=R83(0603_R)
Added Component: Designator=R84(0603_R)
Added Component: Designator=R85(0603_R)
Added Component: Designator=R86(0603_R)
Added Component: Designator=R87(0603_R)
Added Component: Designator=R88(0603_R)
Added Component: Designator=R89(0603_R)
Added Component: Designator=R90(0603_R)
Added Component: Designator=R91(0603_R)
Added Component: Designator=R92(0603_R)
Added Component: Designator=R93(0603_R)
Added Component: Designator=R94(0603_R)
Added Component: Designator=R95(0603_R)
Added Component: Designator=R96(0603_R)
Added Component: Designator=R97(0603_R)
Added Component: Designator=R98(0603_R)
Added Component: Designator=R99(0603_R)
Added Component: Designator=R100(0603_R)
Added Component: Designator=R101(0603_R)
Added Component: Designator=R102(0603_R)
Added Component: Designator=R103(0603_R)
Added Component: Designator=R104(0603_R)
Added Component: Designator=R105(0603_R)
Added Component: Designator=R106(0603_R)
Added Component: Designator=R107(0603_R)
Added Component: Designator=R108(0603_R)
Added Component: Designator=R109(0603_R)
Added Component: Designator=R110(0603_R)
Added Component: Designator=R111(0603_R)
Added Component: Designator=R112(0603_R)
Added Component: Designator=R113(0603_R)
Added Component: Designator=R114(0603_R)
Added Component: Designator=R115(0603_R)
Added Component: Designator=R116(0603_R)
Added Component: Designator=R117(0603_R)
Added Component: Designator=R118(0603_R)
Added Component: Designator=R119(0603_R)
Added Component: Designator=R120(0603_R)
Added Component: Designator=R121(0603_R)
Added Component: Designator=R122(0603_R)
Added Component: Designator=R123(0603_R)
Added Component: Designator=R124(0603_R)
Added Component: Designator=R125(0603_R)
Added Component: Designator=R126(0603_R)
Added Component: Designator=R127(0603_R)
Added Component: Designator=R128(0603_R)
Added Component: Designator=R129(0603_R)
Added Component: Designator=R130(0603_R)
Added Component: Designator=R131(0603_R)
Added Component: Designator=R132(0603_R)
Added Component: Designator=R133(0603_R)
Added Component: Designator=R134(0603_R)
Added Component: Designator=R135(0603_R)
Added Component: Designator=R136(0603_R)
Added Component: Designator=R137(0603_R)
Added Component: Designator=R138(0603_R)
Added Component: Designator=R139(0603_R)
Added Component: Designator=R140(0603_R)
Added Component: Designator=R141(0603_R)
Added Component: Designator=R142(0603_R)
Added Component: Designator=R143(0603_R)
Added Component: Designator=R144(0603_R)
Added Component: Designator=R145(0603_R)
Added Component: Designator=R146(0603_R)
Added Component: Designator=R147(0603_R)
Added Component: Designator=R148(0603_R)
Added Component: Designator=R149(0603_R)
Added Component: Designator=R150(0603_R)
Added Component: Designator=R151(0603_R)
Added Component: Designator=R152(0603_R)
Added Component: Designator=R153(0603_R)
Added Component: Designator=R154(0603_R)
Added Component: Designator=R155(0603_R)
Added Component: Designator=R156(0603_R)
Added Component: Designator=R157(0603_R)
Added Component: Designator=R158(0603_R)
Added Component: Designator=R159(0603_R)
Added Component: Designator=R160(0603_R)
Added Component: Designator=R161(0603_R)
Added Component: Designator=R162(0603_R)
Added Component: Designator=R163(0603_R)
Added Component: Designator=R164(0603_R)
Added Component: Designator=R165(0603_R)
Added Component: Designator=R166(0603_R)
Added Component: Designator=R167(0603_R)
Added Component: Designator=R168(0603_R)
Added Component: Designator=R169(0603_R)
Added Component: Designator=R170(0603_R)
Added Component: Designator=R171(0603_R)
Added Component: Designator=R172(0603_R)
Added Component: Designator=R173(0603_R)
Added Component: Designator=R174(0603_R)
Added Component: Designator=R175(0603_R)
Added Component: Designator=R176(0603_R)
Added Component: Designator=R177(0603_R)
Added Component: Designator=R178(0603_R)
Added Component: Designator=R179(0603_R)
Added Component: Designator=R180(0603_R)
Added Component: Designator=R181(0603_R)
Added Component: Designator=R182(0603_R)
Added Component: Designator=R183(0603_R)
Added Component: Designator=R184(0603_R)
Added Component: Designator=R185(0603_R)
Added Component: Designator=R186(0603_R)
Added Component: Designator=R187(0603_R)
Added Component: Designator=R188(0603_R)
Added Component: Designator=R189(0603_R)
Added Component: Designator=R190(0603_R)
Added Component: Designator=R191(0603_R)
Added Component: Designator=R192(0603_R)
Added Component: Designator=R193(0603_R)
Added Component: Designator=R194(0603_R)
Added Component: Designator=R195(0603_R)
Added Component: Designator=R196(0603_R)
Added Component: Designator=R197(0603_R)
Added Component: Designator=R198(0603_R)
Added Component: Designator=R199(0603_R)
Added Component: Designator=R200(0603_R)
Added Component: Designator=R201(0603_R)
Added Component: Designator=R202(0603_R)
Added Component: Designator=R203(0603_R)
Added Component: Designator=R204(0603_R)
Added Component: Designator=R205(0603_R)
Added Component: Designator=R206(0603_R)
Added Component: Designator=R207(0603_R)
Added Component: Designator=R208(0603_R)
Added Component: Designator=R209(0603_R)
Added Component: Designator=Y1(XTAL_3225)
Added Component: Designator=Y2(XTAL_3225)
Added Component: Designator=Y3(XTAL_3225)
Added Component: Designator=Y4(XTAL_3225)
Added Component: Designator=Y5(XTAL_3225)
Added Component: Designator=Y6(XTAL_3225)
Added Pin To Net: NetName=GND Pin=C5-1
Added Pin To Net: NetName=GND Pin=C6-1
Added Pin To Net: NetName=GND Pin=C7-1
Added Pin To Net: NetName=GND Pin=C8-1
Added Pin To Net: NetName=GND Pin=C9-1
Added Pin To Net: NetName=GND Pin=C10-1
Added Pin To Net: NetName=GND Pin=C11-1
Added Pin To Net: NetName=GND Pin=C12-1
Added Pin To Net: NetName=GND Pin=C13-1
Added Pin To Net: NetName=GND Pin=C14-1
Added Pin To Net: NetName=GND Pin=C15-1
Added Pin To Net: NetName=3V3 Pin=C16-1
Added Pin To Net: NetName=GND Pin=C16-2
Added Pin To Net: NetName=3V3 Pin=C17-1
Added Pin To Net: NetName=GND Pin=C17-2
Added Pin To Net: NetName=3V3 Pin=C18-1
Added Pin To Net: NetName=GND Pin=C18-2
Added Pin To Net: NetName=3V3 Pin=C19-1
Added Pin To Net: NetName=GND Pin=C19-2
Added Pin To Net: NetName=3V3 Pin=C20-1
Added Pin To Net: NetName=GND Pin=C20-2
Added Pin To Net: NetName=3V3 Pin=C21-1
Added Pin To Net: NetName=GND Pin=C21-2
Added Pin To Net: NetName=1V8 Pin=C22-1
Added Pin To Net: NetName=GND Pin=C22-2
Added Pin To Net: NetName=1V8 Pin=C23-1
Added Pin To Net: NetName=GND Pin=C23-2
Added Pin To Net: NetName=1V8 Pin=C24-1
Added Pin To Net: NetName=GND Pin=C24-2
Added Pin To Net: NetName=1V8 Pin=C25-1
Added Pin To Net: NetName=GND Pin=C25-2
Added Pin To Net: NetName=1V8 Pin=C26-1
Added Pin To Net: NetName=GND Pin=C26-2
Added Pin To Net: NetName=1V8 Pin=C27-1
Added Pin To Net: NetName=GND Pin=C27-2
Added Pin To Net: NetName=GND Pin=C28-1
Added Pin To Net: NetName=GND Pin=C29-1
Added Pin To Net: NetName=GND Pin=C30-1
Added Pin To Net: NetName=3V3 Pin=C31-1
Added Pin To Net: NetName=GND Pin=C31-2
Added Pin To Net: NetName=GND Pin=C32-1
Added Pin To Net: NetName=GND Pin=C33-1
Added Pin To Net: NetName=GND Pin=C34-1
Added Pin To Net: NetName=3V3 Pin=C35-1
Added Pin To Net: NetName=GND Pin=C35-2
Added Pin To Net: NetName=3V3 Pin=C36-1
Added Pin To Net: NetName=GND Pin=C36-2
Added Pin To Net: NetName=3V3 Pin=C37-1
Added Pin To Net: NetName=GND Pin=C37-2
Added Pin To Net: NetName=GND Pin=C38-1
Added Pin To Net: NetName=GND Pin=C39-1
Added Pin To Net: NetName=GND Pin=C40-1
Added Pin To Net: NetName=3V3 Pin=C41-1
Added Pin To Net: NetName=GND Pin=C41-2
Added Pin To Net: NetName=3V3 Pin=C42-1
Added Pin To Net: NetName=GND Pin=C42-2
Added Pin To Net: NetName=GND Pin=C43-1
Added Pin To Net: NetName=GND Pin=C44-1
Added Pin To Net: NetName=GND Pin=C45-1
Added Pin To Net: NetName=GND Pin=C46-1
Added Pin To Net: NetName=GND Pin=C47-1
Added Pin To Net: NetName=GND Pin=C48-1
Added Pin To Net: NetName=GND Pin=C49-1
Added Pin To Net: NetName=GND Pin=C50-1
Added Pin To Net: NetName=GND Pin=C51-1
Added Pin To Net: NetName=3V3 Pin=C52-1
Added Pin To Net: NetName=GND Pin=C52-2
Added Pin To Net: NetName=3V3 Pin=C53-1
Added Pin To Net: NetName=GND Pin=C53-2
Added Pin To Net: NetName=3V3 Pin=C54-1
Added Pin To Net: NetName=GND Pin=C54-2
Added Pin To Net: NetName=3V3 Pin=C55-1
Added Pin To Net: NetName=GND Pin=C55-2
Added Pin To Net: NetName=3V3 Pin=C56-1
Added Pin To Net: NetName=GND Pin=C56-2
Added Pin To Net: NetName=3V3 Pin=C57-1
Added Pin To Net: NetName=GND Pin=C57-2
Added Pin To Net: NetName=GND Pin=C58-1
Added Pin To Net: NetName=GND Pin=C59-1
Added Pin To Net: NetName=GND Pin=C60-1
Added Pin To Net: NetName=GND Pin=C61-1
Added Pin To Net: NetName=GND Pin=C62-1
Added Pin To Net: NetName=GND Pin=C63-1
Added Pin To Net: NetName=GND Pin=C64-1
Added Pin To Net: NetName=GND Pin=C65-1
Added Pin To Net: NetName=GND Pin=C66-1
Added Pin To Net: NetName=GND Pin=C67-1
Added Pin To Net: NetName=GND Pin=C68-1
Added Pin To Net: NetName=GND Pin=C69-1
Added Pin To Net: NetName=GND Pin=C70-1
Added Pin To Net: NetName=GND Pin=C71-1
Added Pin To Net: NetName=GND Pin=C72-1
Added Pin To Net: NetName=GND Pin=C73-1
Added Pin To Net: NetName=GND Pin=C74-1
Added Pin To Net: NetName=GND Pin=C75-1
Added Pin To Net: NetName=3V3 Pin=C76-1
Added Pin To Net: NetName=GND Pin=C76-2
Added Pin To Net: NetName=3V3 Pin=C77-1
Added Pin To Net: NetName=GND Pin=C77-2
Added Pin To Net: NetName=3V3 Pin=C78-1
Added Pin To Net: NetName=GND Pin=C78-2
Added Pin To Net: NetName=3V3 Pin=C79-1
Added Pin To Net: NetName=GND Pin=C79-2
Added Pin To Net: NetName=3V3 Pin=C80-1
Added Pin To Net: NetName=GND Pin=C80-2
Added Pin To Net: NetName=3V3 Pin=C81-1
Added Pin To Net: NetName=GND Pin=C81-2
Added Pin To Net: NetName=3V3 Pin=C82-1
Added Pin To Net: NetName=GND Pin=C82-2
Added Pin To Net: NetName=3V3 Pin=C83-1
Added Pin To Net: NetName=GND Pin=C83-2
Added Pin To Net: NetName=3V3 Pin=C84-1
Added Pin To Net: NetName=GND Pin=C84-2
Added Pin To Net: NetName=3V3 Pin=C85-1
Added Pin To Net: NetName=GND Pin=C85-2
Added Pin To Net: NetName=3V3 Pin=C86-1
Added Pin To Net: NetName=GND Pin=C86-2
Added Pin To Net: NetName=3V3 Pin=C87-1
Added Pin To Net: NetName=GND Pin=C87-2
Added Pin To Net: NetName=GND Pin=C88-1
Added Pin To Net: NetName=GND Pin=C89-1
Added Pin To Net: NetName=GND Pin=C90-1
Added Pin To Net: NetName=GND Pin=C91-1
Added Pin To Net: NetName=GND Pin=C92-1
Added Pin To Net: NetName=GND Pin=C93-1
Added Pin To Net: NetName=GND Pin=C94-1
Added Pin To Net: NetName=GND Pin=C95-1
Added Pin To Net: NetName=GND Pin=C96-1
Added Pin To Net: NetName=GND Pin=C97-1
Added Pin To Net: NetName=GND Pin=C98-1
Added Pin To Net: NetName=GND Pin=C99-1
Added Pin To Net: NetName=GND Pin=C100-1
Added Pin To Net: NetName=GND Pin=C101-1
Added Pin To Net: NetName=GND Pin=C102-1
Added Pin To Net: NetName=GND Pin=C103-1
Added Pin To Net: NetName=GND Pin=C104-1
Added Pin To Net: NetName=GND Pin=C105-1
Added Pin To Net: NetName=3V3 Pin=C106-1
Added Pin To Net: NetName=GND Pin=C106-2
Added Pin To Net: NetName=3V3 Pin=C107-1
Added Pin To Net: NetName=GND Pin=C107-2
Added Pin To Net: NetName=3V3 Pin=C108-1
Added Pin To Net: NetName=GND Pin=C108-2
Added Pin To Net: NetName=3V3 Pin=C109-1
Added Pin To Net: NetName=GND Pin=C109-2
Added Pin To Net: NetName=3V3 Pin=C110-1
Added Pin To Net: NetName=GND Pin=C110-2
Added Pin To Net: NetName=3V3 Pin=C111-1
Added Pin To Net: NetName=GND Pin=C111-2
Added Pin To Net: NetName=3V3 Pin=C112-1
Added Pin To Net: NetName=GND Pin=C112-2
Added Pin To Net: NetName=3V3 Pin=C113-1
Added Pin To Net: NetName=GND Pin=C113-2
Added Pin To Net: NetName=3V3 Pin=C114-1
Added Pin To Net: NetName=GND Pin=C114-2
Added Pin To Net: NetName=3V3 Pin=C115-1
Added Pin To Net: NetName=GND Pin=C115-2
Added Pin To Net: NetName=3V3 Pin=C116-1
Added Pin To Net: NetName=GND Pin=C116-2
Added Pin To Net: NetName=3V3 Pin=C117-1
Added Pin To Net: NetName=GND Pin=C117-2
Added Pin To Net: NetName=3V3 Pin=FB1-2
Added Pin To Net: NetName=3V3 Pin=FB4-2
Added Pin To Net: NetName=3V3 Pin=FB7-2
Added Pin To Net: NetName=3V3 Pin=FB10-2
Added Pin To Net: NetName=3V3 Pin=FB11-2
Added Pin To Net: NetName=3V3 Pin=FB16-2
Added Pin To Net: NetName=3V3 Pin=FB17-2
Added Pin To Net: NetName=GND Pin=P0-10
Added Pin To Net: NetName=GND Pin=P0-12
Added Pin To Net: NetName=3V3 Pin=P0-14
Added Pin To Net: NetName=GND Pin=P0-15
Added Pin To Net: NetName=GND Pin=P0-16
Added Pin To Net: NetName=GND Pin=R1-1
Added Pin To Net: NetName=GND Pin=R2-1
Added Pin To Net: NetName=IO34_1P Pin=R13-1
Added Pin To Net: NetName=MIO52 Pin=R14-1
Added Pin To Net: NetName=1V8 Pin=R14-2
Added Pin To Net: NetName=MIO53 Pin=R15-1
Added Pin To Net: NetName=1V8 Pin=R15-2
Added Pin To Net: NetName=3V3 Pin=R16-2
Added Pin To Net: NetName=IO34_1N Pin=R17-1
Added Pin To Net: NetName=GND Pin=R18-2
Added Pin To Net: NetName=IO34_2P Pin=R19-1
Added Pin To Net: NetName=MIO16 Pin=R22-1
Added Pin To Net: NetName=MIO17 Pin=R23-1
Added Pin To Net: NetName=MIO18 Pin=R24-1
Added Pin To Net: NetName=MIO19 Pin=R25-1
Added Pin To Net: NetName=MIO20 Pin=R26-1
Added Pin To Net: NetName=MIO21 Pin=R27-1
Added Pin To Net: NetName=MIO22 Pin=R28-1
Added Pin To Net: NetName=MIO23 Pin=R29-1
Added Pin To Net: NetName=MIO24 Pin=R30-1
Added Pin To Net: NetName=MIO25 Pin=R31-1
Added Pin To Net: NetName=MIO26 Pin=R32-1
Added Pin To Net: NetName=MIO27 Pin=R33-1
Added Pin To Net: NetName=1V8 Pin=R34-2
Added Pin To Net: NetName=3V3 Pin=R35-2
Added Pin To Net: NetName=1V8 Pin=R36-2
Added Pin To Net: NetName=3V3 Pin=R37-1
Added Pin To Net: NetName=3V3 Pin=R38-1
Added Pin To Net: NetName=3V3 Pin=R39-1
Added Pin To Net: NetName=GND Pin=R40-2
Added Pin To Net: NetName=GND Pin=R41-2
Added Pin To Net: NetName=GND Pin=R42-2
Added Pin To Net: NetName=1V8 Pin=R43-2
Added Pin To Net: NetName=1V8 Pin=R44-2
Added Pin To Net: NetName=IO34_2N Pin=R45-1
Added Pin To Net: NetName=IO34_4P Pin=R46-1
Added Pin To Net: NetName=IO34_4N Pin=R47-1
Added Pin To Net: NetName=IO34_5P Pin=R48-1
Added Pin To Net: NetName=IO34_5N Pin=R49-1
Added Pin To Net: NetName=IO34_6P Pin=R50-1
Added Pin To Net: NetName=IO34_6N Pin=R51-1
Added Pin To Net: NetName=IO34_7P Pin=R52-1
Added Pin To Net: NetName=IO34_7N Pin=R53-1
Added Pin To Net: NetName=IO34_8P Pin=R54-1
Added Pin To Net: NetName=3V3 Pin=R54-2
Added Pin To Net: NetName=IO34_8N Pin=R55-1
Added Pin To Net: NetName=3V3 Pin=R55-2
Added Pin To Net: NetName=GND Pin=R56-2
Added Pin To Net: NetName=3V3 Pin=R58-2
Added Pin To Net: NetName=3V3 Pin=R59-2
Added Pin To Net: NetName=3V3 Pin=R60-2
Added Pin To Net: NetName=3V3 Pin=R61-2
Added Pin To Net: NetName=3V3 Pin=R62-2
Added Pin To Net: NetName=3V3 Pin=R63-2
Added Pin To Net: NetName=3V3 Pin=R64-1
Added Pin To Net: NetName=GND Pin=R65-2
Added Pin To Net: NetName=3V3 Pin=R66-1
Added Pin To Net: NetName=GND Pin=R67-2
Added Pin To Net: NetName=3V3 Pin=R68-1
Added Pin To Net: NetName=GND Pin=R69-2
Added Pin To Net: NetName=IO34_9P Pin=R70-1
Added Pin To Net: NetName=IO34_9N Pin=R71-1
Added Pin To Net: NetName=IO34_10P Pin=R72-1
Added Pin To Net: NetName=IO34_10N Pin=R73-1
Added Pin To Net: NetName=IO34_11P Pin=R74-1
Added Pin To Net: NetName=IO34_11N Pin=R75-1
Added Pin To Net: NetName=IO34_13P Pin=R76-1
Added Pin To Net: NetName=IO34_13N Pin=R77-1
Added Pin To Net: NetName=IO34_14P Pin=R78-1
Added Pin To Net: NetName=IO34_14N Pin=R79-1
Added Pin To Net: NetName=IO34_15P Pin=R80-1
Added Pin To Net: NetName=IO34_15N Pin=R81-1
Added Pin To Net: NetName=IO34_16P Pin=R82-1
Added Pin To Net: NetName=3V3 Pin=R82-2
Added Pin To Net: NetName=IO34_16N Pin=R83-1
Added Pin To Net: NetName=3V3 Pin=R83-2
Added Pin To Net: NetName=GND Pin=R84-2
Added Pin To Net: NetName=3V3 Pin=R86-2
Added Pin To Net: NetName=3V3 Pin=R87-2
Added Pin To Net: NetName=3V3 Pin=R88-2
Added Pin To Net: NetName=3V3 Pin=R89-2
Added Pin To Net: NetName=3V3 Pin=R90-2
Added Pin To Net: NetName=3V3 Pin=R91-2
Added Pin To Net: NetName=3V3 Pin=R92-1
Added Pin To Net: NetName=GND Pin=R93-2
Added Pin To Net: NetName=3V3 Pin=R94-1
Added Pin To Net: NetName=GND Pin=R95-2
Added Pin To Net: NetName=3V3 Pin=R96-1
Added Pin To Net: NetName=GND Pin=R97-2
Added Pin To Net: NetName=IO35_3P Pin=R98-1
Added Pin To Net: NetName=IO35_11P Pin=R99-1
Added Pin To Net: NetName=IO35_3N Pin=R100-1
Added Pin To Net: NetName=IO35_11N Pin=R101-1
Added Pin To Net: NetName=IO35_5P Pin=R102-1
Added Pin To Net: NetName=IO35_12P Pin=R103-1
Added Pin To Net: NetName=IO35_5N Pin=R104-1
Added Pin To Net: NetName=IO35_12N Pin=R105-1
Added Pin To Net: NetName=IO35_6P Pin=R106-1
Added Pin To Net: NetName=IO35_13P Pin=R107-1
Added Pin To Net: NetName=IO35_6N Pin=R108-1
Added Pin To Net: NetName=IO35_13N Pin=R109-1
Added Pin To Net: NetName=IO35_7P Pin=R110-1
Added Pin To Net: NetName=IO35_14P Pin=R111-1
Added Pin To Net: NetName=IO35_7N Pin=R112-1
Added Pin To Net: NetName=IO35_14N Pin=R113-1
Added Pin To Net: NetName=IO35_8P Pin=R114-1
Added Pin To Net: NetName=IO35_8N Pin=R116-1
Added Pin To Net: NetName=IO35_15N Pin=R117-1
Added Pin To Net: NetName=IO35_9P Pin=R118-1
Added Pin To Net: NetName=IO35_17P Pin=R119-1
Added Pin To Net: NetName=IO35_9N Pin=R120-1
Added Pin To Net: NetName=IO35_17N Pin=R121-1
Added Pin To Net: NetName=IO35_10P Pin=R122-1
Added Pin To Net: NetName=3V3 Pin=R122-2
Added Pin To Net: NetName=IO35_18P Pin=R123-1
Added Pin To Net: NetName=3V3 Pin=R123-2
Added Pin To Net: NetName=IO35_10N Pin=R124-1
Added Pin To Net: NetName=3V3 Pin=R124-2
Added Pin To Net: NetName=IO35_18N Pin=R125-1
Added Pin To Net: NetName=3V3 Pin=R125-2
Added Pin To Net: NetName=GND Pin=R126-2
Added Pin To Net: NetName=GND Pin=R127-2
Added Pin To Net: NetName=3V3 Pin=R130-2
Added Pin To Net: NetName=3V3 Pin=R131-2
Added Pin To Net: NetName=3V3 Pin=R132-2
Added Pin To Net: NetName=3V3 Pin=R133-2
Added Pin To Net: NetName=3V3 Pin=R134-2
Added Pin To Net: NetName=3V3 Pin=R135-2
Added Pin To Net: NetName=3V3 Pin=R136-2
Added Pin To Net: NetName=3V3 Pin=R137-2
Added Pin To Net: NetName=3V3 Pin=R138-2
Added Pin To Net: NetName=3V3 Pin=R139-2
Added Pin To Net: NetName=3V3 Pin=R140-2
Added Pin To Net: NetName=3V3 Pin=R141-2
Added Pin To Net: NetName=3V3 Pin=R142-1
Added Pin To Net: NetName=GND Pin=R143-2
Added Pin To Net: NetName=3V3 Pin=R144-1
Added Pin To Net: NetName=GND Pin=R145-2
Added Pin To Net: NetName=3V3 Pin=R146-1
Added Pin To Net: NetName=GND Pin=R147-2
Added Pin To Net: NetName=3V3 Pin=R148-1
Added Pin To Net: NetName=GND Pin=R149-2
Added Pin To Net: NetName=3V3 Pin=R150-1
Added Pin To Net: NetName=GND Pin=R151-2
Added Pin To Net: NetName=3V3 Pin=R152-1
Added Pin To Net: NetName=GND Pin=R153-2
Added Pin To Net: NetName=IO34_17P Pin=R154-1
Added Pin To Net: NetName=IO35_19P Pin=R155-1
Added Pin To Net: NetName=IO34_17N Pin=R156-1
Added Pin To Net: NetName=IO35_19N Pin=R157-1
Added Pin To Net: NetName=IO34_18P Pin=R158-1
Added Pin To Net: NetName=IO35_20P Pin=R159-1
Added Pin To Net: NetName=IO34_18N Pin=R160-1
Added Pin To Net: NetName=IO35_20N Pin=R161-1
Added Pin To Net: NetName=IO34_19P Pin=R162-1
Added Pin To Net: NetName=IO35_21P Pin=R163-1
Added Pin To Net: NetName=IO34_19N Pin=R164-1
Added Pin To Net: NetName=IO35_21N Pin=R165-1
Added Pin To Net: NetName=IO34_20P Pin=R166-1
Added Pin To Net: NetName=IO35_22P Pin=R167-1
Added Pin To Net: NetName=IO34_20N Pin=R168-1
Added Pin To Net: NetName=IO35_22N Pin=R169-1
Added Pin To Net: NetName=IO34_21P Pin=R170-1
Added Pin To Net: NetName=IO35_23P Pin=R171-1
Added Pin To Net: NetName=IO34_21N Pin=R172-1
Added Pin To Net: NetName=IO35_23N Pin=R173-1
Added Pin To Net: NetName=IO34_22P Pin=R174-1
Added Pin To Net: NetName=IO35_24P Pin=R175-1
Added Pin To Net: NetName=IO34_22N Pin=R176-1
Added Pin To Net: NetName=IO35_24N Pin=R177-1
Added Pin To Net: NetName=IO34_23P Pin=R178-1
Added Pin To Net: NetName=3V3 Pin=R178-2
Added Pin To Net: NetName=IO34_24P Pin=R179-1
Added Pin To Net: NetName=3V3 Pin=R179-2
Added Pin To Net: NetName=IO34_23N Pin=R180-1
Added Pin To Net: NetName=3V3 Pin=R180-2
Added Pin To Net: NetName=IO34_24N Pin=R181-1
Added Pin To Net: NetName=3V3 Pin=R181-2
Added Pin To Net: NetName=GND Pin=R182-2
Added Pin To Net: NetName=GND Pin=R183-2
Added Pin To Net: NetName=3V3 Pin=R186-2
Added Pin To Net: NetName=3V3 Pin=R187-2
Added Pin To Net: NetName=3V3 Pin=R188-2
Added Pin To Net: NetName=3V3 Pin=R189-2
Added Pin To Net: NetName=3V3 Pin=R190-2
Added Pin To Net: NetName=3V3 Pin=R191-2
Added Pin To Net: NetName=3V3 Pin=R192-2
Added Pin To Net: NetName=3V3 Pin=R193-2
Added Pin To Net: NetName=3V3 Pin=R194-2
Added Pin To Net: NetName=3V3 Pin=R195-2
Added Pin To Net: NetName=3V3 Pin=R196-2
Added Pin To Net: NetName=3V3 Pin=R197-2
Added Pin To Net: NetName=3V3 Pin=R198-1
Added Pin To Net: NetName=GND Pin=R199-2
Added Pin To Net: NetName=3V3 Pin=R200-1
Added Pin To Net: NetName=GND Pin=R201-2
Added Pin To Net: NetName=3V3 Pin=R202-1
Added Pin To Net: NetName=GND Pin=R203-2
Added Pin To Net: NetName=3V3 Pin=R204-1
Added Pin To Net: NetName=GND Pin=R205-2
Added Pin To Net: NetName=3V3 Pin=R206-1
Added Pin To Net: NetName=GND Pin=R207-2
Added Pin To Net: NetName=3V3 Pin=R208-1
Added Pin To Net: NetName=GND Pin=R209-2
Added Pin To Net: NetName=3V3 Pin=U0-6
Added Pin To Net: NetName=1V8 Pin=U0-15
Added Pin To Net: NetName=1V8 Pin=U0-21
Added Pin To Net: NetName=MIO52 Pin=U0-30
Added Pin To Net: NetName=MIO53 Pin=U0-31
Added Pin To Net: NetName=3V3 Pin=U0-37
Added Pin To Net: NetName=3V3 Pin=U0-41
Added Pin To Net: NetName=GND Pin=U0-43
Added Pin To Net: NetName=3V3 Pin=U0-44
Added Pin To Net: NetName=3V3 Pin=U0-45
Added Pin To Net: NetName=GND Pin=U0-47
Added Pin To Net: NetName=GND Pin=U0-49
Added Pin To Net: NetName=3V3 Pin=U1-6
Added Pin To Net: NetName=3V3 Pin=U1-15
Added Pin To Net: NetName=3V3 Pin=U1-21
Added Pin To Net: NetName=IO34_8P Pin=U1-30
Added Pin To Net: NetName=IO34_8N Pin=U1-31
Added Pin To Net: NetName=3V3 Pin=U1-37
Added Pin To Net: NetName=3V3 Pin=U1-41
Added Pin To Net: NetName=GND Pin=U1-43
Added Pin To Net: NetName=3V3 Pin=U1-44
Added Pin To Net: NetName=3V3 Pin=U1-45
Added Pin To Net: NetName=GND Pin=U1-47
Added Pin To Net: NetName=GND Pin=U1-49
Added Pin To Net: NetName=3V3 Pin=U2-6
Added Pin To Net: NetName=3V3 Pin=U2-15
Added Pin To Net: NetName=3V3 Pin=U2-21
Added Pin To Net: NetName=IO34_16P Pin=U2-30
Added Pin To Net: NetName=IO34_16N Pin=U2-31
Added Pin To Net: NetName=3V3 Pin=U2-37
Added Pin To Net: NetName=3V3 Pin=U2-41
Added Pin To Net: NetName=GND Pin=U2-43
Added Pin To Net: NetName=3V3 Pin=U2-44
Added Pin To Net: NetName=3V3 Pin=U2-45
Added Pin To Net: NetName=GND Pin=U2-47
Added Pin To Net: NetName=GND Pin=U2-49
Added Pin To Net: NetName=3V3 Pin=U3-6
Added Pin To Net: NetName=3V3 Pin=U3-15
Added Pin To Net: NetName=3V3 Pin=U3-21
Added Pin To Net: NetName=IO35_10P Pin=U3-30
Added Pin To Net: NetName=IO35_10N Pin=U3-31
Added Pin To Net: NetName=3V3 Pin=U3-37
Added Pin To Net: NetName=3V3 Pin=U3-41
Added Pin To Net: NetName=GND Pin=U3-43
Added Pin To Net: NetName=3V3 Pin=U3-44
Added Pin To Net: NetName=3V3 Pin=U3-45
Added Pin To Net: NetName=GND Pin=U3-47
Added Pin To Net: NetName=GND Pin=U3-49
Added Pin To Net: NetName=3V3 Pin=U4-6
Added Pin To Net: NetName=3V3 Pin=U4-15
Added Pin To Net: NetName=3V3 Pin=U4-21
Added Pin To Net: NetName=IO35_18P Pin=U4-30
Added Pin To Net: NetName=IO35_18N Pin=U4-31
Added Pin To Net: NetName=3V3 Pin=U4-37
Added Pin To Net: NetName=3V3 Pin=U4-41
Added Pin To Net: NetName=GND Pin=U4-43
Added Pin To Net: NetName=3V3 Pin=U4-44
Added Pin To Net: NetName=3V3 Pin=U4-45
Added Pin To Net: NetName=GND Pin=U4-47
Added Pin To Net: NetName=GND Pin=U4-49
Added Pin To Net: NetName=3V3 Pin=U5-6
Added Pin To Net: NetName=3V3 Pin=U5-15
Added Pin To Net: NetName=3V3 Pin=U5-21
Added Pin To Net: NetName=IO34_23P Pin=U5-30
Added Pin To Net: NetName=IO34_23N Pin=U5-31
Added Pin To Net: NetName=3V3 Pin=U5-37
Added Pin To Net: NetName=3V3 Pin=U5-41
Added Pin To Net: NetName=GND Pin=U5-43
Added Pin To Net: NetName=3V3 Pin=U5-44
Added Pin To Net: NetName=3V3 Pin=U5-45
Added Pin To Net: NetName=GND Pin=U5-47
Added Pin To Net: NetName=GND Pin=U5-49
Added Pin To Net: NetName=3V3 Pin=U6-6
Added Pin To Net: NetName=3V3 Pin=U6-15
Added Pin To Net: NetName=3V3 Pin=U6-21
Added Pin To Net: NetName=IO34_24P Pin=U6-30
Added Pin To Net: NetName=IO34_24N Pin=U6-31
Added Pin To Net: NetName=3V3 Pin=U6-37
Added Pin To Net: NetName=3V3 Pin=U6-41
Added Pin To Net: NetName=GND Pin=U6-43
Added Pin To Net: NetName=3V3 Pin=U6-44
Added Pin To Net: NetName=3V3 Pin=U6-45
Added Pin To Net: NetName=GND Pin=U6-47
Added Pin To Net: NetName=GND Pin=U6-49
Added Pin To Net: NetName=VBUS Pin=USB-5
Added Pin To Net: NetName=GND Pin=USB-6
Added Pin To Net: NetName=GND Pin=Y0-2
Added Pin To Net: NetName=GND Pin=Y1-2
Added Pin To Net: NetName=GND Pin=Y2-2
Added Pin To Net: NetName=GND Pin=Y3-2
Added Pin To Net: NetName=GND Pin=Y4-2
Added Pin To Net: NetName=GND Pin=Y5-2
Added Pin To Net: NetName=GND Pin=Y6-2
Change Net Name : Old Net Name=PS_SRET_B New Net Name=PS_SRST_B
Change Net Name : Old Net Name=RES_POR New Net Name=RESET_POR
Added Pin To Net: NetName=AN0 Pin=R31-2
Added Pin To Net: NetName=AN0 Pin=R43-1
Added Pin To Net: NetName=AN0 Pin=U0-17
Added Net: Name=AN0
Added Pin To Net: NetName=AN1 Pin=R32-2
Added Pin To Net: NetName=AN1 Pin=R44-1
Added Pin To Net: NetName=AN1 Pin=U0-18
Added Net: Name=AN1
Added Pin To Net: NetName=IO35_15P Pin=R115-1
Added Net: Name=IO35_15P
Added Pin To Net: NetName=MDI1_0N Pin=U1-2
Added Net: Name=MDI1_0N
Added Pin To Net: NetName=MDI1_0P Pin=U1-1
Added Net: Name=MDI1_0P
Added Pin To Net: NetName=MDI1_1N Pin=U1-5
Added Net: Name=MDI1_1N
Added Pin To Net: NetName=MDI1_1P Pin=U1-4
Added Net: Name=MDI1_1P
Added Pin To Net: NetName=MDI1_2N Pin=U1-8
Added Net: Name=MDI1_2N
Added Pin To Net: NetName=MDI1_2P Pin=U1-7
Added Net: Name=MDI1_2P
Added Pin To Net: NetName=MDI1_3N Pin=U1-11
Added Net: Name=MDI1_3N
Added Pin To Net: NetName=MDI1_3P Pin=U1-10
Added Net: Name=MDI1_3P
Added Pin To Net: NetName=MDI2_0N Pin=U2-2
Added Net: Name=MDI2_0N
Added Pin To Net: NetName=MDI2_0P Pin=U2-1
Added Net: Name=MDI2_0P
Added Pin To Net: NetName=MDI2_1N Pin=U2-5
Added Net: Name=MDI2_1N
Added Pin To Net: NetName=MDI2_1P Pin=U2-4
Added Net: Name=MDI2_1P
Added Pin To Net: NetName=MDI2_2N Pin=U2-8
Added Net: Name=MDI2_2N
Added Pin To Net: NetName=MDI2_2P Pin=U2-7
Added Net: Name=MDI2_2P
Added Pin To Net: NetName=MDI2_3N Pin=U2-11
Added Net: Name=MDI2_3N
Added Pin To Net: NetName=MDI2_3P Pin=U2-10
Added Net: Name=MDI2_3P
Added Pin To Net: NetName=MDI3_0N Pin=U3-2
Added Net: Name=MDI3_0N
Added Pin To Net: NetName=MDI3_0P Pin=U3-1
Added Net: Name=MDI3_0P
Added Pin To Net: NetName=MDI3_1N Pin=U3-5
Added Net: Name=MDI3_1N
Added Pin To Net: NetName=MDI3_1P Pin=U3-4
Added Net: Name=MDI3_1P
Added Pin To Net: NetName=MDI3_2N Pin=U3-8
Added Net: Name=MDI3_2N
Added Pin To Net: NetName=MDI3_2P Pin=U3-7
Added Net: Name=MDI3_2P
Added Pin To Net: NetName=MDI3_3N Pin=U3-11
Added Net: Name=MDI3_3N
Added Pin To Net: NetName=MDI3_3P Pin=U3-10
Added Net: Name=MDI3_3P
Added Pin To Net: NetName=MDI4_0N Pin=U4-2
Added Net: Name=MDI4_0N
Added Pin To Net: NetName=MDI4_0P Pin=U4-1
Added Net: Name=MDI4_0P
Added Pin To Net: NetName=MDI4_1N Pin=U4-5
Added Net: Name=MDI4_1N
Added Pin To Net: NetName=MDI4_1P Pin=U4-4
Added Net: Name=MDI4_1P
Added Pin To Net: NetName=MDI4_2N Pin=U4-8
Added Net: Name=MDI4_2N
Added Pin To Net: NetName=MDI4_2P Pin=U4-7
Added Net: Name=MDI4_2P
Added Pin To Net: NetName=MDI4_3N Pin=U4-11
Added Net: Name=MDI4_3N
Added Pin To Net: NetName=MDI4_3P Pin=U4-10
Added Net: Name=MDI4_3P
Added Pin To Net: NetName=MDI5_0N Pin=U5-2
Added Net: Name=MDI5_0N
Added Pin To Net: NetName=MDI5_0P Pin=U5-1
Added Net: Name=MDI5_0P
Added Pin To Net: NetName=MDI5_1N Pin=U5-5
Added Net: Name=MDI5_1N
Added Pin To Net: NetName=MDI5_1P Pin=U5-4
Added Net: Name=MDI5_1P
Added Pin To Net: NetName=MDI5_2N Pin=U5-8
Added Net: Name=MDI5_2N
Added Pin To Net: NetName=MDI5_2P Pin=U5-7
Added Net: Name=MDI5_2P
Added Pin To Net: NetName=MDI5_3N Pin=U5-11
Added Net: Name=MDI5_3N
Added Pin To Net: NetName=MDI5_3P Pin=U5-10
Added Net: Name=MDI5_3P
Added Pin To Net: NetName=MDI6_0N Pin=U6-2
Added Net: Name=MDI6_0N
Added Pin To Net: NetName=MDI6_0P Pin=U6-1
Added Net: Name=MDI6_0P
Added Pin To Net: NetName=MDI6_1N Pin=U6-5
Added Net: Name=MDI6_1N
Added Pin To Net: NetName=MDI6_1P Pin=U6-4
Added Net: Name=MDI6_1P
Added Pin To Net: NetName=MDI6_2N Pin=U6-8
Added Net: Name=MDI6_2N
Added Pin To Net: NetName=MDI6_2P Pin=U6-7
Added Net: Name=MDI6_2P
Added Pin To Net: NetName=MDI6_3N Pin=U6-11
Added Net: Name=MDI6_3N
Added Pin To Net: NetName=MDI6_3P Pin=U6-10
Added Net: Name=MDI6_3P
Added Pin To Net: NetName=NetC5_2 Pin=C5-2
Added Pin To Net: NetName=NetC5_2 Pin=FB1-1
Added Pin To Net: NetName=NetC5_2 Pin=Y0-4
Added Net: Name=NetC5_2
Added Pin To Net: NetName=NetC8_2 Pin=C8-2
Added Pin To Net: NetName=NetC8_2 Pin=C9-2
Added Pin To Net: NetName=NetC8_2 Pin=P0-1
Added Net: Name=NetC8_2
Added Pin To Net: NetName=NetC30_2 Pin=C30-2
Added Pin To Net: NetName=NetC30_2 Pin=FB4-1
Added Pin To Net: NetName=NetC30_2 Pin=Y1-4
Added Net: Name=NetC30_2
Added Pin To Net: NetName=NetC45_2 Pin=C45-2
Added Pin To Net: NetName=NetC45_2 Pin=FB7-1
Added Pin To Net: NetName=NetC45_2 Pin=Y2-4
Added Net: Name=NetC45_2
Added Pin To Net: NetName=NetC62_2 Pin=C62-2
Added Pin To Net: NetName=NetC62_2 Pin=FB10-1
Added Pin To Net: NetName=NetC62_2 Pin=Y3-4
Added Net: Name=NetC62_2
Added Pin To Net: NetName=NetC63_2 Pin=C63-2
Added Pin To Net: NetName=NetC63_2 Pin=FB11-1
Added Pin To Net: NetName=NetC63_2 Pin=Y4-4
Added Net: Name=NetC63_2
Added Pin To Net: NetName=NetC92_2 Pin=C92-2
Added Pin To Net: NetName=NetC92_2 Pin=FB16-1
Added Pin To Net: NetName=NetC92_2 Pin=Y5-4
Added Net: Name=NetC92_2
Added Pin To Net: NetName=NetC93_2 Pin=C93-2
Added Pin To Net: NetName=NetC93_2 Pin=FB17-1
Added Pin To Net: NetName=NetC93_2 Pin=Y6-4
Added Net: Name=NetC93_2
Added Pin To Net: NetName=NetL0_1 Pin=L0-1
Added Pin To Net: NetName=NetL0_1 Pin=U0-48
Added Net: Name=NetL0_1
Added Pin To Net: NetName=NetL1_1 Pin=L1-1
Added Pin To Net: NetName=NetL1_1 Pin=U1-48
Added Net: Name=NetL1_1
Added Pin To Net: NetName=NetL2_1 Pin=L2-1
Added Pin To Net: NetName=NetL2_1 Pin=U2-48
Added Net: Name=NetL2_1
Added Pin To Net: NetName=NetL3_1 Pin=L3-1
Added Pin To Net: NetName=NetL3_1 Pin=U3-48
Added Net: Name=NetL3_1
Added Pin To Net: NetName=NetL4_1 Pin=L4-1
Added Pin To Net: NetName=NetL4_1 Pin=U4-48
Added Net: Name=NetL4_1
Added Pin To Net: NetName=NetL5_1 Pin=L5-1
Added Pin To Net: NetName=NetL5_1 Pin=U5-48
Added Net: Name=NetL5_1
Added Pin To Net: NetName=NetL6_1 Pin=L6-1
Added Pin To Net: NetName=NetL6_1 Pin=U6-48
Added Net: Name=NetL6_1
Added Pin To Net: NetName=NetP0_2 Pin=P0-2
Added Pin To Net: NetName=NetP0_2 Pin=U0-1
Added Net: Name=NetP0_2
Added Pin To Net: NetName=NetP0_3 Pin=P0-3
Added Pin To Net: NetName=NetP0_3 Pin=U0-2
Added Net: Name=NetP0_3
Added Pin To Net: NetName=NetP0_4 Pin=P0-4
Added Pin To Net: NetName=NetP0_4 Pin=U0-4
Added Net: Name=NetP0_4
Added Pin To Net: NetName=NetP0_5 Pin=P0-5
Added Pin To Net: NetName=NetP0_5 Pin=U0-7
Added Net: Name=NetP0_5
Added Pin To Net: NetName=NetP0_6 Pin=P0-6
Added Pin To Net: NetName=NetP0_6 Pin=U0-8
Added Net: Name=NetP0_6
Added Pin To Net: NetName=NetP0_7 Pin=P0-7
Added Pin To Net: NetName=NetP0_7 Pin=U0-5
Added Net: Name=NetP0_7
Added Pin To Net: NetName=NetP0_8 Pin=P0-8
Added Pin To Net: NetName=NetP0_8 Pin=U0-10
Added Net: Name=NetP0_8
Added Pin To Net: NetName=NetP0_9 Pin=P0-9
Added Pin To Net: NetName=NetP0_9 Pin=U0-11
Added Net: Name=NetP0_9
Added Pin To Net: NetName=NetP0_11 Pin=P0-11
Added Pin To Net: NetName=NetP0_11 Pin=R21-2
Added Net: Name=NetP0_11
Added Pin To Net: NetName=NetP0_13 Pin=P0-13
Added Pin To Net: NetName=NetP0_13 Pin=R20-2
Added Net: Name=NetP0_13
Added Pin To Net: NetName=NetR1_2 Pin=R1-2
Added Pin To Net: NetName=NetR1_2 Pin=USB-3
Added Net: Name=NetR1_2
Added Pin To Net: NetName=NetR2_2 Pin=R2-2
Added Pin To Net: NetName=NetR2_2 Pin=USB-4
Added Net: Name=NetR2_2
Added Pin To Net: NetName=NetR12_1 Pin=R12-1
Added Pin To Net: NetName=NetR12_1 Pin=U0-42
Added Net: Name=NetR12_1
Added Pin To Net: NetName=NetR12_2 Pin=R12-2
Added Pin To Net: NetName=NetR12_2 Pin=Y0-3
Added Net: Name=NetR12_2
Added Pin To Net: NetName=NetR13_2 Pin=R13-2
Added Pin To Net: NetName=NetR13_2 Pin=U1-22
Added Net: Name=NetR13_2
Added Pin To Net: NetName=NetR16_1 Pin=R16-1
Added Pin To Net: NetName=NetR16_1 Pin=U0-38
Added Net: Name=NetR16_1
Added Pin To Net: NetName=NetR17_2 Pin=R17-2
Added Pin To Net: NetName=NetR17_2 Pin=U1-23
Added Net: Name=NetR17_2
Added Pin To Net: NetName=NetR18_1 Pin=R18-1
Added Pin To Net: NetName=NetR18_1 Pin=U0-39
Added Net: Name=NetR18_1
Added Pin To Net: NetName=NetR19_2 Pin=R19-2
Added Pin To Net: NetName=NetR19_2 Pin=U1-24
Added Net: Name=NetR19_2
Added Pin To Net: NetName=NetR22_2 Pin=R22-2
Added Pin To Net: NetName=NetR22_2 Pin=U0-22
Added Net: Name=NetR22_2
Added Pin To Net: NetName=NetR23_2 Pin=R23-2
Added Pin To Net: NetName=NetR23_2 Pin=U0-23
Added Net: Name=NetR23_2
Added Pin To Net: NetName=NetR24_2 Pin=R24-2
Added Pin To Net: NetName=NetR24_2 Pin=U0-24
Added Net: Name=NetR24_2
Added Pin To Net: NetName=NetR25_2 Pin=R25-2
Added Pin To Net: NetName=NetR25_2 Pin=U0-25
Added Net: Name=NetR25_2
Added Pin To Net: NetName=NetR26_2 Pin=R26-2
Added Pin To Net: NetName=NetR26_2 Pin=U0-26
Added Net: Name=NetR26_2
Added Pin To Net: NetName=NetR27_2 Pin=R27-2
Added Pin To Net: NetName=NetR27_2 Pin=U0-27
Added Net: Name=NetR27_2
Added Pin To Net: NetName=NetR28_2 Pin=R28-2
Added Pin To Net: NetName=NetR28_2 Pin=U0-19
Added Net: Name=NetR28_2
Added Pin To Net: NetName=NetR45_2 Pin=R45-2
Added Pin To Net: NetName=NetR45_2 Pin=U1-25
Added Net: Name=NetR45_2
Added Pin To Net: NetName=NetR46_2 Pin=R46-2
Added Pin To Net: NetName=NetR46_2 Pin=U1-26
Added Net: Name=NetR46_2
Added Pin To Net: NetName=NetR47_2 Pin=R47-2
Added Pin To Net: NetName=NetR47_2 Pin=U1-27
Added Net: Name=NetR47_2
Added Pin To Net: NetName=NetR48_2 Pin=R48-2
Added Pin To Net: NetName=NetR48_2 Pin=U1-19
Added Net: Name=NetR48_2
Added Pin To Net: NetName=NetR56_1 Pin=R56-1
Added Pin To Net: NetName=NetR56_1 Pin=U1-39
Added Net: Name=NetR56_1
Added Pin To Net: NetName=NetR57_1 Pin=R57-1
Added Pin To Net: NetName=NetR57_1 Pin=U1-42
Added Net: Name=NetR57_1
Added Pin To Net: NetName=NetR57_2 Pin=R57-2
Added Pin To Net: NetName=NetR57_2 Pin=Y1-3
Added Net: Name=NetR57_2
Added Pin To Net: NetName=NetR58_1 Pin=R58-1
Added Pin To Net: NetName=NetR58_1 Pin=U1-38
Added Net: Name=NetR58_1
Added Pin To Net: NetName=NetR70_2 Pin=R70-2
Added Pin To Net: NetName=NetR70_2 Pin=U2-22
Added Net: Name=NetR70_2
Added Pin To Net: NetName=NetR71_2 Pin=R71-2
Added Pin To Net: NetName=NetR71_2 Pin=U2-23
Added Net: Name=NetR71_2
Added Pin To Net: NetName=NetR72_2 Pin=R72-2
Added Pin To Net: NetName=NetR72_2 Pin=U2-24
Added Net: Name=NetR72_2
Added Pin To Net: NetName=NetR73_2 Pin=R73-2
Added Pin To Net: NetName=NetR73_2 Pin=U2-25
Added Net: Name=NetR73_2
Added Pin To Net: NetName=NetR74_2 Pin=R74-2
Added Pin To Net: NetName=NetR74_2 Pin=U2-26
Added Net: Name=NetR74_2
Added Pin To Net: NetName=NetR75_2 Pin=R75-2
Added Pin To Net: NetName=NetR75_2 Pin=U2-27
Added Net: Name=NetR75_2
Added Pin To Net: NetName=NetR76_2 Pin=R76-2
Added Pin To Net: NetName=NetR76_2 Pin=U2-19
Added Net: Name=NetR76_2
Added Pin To Net: NetName=NetR84_1 Pin=R84-1
Added Pin To Net: NetName=NetR84_1 Pin=U2-39
Added Net: Name=NetR84_1
Added Pin To Net: NetName=NetR85_1 Pin=R85-1
Added Pin To Net: NetName=NetR85_1 Pin=U2-42
Added Net: Name=NetR85_1
Added Pin To Net: NetName=NetR85_2 Pin=R85-2
Added Pin To Net: NetName=NetR85_2 Pin=Y2-3
Added Net: Name=NetR85_2
Added Pin To Net: NetName=NetR86_1 Pin=R86-1
Added Pin To Net: NetName=NetR86_1 Pin=U2-38
Added Net: Name=NetR86_1
Added Pin To Net: NetName=NetR98_2 Pin=R98-2
Added Pin To Net: NetName=NetR98_2 Pin=U3-22
Added Net: Name=NetR98_2
Added Pin To Net: NetName=NetR99_2 Pin=R99-2
Added Pin To Net: NetName=NetR99_2 Pin=U4-22
Added Net: Name=NetR99_2
Added Pin To Net: NetName=NetR100_2 Pin=R100-2
Added Pin To Net: NetName=NetR100_2 Pin=U3-23
Added Net: Name=NetR100_2
Added Pin To Net: NetName=NetR101_2 Pin=R101-2
Added Pin To Net: NetName=NetR101_2 Pin=U4-23
Added Net: Name=NetR101_2
Added Pin To Net: NetName=NetR102_2 Pin=R102-2
Added Pin To Net: NetName=NetR102_2 Pin=U3-24
Added Net: Name=NetR102_2
Added Pin To Net: NetName=NetR103_2 Pin=R103-2
Added Pin To Net: NetName=NetR103_2 Pin=U4-24
Added Net: Name=NetR103_2
Added Pin To Net: NetName=NetR104_2 Pin=R104-2
Added Pin To Net: NetName=NetR104_2 Pin=U3-25
Added Net: Name=NetR104_2
Added Pin To Net: NetName=NetR105_2 Pin=R105-2
Added Pin To Net: NetName=NetR105_2 Pin=U4-25
Added Net: Name=NetR105_2
Added Pin To Net: NetName=NetR106_2 Pin=R106-2
Added Pin To Net: NetName=NetR106_2 Pin=U3-26
Added Net: Name=NetR106_2
Added Pin To Net: NetName=NetR107_2 Pin=R107-2
Added Pin To Net: NetName=NetR107_2 Pin=U4-26
Added Net: Name=NetR107_2
Added Pin To Net: NetName=NetR108_2 Pin=R108-2
Added Pin To Net: NetName=NetR108_2 Pin=U3-27
Added Net: Name=NetR108_2
Added Pin To Net: NetName=NetR109_2 Pin=R109-2
Added Pin To Net: NetName=NetR109_2 Pin=U4-27
Added Net: Name=NetR109_2
Added Pin To Net: NetName=NetR110_2 Pin=R110-2
Added Pin To Net: NetName=NetR110_2 Pin=U3-19
Added Net: Name=NetR110_2
Added Pin To Net: NetName=NetR111_2 Pin=R111-2
Added Pin To Net: NetName=NetR111_2 Pin=U4-19
Added Net: Name=NetR111_2
Added Pin To Net: NetName=NetR126_1 Pin=R126-1
Added Pin To Net: NetName=NetR126_1 Pin=U3-39
Added Net: Name=NetR126_1
Added Pin To Net: NetName=NetR127_1 Pin=R127-1
Added Pin To Net: NetName=NetR127_1 Pin=U4-39
Added Net: Name=NetR127_1
Added Pin To Net: NetName=NetR128_1 Pin=R128-1
Added Pin To Net: NetName=NetR128_1 Pin=U3-42
Added Net: Name=NetR128_1
Added Pin To Net: NetName=NetR128_2 Pin=R128-2
Added Pin To Net: NetName=NetR128_2 Pin=Y3-3
Added Net: Name=NetR128_2
Added Pin To Net: NetName=NetR129_1 Pin=R129-1
Added Pin To Net: NetName=NetR129_1 Pin=U4-42
Added Net: Name=NetR129_1
Added Pin To Net: NetName=NetR129_2 Pin=R129-2
Added Pin To Net: NetName=NetR129_2 Pin=Y4-3
Added Net: Name=NetR129_2
Added Pin To Net: NetName=NetR130_1 Pin=R130-1
Added Pin To Net: NetName=NetR130_1 Pin=U3-38
Added Net: Name=NetR130_1
Added Pin To Net: NetName=NetR131_1 Pin=R131-1
Added Pin To Net: NetName=NetR131_1 Pin=U4-38
Added Net: Name=NetR131_1
Added Pin To Net: NetName=NetR154_2 Pin=R154-2
Added Pin To Net: NetName=NetR154_2 Pin=U5-22
Added Net: Name=NetR154_2
Added Pin To Net: NetName=NetR155_2 Pin=R155-2
Added Pin To Net: NetName=NetR155_2 Pin=U6-22
Added Net: Name=NetR155_2
Added Pin To Net: NetName=NetR156_2 Pin=R156-2
Added Pin To Net: NetName=NetR156_2 Pin=U5-23
Added Net: Name=NetR156_2
Added Pin To Net: NetName=NetR157_2 Pin=R157-2
Added Pin To Net: NetName=NetR157_2 Pin=U6-23
Added Net: Name=NetR157_2
Added Pin To Net: NetName=NetR158_2 Pin=R158-2
Added Pin To Net: NetName=NetR158_2 Pin=U5-24
Added Net: Name=NetR158_2
Added Pin To Net: NetName=NetR159_2 Pin=R159-2
Added Pin To Net: NetName=NetR159_2 Pin=U6-24
Added Net: Name=NetR159_2
Added Pin To Net: NetName=NetR160_2 Pin=R160-2
Added Pin To Net: NetName=NetR160_2 Pin=U5-25
Added Net: Name=NetR160_2
Added Pin To Net: NetName=NetR161_2 Pin=R161-2
Added Pin To Net: NetName=NetR161_2 Pin=U6-25
Added Net: Name=NetR161_2
Added Pin To Net: NetName=NetR162_2 Pin=R162-2
Added Pin To Net: NetName=NetR162_2 Pin=U5-26
Added Net: Name=NetR162_2
Added Pin To Net: NetName=NetR163_2 Pin=R163-2
Added Pin To Net: NetName=NetR163_2 Pin=U6-26
Added Net: Name=NetR163_2
Added Pin To Net: NetName=NetR164_2 Pin=R164-2
Added Pin To Net: NetName=NetR164_2 Pin=U5-27
Added Net: Name=NetR164_2
Added Pin To Net: NetName=NetR165_2 Pin=R165-2
Added Pin To Net: NetName=NetR165_2 Pin=U6-27
Added Net: Name=NetR165_2
Added Pin To Net: NetName=NetR166_2 Pin=R166-2
Added Pin To Net: NetName=NetR166_2 Pin=U5-19
Added Net: Name=NetR166_2
Added Pin To Net: NetName=NetR167_2 Pin=R167-2
Added Pin To Net: NetName=NetR167_2 Pin=U6-19
Added Net: Name=NetR167_2
Added Pin To Net: NetName=NetR182_1 Pin=R182-1
Added Pin To Net: NetName=NetR182_1 Pin=U5-39
Added Net: Name=NetR182_1
Added Pin To Net: NetName=NetR183_1 Pin=R183-1
Added Pin To Net: NetName=NetR183_1 Pin=U6-39
Added Net: Name=NetR183_1
Added Pin To Net: NetName=NetR184_1 Pin=R184-1
Added Pin To Net: NetName=NetR184_1 Pin=U5-42
Added Net: Name=NetR184_1
Added Pin To Net: NetName=NetR184_2 Pin=R184-2
Added Pin To Net: NetName=NetR184_2 Pin=Y5-3
Added Net: Name=NetR184_2
Added Pin To Net: NetName=NetR185_1 Pin=R185-1
Added Pin To Net: NetName=NetR185_1 Pin=U6-42
Added Net: Name=NetR185_1
Added Pin To Net: NetName=NetR185_2 Pin=R185-2
Added Pin To Net: NetName=NetR185_2 Pin=Y6-3
Added Net: Name=NetR185_2
Added Pin To Net: NetName=NetR186_1 Pin=R186-1
Added Pin To Net: NetName=NetR186_1 Pin=U5-38
Added Net: Name=NetR186_1
Added Pin To Net: NetName=NetR187_1 Pin=R187-1
Added Pin To Net: NetName=NetR187_1 Pin=U6-38
Added Net: Name=NetR187_1
Added Pin To Net: NetName=P1_AD0 Pin=R68-2
Added Pin To Net: NetName=P1_AD0 Pin=R69-1
Added Pin To Net: NetName=P1_AD0 Pin=U1-34
Added Net: Name=P1_AD0
Added Pin To Net: NetName=P1_AD1 Pin=R66-2
Added Pin To Net: NetName=P1_AD1 Pin=R67-1
Added Pin To Net: NetName=P1_AD1 Pin=U1-35
Added Net: Name=P1_AD1
Added Pin To Net: NetName=P1_AD2 Pin=R53-2
Added Pin To Net: NetName=P1_AD2 Pin=R64-2
Added Pin To Net: NetName=P1_AD2 Pin=R65-1
Added Pin To Net: NetName=P1_AD2 Pin=U1-13
Added Net: Name=P1_AD2
Added Pin To Net: NetName=P1_AN0 Pin=R51-2
Added Pin To Net: NetName=P1_AN0 Pin=R61-1
Added Pin To Net: NetName=P1_AN0 Pin=U1-17
Added Net: Name=P1_AN0
Added Pin To Net: NetName=P1_AN1 Pin=R52-2
Added Pin To Net: NetName=P1_AN1 Pin=R62-1
Added Pin To Net: NetName=P1_AN1 Pin=U1-18
Added Net: Name=P1_AN1
Added Pin To Net: NetName=P1_RXDLY Pin=R60-1
Added Pin To Net: NetName=P1_RXDLY Pin=U1-32
Added Net: Name=P1_RXDLY
Added Pin To Net: NetName=P1_SELRGV Pin=R49-2
Added Pin To Net: NetName=P1_SELRGV Pin=R63-1
Added Pin To Net: NetName=P1_SELRGV Pin=U1-14
Added Net: Name=P1_SELRGV
Added Pin To Net: NetName=P1_TXDLY Pin=R50-2
Added Pin To Net: NetName=P1_TXDLY Pin=R59-1
Added Pin To Net: NetName=P1_TXDLY Pin=U1-16
Added Net: Name=P1_TXDLY
Added Pin To Net: NetName=P2_AD0 Pin=R96-2
Added Pin To Net: NetName=P2_AD0 Pin=R97-1
Added Pin To Net: NetName=P2_AD0 Pin=U2-34
Added Net: Name=P2_AD0
Added Pin To Net: NetName=P2_AD1 Pin=R94-2
Added Pin To Net: NetName=P2_AD1 Pin=R95-1
Added Pin To Net: NetName=P2_AD1 Pin=U2-35
Added Net: Name=P2_AD1
Added Pin To Net: NetName=P2_AD2 Pin=R81-2
Added Pin To Net: NetName=P2_AD2 Pin=R92-2
Added Pin To Net: NetName=P2_AD2 Pin=R93-1
Added Pin To Net: NetName=P2_AD2 Pin=U2-13
Added Net: Name=P2_AD2
Added Pin To Net: NetName=P2_AN0 Pin=R79-2
Added Pin To Net: NetName=P2_AN0 Pin=R89-1
Added Pin To Net: NetName=P2_AN0 Pin=U2-17
Added Net: Name=P2_AN0
Added Pin To Net: NetName=P2_AN1 Pin=R80-2
Added Pin To Net: NetName=P2_AN1 Pin=R90-1
Added Pin To Net: NetName=P2_AN1 Pin=U2-18
Added Net: Name=P2_AN1
Added Pin To Net: NetName=P2_RXDLY Pin=R88-1
Added Pin To Net: NetName=P2_RXDLY Pin=U2-32
Added Net: Name=P2_RXDLY
Added Pin To Net: NetName=P2_SELRGV Pin=R77-2
Added Pin To Net: NetName=P2_SELRGV Pin=R91-1
Added Pin To Net: NetName=P2_SELRGV Pin=U2-14
Added Net: Name=P2_SELRGV
Added Pin To Net: NetName=P2_TXDLY Pin=R78-2
Added Pin To Net: NetName=P2_TXDLY Pin=R87-1
Added Pin To Net: NetName=P2_TXDLY Pin=U2-16
Added Net: Name=P2_TXDLY
Added Pin To Net: NetName=P3_AD0 Pin=R150-2
Added Pin To Net: NetName=P3_AD0 Pin=R151-1
Added Pin To Net: NetName=P3_AD0 Pin=U3-34
Added Net: Name=P3_AD0
Added Pin To Net: NetName=P3_AD1 Pin=R146-2
Added Pin To Net: NetName=P3_AD1 Pin=R147-1
Added Pin To Net: NetName=P3_AD1 Pin=U3-35
Added Net: Name=P3_AD1
Added Pin To Net: NetName=P3_AD2 Pin=R120-2
Added Pin To Net: NetName=P3_AD2 Pin=R142-2
Added Pin To Net: NetName=P3_AD2 Pin=R143-1
Added Pin To Net: NetName=P3_AD2 Pin=U3-13
Added Net: Name=P3_AD2
Added Pin To Net: NetName=P3_AN0 Pin=R116-2
Added Pin To Net: NetName=P3_AN0 Pin=R136-1
Added Pin To Net: NetName=P3_AN0 Pin=U3-17
Added Net: Name=P3_AN0
Added Pin To Net: NetName=P3_AN1 Pin=R118-2
Added Pin To Net: NetName=P3_AN1 Pin=R138-1
Added Pin To Net: NetName=P3_AN1 Pin=U3-18
Added Net: Name=P3_AN1
Added Pin To Net: NetName=P3_RXDLY Pin=R134-1
Added Pin To Net: NetName=P3_RXDLY Pin=U3-32
Added Net: Name=P3_RXDLY
Added Pin To Net: NetName=P3_SELRGV Pin=R112-2
Added Pin To Net: NetName=P3_SELRGV Pin=R140-1
Added Pin To Net: NetName=P3_SELRGV Pin=U3-14
Added Net: Name=P3_SELRGV
Added Pin To Net: NetName=P3_TXDLY Pin=R114-2
Added Pin To Net: NetName=P3_TXDLY Pin=R132-1
Added Pin To Net: NetName=P3_TXDLY Pin=U3-16
Added Net: Name=P3_TXDLY
Added Pin To Net: NetName=P4_AD0 Pin=R152-2
Added Pin To Net: NetName=P4_AD0 Pin=R153-1
Added Pin To Net: NetName=P4_AD0 Pin=U4-34
Added Net: Name=P4_AD0
Added Pin To Net: NetName=P4_AD1 Pin=R148-2
Added Pin To Net: NetName=P4_AD1 Pin=R149-1
Added Pin To Net: NetName=P4_AD1 Pin=U4-35
Added Net: Name=P4_AD1
Added Pin To Net: NetName=P4_AD2 Pin=R121-2
Added Pin To Net: NetName=P4_AD2 Pin=R144-2
Added Pin To Net: NetName=P4_AD2 Pin=R145-1
Added Pin To Net: NetName=P4_AD2 Pin=U4-13
Added Net: Name=P4_AD2
Added Pin To Net: NetName=P4_AN0 Pin=R117-2
Added Pin To Net: NetName=P4_AN0 Pin=R137-1
Added Pin To Net: NetName=P4_AN0 Pin=U4-17
Added Net: Name=P4_AN0
Added Pin To Net: NetName=P4_AN1 Pin=R119-2
Added Pin To Net: NetName=P4_AN1 Pin=R139-1
Added Pin To Net: NetName=P4_AN1 Pin=U4-18
Added Net: Name=P4_AN1
Added Pin To Net: NetName=P4_RXDLY Pin=R135-1
Added Pin To Net: NetName=P4_RXDLY Pin=U4-32
Added Net: Name=P4_RXDLY
Added Pin To Net: NetName=P4_SELRGV Pin=R113-2
Added Pin To Net: NetName=P4_SELRGV Pin=R141-1
Added Pin To Net: NetName=P4_SELRGV Pin=U4-14
Added Net: Name=P4_SELRGV
Added Pin To Net: NetName=P4_TXDLY Pin=R115-2
Added Pin To Net: NetName=P4_TXDLY Pin=R133-1
Added Pin To Net: NetName=P4_TXDLY Pin=U4-16
Added Net: Name=P4_TXDLY
Added Pin To Net: NetName=P5_AD0 Pin=R206-2
Added Pin To Net: NetName=P5_AD0 Pin=R207-1
Added Pin To Net: NetName=P5_AD0 Pin=U5-34
Added Net: Name=P5_AD0
Added Pin To Net: NetName=P5_AD1 Pin=R202-2
Added Pin To Net: NetName=P5_AD1 Pin=R203-1
Added Pin To Net: NetName=P5_AD1 Pin=U5-35
Added Net: Name=P5_AD1
Added Pin To Net: NetName=P5_AD2 Pin=R176-2
Added Pin To Net: NetName=P5_AD2 Pin=R198-2
Added Pin To Net: NetName=P5_AD2 Pin=R199-1
Added Pin To Net: NetName=P5_AD2 Pin=U5-13
Added Net: Name=P5_AD2
Added Pin To Net: NetName=P5_AN0 Pin=R172-2
Added Pin To Net: NetName=P5_AN0 Pin=R192-1
Added Pin To Net: NetName=P5_AN0 Pin=U5-17
Added Net: Name=P5_AN0
Added Pin To Net: NetName=P5_AN1 Pin=R174-2
Added Pin To Net: NetName=P5_AN1 Pin=R194-1
Added Pin To Net: NetName=P5_AN1 Pin=U5-18
Added Net: Name=P5_AN1
Added Pin To Net: NetName=P5_RXDLY Pin=R190-1
Added Pin To Net: NetName=P5_RXDLY Pin=U5-32
Added Net: Name=P5_RXDLY
Added Pin To Net: NetName=P5_SELRGV Pin=R168-2
Added Pin To Net: NetName=P5_SELRGV Pin=R196-1
Added Pin To Net: NetName=P5_SELRGV Pin=U5-14
Added Net: Name=P5_SELRGV
Added Pin To Net: NetName=P5_TXDLY Pin=R170-2
Added Pin To Net: NetName=P5_TXDLY Pin=R188-1
Added Pin To Net: NetName=P5_TXDLY Pin=U5-16
Added Net: Name=P5_TXDLY
Added Pin To Net: NetName=P6_AD0 Pin=R208-2
Added Pin To Net: NetName=P6_AD0 Pin=R209-1
Added Pin To Net: NetName=P6_AD0 Pin=U6-34
Added Net: Name=P6_AD0
Added Pin To Net: NetName=P6_AD1 Pin=R204-2
Added Pin To Net: NetName=P6_AD1 Pin=R205-1
Added Pin To Net: NetName=P6_AD1 Pin=U6-35
Added Net: Name=P6_AD1
Added Pin To Net: NetName=P6_AD2 Pin=R177-2
Added Pin To Net: NetName=P6_AD2 Pin=R200-2
Added Pin To Net: NetName=P6_AD2 Pin=R201-1
Added Pin To Net: NetName=P6_AD2 Pin=U6-13
Added Net: Name=P6_AD2
Added Pin To Net: NetName=P6_AN0 Pin=R173-2
Added Pin To Net: NetName=P6_AN0 Pin=R193-1
Added Pin To Net: NetName=P6_AN0 Pin=U6-17
Added Net: Name=P6_AN0
Added Pin To Net: NetName=P6_AN1 Pin=R175-2
Added Pin To Net: NetName=P6_AN1 Pin=R195-1
Added Pin To Net: NetName=P6_AN1 Pin=U6-18
Added Net: Name=P6_AN1
Added Pin To Net: NetName=P6_RXDLY Pin=R191-1
Added Pin To Net: NetName=P6_RXDLY Pin=U6-32
Added Net: Name=P6_RXDLY
Added Pin To Net: NetName=P6_SELRGV Pin=R169-2
Added Pin To Net: NetName=P6_SELRGV Pin=R197-1
Added Pin To Net: NetName=P6_SELRGV Pin=U6-14
Added Net: Name=P6_SELRGV
Added Pin To Net: NetName=P6_TXDLY Pin=R171-2
Added Pin To Net: NetName=P6_TXDLY Pin=R189-1
Added Pin To Net: NetName=P6_TXDLY Pin=U6-16
Added Net: Name=P6_TXDLY
Added Pin To Net: NetName=PHY1_1V05A Pin=C38-2
Added Pin To Net: NetName=PHY1_1V05A Pin=C39-2
Added Pin To Net: NetName=PHY1_1V05A Pin=C40-2
Added Pin To Net: NetName=PHY1_1V05A Pin=FB6-1
Added Pin To Net: NetName=PHY1_1V05A Pin=U1-3
Added Pin To Net: NetName=PHY1_1V05A Pin=U1-9
Added Pin To Net: NetName=PHY1_1V05A Pin=U1-40
Added Net: Name=PHY1_1V05A
Added Pin To Net: NetName=PHY1_1V05D Pin=C32-2
Added Pin To Net: NetName=PHY1_1V05D Pin=C33-2
Added Pin To Net: NetName=PHY1_1V05D Pin=C34-2
Added Pin To Net: NetName=PHY1_1V05D Pin=FB5-1
Added Pin To Net: NetName=PHY1_1V05D Pin=U1-28
Added Pin To Net: NetName=PHY1_1V05D Pin=U1-36
Added Net: Name=PHY1_1V05D
Added Pin To Net: NetName=PHY1_1V05 Pin=C29-2
Added Pin To Net: NetName=PHY1_1V05 Pin=FB5-2
Added Pin To Net: NetName=PHY1_1V05 Pin=FB6-2
Added Pin To Net: NetName=PHY1_1V05 Pin=L1-2
Added Net: Name=PHY1_1V05
Added Pin To Net: NetName=PHY2_1V05A Pin=C49-2
Added Pin To Net: NetName=PHY2_1V05A Pin=C50-2
Added Pin To Net: NetName=PHY2_1V05A Pin=C51-2
Added Pin To Net: NetName=PHY2_1V05A Pin=FB9-1
Added Pin To Net: NetName=PHY2_1V05A Pin=U2-3
Added Pin To Net: NetName=PHY2_1V05A Pin=U2-9
Added Pin To Net: NetName=PHY2_1V05A Pin=U2-40
Added Net: Name=PHY2_1V05A
Added Pin To Net: NetName=PHY2_1V05D Pin=C46-2
Added Pin To Net: NetName=PHY2_1V05D Pin=C47-2
Added Pin To Net: NetName=PHY2_1V05D Pin=C48-2
Added Pin To Net: NetName=PHY2_1V05D Pin=FB8-1
Added Pin To Net: NetName=PHY2_1V05D Pin=U2-28
Added Pin To Net: NetName=PHY2_1V05D Pin=U2-36
Added Net: Name=PHY2_1V05D
Added Pin To Net: NetName=PHY2_1V05 Pin=C44-2
Added Pin To Net: NetName=PHY2_1V05 Pin=FB8-2
Added Pin To Net: NetName=PHY2_1V05 Pin=FB9-2
Added Pin To Net: NetName=PHY2_1V05 Pin=L2-2
Added Net: Name=PHY2_1V05
Added Pin To Net: NetName=PHY3_1V05A Pin=C70-2
Added Pin To Net: NetName=PHY3_1V05A Pin=C71-2
Added Pin To Net: NetName=PHY3_1V05A Pin=C72-2
Added Pin To Net: NetName=PHY3_1V05A Pin=FB14-1
Added Pin To Net: NetName=PHY3_1V05A Pin=U3-3
Added Pin To Net: NetName=PHY3_1V05A Pin=U3-9
Added Pin To Net: NetName=PHY3_1V05A Pin=U3-40
Added Net: Name=PHY3_1V05A
Added Pin To Net: NetName=PHY3_1V05D Pin=C64-2
Added Pin To Net: NetName=PHY3_1V05D Pin=C65-2
Added Pin To Net: NetName=PHY3_1V05D Pin=C66-2
Added Pin To Net: NetName=PHY3_1V05D Pin=FB12-1
Added Pin To Net: NetName=PHY3_1V05D Pin=U3-28
Added Pin To Net: NetName=PHY3_1V05D Pin=U3-36
Added Net: Name=PHY3_1V05D
Added Pin To Net: NetName=PHY3_1V05 Pin=C60-2
Added Pin To Net: NetName=PHY3_1V05 Pin=FB12-2
Added Pin To Net: NetName=PHY3_1V05 Pin=FB14-2
Added Pin To Net: NetName=PHY3_1V05 Pin=L3-2
Added Net: Name=PHY3_1V05
Added Pin To Net: NetName=PHY4_1V05A Pin=C73-2
Added Pin To Net: NetName=PHY4_1V05A Pin=C74-2
Added Pin To Net: NetName=PHY4_1V05A Pin=C75-2
Added Pin To Net: NetName=PHY4_1V05A Pin=FB15-1
Added Pin To Net: NetName=PHY4_1V05A Pin=U4-3
Added Pin To Net: NetName=PHY4_1V05A Pin=U4-9
Added Pin To Net: NetName=PHY4_1V05A Pin=U4-40
Added Net: Name=PHY4_1V05A
Added Pin To Net: NetName=PHY4_1V05D Pin=C67-2
Added Pin To Net: NetName=PHY4_1V05D Pin=C68-2
Added Pin To Net: NetName=PHY4_1V05D Pin=C69-2
Added Pin To Net: NetName=PHY4_1V05D Pin=FB13-1
Added Pin To Net: NetName=PHY4_1V05D Pin=U4-28
Added Pin To Net: NetName=PHY4_1V05D Pin=U4-36
Added Net: Name=PHY4_1V05D
Added Pin To Net: NetName=PHY4_1V05 Pin=C61-2
Added Pin To Net: NetName=PHY4_1V05 Pin=FB13-2
Added Pin To Net: NetName=PHY4_1V05 Pin=FB15-2
Added Pin To Net: NetName=PHY4_1V05 Pin=L4-2
Added Net: Name=PHY4_1V05
Added Pin To Net: NetName=PHY5_1V05A Pin=C100-2
Added Pin To Net: NetName=PHY5_1V05A Pin=C101-2
Added Pin To Net: NetName=PHY5_1V05A Pin=C102-2
Added Pin To Net: NetName=PHY5_1V05A Pin=FB20-1
Added Pin To Net: NetName=PHY5_1V05A Pin=U5-3
Added Pin To Net: NetName=PHY5_1V05A Pin=U5-9
Added Pin To Net: NetName=PHY5_1V05A Pin=U5-40
Added Net: Name=PHY5_1V05A
Added Pin To Net: NetName=PHY5_1V05D Pin=C94-2
Added Pin To Net: NetName=PHY5_1V05D Pin=C95-2
Added Pin To Net: NetName=PHY5_1V05D Pin=C96-2
Added Pin To Net: NetName=PHY5_1V05D Pin=FB18-1
Added Pin To Net: NetName=PHY5_1V05D Pin=U5-28
Added Pin To Net: NetName=PHY5_1V05D Pin=U5-36
Added Net: Name=PHY5_1V05D
Added Pin To Net: NetName=PHY5_1V05 Pin=C90-2
Added Pin To Net: NetName=PHY5_1V05 Pin=FB18-2
Added Pin To Net: NetName=PHY5_1V05 Pin=FB20-2
Added Pin To Net: NetName=PHY5_1V05 Pin=L5-2
Added Net: Name=PHY5_1V05
Added Pin To Net: NetName=PHY6_1V05A Pin=C103-2
Added Pin To Net: NetName=PHY6_1V05A Pin=C104-2
Added Pin To Net: NetName=PHY6_1V05A Pin=C105-2
Added Pin To Net: NetName=PHY6_1V05A Pin=FB21-1
Added Pin To Net: NetName=PHY6_1V05A Pin=U6-3
Added Pin To Net: NetName=PHY6_1V05A Pin=U6-9
Added Pin To Net: NetName=PHY6_1V05A Pin=U6-40
Added Net: Name=PHY6_1V05A
Added Pin To Net: NetName=PHY6_1V05D Pin=C97-2
Added Pin To Net: NetName=PHY6_1V05D Pin=C98-2
Added Pin To Net: NetName=PHY6_1V05D Pin=C99-2
Added Pin To Net: NetName=PHY6_1V05D Pin=FB19-1
Added Pin To Net: NetName=PHY6_1V05D Pin=U6-28
Added Pin To Net: NetName=PHY6_1V05D Pin=U6-36
Added Net: Name=PHY6_1V05D
Added Pin To Net: NetName=PHY6_1V05 Pin=C91-2
Added Pin To Net: NetName=PHY6_1V05 Pin=FB19-2
Added Pin To Net: NetName=PHY6_1V05 Pin=FB21-2
Added Pin To Net: NetName=PHY6_1V05 Pin=L6-2
Added Net: Name=PHY6_1V05
Added Pin To Net: NetName=PHY_1V05A Pin=C13-2
Added Pin To Net: NetName=PHY_1V05A Pin=C14-2
Added Pin To Net: NetName=PHY_1V05A Pin=C15-2
Added Pin To Net: NetName=PHY_1V05A Pin=FB3-1
Added Pin To Net: NetName=PHY_1V05A Pin=U0-3
Added Pin To Net: NetName=PHY_1V05A Pin=U0-9
Added Pin To Net: NetName=PHY_1V05A Pin=U0-40
Added Net: Name=PHY_1V05A
Added Pin To Net: NetName=PHY_1V05D Pin=C10-2
Added Pin To Net: NetName=PHY_1V05D Pin=C11-2
Added Pin To Net: NetName=PHY_1V05D Pin=C12-2
Added Pin To Net: NetName=PHY_1V05D Pin=FB2-1
Added Pin To Net: NetName=PHY_1V05D Pin=U0-28
Added Pin To Net: NetName=PHY_1V05D Pin=U0-36
Added Net: Name=PHY_1V05D
Added Pin To Net: NetName=PHY_1V05 Pin=C6-2
Added Pin To Net: NetName=PHY_1V05 Pin=FB2-2
Added Pin To Net: NetName=PHY_1V05 Pin=FB3-2
Added Pin To Net: NetName=PHY_1V05 Pin=L0-2
Added Net: Name=PHY_1V05
Added Pin To Net: NetName=PHY_AD0 Pin=R20-1
Added Pin To Net: NetName=PHY_AD0 Pin=R37-2
Added Pin To Net: NetName=PHY_AD0 Pin=R40-1
Added Pin To Net: NetName=PHY_AD0 Pin=U0-34
Added Net: Name=PHY_AD0
Added Pin To Net: NetName=PHY_AD1 Pin=R21-1
Added Pin To Net: NetName=PHY_AD1 Pin=R38-2
Added Pin To Net: NetName=PHY_AD1 Pin=R41-1
Added Pin To Net: NetName=PHY_AD1 Pin=U0-35
Added Net: Name=PHY_AD1
Added Pin To Net: NetName=PHY_AD2 Pin=R33-2
Added Pin To Net: NetName=PHY_AD2 Pin=R39-2
Added Pin To Net: NetName=PHY_AD2 Pin=R42-1
Added Pin To Net: NetName=PHY_AD2 Pin=U0-13
Added Net: Name=PHY_AD2
Added Pin To Net: NetName=PS_POR_B Pin=C7-2
Added Pin To Net: NetName=PS_POR_B Pin=C28-2
Added Pin To Net: NetName=PS_POR_B Pin=C43-2
Added Pin To Net: NetName=PS_POR_B Pin=C58-2
Added Pin To Net: NetName=PS_POR_B Pin=C59-2
Added Pin To Net: NetName=PS_POR_B Pin=C88-2
Added Pin To Net: NetName=PS_POR_B Pin=C89-2
Added Pin To Net: NetName=PS_POR_B Pin=M1-26
Added Pin To Net: NetName=PS_POR_B Pin=U0-29
Added Pin To Net: NetName=PS_POR_B Pin=U1-29
Added Pin To Net: NetName=PS_POR_B Pin=U2-29
Added Pin To Net: NetName=PS_POR_B Pin=U3-29
Added Pin To Net: NetName=PS_POR_B Pin=U4-29
Added Pin To Net: NetName=PS_POR_B Pin=U5-29
Added Pin To Net: NetName=PS_POR_B Pin=U6-29
Added Net: Name=PS_POR_B
Added Pin To Net: NetName=RXDLY Pin=R35-1
Added Pin To Net: NetName=RXDLY Pin=U0-32
Added Net: Name=RXDLY
Added Pin To Net: NetName=SELRGV Pin=R29-2
Added Pin To Net: NetName=SELRGV Pin=R36-1
Added Pin To Net: NetName=SELRGV Pin=U0-14
Added Net: Name=SELRGV
Added Pin To Net: NetName=TXDLY Pin=R30-2
Added Pin To Net: NetName=TXDLY Pin=R34-1
Added Pin To Net: NetName=TXDLY Pin=U0-16
Added Net: Name=TXDLY
Added Member To Class: ClassName=OECU_BASE2 Member=Component C5 104
Added Member To Class: ClassName=OECU_BASE2 Member=Component C6 10uF
Added Member To Class: ClassName=OECU_BASE2 Member=Component C7 104
Added Member To Class: ClassName=OECU_BASE2 Member=Component C8 10uF
Added Member To Class: ClassName=OECU_BASE2 Member=Component C9 104
Added Member To Class: ClassName=OECU_BASE2 Member=Component C10 104
Added Member To Class: ClassName=OECU_BASE2 Member=Component C11 104
Added Member To Class: ClassName=OECU_BASE2 Member=Component C12 10uF
Added Member To Class: ClassName=OECU_BASE2 Member=Component C13 104
Added Member To Class: ClassName=OECU_BASE2 Member=Component C14 104
Added Member To Class: ClassName=OECU_BASE2 Member=Component C15 10uF
Added Member To Class: ClassName=OECU_BASE2 Member=Component C16 104
Added Member To Class: ClassName=OECU_BASE2 Member=Component C17 104
Added Member To Class: ClassName=OECU_BASE2 Member=Component C18 104
Added Member To Class: ClassName=OECU_BASE2 Member=Component C19 104
Added Member To Class: ClassName=OECU_BASE2 Member=Component C20 10uF
Added Member To Class: ClassName=OECU_BASE2 Member=Component C21 10uF
Added Member To Class: ClassName=OECU_BASE2 Member=Component C22 104
Added Member To Class: ClassName=OECU_BASE2 Member=Component C23 104
Added Member To Class: ClassName=OECU_BASE2 Member=Component C24 104
Added Member To Class: ClassName=OECU_BASE2 Member=Component C25 104
Added Member To Class: ClassName=OECU_BASE2 Member=Component C26 10uF
Added Member To Class: ClassName=OECU_BASE2 Member=Component C27 10uF
Added Member To Class: ClassName=OECU_BASE3 Member=Component C28 104
Added Member To Class: ClassName=OECU_BASE3 Member=Component C29 10uF
Added Member To Class: ClassName=OECU_BASE3 Member=Component C30 104
Added Member To Class: ClassName=OECU_BASE3 Member=Component C31 104
Added Member To Class: ClassName=OECU_BASE3 Member=Component C32 104
Added Member To Class: ClassName=OECU_BASE3 Member=Component C33 104
Added Member To Class: ClassName=OECU_BASE3 Member=Component C34 10uF
Added Member To Class: ClassName=OECU_BASE3 Member=Component C35 104
Added Member To Class: ClassName=OECU_BASE3 Member=Component C36 104
Added Member To Class: ClassName=OECU_BASE3 Member=Component C37 104
Added Member To Class: ClassName=OECU_BASE3 Member=Component C38 104
Added Member To Class: ClassName=OECU_BASE3 Member=Component C39 104
Added Member To Class: ClassName=OECU_BASE3 Member=Component C40 10uF
Added Member To Class: ClassName=OECU_BASE3 Member=Component C41 10uF
Added Member To Class: ClassName=OECU_BASE3 Member=Component C42 10uF
Added Member To Class: ClassName=OECU_BASE3 Member=Component C43 104
Added Member To Class: ClassName=OECU_BASE3 Member=Component C44 10uF
Added Member To Class: ClassName=OECU_BASE3 Member=Component C45 104
Added Member To Class: ClassName=OECU_BASE3 Member=Component C46 104
Added Member To Class: ClassName=OECU_BASE3 Member=Component C47 104
Added Member To Class: ClassName=OECU_BASE3 Member=Component C48 10uF
Added Member To Class: ClassName=OECU_BASE3 Member=Component C49 104
Added Member To Class: ClassName=OECU_BASE3 Member=Component C50 104
Added Member To Class: ClassName=OECU_BASE3 Member=Component C51 10uF
Added Member To Class: ClassName=OECU_BASE3 Member=Component C52 104
Added Member To Class: ClassName=OECU_BASE3 Member=Component C53 104
Added Member To Class: ClassName=OECU_BASE3 Member=Component C54 104
Added Member To Class: ClassName=OECU_BASE3 Member=Component C55 104
Added Member To Class: ClassName=OECU_BASE3 Member=Component C56 10uF
Added Member To Class: ClassName=OECU_BASE3 Member=Component C57 10uF
Added Member To Class: ClassName=OECU_BASE4 Member=Component C58 104
Added Member To Class: ClassName=OECU_BASE4 Member=Component C59 104
Added Member To Class: ClassName=OECU_BASE4 Member=Component C60 10uF
Added Member To Class: ClassName=OECU_BASE4 Member=Component C61 10uF
Added Member To Class: ClassName=OECU_BASE4 Member=Component C62 104
Added Member To Class: ClassName=OECU_BASE4 Member=Component C63 104
Added Member To Class: ClassName=OECU_BASE4 Member=Component C64 104
Added Member To Class: ClassName=OECU_BASE4 Member=Component C65 104
Added Member To Class: ClassName=OECU_BASE4 Member=Component C66 10uF
Added Member To Class: ClassName=OECU_BASE4 Member=Component C67 104
Added Member To Class: ClassName=OECU_BASE4 Member=Component C68 104
Added Member To Class: ClassName=OECU_BASE4 Member=Component C69 10uF
Added Member To Class: ClassName=OECU_BASE4 Member=Component C70 104
Added Member To Class: ClassName=OECU_BASE4 Member=Component C71 104
Added Member To Class: ClassName=OECU_BASE4 Member=Component C72 10uF
Added Member To Class: ClassName=OECU_BASE4 Member=Component C73 104
Added Member To Class: ClassName=OECU_BASE4 Member=Component C74 104
Added Member To Class: ClassName=OECU_BASE4 Member=Component C75 10uF
Added Member To Class: ClassName=OECU_BASE4 Member=Component C76 104
Added Member To Class: ClassName=OECU_BASE4 Member=Component C77 104
Added Member To Class: ClassName=OECU_BASE4 Member=Component C78 104
Added Member To Class: ClassName=OECU_BASE4 Member=Component C79 104
Added Member To Class: ClassName=OECU_BASE4 Member=Component C80 10uF
Added Member To Class: ClassName=OECU_BASE4 Member=Component C81 10uF
Added Member To Class: ClassName=OECU_BASE4 Member=Component C82 104
Added Member To Class: ClassName=OECU_BASE4 Member=Component C83 104
Added Member To Class: ClassName=OECU_BASE4 Member=Component C84 104
Added Member To Class: ClassName=OECU_BASE4 Member=Component C85 104
Added Member To Class: ClassName=OECU_BASE4 Member=Component C86 10uF
Added Member To Class: ClassName=OECU_BASE4 Member=Component C87 10uF
Added Member To Class: ClassName=OECU_BASE5 Member=Component C88 104
Added Member To Class: ClassName=OECU_BASE5 Member=Component C89 104
Added Member To Class: ClassName=OECU_BASE5 Member=Component C90 10uF
Added Member To Class: ClassName=OECU_BASE5 Member=Component C91 10uF
Added Member To Class: ClassName=OECU_BASE5 Member=Component C92 104
Added Member To Class: ClassName=OECU_BASE5 Member=Component C93 104
Added Member To Class: ClassName=OECU_BASE5 Member=Component C94 104
Added Member To Class: ClassName=OECU_BASE5 Member=Component C95 104
Added Member To Class: ClassName=OECU_BASE5 Member=Component C96 10uF
Added Member To Class: ClassName=OECU_BASE5 Member=Component C97 104
Added Member To Class: ClassName=OECU_BASE5 Member=Component C98 104
Added Member To Class: ClassName=OECU_BASE5 Member=Component C99 10uF
Added Member To Class: ClassName=OECU_BASE5 Member=Component C100 104
Added Member To Class: ClassName=OECU_BASE5 Member=Component C101 104
Added Member To Class: ClassName=OECU_BASE5 Member=Component C102 10uF
Added Member To Class: ClassName=OECU_BASE5 Member=Component C103 104
Added Member To Class: ClassName=OECU_BASE5 Member=Component C104 104
Added Member To Class: ClassName=OECU_BASE5 Member=Component C105 10uF
Added Member To Class: ClassName=OECU_BASE5 Member=Component C106 104
Added Member To Class: ClassName=OECU_BASE5 Member=Component C107 104
Added Member To Class: ClassName=OECU_BASE5 Member=Component C108 104
Added Member To Class: ClassName=OECU_BASE5 Member=Component C109 104
Added Member To Class: ClassName=OECU_BASE5 Member=Component C110 10uF
Added Member To Class: ClassName=OECU_BASE5 Member=Component C111 10uF
Added Member To Class: ClassName=OECU_BASE5 Member=Component C112 104
Added Member To Class: ClassName=OECU_BASE5 Member=Component C113 104
Added Member To Class: ClassName=OECU_BASE5 Member=Component C114 104
Added Member To Class: ClassName=OECU_BASE5 Member=Component C115 104
Added Member To Class: ClassName=OECU_BASE5 Member=Component C116 10uF
Added Member To Class: ClassName=OECU_BASE5 Member=Component C117 10uF
Added Member To Class: ClassName=OECU_BASE2 Member=Component DB1 DB25_1
Added Member To Class: ClassName=OECU_BASE2 Member=Component FB1 102
Added Member To Class: ClassName=OECU_BASE2 Member=Component FB2 102
Added Member To Class: ClassName=OECU_BASE2 Member=Component FB3 102
Added Member To Class: ClassName=OECU_BASE3 Member=Component FB4 102
Added Member To Class: ClassName=OECU_BASE3 Member=Component FB5 102
Added Member To Class: ClassName=OECU_BASE3 Member=Component FB6 102
Added Member To Class: ClassName=OECU_BASE3 Member=Component FB7 102
Added Member To Class: ClassName=OECU_BASE3 Member=Component FB8 102
Added Member To Class: ClassName=OECU_BASE3 Member=Component FB9 102
Added Member To Class: ClassName=OECU_BASE4 Member=Component FB10 102
Added Member To Class: ClassName=OECU_BASE4 Member=Component FB11 102
Added Member To Class: ClassName=OECU_BASE4 Member=Component FB12 102
Added Member To Class: ClassName=OECU_BASE4 Member=Component FB13 102
Added Member To Class: ClassName=OECU_BASE4 Member=Component FB14 102
Added Member To Class: ClassName=OECU_BASE4 Member=Component FB15 102
Added Member To Class: ClassName=OECU_BASE5 Member=Component FB16 102
Added Member To Class: ClassName=OECU_BASE5 Member=Component FB17 102
Added Member To Class: ClassName=OECU_BASE5 Member=Component FB18 102
Added Member To Class: ClassName=OECU_BASE5 Member=Component FB19 102
Added Member To Class: ClassName=OECU_BASE5 Member=Component FB20 102
Added Member To Class: ClassName=OECU_BASE5 Member=Component FB21 102
Added Member To Class: ClassName=OECU_BASE1 Member=Component J1 TF_Card
Added Member To Class: ClassName=OECU_BASE3 Member=Component L1 2.2uH
Added Member To Class: ClassName=OECU_BASE3 Member=Component L2 2.2uH
Added Member To Class: ClassName=OECU_BASE4 Member=Component L3 2.2uH
Added Member To Class: ClassName=OECU_BASE4 Member=Component L4 2.2uH
Added Member To Class: ClassName=OECU_BASE5 Member=Component L5 2.2uH
Added Member To Class: ClassName=OECU_BASE5 Member=Component L6 2.2uH
Added Member To Class: ClassName=OECU_BASE2 Member=Component R12 22R
Added Member To Class: ClassName=OECU_BASE3 Member=Component R13 22R
Added Member To Class: ClassName=OECU_BASE2 Member=Component R14 1K5
Added Member To Class: ClassName=OECU_BASE2 Member=Component R15 1K5
Added Member To Class: ClassName=OECU_BASE2 Member=Component R16 0R
Added Member To Class: ClassName=OECU_BASE3 Member=Component R17 22R
Added Member To Class: ClassName=OECU_BASE2 Member=Component R18 4.7K
Added Member To Class: ClassName=OECU_BASE3 Member=Component R19 22R
Added Member To Class: ClassName=OECU_BASE2 Member=Component R20 510R
Added Member To Class: ClassName=OECU_BASE2 Member=Component R21 510R
Added Member To Class: ClassName=OECU_BASE2 Member=Component R22 22R
Added Member To Class: ClassName=OECU_BASE2 Member=Component R23 22R
Added Member To Class: ClassName=OECU_BASE2 Member=Component R24 22R
Added Member To Class: ClassName=OECU_BASE2 Member=Component R25 22R
Added Member To Class: ClassName=OECU_BASE2 Member=Component R26 22R
Added Member To Class: ClassName=OECU_BASE2 Member=Component R27 22R
Added Member To Class: ClassName=OECU_BASE2 Member=Component R28 22R
Added Member To Class: ClassName=OECU_BASE2 Member=Component R29 22R
Added Member To Class: ClassName=OECU_BASE2 Member=Component R30 22R
Added Member To Class: ClassName=OECU_BASE2 Member=Component R31 22R
Added Member To Class: ClassName=OECU_BASE2 Member=Component R32 22R
Added Member To Class: ClassName=OECU_BASE2 Member=Component R33 22R
Added Member To Class: ClassName=OECU_BASE2 Member=Component R34 4.7K
Added Member To Class: ClassName=OECU_BASE2 Member=Component R35 4.7K
Added Member To Class: ClassName=OECU_BASE2 Member=Component R36 4.7K
Added Member To Class: ClassName=OECU_BASE2 Member=Component R37 4.7K
Added Member To Class: ClassName=OECU_BASE2 Member=Component R38 NC
Added Member To Class: ClassName=OECU_BASE2 Member=Component R39 NC
Added Member To Class: ClassName=OECU_BASE2 Member=Component R40 NC
Added Member To Class: ClassName=OECU_BASE2 Member=Component R41 4.7K
Added Member To Class: ClassName=OECU_BASE2 Member=Component R42 4.7K
Added Member To Class: ClassName=OECU_BASE2 Member=Component R43 4.7K
Added Member To Class: ClassName=OECU_BASE2 Member=Component R44 4.7K
Added Member To Class: ClassName=OECU_BASE3 Member=Component R45 22R
Added Member To Class: ClassName=OECU_BASE3 Member=Component R46 22R
Added Member To Class: ClassName=OECU_BASE3 Member=Component R47 22R
Added Member To Class: ClassName=OECU_BASE3 Member=Component R48 22R
Added Member To Class: ClassName=OECU_BASE3 Member=Component R49 22R
Added Member To Class: ClassName=OECU_BASE3 Member=Component R50 22R
Added Member To Class: ClassName=OECU_BASE3 Member=Component R51 22R
Added Member To Class: ClassName=OECU_BASE3 Member=Component R52 22R
Added Member To Class: ClassName=OECU_BASE3 Member=Component R53 22R
Added Member To Class: ClassName=OECU_BASE3 Member=Component R54 1K5
Added Member To Class: ClassName=OECU_BASE3 Member=Component R55 1K5
Added Member To Class: ClassName=OECU_BASE3 Member=Component R56 4.7K
Added Member To Class: ClassName=OECU_BASE3 Member=Component R57 22R
Added Member To Class: ClassName=OECU_BASE3 Member=Component R58 0R
Added Member To Class: ClassName=OECU_BASE3 Member=Component R59 4.7K
Added Member To Class: ClassName=OECU_BASE3 Member=Component R60 4.7K
Added Member To Class: ClassName=OECU_BASE3 Member=Component R61 4.7K
Added Member To Class: ClassName=OECU_BASE3 Member=Component R62 4.7K
Added Member To Class: ClassName=OECU_BASE3 Member=Component R63 4.7K
Added Member To Class: ClassName=OECU_BASE3 Member=Component R64 NC
Added Member To Class: ClassName=OECU_BASE3 Member=Component R65 4.7K
Added Member To Class: ClassName=OECU_BASE3 Member=Component R66 NC
Added Member To Class: ClassName=OECU_BASE3 Member=Component R67 4.7K
Added Member To Class: ClassName=OECU_BASE3 Member=Component R68 4.7K
Added Member To Class: ClassName=OECU_BASE3 Member=Component R69 NC
Added Member To Class: ClassName=OECU_BASE3 Member=Component R70 22R
Added Member To Class: ClassName=OECU_BASE3 Member=Component R71 22R
Added Member To Class: ClassName=OECU_BASE3 Member=Component R72 22R
Added Member To Class: ClassName=OECU_BASE3 Member=Component R73 22R
Added Member To Class: ClassName=OECU_BASE3 Member=Component R74 22R
Added Member To Class: ClassName=OECU_BASE3 Member=Component R75 22R
Added Member To Class: ClassName=OECU_BASE3 Member=Component R76 22R
Added Member To Class: ClassName=OECU_BASE3 Member=Component R77 22R
Added Member To Class: ClassName=OECU_BASE3 Member=Component R78 22R
Added Member To Class: ClassName=OECU_BASE3 Member=Component R79 22R
Added Member To Class: ClassName=OECU_BASE3 Member=Component R80 22R
Added Member To Class: ClassName=OECU_BASE3 Member=Component R81 22R
Added Member To Class: ClassName=OECU_BASE3 Member=Component R82 1K5
Added Member To Class: ClassName=OECU_BASE3 Member=Component R83 1K5
Added Member To Class: ClassName=OECU_BASE3 Member=Component R84 4.7K
Added Member To Class: ClassName=OECU_BASE3 Member=Component R85 22R
Added Member To Class: ClassName=OECU_BASE3 Member=Component R86 0R
Added Member To Class: ClassName=OECU_BASE3 Member=Component R87 4.7K
Added Member To Class: ClassName=OECU_BASE3 Member=Component R88 4.7K
Added Member To Class: ClassName=OECU_BASE3 Member=Component R89 4.7K
Added Member To Class: ClassName=OECU_BASE3 Member=Component R90 4.7K
Added Member To Class: ClassName=OECU_BASE3 Member=Component R91 4.7K
Added Member To Class: ClassName=OECU_BASE3 Member=Component R92 NC
Added Member To Class: ClassName=OECU_BASE3 Member=Component R93 4.7K
Added Member To Class: ClassName=OECU_BASE3 Member=Component R94 NC
Added Member To Class: ClassName=OECU_BASE3 Member=Component R95 4.7K
Added Member To Class: ClassName=OECU_BASE3 Member=Component R96 4.7K
Added Member To Class: ClassName=OECU_BASE3 Member=Component R97 NC
Added Member To Class: ClassName=OECU_BASE4 Member=Component R98 22R
Added Member To Class: ClassName=OECU_BASE4 Member=Component R99 22R
Added Member To Class: ClassName=OECU_BASE4 Member=Component R100 22R
Added Member To Class: ClassName=OECU_BASE4 Member=Component R101 22R
Added Member To Class: ClassName=OECU_BASE4 Member=Component R102 22R
Added Member To Class: ClassName=OECU_BASE4 Member=Component R103 22R
Added Member To Class: ClassName=OECU_BASE4 Member=Component R104 22R
Added Member To Class: ClassName=OECU_BASE4 Member=Component R105 22R
Added Member To Class: ClassName=OECU_BASE4 Member=Component R106 22R
Added Member To Class: ClassName=OECU_BASE4 Member=Component R107 22R
Added Member To Class: ClassName=OECU_BASE4 Member=Component R108 22R
Added Member To Class: ClassName=OECU_BASE4 Member=Component R109 22R
Added Member To Class: ClassName=OECU_BASE4 Member=Component R110 22R
Added Member To Class: ClassName=OECU_BASE4 Member=Component R111 22R
Added Member To Class: ClassName=OECU_BASE4 Member=Component R112 22R
Added Member To Class: ClassName=OECU_BASE4 Member=Component R113 22R
Added Member To Class: ClassName=OECU_BASE4 Member=Component R114 22R
Added Member To Class: ClassName=OECU_BASE4 Member=Component R115 22R
Added Member To Class: ClassName=OECU_BASE4 Member=Component R116 22R
Added Member To Class: ClassName=OECU_BASE4 Member=Component R117 22R
Added Member To Class: ClassName=OECU_BASE4 Member=Component R118 22R
Added Member To Class: ClassName=OECU_BASE4 Member=Component R119 22R
Added Member To Class: ClassName=OECU_BASE4 Member=Component R120 22R
Added Member To Class: ClassName=OECU_BASE4 Member=Component R121 22R
Added Member To Class: ClassName=OECU_BASE4 Member=Component R122 1K5
Added Member To Class: ClassName=OECU_BASE4 Member=Component R123 1K5
Added Member To Class: ClassName=OECU_BASE4 Member=Component R124 1K5
Added Member To Class: ClassName=OECU_BASE4 Member=Component R125 1K5
Added Member To Class: ClassName=OECU_BASE4 Member=Component R126 4.7K
Added Member To Class: ClassName=OECU_BASE4 Member=Component R127 4.7K
Added Member To Class: ClassName=OECU_BASE4 Member=Component R128 22R
Added Member To Class: ClassName=OECU_BASE4 Member=Component R129 22R
Added Member To Class: ClassName=OECU_BASE4 Member=Component R130 0R
Added Member To Class: ClassName=OECU_BASE4 Member=Component R131 0R
Added Member To Class: ClassName=OECU_BASE4 Member=Component R132 4.7K
Added Member To Class: ClassName=OECU_BASE4 Member=Component R133 4.7K
Added Member To Class: ClassName=OECU_BASE4 Member=Component R134 4.7K
Added Member To Class: ClassName=OECU_BASE4 Member=Component R135 4.7K
Added Member To Class: ClassName=OECU_BASE4 Member=Component R136 4.7K
Added Member To Class: ClassName=OECU_BASE4 Member=Component R137 4.7K
Added Member To Class: ClassName=OECU_BASE4 Member=Component R138 4.7K
Added Member To Class: ClassName=OECU_BASE4 Member=Component R139 4.7K
Added Member To Class: ClassName=OECU_BASE4 Member=Component R140 4.7K
Added Member To Class: ClassName=OECU_BASE4 Member=Component R141 4.7K
Added Member To Class: ClassName=OECU_BASE4 Member=Component R142 NC
Added Member To Class: ClassName=OECU_BASE4 Member=Component R143 4.7K
Added Member To Class: ClassName=OECU_BASE4 Member=Component R144 NC
Added Member To Class: ClassName=OECU_BASE4 Member=Component R145 4.7K
Added Member To Class: ClassName=OECU_BASE4 Member=Component R146 NC
Added Member To Class: ClassName=OECU_BASE4 Member=Component R147 4.7K
Added Member To Class: ClassName=OECU_BASE4 Member=Component R148 NC
Added Member To Class: ClassName=OECU_BASE4 Member=Component R149 4.7K
Added Member To Class: ClassName=OECU_BASE4 Member=Component R150 4.7K
Added Member To Class: ClassName=OECU_BASE4 Member=Component R151 NC
Added Member To Class: ClassName=OECU_BASE4 Member=Component R152 4.7K
Added Member To Class: ClassName=OECU_BASE4 Member=Component R153 NC
Added Member To Class: ClassName=OECU_BASE5 Member=Component R154 22R
Added Member To Class: ClassName=OECU_BASE5 Member=Component R155 22R
Added Member To Class: ClassName=OECU_BASE5 Member=Component R156 22R
Added Member To Class: ClassName=OECU_BASE5 Member=Component R157 22R
Added Member To Class: ClassName=OECU_BASE5 Member=Component R158 22R
Added Member To Class: ClassName=OECU_BASE5 Member=Component R159 22R
Added Member To Class: ClassName=OECU_BASE5 Member=Component R160 22R
Added Member To Class: ClassName=OECU_BASE5 Member=Component R161 22R
Added Member To Class: ClassName=OECU_BASE5 Member=Component R162 22R
Added Member To Class: ClassName=OECU_BASE5 Member=Component R163 22R
Added Member To Class: ClassName=OECU_BASE5 Member=Component R164 22R
Added Member To Class: ClassName=OECU_BASE5 Member=Component R165 22R
Added Member To Class: ClassName=OECU_BASE5 Member=Component R166 22R
Added Member To Class: ClassName=OECU_BASE5 Member=Component R167 22R
Added Member To Class: ClassName=OECU_BASE5 Member=Component R168 22R
Added Member To Class: ClassName=OECU_BASE5 Member=Component R169 22R
Added Member To Class: ClassName=OECU_BASE5 Member=Component R170 22R
Added Member To Class: ClassName=OECU_BASE5 Member=Component R171 22R
Added Member To Class: ClassName=OECU_BASE5 Member=Component R172 22R
Added Member To Class: ClassName=OECU_BASE5 Member=Component R173 22R
Added Member To Class: ClassName=OECU_BASE5 Member=Component R174 22R
Added Member To Class: ClassName=OECU_BASE5 Member=Component R175 22R
Added Member To Class: ClassName=OECU_BASE5 Member=Component R176 22R
Added Member To Class: ClassName=OECU_BASE5 Member=Component R177 22R
Added Member To Class: ClassName=OECU_BASE5 Member=Component R178 1K5
Added Member To Class: ClassName=OECU_BASE5 Member=Component R179 1K5
Added Member To Class: ClassName=OECU_BASE5 Member=Component R180 1K5
Added Member To Class: ClassName=OECU_BASE5 Member=Component R181 1K5
Added Member To Class: ClassName=OECU_BASE5 Member=Component R182 4.7K
Added Member To Class: ClassName=OECU_BASE5 Member=Component R183 4.7K
Added Member To Class: ClassName=OECU_BASE5 Member=Component R184 22R
Added Member To Class: ClassName=OECU_BASE5 Member=Component R185 22R
Added Member To Class: ClassName=OECU_BASE5 Member=Component R186 0R
Added Member To Class: ClassName=OECU_BASE5 Member=Component R187 0R
Added Member To Class: ClassName=OECU_BASE5 Member=Component R188 4.7K
Added Member To Class: ClassName=OECU_BASE5 Member=Component R189 4.7K
Added Member To Class: ClassName=OECU_BASE5 Member=Component R190 4.7K
Added Member To Class: ClassName=OECU_BASE5 Member=Component R191 4.7K
Added Member To Class: ClassName=OECU_BASE5 Member=Component R192 4.7K
Added Member To Class: ClassName=OECU_BASE5 Member=Component R193 4.7K
Added Member To Class: ClassName=OECU_BASE5 Member=Component R194 4.7K
Added Member To Class: ClassName=OECU_BASE5 Member=Component R195 4.7K
Added Member To Class: ClassName=OECU_BASE5 Member=Component R196 4.7K
Added Member To Class: ClassName=OECU_BASE5 Member=Component R197 4.7K
Added Member To Class: ClassName=OECU_BASE5 Member=Component R198 NC
Added Member To Class: ClassName=OECU_BASE5 Member=Component R199 4.7K
Added Member To Class: ClassName=OECU_BASE5 Member=Component R200 NC
Added Member To Class: ClassName=OECU_BASE5 Member=Component R201 4.7K
Added Member To Class: ClassName=OECU_BASE5 Member=Component R202 NC
Added Member To Class: ClassName=OECU_BASE5 Member=Component R203 4.7K
Added Member To Class: ClassName=OECU_BASE5 Member=Component R204 NC
Added Member To Class: ClassName=OECU_BASE5 Member=Component R205 4.7K
Added Member To Class: ClassName=OECU_BASE5 Member=Component R206 4.7K
Added Member To Class: ClassName=OECU_BASE5 Member=Component R207 NC
Added Member To Class: ClassName=OECU_BASE5 Member=Component R208 4.7K
Added Member To Class: ClassName=OECU_BASE5 Member=Component R209 NC
Added Member To Class: ClassName=OECU_BASE3 Member=Component Y1 25Mhz
Added Member To Class: ClassName=OECU_BASE3 Member=Component Y2 25Mhz
Added Member To Class: ClassName=OECU_BASE4 Member=Component Y3 25Mhz
Added Member To Class: ClassName=OECU_BASE4 Member=Component Y4 25Mhz
Added Member To Class: ClassName=OECU_BASE5 Member=Component Y5 25Mhz
Added Member To Class: ClassName=OECU_BASE5 Member=Component Y6 25Mhz
