Change Component Designator: Old Designator=C68 New Designator=C74
Change Component Designator: Old Designator=C69 New Designator=C75
Change Component Designator: Old Designator=C70 New Designator=C76
Change Component Designator: Old Designator=C71 New Designator=C77
Change Component Designator: Old Designator=C72 New Designator=C78
Change Component Designator: Old Designator=C73 New Designator=C79
Change Component Designator: Old Designator=C74 New Designator=C80
Change Component Designator: Old Designator=C75 New Designator=C81
Change Component Designator: Old Designator=C76 New Designator=C82
Change Component Designator: Old Designator=C77 New Designator=C83
Change Component Designator: Old Designator=C78 New Designator=C84
Change Component Designator: Old Designator=C79 New Designator=C85
Change Component Designator: Old Designator=C80 New Designator=C86
Change Component Designator: Old Designator=C81 New Designator=C87
Change Component Designator: Old Designator=C82 New Designator=C88
Change Component Designator: Old Designator=C83 New Designator=C89
Change Component Designator: Old Designator=C84 New Designator=C90
Change Component Designator: Old Designator=C85 New Designator=C91
Change Component Designator: Old Designator=C86 New Designator=C92
Change Component Designator: Old Designator=C87 New Designator=C93
Change Component Designator: Old Designator=C88 New Designator=C94
Change Component Designator: Old Designator=C89 New Designator=C95
Change Component Designator: Old Designator=C90 New Designator=C96
Change Component Designator: Old Designator=C91 New Designator=C97
Change Component Designator: Old Designator=C92 New Designator=C98
Change Component Designator: Old Designator=C93 New Designator=C99
Change Component Designator: Old Designator=C94 New Designator=C100
Change Component Designator: Old Designator=C95 New Designator=C101
Change Component Designator: Old Designator=C96 New Designator=C102
Change Component Designator: Old Designator=C97 New Designator=C103
Change Component Designator: Old Designator=C? New Designator=C104
Change Component Designator: Old Designator=C? New Designator=C105
Change Component Designator: Old Designator=C? New Designator=C106
Change Component Designator: Old Designator=C? New Designator=C107
Change Component Designator: Old Designator=C? New Designator=C108
Change Component Designator: Old Designator=C? New Designator=C109
Change Component Designator: Old Designator=L4 New Designator=L6
Change Component Designator: Old Designator=L5 New Designator=L7
Change Component Designator: Old Designator=R113 New Designator=R133
Change Component Designator: Old Designator=R114 New Designator=R134
Change Component Designator: Old Designator=R115 New Designator=R135
Change Component Designator: Old Designator=R116 New Designator=R136
Change Component Designator: Old Designator=R117 New Designator=R137
Change Component Designator: Old Designator=R118 New Designator=R138
Change Component Designator: Old Designator=R119 New Designator=R139
Change Component Designator: Old Designator=R120 New Designator=R140
Change Component Designator: Old Designator=R121 New Designator=R141
Change Component Designator: Old Designator=R122 New Designator=R142
Change Component Designator: Old Designator=R123 New Designator=R143
Change Component Designator: Old Designator=R124 New Designator=R144
Change Component Designator: Old Designator=R125 New Designator=R145
Change Component Designator: Old Designator=R126 New Designator=R146
Change Component Designator: Old Designator=R127 New Designator=R147
Change Component Designator: Old Designator=R128 New Designator=R148
Change Component Designator: Old Designator=R129 New Designator=R149
Change Component Designator: Old Designator=R130 New Designator=R150
Change Component Designator: Old Designator=R131 New Designator=R151
Change Component Designator: Old Designator=R132 New Designator=R152
Change Component Designator: Old Designator=R133 New Designator=R153
Change Component Designator: Old Designator=R134 New Designator=R154
Change Component Designator: Old Designator=R135 New Designator=R155
Change Component Designator: Old Designator=R136 New Designator=R156
Change Component Designator: Old Designator=R137 New Designator=R157
Change Component Designator: Old Designator=R138 New Designator=R158
Change Component Designator: Old Designator=R139 New Designator=R159
Change Component Designator: Old Designator=R140 New Designator=R160
Change Component Designator: Old Designator=R141 New Designator=R161
Change Component Designator: Old Designator=R142 New Designator=R162
Change Component Designator: Old Designator=R143 New Designator=R163
Change Component Designator: Old Designator=R144 New Designator=R164
Change Component Designator: Old Designator=R145 New Designator=R165
Change Component Designator: Old Designator=R146 New Designator=R166
Change Component Designator: Old Designator=R147 New Designator=R167
Change Component Designator: Old Designator=R148 New Designator=R168
Change Component Designator: Old Designator=R149 New Designator=R169
Change Component Designator: Old Designator=R150 New Designator=R170
Change Component Designator: Old Designator=R151 New Designator=R171
Change Component Designator: Old Designator=R152 New Designator=R172
Change Component Designator: Old Designator=R153 New Designator=R173
Change Component Designator: Old Designator=R154 New Designator=R174
Change Component Designator: Old Designator=R155 New Designator=R175
Change Component Designator: Old Designator=R156 New Designator=R176
Change Component Designator: Old Designator=R157 New Designator=R177
Change Component Designator: Old Designator=R158 New Designator=R178
Change Component Designator: Old Designator=R159 New Designator=R179
Change Component Designator: Old Designator=R160 New Designator=R180
Change Component Designator: Old Designator=R161 New Designator=R181
Change Component Designator: Old Designator=R162 New Designator=R182
Change Component Designator: Old Designator=R163 New Designator=R183
Change Component Designator: Old Designator=R164 New Designator=R184
Change Component Designator: Old Designator=R165 New Designator=R185
Change Component Designator: Old Designator=R166 New Designator=R186
Change Component Designator: Old Designator=R167 New Designator=R187
Change Component Designator: Old Designator=R168 New Designator=R188
Change Component Designator: Old Designator=R? New Designator=R189
Change Component Designator: Old Designator=R? New Designator=R190
Change Component Designator: Old Designator=R? New Designator=R191
Change Component Designator: Old Designator=R? New Designator=R192
Change Component Designator: Old Designator=R? New Designator=R193
Change Component Designator: Old Designator=R? New Designator=R194
Change Component Designator: Old Designator=R? New Designator=R195
Change Component Designator: Old Designator=R? New Designator=R196
Change Component Designator: Old Designator=T? New Designator=T3
Change Component Designator: Old Designator=T? New Designator=T4
