Change Component Designator: Old Designator=C58 New Designator=C68
Change Component Designator: Old Designator=C59 New Designator=C69
Change Component Designator: Old Designator=C60 New Designator=C70
Change Component Designator: Old Designator=C61 New Designator=C71
Change Component Designator: Old Designator=C62 New Designator=C72
Change Component Designator: Old Designator=C63 New Designator=C73
Change Component Designator: Old Designator=C64 New Designator=C74
Change Component Designator: Old Designator=C65 New Designator=C75
Change Component Designator: Old Designator=C66 New Designator=C76
Change Component Designator: Old Designator=C67 New Designator=C77
Change Component Designator: Old Designator=C68 New Designator=C78
Change Component Designator: Old Designator=C69 New Designator=C79
Change Component Designator: Old Designator=C70 New Designator=C80
Change Component Designator: Old Designator=C71 New Designator=C81
Change Component Designator: Old Designator=C72 New Designator=C82
Change Component Designator: Old Designator=C73 New Designator=C83
Change Component Designator: Old Designator=C74 New Designator=C84
Change Component Designator: Old Designator=C75 New Designator=C85
Change Component Designator: Old Designator=C76 New Designator=C86
Change Component Designator: Old Designator=C77 New Designator=C87
Change Component Designator: Old Designator=C78 New Designator=C88
Change Component Designator: Old Designator=C79 New Designator=C89
Change Component Designator: Old Designator=C80 New Designator=C90
Change Component Designator: Old Designator=C81 New Designator=C91
Change Component Designator: Old Designator=C82 New Designator=C92
Change Component Designator: Old Designator=C83 New Designator=C93
Change Component Designator: Old Designator=C84 New Designator=C94
Change Component Designator: Old Designator=C85 New Designator=C95
Change Component Designator: Old Designator=C86 New Designator=C96
Change Component Designator: Old Designator=C87 New Designator=C97
Change Component Designator: Old Designator=L3 New Designator=L4
Change Component Designator: Old Designator=L4 New Designator=L5
Change Component Designator: Old Designator=R98 New Designator=R113
Change Component Designator: Old Designator=R99 New Designator=R114
Change Component Designator: Old Designator=R100 New Designator=R115
Change Component Designator: Old Designator=R101 New Designator=R116
Change Component Designator: Old Designator=R102 New Designator=R117
Change Component Designator: Old Designator=R103 New Designator=R118
Change Component Designator: Old Designator=R104 New Designator=R119
Change Component Designator: Old Designator=R105 New Designator=R120
Change Component Designator: Old Designator=R106 New Designator=R121
Change Component Designator: Old Designator=R107 New Designator=R122
Change Component Designator: Old Designator=R108 New Designator=R123
Change Component Designator: Old Designator=R109 New Designator=R124
Change Component Designator: Old Designator=R110 New Designator=R125
Change Component Designator: Old Designator=R111 New Designator=R126
Change Component Designator: Old Designator=R112 New Designator=R127
Change Component Designator: Old Designator=R113 New Designator=R128
Change Component Designator: Old Designator=R114 New Designator=R129
Change Component Designator: Old Designator=R115 New Designator=R130
Change Component Designator: Old Designator=R116 New Designator=R131
Change Component Designator: Old Designator=R117 New Designator=R132
Change Component Designator: Old Designator=R118 New Designator=R133
Change Component Designator: Old Designator=R119 New Designator=R134
Change Component Designator: Old Designator=R120 New Designator=R135
Change Component Designator: Old Designator=R121 New Designator=R136
Change Component Designator: Old Designator=R122 New Designator=R137
Change Component Designator: Old Designator=R123 New Designator=R138
Change Component Designator: Old Designator=R124 New Designator=R139
Change Component Designator: Old Designator=R125 New Designator=R140
Change Component Designator: Old Designator=R126 New Designator=R141
Change Component Designator: Old Designator=R127 New Designator=R142
Change Component Designator: Old Designator=R128 New Designator=R143
Change Component Designator: Old Designator=R129 New Designator=R144
Change Component Designator: Old Designator=R130 New Designator=R145
Change Component Designator: Old Designator=R131 New Designator=R146
Change Component Designator: Old Designator=R132 New Designator=R147
Change Component Designator: Old Designator=R133 New Designator=R148
Change Component Designator: Old Designator=R134 New Designator=R149
Change Component Designator: Old Designator=R135 New Designator=R150
Change Component Designator: Old Designator=R136 New Designator=R151
Change Component Designator: Old Designator=R137 New Designator=R152
Change Component Designator: Old Designator=R138 New Designator=R153
Change Component Designator: Old Designator=R139 New Designator=R154
Change Component Designator: Old Designator=R140 New Designator=R155
Change Component Designator: Old Designator=R141 New Designator=R156
Change Component Designator: Old Designator=R142 New Designator=R157
Change Component Designator: Old Designator=R143 New Designator=R158
Change Component Designator: Old Designator=R144 New Designator=R159
Change Component Designator: Old Designator=R145 New Designator=R160
Change Component Designator: Old Designator=R146 New Designator=R161
Change Component Designator: Old Designator=R147 New Designator=R162
Change Component Designator: Old Designator=R148 New Designator=R163
Change Component Designator: Old Designator=R149 New Designator=R164
Change Component Designator: Old Designator=R150 New Designator=R165
Change Component Designator: Old Designator=R151 New Designator=R166
Change Component Designator: Old Designator=R152 New Designator=R167
Change Component Designator: Old Designator=R153 New Designator=R168
Change Component Designator: Old Designator=U3 New Designator=U7
Change Component Designator: Old Designator=U4 New Designator=U8
Change Component Designator: Old Designator=Y3 New Designator=Y4
Change Component Designator: Old Designator=Y4 New Designator=Y5
