Change Component Designator: Old Designator=C28 New Designator=C38
Change Component Designator: Old Designator=C29 New Designator=C40
Change Component Designator: Old Designator=C30 New Designator=C42
Change Component Designator: Old Designator=C31 New Designator=C56
Change Component Designator: Old Designator=C32 New Designator=C44
Change Component Designator: Old Designator=C33 New Designator=C45
Change Component Designator: Old Designator=C34 New Designator=C46
Change Component Designator: Old Designator=C35 New Designator=C57
Change Component Designator: Old Designator=C36 New Designator=C58
Change Component Designator: Old Designator=C37 New Designator=C59
Change Component Designator: Old Designator=C38 New Designator=C50
Change Component Designator: Old Designator=C39 New Designator=C51
Change Component Designator: Old Designator=C40 New Designator=C52
Change Component Designator: Old Designator=C41 New Designator=C60
Change Component Designator: Old Designator=C42 New Designator=C61
Change Component Designator: Old Designator=C43 New Designator=C39
Change Component Designator: Old Designator=C44 New Designator=C41
Change Component Designator: Old Designator=C45 New Designator=C43
Change Component Designator: Old Designator=C46 New Designator=C47
Change Component Designator: Old Designator=C47 New Designator=C48
Change Component Designator: Old Designator=C48 New Designator=C49
Change Component Designator: Old Designator=C49 New Designator=C53
Change Component Designator: Old Designator=C50 New Designator=C54
Change Component Designator: Old Designator=C51 New Designator=C55
Change Component Designator: Old Designator=C52 New Designator=C62
Change Component Designator: Old Designator=C53 New Designator=C63
Change Component Designator: Old Designator=C54 New Designator=C64
Change Component Designator: Old Designator=C55 New Designator=C65
Change Component Designator: Old Designator=C56 New Designator=C66
Change Component Designator: Old Designator=C57 New Designator=C67
Change Component Designator: Old Designator=FB5 New Designator=FB6
Change Component Designator: Old Designator=FB6 New Designator=FB8
Change Component Designator: Old Designator=FB7 New Designator=FB5
Change Component Designator: Old Designator=FB8 New Designator=FB7
Change Component Designator: Old Designator=L1 New Designator=L2
Change Component Designator: Old Designator=L2 New Designator=L3
Change Component Designator: Old Designator=R13 New Designator=R57
Change Component Designator: Old Designator=R17 New Designator=R59
Change Component Designator: Old Designator=R19 New Designator=R61
Change Component Designator: Old Designator=R45 New Designator=R63
Change Component Designator: Old Designator=R46 New Designator=R65
Change Component Designator: Old Designator=R47 New Designator=R67
Change Component Designator: Old Designator=R48 New Designator=R69
Change Component Designator: Old Designator=R49 New Designator=R71
Change Component Designator: Old Designator=R50 New Designator=R73
Change Component Designator: Old Designator=R51 New Designator=R75
Change Component Designator: Old Designator=R52 New Designator=R77
Change Component Designator: Old Designator=R53 New Designator=R79
Change Component Designator: Old Designator=R54 New Designator=R81
Change Component Designator: Old Designator=R55 New Designator=R83
Change Component Designator: Old Designator=R56 New Designator=R85
Change Component Designator: Old Designator=R57 New Designator=R87
Change Component Designator: Old Designator=R58 New Designator=R89
Change Component Designator: Old Designator=R59 New Designator=R91
Change Component Designator: Old Designator=R60 New Designator=R93
Change Component Designator: Old Designator=R61 New Designator=R95
Change Component Designator: Old Designator=R62 New Designator=R97
Change Component Designator: Old Designator=R63 New Designator=R99
Change Component Designator: Old Designator=R64 New Designator=R101
Change Component Designator: Old Designator=R65 New Designator=R102
Change Component Designator: Old Designator=R66 New Designator=R105
Change Component Designator: Old Designator=R67 New Designator=R106
Change Component Designator: Old Designator=R68 New Designator=R109
Change Component Designator: Old Designator=R69 New Designator=R110
Change Component Designator: Old Designator=R70 New Designator=R58
Change Component Designator: Old Designator=R71 New Designator=R60
Change Component Designator: Old Designator=R72 New Designator=R62
Change Component Designator: Old Designator=R73 New Designator=R64
Change Component Designator: Old Designator=R74 New Designator=R66
Change Component Designator: Old Designator=R75 New Designator=R68
Change Component Designator: Old Designator=R76 New Designator=R70
Change Component Designator: Old Designator=R77 New Designator=R72
Change Component Designator: Old Designator=R78 New Designator=R74
Change Component Designator: Old Designator=R79 New Designator=R76
Change Component Designator: Old Designator=R80 New Designator=R78
Change Component Designator: Old Designator=R81 New Designator=R80
Change Component Designator: Old Designator=R83 New Designator=R84
Change Component Designator: Old Designator=R84 New Designator=R86
Change Component Designator: Old Designator=R85 New Designator=R88
Change Component Designator: Old Designator=R86 New Designator=R90
Change Component Designator: Old Designator=R87 New Designator=R92
Change Component Designator: Old Designator=R88 New Designator=R94
Change Component Designator: Old Designator=R89 New Designator=R96
Change Component Designator: Old Designator=R90 New Designator=R98
Change Component Designator: Old Designator=R91 New Designator=R100
Change Component Designator: Old Designator=R92 New Designator=R103
Change Component Designator: Old Designator=R93 New Designator=R104
Change Component Designator: Old Designator=R94 New Designator=R107
Change Component Designator: Old Designator=R95 New Designator=R108
Change Component Designator: Old Designator=R96 New Designator=R111
Change Component Designator: Old Designator=R97 New Designator=R112
Change Component Designator: Old Designator=U1 New Designator=U5
Change Component Designator: Old Designator=U2 New Designator=U6
Change Component Designator: Old Designator=Y1 New Designator=Y2
Change Component Designator: Old Designator=Y2 New Designator=Y3
