Change Component Designator: Old Designator=C76 New Designator=C58
Change Component Designator: Old Designator=C77 New Designator=C56
Change Component Designator: Old Designator=C78 New Designator=C59
Change Component Designator: Old Designator=C79 New Designator=C60
Change Component Designator: Old Designator=C80 New Designator=C63
Change Component Designator: Old Designator=C81 New Designator=C66
Change Component Designator: Old Designator=C82 New Designator=C69
Change Component Designator: Old Designator=C85 New Designator=C61
Change Component Designator: Old Designator=C86 New Designator=C62
Change Component Designator: Old Designator=C87 New Designator=C64
Change Component Designator: Old Designator=C88 New Designator=C65
Change Component Designator: Old Designator=C89 New Designator=C67
Change Component Designator: Old Designator=C90 New Designator=C68
Change Component Designator: Old Designator=C91 New Designator=C57
Change Component Designator: Old Designator=C92 New Designator=C70
Change Component Designator: Old Designator=C94 New Designator=C73
Change Component Designator: Old Designator=C95 New Designator=C71
Change Component Designator: Old Designator=C96 New Designator=C74
Change Component Designator: Old Designator=C97 New Designator=C77
Change Component Designator: Old Designator=C98 New Designator=C80
Change Component Designator: Old Designator=C99 New Designator=C83
Change Component Designator: Old Designator=C100 New Designator=C85
Change Component Designator: Old Designator=C103 New Designator=C75
Change Component Designator: Old Designator=C104 New Designator=C76
Change Component Designator: Old Designator=C105 New Designator=C78
Change Component Designator: Old Designator=C106 New Designator=C79
Change Component Designator: Old Designator=C107 New Designator=C81
Change Component Designator: Old Designator=C108 New Designator=C82
Change Component Designator: Old Designator=C109 New Designator=C72
Change Component Designator: Old Designator=C110 New Designator=C84
Change Component Designator: Old Designator=FB11 New Designator=FB13
Change Component Designator: Old Designator=FB12 New Designator=FB11
Change Component Designator: Old Designator=FB13 New Designator=FB14
Change Component Designator: Old Designator=FB14 New Designator=FB12
Change Component Designator: Old Designator=L6 New Designator=L5
Change Component Designator: Old Designator=L7 New Designator=L6
Change Component Designator: Old Designator=R30 New Designator=R94
Change Component Designator: Old Designator=R137 New Designator=R91
Change Component Designator: Old Designator=R138 New Designator=R92
Change Component Designator: Old Designator=R139 New Designator=R93
Change Component Designator: Old Designator=R140 New Designator=R103
Change Component Designator: Old Designator=R141 New Designator=R104
Change Component Designator: Old Designator=R142 New Designator=R105
Change Component Designator: Old Designator=R143 New Designator=R106
Change Component Designator: Old Designator=R144 New Designator=R107
Change Component Designator: Old Designator=R151 New Designator=R95
Change Component Designator: Old Designator=R152 New Designator=R96
Change Component Designator: Old Designator=R153 New Designator=R97
Change Component Designator: Old Designator=R154 New Designator=R98
Change Component Designator: Old Designator=R155 New Designator=R99
Change Component Designator: Old Designator=R156 New Designator=R100
Change Component Designator: Old Designator=R157 New Designator=R101
Change Component Designator: Old Designator=R158 New Designator=R102
Change Component Designator: Old Designator=R159 New Designator=R109
Change Component Designator: Old Designator=R160 New Designator=R110
Change Component Designator: Old Designator=R161 New Designator=R111
Change Component Designator: Old Designator=R162 New Designator=R108
Change Component Designator: Old Designator=R163 New Designator=R112
Change Component Designator: Old Designator=R164 New Designator=R113
Change Component Designator: Old Designator=R169 New Designator=R114
Change Component Designator: Old Designator=R170 New Designator=R115
Change Component Designator: Old Designator=R171 New Designator=R116
Change Component Designator: Old Designator=R172 New Designator=R126
Change Component Designator: Old Designator=R173 New Designator=R127
Change Component Designator: Old Designator=R174 New Designator=R128
Change Component Designator: Old Designator=R175 New Designator=R129
Change Component Designator: Old Designator=R176 New Designator=R130
Change Component Designator: Old Designator=R183 New Designator=R118
Change Component Designator: Old Designator=R184 New Designator=R119
Change Component Designator: Old Designator=R185 New Designator=R120
Change Component Designator: Old Designator=R186 New Designator=R121
Change Component Designator: Old Designator=R187 New Designator=R122
Change Component Designator: Old Designator=R188 New Designator=R123
Change Component Designator: Old Designator=R189 New Designator=R124
Change Component Designator: Old Designator=R190 New Designator=R125
Change Component Designator: Old Designator=R191 New Designator=R132
Change Component Designator: Old Designator=R192 New Designator=R133
Change Component Designator: Old Designator=R193 New Designator=R134
Change Component Designator: Old Designator=R194 New Designator=R131
Change Component Designator: Old Designator=R195 New Designator=R135
Change Component Designator: Old Designator=R196 New Designator=R136
Change Component Designator: Old Designator=R266 New Designator=R117
Change Component Designator: Old Designator=U8 New Designator=U6
Change Component Designator: Old Designator=U9 New Designator=U7
