Change Component Designator: Old Designator=C98 New Designator=C110
Change Component Designator: Old Designator=C99 New Designator=C111
Change Component Designator: Old Designator=C100 New Designator=C112
Change Component Designator: Old Designator=C101 New Designator=C113
Change Component Designator: Old Designator=C102 New Designator=C114
Change Component Designator: Old Designator=C103 New Designator=C115
Change Component Designator: Old Designator=C104 New Designator=C116
Change Component Designator: Old Designator=C105 New Designator=C117
Change Component Designator: Old Designator=C106 New Designator=C118
Change Component Designator: Old Designator=C107 New Designator=C119
Change Component Designator: Old Designator=C108 New Designator=C120
Change Component Designator: Old Designator=C109 New Designator=C121
Change Component Designator: Old Designator=C110 New Designator=C122
Change Component Designator: Old Designator=C111 New Designator=C123
Change Component Designator: Old Designator=C112 New Designator=C124
Change Component Designator: Old Designator=C113 New Designator=C125
Change Component Designator: Old Designator=C114 New Designator=C126
Change Component Designator: Old Designator=C115 New Designator=C127
Change Component Designator: Old Designator=C116 New Designator=C128
Change Component Designator: Old Designator=C117 New Designator=C129
Change Component Designator: Old Designator=C118 New Designator=C130
Change Component Designator: Old Designator=C119 New Designator=C131
Change Component Designator: Old Designator=C120 New Designator=C132
Change Component Designator: Old Designator=C121 New Designator=C133
Change Component Designator: Old Designator=C122 New Designator=C134
Change Component Designator: Old Designator=C123 New Designator=C135
Change Component Designator: Old Designator=C124 New Designator=C136
Change Component Designator: Old Designator=C125 New Designator=C137
Change Component Designator: Old Designator=C126 New Designator=C138
Change Component Designator: Old Designator=C127 New Designator=C139
Change Component Designator: Old Designator=C? New Designator=C140
Change Component Designator: Old Designator=C? New Designator=C141
Change Component Designator: Old Designator=C? New Designator=C142
Change Component Designator: Old Designator=C? New Designator=C143
Change Component Designator: Old Designator=C? New Designator=C144
Change Component Designator: Old Designator=C? New Designator=C145
Change Component Designator: Old Designator=L6 New Designator=L8
Change Component Designator: Old Designator=L7 New Designator=L9
Change Component Designator: Old Designator=R169 New Designator=R197
Change Component Designator: Old Designator=R170 New Designator=R198
Change Component Designator: Old Designator=R171 New Designator=R199
Change Component Designator: Old Designator=R172 New Designator=R200
Change Component Designator: Old Designator=R173 New Designator=R201
Change Component Designator: Old Designator=R174 New Designator=R202
Change Component Designator: Old Designator=R175 New Designator=R203
Change Component Designator: Old Designator=R176 New Designator=R204
Change Component Designator: Old Designator=R177 New Designator=R205
Change Component Designator: Old Designator=R178 New Designator=R206
Change Component Designator: Old Designator=R179 New Designator=R207
Change Component Designator: Old Designator=R180 New Designator=R208
Change Component Designator: Old Designator=R181 New Designator=R209
Change Component Designator: Old Designator=R182 New Designator=R210
Change Component Designator: Old Designator=R183 New Designator=R211
Change Component Designator: Old Designator=R184 New Designator=R212
Change Component Designator: Old Designator=R185 New Designator=R213
Change Component Designator: Old Designator=R186 New Designator=R214
Change Component Designator: Old Designator=R187 New Designator=R215
Change Component Designator: Old Designator=R188 New Designator=R216
Change Component Designator: Old Designator=R189 New Designator=R217
Change Component Designator: Old Designator=R190 New Designator=R218
Change Component Designator: Old Designator=R191 New Designator=R219
Change Component Designator: Old Designator=R192 New Designator=R220
Change Component Designator: Old Designator=R193 New Designator=R221
Change Component Designator: Old Designator=R194 New Designator=R222
Change Component Designator: Old Designator=R195 New Designator=R223
Change Component Designator: Old Designator=R196 New Designator=R224
Change Component Designator: Old Designator=R197 New Designator=R225
Change Component Designator: Old Designator=R198 New Designator=R226
Change Component Designator: Old Designator=R199 New Designator=R227
Change Component Designator: Old Designator=R200 New Designator=R228
Change Component Designator: Old Designator=R201 New Designator=R229
Change Component Designator: Old Designator=R202 New Designator=R230
Change Component Designator: Old Designator=R203 New Designator=R231
Change Component Designator: Old Designator=R204 New Designator=R233
Change Component Designator: Old Designator=R205 New Designator=R232
Change Component Designator: Old Designator=R206 New Designator=R235
Change Component Designator: Old Designator=R207 New Designator=R234
Change Component Designator: Old Designator=R208 New Designator=R237
Change Component Designator: Old Designator=R209 New Designator=R236
Change Component Designator: Old Designator=R210 New Designator=R239
Change Component Designator: Old Designator=R211 New Designator=R238
Change Component Designator: Old Designator=R212 New Designator=R240
Change Component Designator: Old Designator=R213 New Designator=R241
Change Component Designator: Old Designator=R214 New Designator=R242
Change Component Designator: Old Designator=R215 New Designator=R245
Change Component Designator: Old Designator=R216 New Designator=R246
Change Component Designator: Old Designator=R217 New Designator=R243
Change Component Designator: Old Designator=R218 New Designator=R244
Change Component Designator: Old Designator=R219 New Designator=R249
Change Component Designator: Old Designator=R220 New Designator=R250
Change Component Designator: Old Designator=R221 New Designator=R247
Change Component Designator: Old Designator=R222 New Designator=R248
Change Component Designator: Old Designator=R223 New Designator=R251
Change Component Designator: Old Designator=R224 New Designator=R252
Change Component Designator: Old Designator=R? New Designator=R253
Change Component Designator: Old Designator=R? New Designator=R254
Change Component Designator: Old Designator=R? New Designator=R255
Change Component Designator: Old Designator=R? New Designator=R256
Change Component Designator: Old Designator=R? New Designator=R257
Change Component Designator: Old Designator=R? New Designator=R258
Change Component Designator: Old Designator=R? New Designator=R259
Change Component Designator: Old Designator=R? New Designator=R260
Change Component Designator: Old Designator=T? New Designator=T5
Change Component Designator: Old Designator=T? New Designator=T6
