Removed Pin From Net: NetName=MIO18 Pin=R23-1
Removed Pin From Net: NetName=MIO27 Pin=R24-1
Removed Pin From Net: NetName=MIO21 Pin=R25-1
Removed Pin From Net: NetName=MIO17 Pin=R26-1
Removed Pin From Net: NetName=MIO16 Pin=R27-1
Removed Pin From Net: NetName=MIO25 Pin=R28-1
Removed Pin From Net: NetName=IO34_11P Pin=R75-1
Removed Pin From Net: NetName=IO34_9P Pin=R76-1
Removed Pin From Net: NetName=IO34_13P Pin=R77-1
Removed Pin From Net: NetName=IO34_11N Pin=R78-1
Removed Pin From Net: NetName=IO34_13N Pin=R79-1
Removed Pin From Net: NetName=IO34_9N Pin=R80-1
Removed Pin From Net: NetName=IO34_4N Pin=R81-1
Removed Pin From Net: NetName=IO34_8P Pin=R82-1
Removed Pin From Net: NetName=IO35_24P Pin=R98-1
Removed Pin From Net: NetName=IO35_10P Pin=R99-1
Removed Pin From Net: NetName=IO35_12N Pin=R100-1
Removed Pin From Net: NetName=IO35_12P Pin=R101-1
Removed Pin From Net: NetName=IO35_24N Pin=R102-1
Removed Pin From Net: NetName=IO35_10N Pin=R103-1
Removed Pin From Net: NetName=IO35_13N Pin=R104-1
Removed Pin From Net: NetName=IO35_13P Pin=R105-1
Removed Pin From Net: NetName=IO34_16N Pin=R121-1
Removed Pin From Net: NetName=IO34_15N Pin=R122-1
Removed Pin From Net: NetName=IO34_21N Pin=R123-1
Removed Pin From Net: NetName=IO34_16P Pin=R124-1
Removed Pin From Net: NetName=IO34_21P Pin=R125-1
Removed Pin From Net: NetName=IO34_15P Pin=R126-1
Removed Pin From Net: NetName=IO34_10P Pin=R127-1
Removed Pin From Net: NetName=IO34_22P Pin=R128-1
Removed Pin From Net: NetName=IO35_5N Pin=R167-1
Removed Pin From Net: NetName=IO35_15N Pin=R168-1
Removed Pin From Net: NetName=IO35_18P Pin=R169-1
Removed Pin From Net: NetName=IO35_18N Pin=R170-1
Removed Pin From Net: NetName=IO35_3P Pin=R171-1
Removed Pin From Net: NetName=IO35_15P Pin=R172-1
Removed Pin From Net: NetName=IO35_20P Pin=R173-1
Removed Pin From Net: NetName=IO35_17N Pin=R174-1
Removed Pin From Net: NetName=MIO23 Pin=U5-22
Removed Pin From Net: NetName=MIO19 Pin=U5-23
Removed Pin From Net: NetName=MIO24 Pin=U5-24
Removed Pin From Net: NetName=MIO20 Pin=U5-25
Removed Pin From Net: NetName=MIO26 Pin=U5-26
Removed Pin From Net: NetName=MIO22 Pin=U5-27
Removed Pin From Net: NetName=IO34_19N Pin=U7-22
Removed Pin From Net: NetName=IO34_23P Pin=U7-23
Removed Pin From Net: NetName=IO34_19P Pin=U7-24
Removed Pin From Net: NetName=IO34_23N Pin=U7-25
Removed Pin From Net: NetName=IO34_7N Pin=U7-26
Removed Pin From Net: NetName=IO34_7P Pin=U7-27
Removed Pin From Net: NetName=IO34_4N Pin=U7-30
Removed Pin From Net: NetName=IO34_8P Pin=U7-31
Removed Pin From Net: NetName=IO35_11N Pin=U8-22
Removed Pin From Net: NetName=IO35_11P Pin=U8-23
Removed Pin From Net: NetName=IO35_21N Pin=U8-24
Removed Pin From Net: NetName=IO35_21P Pin=U8-25
Removed Pin From Net: NetName=IO35_8N Pin=U8-26
Removed Pin From Net: NetName=IO35_8P Pin=U8-27
Removed Pin From Net: NetName=IO35_13N Pin=U8-30
Removed Pin From Net: NetName=IO35_13P Pin=U8-31
Removed Pin From Net: NetName=IO34_18N Pin=U9-22
Removed Pin From Net: NetName=IO34_17N Pin=U9-23
Removed Pin From Net: NetName=IO34_18P Pin=U9-24
Removed Pin From Net: NetName=IO34_17P Pin=U9-25
Removed Pin From Net: NetName=IO34_10N Pin=U9-26
Removed Pin From Net: NetName=IO34_22N Pin=U9-27
Removed Pin From Net: NetName=IO34_10P Pin=U9-30
Removed Pin From Net: NetName=IO34_22P Pin=U9-31
Removed Pin From Net: NetName=IO35_3N Pin=U11-22
Removed Pin From Net: NetName=IO35_5P Pin=U11-23
Removed Pin From Net: NetName=IO35_6N Pin=U11-24
Removed Pin From Net: NetName=IO35_19P Pin=U11-25
Removed Pin From Net: NetName=IO35_6P Pin=U11-26
Removed Pin From Net: NetName=IO35_19N Pin=U11-27
Removed Pin From Net: NetName=IO35_20P Pin=U11-30
Removed Pin From Net: NetName=IO35_17N Pin=U11-31
Added Pin To Net: NetName=MIO22 Pin=R23-1
Added Pin To Net: NetName=MIO23 Pin=R24-1
Added Pin To Net: NetName=MIO24 Pin=R25-1
Added Pin To Net: NetName=MIO25 Pin=R26-1
Added Pin To Net: NetName=MIO26 Pin=R27-1
Added Pin To Net: NetName=MIO27 Pin=R28-1
Added Pin To Net: NetName=IO34_19P Pin=R75-1
Added Pin To Net: NetName=IO34_4N Pin=R76-1
Added Pin To Net: NetName=IO34_7P Pin=R77-1
Added Pin To Net: NetName=IO34_7N Pin=R78-1
Added Pin To Net: NetName=IO34_23N Pin=R79-1
Added Pin To Net: NetName=IO34_8P Pin=R80-1
Added Pin To Net: NetName=IO34_9P Pin=R81-1
Added Pin To Net: NetName=IO34_9N Pin=R82-1
Added Pin To Net: NetName=IO35_21N Pin=R98-1
Added Pin To Net: NetName=IO35_13N Pin=R99-1
Added Pin To Net: NetName=IO35_8P Pin=R100-1
Added Pin To Net: NetName=IO35_8N Pin=R101-1
Added Pin To Net: NetName=IO35_21P Pin=R102-1
Added Pin To Net: NetName=IO35_13P Pin=R103-1
Added Pin To Net: NetName=IO35_10P Pin=R104-1
Added Pin To Net: NetName=IO35_10N Pin=R105-1
Added Pin To Net: NetName=IO34_18P Pin=R121-1
Added Pin To Net: NetName=IO34_10P Pin=R122-1
Added Pin To Net: NetName=IO34_22N Pin=R123-1
Added Pin To Net: NetName=IO34_10N Pin=R124-1
Added Pin To Net: NetName=IO34_17P Pin=R125-1
Added Pin To Net: NetName=IO34_22P Pin=R126-1
Added Pin To Net: NetName=IO34_15N Pin=R127-1
Added Pin To Net: NetName=IO34_15P Pin=R128-1
Added Pin To Net: NetName=IO35_6N Pin=R167-1
Added Pin To Net: NetName=IO35_20P Pin=R168-1
Added Pin To Net: NetName=IO35_19N Pin=R169-1
Added Pin To Net: NetName=IO35_6P Pin=R170-1
Added Pin To Net: NetName=IO35_19P Pin=R171-1
Added Pin To Net: NetName=IO35_17N Pin=R172-1
Added Pin To Net: NetName=IO35_15N Pin=R173-1
Added Pin To Net: NetName=IO35_15P Pin=R174-1
Added Pin To Net: NetName=MIO16 Pin=U5-22
Added Pin To Net: NetName=MIO17 Pin=U5-23
Added Pin To Net: NetName=MIO18 Pin=U5-24
Added Pin To Net: NetName=MIO19 Pin=U5-25
Added Pin To Net: NetName=MIO20 Pin=U5-26
Added Pin To Net: NetName=MIO21 Pin=U5-27
Added Pin To Net: NetName=IO34_23P Pin=U7-22
Added Pin To Net: NetName=IO34_19N Pin=U7-23
Added Pin To Net: NetName=IO34_11P Pin=U7-24
Added Pin To Net: NetName=IO34_13N Pin=U7-25
Added Pin To Net: NetName=IO34_11N Pin=U7-26
Added Pin To Net: NetName=IO34_13P Pin=U7-27
Added Pin To Net: NetName=IO34_9P Pin=U7-30
Added Pin To Net: NetName=IO34_9N Pin=U7-31
Added Pin To Net: NetName=IO35_11P Pin=U8-22
Added Pin To Net: NetName=IO35_11N Pin=U8-23
Added Pin To Net: NetName=IO35_24P Pin=U8-24
Added Pin To Net: NetName=IO35_24N Pin=U8-25
Added Pin To Net: NetName=IO35_12P Pin=U8-26
Added Pin To Net: NetName=IO35_12N Pin=U8-27
Added Pin To Net: NetName=IO35_10P Pin=U8-30
Added Pin To Net: NetName=IO35_10N Pin=U8-31
Added Pin To Net: NetName=IO34_17N Pin=U9-22
Added Pin To Net: NetName=IO34_18N Pin=U9-23
Added Pin To Net: NetName=IO34_16N Pin=U9-24
Added Pin To Net: NetName=IO34_21P Pin=U9-25
Added Pin To Net: NetName=IO34_16P Pin=U9-26
Added Pin To Net: NetName=IO34_21N Pin=U9-27
Added Pin To Net: NetName=IO34_15N Pin=U9-30
Added Pin To Net: NetName=IO34_15P Pin=U9-31
Added Pin To Net: NetName=IO35_5P Pin=U11-22
Added Pin To Net: NetName=IO35_3N Pin=U11-23
Added Pin To Net: NetName=IO35_5N Pin=U11-24
Added Pin To Net: NetName=IO35_3P Pin=U11-25
Added Pin To Net: NetName=IO35_18N Pin=U11-26
Added Pin To Net: NetName=IO35_18P Pin=U11-27
Added Pin To Net: NetName=IO35_15N Pin=U11-30
Added Pin To Net: NetName=IO35_15P Pin=U11-31
