Removed Pin From Net: NetName=MIO22 Pin=R23-1
Removed Pin From Net: NetName=MIO23 Pin=R24-1
Removed Pin From Net: NetName=MIO24 Pin=R25-1
Removed Pin From Net: NetName=MIO25 Pin=R26-1
Removed Pin From Net: NetName=MIO26 Pin=R27-1
Removed Pin From Net: NetName=P0_AD2 Pin=R28-2
Removed Pin From Net: NetName=IO34_24P Pin=R52-1
Removed Pin From Net: NetName=IO34_5P Pin=R53-1
Removed Pin From Net: NetName=IO34_2P Pin=R54-1
Removed Pin From Net: NetName=IO34_24N Pin=R55-1
Removed Pin From Net: NetName=IO34_2N Pin=R56-1
Removed Pin From Net: NetName=P1_AD2 Pin=R57-2
Removed Pin From Net: NetName=IO34_19P Pin=R75-1
Removed Pin From Net: NetName=IO34_4N Pin=R76-1
Removed Pin From Net: NetName=IO34_7P Pin=R77-1
Removed Pin From Net: NetName=IO34_7N Pin=R78-1
Removed Pin From Net: NetName=IO34_23N Pin=R79-1
Removed Pin From Net: NetName=P2_AD2 Pin=R80-2
Removed Pin From Net: NetName=IO35_21N Pin=R98-1
Removed Pin From Net: NetName=IO35_13N Pin=R99-1
Removed Pin From Net: NetName=IO35_8P Pin=R100-1
Removed Pin From Net: NetName=IO35_8N Pin=R101-1
Removed Pin From Net: NetName=IO35_21P Pin=R102-1
Removed Pin From Net: NetName=P3_AD2 Pin=R103-2
Removed Pin From Net: NetName=IO34_18P Pin=R121-1
Removed Pin From Net: NetName=IO34_10P Pin=R122-1
Removed Pin From Net: NetName=IO34_22N Pin=R123-1
Removed Pin From Net: NetName=IO34_10N Pin=R124-1
Removed Pin From Net: NetName=IO34_17P Pin=R125-1
Removed Pin From Net: NetName=P4_AD2 Pin=R126-2
Removed Pin From Net: NetName=IO35_23P Pin=R144-1
Removed Pin From Net: NetName=IO34_14P Pin=R145-1
Removed Pin From Net: NetName=IO35_14P Pin=R146-1
Removed Pin From Net: NetName=IO35_14N Pin=R147-1
Removed Pin From Net: NetName=IO35_7P Pin=R148-1
Removed Pin From Net: NetName=P5_AD2 Pin=R149-2
Removed Pin From Net: NetName=IO35_6N Pin=R167-1
Removed Pin From Net: NetName=IO35_20P Pin=R168-1
Removed Pin From Net: NetName=IO35_19N Pin=R169-1
Removed Pin From Net: NetName=IO35_6P Pin=R170-1
Removed Pin From Net: NetName=IO35_19P Pin=R171-1
Removed Pin From Net: NetName=P6_AD2 Pin=R172-2
Removed Member From Class: ClassName=OECU_BASE2 Member=R23
Removed Member From Class: ClassName=OECU_BASE2 Member=R24
Removed Member From Class: ClassName=OECU_BASE2 Member=R25
Removed Member From Class: ClassName=OECU_BASE2 Member=R26
Removed Member From Class: ClassName=OECU_BASE2 Member=R27
Removed Member From Class: ClassName=OECU_BASE2 Member=R28
Removed Member From Class: ClassName=OECU_BASE3 Member=R52
Removed Member From Class: ClassName=OECU_BASE3 Member=R53
Removed Member From Class: ClassName=OECU_BASE3 Member=R54
Removed Member From Class: ClassName=OECU_BASE3 Member=R55
Removed Member From Class: ClassName=OECU_BASE3 Member=R56
Removed Member From Class: ClassName=OECU_BASE3 Member=R57
Removed Member From Class: ClassName=OECU_BASE3 Member=R75
Removed Member From Class: ClassName=OECU_BASE3 Member=R76
Removed Member From Class: ClassName=OECU_BASE3 Member=R77
Removed Member From Class: ClassName=OECU_BASE3 Member=R78
Removed Member From Class: ClassName=OECU_BASE3 Member=R79
Removed Member From Class: ClassName=OECU_BASE3 Member=R80
Removed Member From Class: ClassName=OECU_BASE4 Member=R98
Removed Member From Class: ClassName=OECU_BASE4 Member=R99
Removed Member From Class: ClassName=OECU_BASE4 Member=R100
Removed Member From Class: ClassName=OECU_BASE4 Member=R101
Removed Member From Class: ClassName=OECU_BASE4 Member=R102
Removed Member From Class: ClassName=OECU_BASE4 Member=R103
Removed Member From Class: ClassName=OECU_BASE4 Member=R121
Removed Member From Class: ClassName=OECU_BASE4 Member=R122
Removed Member From Class: ClassName=OECU_BASE4 Member=R123
Removed Member From Class: ClassName=OECU_BASE4 Member=R124
Removed Member From Class: ClassName=OECU_BASE4 Member=R125
Removed Member From Class: ClassName=OECU_BASE4 Member=R126
Removed Member From Class: ClassName=OECU_BASE5 Member=R144
Removed Member From Class: ClassName=OECU_BASE5 Member=R145
Removed Member From Class: ClassName=OECU_BASE5 Member=R146
Removed Member From Class: ClassName=OECU_BASE5 Member=R147
Removed Member From Class: ClassName=OECU_BASE5 Member=R148
Removed Member From Class: ClassName=OECU_BASE5 Member=R149
Removed Member From Class: ClassName=OECU_BASE5 Member=R167
Removed Member From Class: ClassName=OECU_BASE5 Member=R168
Removed Member From Class: ClassName=OECU_BASE5 Member=R169
Removed Member From Class: ClassName=OECU_BASE5 Member=R170
Removed Member From Class: ClassName=OECU_BASE5 Member=R171
Removed Member From Class: ClassName=OECU_BASE5 Member=R172
Added Pin To Net: NetName=P3_AD2 Pin=M1-57
Added Pin To Net: NetName=P1_AD2 Pin=M1-58
Added Pin To Net: NetName=P2_AD2 Pin=M1-95
Added Pin To Net: NetName=P4_AD2 Pin=M1-115
Added Pin To Net: NetName=P5_AD2 Pin=M1-143
Added Pin To Net: NetName=P6_AD2 Pin=M1-159
Added Pin To Net: NetName=P0_AD2 Pin=M1-169
Added Pin To Net: NetName=MIO24 Pin=R38-1
Added Pin To Net: NetName=MIO25 Pin=R40-1
Added Pin To Net: NetName=MIO26 Pin=R41-1
Added Pin To Net: NetName=MIO23 Pin=R42-1
Added Pin To Net: NetName=IO34_2P Pin=R60-1
Added Pin To Net: NetName=IO34_24N Pin=R62-1
Added Pin To Net: NetName=IO34_2N Pin=R63-1
Added Pin To Net: NetName=IO34_5P Pin=R64-1
Added Pin To Net: NetName=IO34_7P Pin=R83-1
Added Pin To Net: NetName=IO34_7N Pin=R85-1
Added Pin To Net: NetName=IO34_23N Pin=R86-1
Added Pin To Net: NetName=IO34_4N Pin=R87-1
Added Pin To Net: NetName=IO35_8P Pin=R106-1
Added Pin To Net: NetName=IO35_8N Pin=R108-1
Added Pin To Net: NetName=IO35_21P Pin=R109-1
Added Pin To Net: NetName=IO35_13N Pin=R110-1
Added Pin To Net: NetName=IO34_22N Pin=R129-1
Added Pin To Net: NetName=IO34_10N Pin=R131-1
Added Pin To Net: NetName=IO34_17P Pin=R132-1
Added Pin To Net: NetName=IO34_10P Pin=R133-1
Added Pin To Net: NetName=IO35_14P Pin=R152-1
Added Pin To Net: NetName=IO35_14N Pin=R154-1
Added Pin To Net: NetName=IO35_7P Pin=R155-1
Added Pin To Net: NetName=IO34_14P Pin=R156-1
Added Pin To Net: NetName=IO35_19N Pin=R175-1
Added Pin To Net: NetName=IO35_6P Pin=R177-1
Added Pin To Net: NetName=IO35_19P Pin=R178-1
Added Pin To Net: NetName=IO35_20P Pin=R179-1
Added Pin To Net: NetName=MIO23 Pin=U5-14
Added Pin To Net: NetName=MIO24 Pin=U5-16
Added Pin To Net: NetName=MIO25 Pin=U5-17
Added Pin To Net: NetName=MIO26 Pin=U5-18
Added Pin To Net: NetName=MIO22 Pin=U5-19
Added Pin To Net: NetName=IO34_5P Pin=U6-14
Added Pin To Net: NetName=IO34_2P Pin=U6-16
Added Pin To Net: NetName=IO34_24N Pin=U6-17
Added Pin To Net: NetName=IO34_2N Pin=U6-18
Added Pin To Net: NetName=IO34_24P Pin=U6-19
Added Pin To Net: NetName=IO34_4N Pin=U7-14
Added Pin To Net: NetName=IO34_7P Pin=U7-16
Added Pin To Net: NetName=IO34_7N Pin=U7-17
Added Pin To Net: NetName=IO34_23N Pin=U7-18
Added Pin To Net: NetName=IO34_19P Pin=U7-19
Added Pin To Net: NetName=IO35_13N Pin=U8-14
Added Pin To Net: NetName=IO35_8P Pin=U8-16
Added Pin To Net: NetName=IO35_8N Pin=U8-17
Added Pin To Net: NetName=IO35_21P Pin=U8-18
Added Pin To Net: NetName=IO35_21N Pin=U8-19
Added Pin To Net: NetName=IO34_10P Pin=U9-14
Added Pin To Net: NetName=IO34_22N Pin=U9-16
Added Pin To Net: NetName=IO34_10N Pin=U9-17
Added Pin To Net: NetName=IO34_17P Pin=U9-18
Added Pin To Net: NetName=IO34_18P Pin=U9-19
Added Pin To Net: NetName=IO34_14P Pin=U10-14
Added Pin To Net: NetName=IO35_14P Pin=U10-16
Added Pin To Net: NetName=IO35_14N Pin=U10-17
Added Pin To Net: NetName=IO35_7P Pin=U10-18
Added Pin To Net: NetName=IO35_23P Pin=U10-19
Added Pin To Net: NetName=IO35_20P Pin=U11-14
Added Pin To Net: NetName=IO35_19N Pin=U11-16
Added Pin To Net: NetName=IO35_6P Pin=U11-17
Added Pin To Net: NetName=IO35_19P Pin=U11-18
Added Pin To Net: NetName=IO35_6N Pin=U11-19
Change Net Name : Old Net Name=P0_AD2 New Net Name=MIO27
Change Net Name : Old Net Name=P1_AD2 New Net Name=IO34_5N
Change Net Name : Old Net Name=P2_AD2 New Net Name=IO34_8P
Change Net Name : Old Net Name=P3_AD2 New Net Name=IO35_13P
Change Net Name : Old Net Name=P4_AD2 New Net Name=IO34_22P
Change Net Name : Old Net Name=P5_AD2 New Net Name=IO34_14N
Change Net Name : Old Net Name=P6_AD2 New Net Name=IO35_17N
