Change Component Designator: Old Designator=C88 New Designator=C98
Change Component Designator: Old Designator=C89 New Designator=C99
Change Component Designator: Old Designator=C90 New Designator=C100
Change Component Designator: Old Designator=C91 New Designator=C101
Change Component Designator: Old Designator=C92 New Designator=C102
Change Component Designator: Old Designator=C93 New Designator=C103
Change Component Designator: Old Designator=C94 New Designator=C104
Change Component Designator: Old Designator=C95 New Designator=C105
Change Component Designator: Old Designator=C96 New Designator=C106
Change Component Designator: Old Designator=C97 New Designator=C107
Change Component Designator: Old Designator=C98 New Designator=C108
Change Component Designator: Old Designator=C99 New Designator=C109
Change Component Designator: Old Designator=C100 New Designator=C110
Change Component Designator: Old Designator=C101 New Designator=C111
Change Component Designator: Old Designator=C102 New Designator=C112
Change Component Designator: Old Designator=C103 New Designator=C113
Change Component Designator: Old Designator=C104 New Designator=C114
Change Component Designator: Old Designator=C105 New Designator=C115
Change Component Designator: Old Designator=C106 New Designator=C116
Change Component Designator: Old Designator=C107 New Designator=C117
Change Component Designator: Old Designator=C108 New Designator=C118
Change Component Designator: Old Designator=C109 New Designator=C119
Change Component Designator: Old Designator=C110 New Designator=C120
Change Component Designator: Old Designator=C111 New Designator=C121
Change Component Designator: Old Designator=C112 New Designator=C122
Change Component Designator: Old Designator=C113 New Designator=C123
Change Component Designator: Old Designator=C114 New Designator=C124
Change Component Designator: Old Designator=C115 New Designator=C125
Change Component Designator: Old Designator=C116 New Designator=C126
Change Component Designator: Old Designator=C117 New Designator=C127
Change Component Designator: Old Designator=L5 New Designator=L6
Change Component Designator: Old Designator=L6 New Designator=L7
Change Component Designator: Old Designator=R154 New Designator=R169
Change Component Designator: Old Designator=R155 New Designator=R170
Change Component Designator: Old Designator=R156 New Designator=R171
Change Component Designator: Old Designator=R157 New Designator=R172
Change Component Designator: Old Designator=R158 New Designator=R173
Change Component Designator: Old Designator=R159 New Designator=R174
Change Component Designator: Old Designator=R160 New Designator=R175
Change Component Designator: Old Designator=R161 New Designator=R176
Change Component Designator: Old Designator=R162 New Designator=R177
Change Component Designator: Old Designator=R163 New Designator=R178
Change Component Designator: Old Designator=R164 New Designator=R179
Change Component Designator: Old Designator=R165 New Designator=R180
Change Component Designator: Old Designator=R166 New Designator=R181
Change Component Designator: Old Designator=R167 New Designator=R182
Change Component Designator: Old Designator=R168 New Designator=R183
Change Component Designator: Old Designator=R169 New Designator=R184
Change Component Designator: Old Designator=R170 New Designator=R185
Change Component Designator: Old Designator=R171 New Designator=R186
Change Component Designator: Old Designator=R172 New Designator=R187
Change Component Designator: Old Designator=R173 New Designator=R188
Change Component Designator: Old Designator=R174 New Designator=R189
Change Component Designator: Old Designator=R175 New Designator=R190
Change Component Designator: Old Designator=R176 New Designator=R191
Change Component Designator: Old Designator=R177 New Designator=R192
Change Component Designator: Old Designator=R178 New Designator=R193
Change Component Designator: Old Designator=R179 New Designator=R194
Change Component Designator: Old Designator=R180 New Designator=R195
Change Component Designator: Old Designator=R181 New Designator=R196
Change Component Designator: Old Designator=R182 New Designator=R197
Change Component Designator: Old Designator=R183 New Designator=R198
Change Component Designator: Old Designator=R184 New Designator=R199
Change Component Designator: Old Designator=R185 New Designator=R200
Change Component Designator: Old Designator=R186 New Designator=R201
Change Component Designator: Old Designator=R187 New Designator=R202
Change Component Designator: Old Designator=R188 New Designator=R203
Change Component Designator: Old Designator=R189 New Designator=R204
Change Component Designator: Old Designator=R190 New Designator=R205
Change Component Designator: Old Designator=R191 New Designator=R206
Change Component Designator: Old Designator=R192 New Designator=R207
Change Component Designator: Old Designator=R193 New Designator=R208
Change Component Designator: Old Designator=R194 New Designator=R209
Change Component Designator: Old Designator=R195 New Designator=R210
Change Component Designator: Old Designator=R196 New Designator=R211
Change Component Designator: Old Designator=R197 New Designator=R212
Change Component Designator: Old Designator=R198 New Designator=R213
Change Component Designator: Old Designator=R199 New Designator=R214
Change Component Designator: Old Designator=R200 New Designator=R215
Change Component Designator: Old Designator=R201 New Designator=R216
Change Component Designator: Old Designator=R202 New Designator=R217
Change Component Designator: Old Designator=R203 New Designator=R218
Change Component Designator: Old Designator=R204 New Designator=R219
Change Component Designator: Old Designator=R205 New Designator=R220
Change Component Designator: Old Designator=R206 New Designator=R221
Change Component Designator: Old Designator=R207 New Designator=R222
Change Component Designator: Old Designator=R208 New Designator=R223
Change Component Designator: Old Designator=R209 New Designator=R224
Change Component Designator: Old Designator=U5 New Designator=U9
Change Component Designator: Old Designator=U6 New Designator=U10
Change Component Designator: Old Designator=Y5 New Designator=Y6
Change Component Designator: Old Designator=Y6 New Designator=Y7
