Removed Member From Class: ClassName=OECU_BASE1 Member=R31
Removed Member From Class: ClassName=OECU_BASE5 Member=U3
Removed Member From Class: ClassName=OECU_BASE1 Member=U5
Change Component Designator: OldDesignator=BOOT1 NewDesignator=BOOT
Change Component Designator: OldDesignator=PS_SRST1 NewDesignator=PS_SRST
Change Component Designator: OldDesignator=RST_POR1 NewDesignator=RST_POR
Change Component Designator: OldDesignator=USB1 NewDesignator=USB
Change Net Name : Old Net Name=NetBOOT1_3 New Net Name=NetBOOT_3
Change Net Name : Old Net Name=NetBOOT1_4 New Net Name=NetBOOT_4
Added Member To Class: ClassName=OECU_BASE1 Member=Component C6 104
Added Member To Class: ClassName=OECU_BASE2 Member=Component C24 104
Added Member To Class: ClassName=OECU_BASE2 Member=Component C25 10uF
Added Member To Class: ClassName=OECU_BASE2 Member=Component C29 104
Added Member To Class: ClassName=OECU_BASE2 Member=Component C31 10uF
Added Member To Class: ClassName=OECU_BASE1 Member=Component R4 5K1
Added Member To Class: ClassName=OECU_BASE1 Member=Component R8 4K7
Added Member To Class: ClassName=OECU_BASE1 Member=Component R11 1K
Added Member To Class: ClassName=OECU_BASE1 Member=Component R12 44K2
Added Member To Class: ClassName=OECU_BASE1 Member=Component R15 200K
Added Member To Class: ClassName=OECU_BASE1 Member=Component R16 NC
Added Member To Class: ClassName=OECU_BASE1 Member=Component R18 100K
Added Member To Class: ClassName=OECU_BASE1 Member=Component R20 10K
Added Member To Class: ClassName=OECU_BASE1 Member=Component R23 10K
Added Member To Class: ClassName=OECU_BASE1 Member=Component R24 10K
Added Member To Class: ClassName=OECU_BASE1 Member=Component R25 20K
Added Member To Class: ClassName=OECU_BASE1 Member=Component R27 10K
Added Member To Class: ClassName=OECU_BASE2 Member=Component R32 22R
Added Member To Class: ClassName=OECU_BASE2 Member=Component R34 22R
Added Member To Class: ClassName=OECU_BASE2 Member=Component R36 22R
Added Member To Class: ClassName=OECU_BASE2 Member=Component R38 22R
Added Member To Class: ClassName=OECU_BASE2 Member=Component R40 510R
Added Member To Class: ClassName=OECU_BASE2 Member=Component R41 22R
Added Member To Class: ClassName=OECU_BASE2 Member=Component R44 22R
Added Member To Class: ClassName=OECU_BASE2 Member=Component R46 22R
Added Member To Class: ClassName=OECU_BASE2 Member=Component R48 1K5
Added Member To Class: ClassName=OECU_BASE2 Member=Component R49 510R
Added Member To Class: ClassName=OECU_BASE2 Member=Component R50 4K7
Added Member To Class: ClassName=OECU_BASE2 Member=Component R52 22R
Added Member To Class: ClassName=OECU_BASE2 Member=Component R54 510R
Added Member To Class: ClassName=OECU_BASE2 Member=Component R56 510R
Added Member To Class: ClassName=OECU_BASE2 Member=Component R58 510R
Added Member To Class: ClassName=OECU_BASE2 Member=Component R60 510R
Added Member To Class: ClassName=OECU_BASE2 Member=Component R63 4K7
Added Member To Class: ClassName=OECU_BASE2 Member=Component R64 4K7
Added Member To Class: ClassName=OECU_BASE2 Member=Component R65 4K7
Added Member To Class: ClassName=OECU_BASE2 Member=Component R67 NC
Added Member To Class: ClassName=OECU_BASE2 Member=Component R68 4K7
Added Member To Class: ClassName=OECU_BASE2 Member=Component R70 4K7
Added Member To Class: ClassName=OECU_BASE2 Member=Component R71 4K7
Added Member To Class: ClassName=OECU_BASE3 Member=Component R73 22R
Added Member To Class: ClassName=OECU_BASE3 Member=Component R74 22R
Added Member To Class: ClassName=OECU_BASE3 Member=Component R75 22R
Added Member To Class: ClassName=OECU_BASE3 Member=Component R76 22R
Added Member To Class: ClassName=OECU_BASE3 Member=Component R77 22R
Added Member To Class: ClassName=OECU_BASE3 Member=Component R78 22R
Added Member To Class: ClassName=OECU_BASE3 Member=Component R79 22R
Added Member To Class: ClassName=OECU_BASE3 Member=Component R80 22R
Added Member To Class: ClassName=OECU_BASE3 Member=Component R81 22R
Added Member To Class: ClassName=OECU_BASE3 Member=Component R82 22R
Added Member To Class: ClassName=OECU_BASE3 Member=Component R83 22R
Added Member To Class: ClassName=OECU_BASE3 Member=Component R84 22R
Added Member To Class: ClassName=OECU_BASE3 Member=Component R85 22R
Added Member To Class: ClassName=OECU_BASE3 Member=Component R86 22R
Added Member To Class: ClassName=OECU_BASE3 Member=Component R87 22R
Added Member To Class: ClassName=OECU_BASE3 Member=Component R88 22R
Added Member To Class: ClassName=OECU_BASE3 Member=Component R89 22R
Added Member To Class: ClassName=OECU_BASE3 Member=Component R90 22R
Added Member To Class: ClassName=OECU_BASE3 Member=Component R91 22R
Added Member To Class: ClassName=OECU_BASE3 Member=Component R92 22R
Added Member To Class: ClassName=OECU_BASE3 Member=Component R93 22R
Added Member To Class: ClassName=OECU_BASE3 Member=Component R94 22R
Added Member To Class: ClassName=OECU_BASE3 Member=Component R95 22R
Added Member To Class: ClassName=OECU_BASE3 Member=Component R96 22R
Added Member To Class: ClassName=OECU_BASE3 Member=Component R97 22R
Added Member To Class: ClassName=OECU_BASE3 Member=Component R98 22R
Added Member To Class: ClassName=OECU_BASE3 Member=Component R99 22R
Added Member To Class: ClassName=OECU_BASE3 Member=Component R100 22R
Added Member To Class: ClassName=OECU_BASE3 Member=Component R101 4K7
Added Member To Class: ClassName=OECU_BASE3 Member=Component R103 22R
Added Member To Class: ClassName=OECU_BASE3 Member=Component R104 22R
Added Member To Class: ClassName=OECU_BASE3 Member=Component R105 0R
Added Member To Class: ClassName=OECU_BASE3 Member=Component R107 4K7
Added Member To Class: ClassName=OECU_BASE3 Member=Component R108 4K7
Added Member To Class: ClassName=OECU_BASE3 Member=Component R109 4K7
Added Member To Class: ClassName=OECU_BASE3 Member=Component R110 4K7
Added Member To Class: ClassName=OECU_BASE3 Member=Component R111 4K7
Added Member To Class: ClassName=OECU_BASE3 Member=Component R112 4K7
Added Member To Class: ClassName=OECU_BASE3 Member=Component R113 4K7
Added Member To Class: ClassName=OECU_BASE3 Member=Component R114 4K7
Added Member To Class: ClassName=OECU_BASE3 Member=Component R115 4K7
Added Member To Class: ClassName=OECU_BASE3 Member=Component R116 4K7
Added Member To Class: ClassName=OECU_BASE3 Member=Component R118 4K7
Added Member To Class: ClassName=OECU_BASE3 Member=Component R120 4K7
Added Member To Class: ClassName=OECU_BASE3 Member=Component R122 4K7
Added Member To Class: ClassName=OECU_BASE3 Member=Component R124 4K7
Added Member To Class: ClassName=OECU_BASE3 Member=Component R126 NC
Added Member To Class: ClassName=OECU_BASE3 Member=Component R128 NC
Added Member To Class: ClassName=OECU_BASE3 Member=Component R129 75R
Added Member To Class: ClassName=OECU_BASE3 Member=Component R130 75R
Added Member To Class: ClassName=OECU_BASE3 Member=Component R131 75R
Added Member To Class: ClassName=OECU_BASE3 Member=Component R132 75R
Added Member To Class: ClassName=OECU_BASE3 Member=Component R133 75R
Added Member To Class: ClassName=OECU_BASE3 Member=Component R134 75R
Added Member To Class: ClassName=OECU_BASE3 Member=Component R135 75R
Added Member To Class: ClassName=OECU_BASE1 Member=Component U3 TPS22992
Added Member To Class: ClassName=OECU_BASE1 Member=Component U4 TXS0108E
Added Member To Class: ClassName=OECU_BASE3 Member=Component U6 RTL8211E-VB
Added Member To Class: ClassName=OECU_BASE4 Member=Component U8 RTL8211E-VB
Added Member To Class: ClassName=OECU_BASE5 Member=Component U10 RTL8211E-VB
Added Member To Class: ClassName=OECU_BASE5 Member=Component U11 RTL8211E-VB
