Change Component Designator: Old Designator=C112 New Designator=C88
Change Component Designator: Old Designator=C113 New Designator=C86
Change Component Designator: Old Designator=C114 New Designator=C89
Change Component Designator: Old Designator=C115 New Designator=C90
Change Component Designator: Old Designator=C116 New Designator=C93
Change Component Designator: Old Designator=C117 New Designator=C96
Change Component Designator: Old Designator=C118 New Designator=C99
Change Component Designator: Old Designator=C121 New Designator=C91
Change Component Designator: Old Designator=C122 New Designator=C92
Change Component Designator: Old Designator=C123 New Designator=C94
Change Component Designator: Old Designator=C124 New Designator=C95
Change Component Designator: Old Designator=C125 New Designator=C97
Change Component Designator: Old Designator=C126 New Designator=C98
Change Component Designator: Old Designator=C127 New Designator=C87
Change Component Designator: Old Designator=C128 New Designator=C100
Change Component Designator: Old Designator=C130 New Designator=C103
Change Component Designator: Old Designator=C131 New Designator=C101
Change Component Designator: Old Designator=C132 New Designator=C104
Change Component Designator: Old Designator=C133 New Designator=C107
Change Component Designator: Old Designator=C134 New Designator=C110
Change Component Designator: Old Designator=C135 New Designator=C113
Change Component Designator: Old Designator=C136 New Designator=C115
Change Component Designator: Old Designator=C139 New Designator=C105
Change Component Designator: Old Designator=C140 New Designator=C106
Change Component Designator: Old Designator=C141 New Designator=C108
Change Component Designator: Old Designator=C142 New Designator=C109
Change Component Designator: Old Designator=C143 New Designator=C111
Change Component Designator: Old Designator=C144 New Designator=C112
Change Component Designator: Old Designator=C145 New Designator=C102
Change Component Designator: Old Designator=C146 New Designator=C114
Change Component Designator: Old Designator=FB17 New Designator=FB19
Change Component Designator: Old Designator=FB18 New Designator=FB17
Change Component Designator: Old Designator=FB19 New Designator=FB20
Change Component Designator: Old Designator=FB20 New Designator=FB18
Change Component Designator: Old Designator=L8 New Designator=L7
Change Component Designator: Old Designator=L9 New Designator=L8
Change Component Designator: Old Designator=R201 New Designator=R137
Change Component Designator: Old Designator=R202 New Designator=R138
Change Component Designator: Old Designator=R203 New Designator=R139
Change Component Designator: Old Designator=R204 New Designator=R149
Change Component Designator: Old Designator=R205 New Designator=R150
Change Component Designator: Old Designator=R206 New Designator=R151
Change Component Designator: Old Designator=R207 New Designator=R152
Change Component Designator: Old Designator=R208 New Designator=R153
Change Component Designator: Old Designator=R215 New Designator=R141
Change Component Designator: Old Designator=R216 New Designator=R142
Change Component Designator: Old Designator=R217 New Designator=R143
Change Component Designator: Old Designator=R218 New Designator=R144
Change Component Designator: Old Designator=R219 New Designator=R145
Change Component Designator: Old Designator=R220 New Designator=R146
Change Component Designator: Old Designator=R221 New Designator=R147
Change Component Designator: Old Designator=R222 New Designator=R148
Change Component Designator: Old Designator=R223 New Designator=R155
Change Component Designator: Old Designator=R224 New Designator=R156
Change Component Designator: Old Designator=R225 New Designator=R157
Change Component Designator: Old Designator=R226 New Designator=R154
Change Component Designator: Old Designator=R227 New Designator=R158
Change Component Designator: Old Designator=R228 New Designator=R159
Change Component Designator: Old Designator=R233 New Designator=R160
Change Component Designator: Old Designator=R234 New Designator=R161
Change Component Designator: Old Designator=R235 New Designator=R162
Change Component Designator: Old Designator=R236 New Designator=R172
Change Component Designator: Old Designator=R237 New Designator=R173
Change Component Designator: Old Designator=R238 New Designator=R174
Change Component Designator: Old Designator=R239 New Designator=R175
Change Component Designator: Old Designator=R240 New Designator=R176
Change Component Designator: Old Designator=R247 New Designator=R164
Change Component Designator: Old Designator=R248 New Designator=R165
Change Component Designator: Old Designator=R249 New Designator=R166
Change Component Designator: Old Designator=R250 New Designator=R167
Change Component Designator: Old Designator=R251 New Designator=R168
Change Component Designator: Old Designator=R252 New Designator=R169
Change Component Designator: Old Designator=R253 New Designator=R170
Change Component Designator: Old Designator=R254 New Designator=R171
Change Component Designator: Old Designator=R255 New Designator=R178
Change Component Designator: Old Designator=R256 New Designator=R179
Change Component Designator: Old Designator=R257 New Designator=R180
Change Component Designator: Old Designator=R258 New Designator=R177
Change Component Designator: Old Designator=R259 New Designator=R181
Change Component Designator: Old Designator=R260 New Designator=R182
Change Component Designator: Old Designator=R267 New Designator=R140
Change Component Designator: Old Designator=R268 New Designator=R163
Change Component Designator: Old Designator=U10 New Designator=U8
Change Component Designator: Old Designator=U11 New Designator=U9
