Removed Pin From Net: NetName=MIO51 Pin=DB1-11
Change Net Name : Old Net Name=MDI1_0N New Net Name=MDI1_0_N
Change Net Name : Old Net Name=MDI1_0P New Net Name=MDI1_0_P
Change Net Name : Old Net Name=MDI1_1N New Net Name=MDI1_1_N
Change Net Name : Old Net Name=MDI1_1P New Net Name=MDI1_1_P
Change Net Name : Old Net Name=MDI1_2N New Net Name=MDI1_2_N
Change Net Name : Old Net Name=MDI1_2P New Net Name=MDI1_2_P
Change Net Name : Old Net Name=MDI1_3N New Net Name=MDI1_3_N
Change Net Name : Old Net Name=MDI1_3P New Net Name=MDI1_3_P
Change Net Name : Old Net Name=MDI2_0N New Net Name=MDI2_0_N
Change Net Name : Old Net Name=MDI2_0P New Net Name=MDI2_0_P
Change Net Name : Old Net Name=MDI2_1N New Net Name=MDI2_1_N
Change Net Name : Old Net Name=MDI2_1P New Net Name=MDI2_1_P
Change Net Name : Old Net Name=MDI2_2N New Net Name=MDI2_2_N
Change Net Name : Old Net Name=MDI2_2P New Net Name=MDI2_2_P
Change Net Name : Old Net Name=MDI2_3N New Net Name=MDI2_3_N
Change Net Name : Old Net Name=MDI2_3P New Net Name=MDI2_3_P
Change Net Name : Old Net Name=MDI3_0N New Net Name=MDI3_0_N
Change Net Name : Old Net Name=MDI3_0P New Net Name=MDI3_0_P
Change Net Name : Old Net Name=MDI3_1N New Net Name=MDI3_1_N
Change Net Name : Old Net Name=MDI3_1P New Net Name=MDI3_1_P
Change Net Name : Old Net Name=MDI3_2N New Net Name=MDI3_2_N
Change Net Name : Old Net Name=MDI3_2P New Net Name=MDI3_2_P
Change Net Name : Old Net Name=MDI3_3N New Net Name=MDI3_3_N
Change Net Name : Old Net Name=MDI3_3P New Net Name=MDI3_3_P
Change Net Name : Old Net Name=MDI4_0N New Net Name=MDI4_0_N
Change Net Name : Old Net Name=MDI4_0P New Net Name=MDI4_0_P
Change Net Name : Old Net Name=MDI4_1N New Net Name=MDI4_1_N
Change Net Name : Old Net Name=MDI4_1P New Net Name=MDI4_1_P
Change Net Name : Old Net Name=MDI4_2N New Net Name=MDI4_2_N
Change Net Name : Old Net Name=MDI4_2P New Net Name=MDI4_2_P
Change Net Name : Old Net Name=MDI4_3N New Net Name=MDI4_3_N
Change Net Name : Old Net Name=MDI4_3P New Net Name=MDI4_3_P
Change Net Name : Old Net Name=MDI5_0N New Net Name=MDI5_0_N
Change Net Name : Old Net Name=MDI5_0P New Net Name=MDI5_0_P
Change Net Name : Old Net Name=MDI5_1N New Net Name=MDI5_1_N
Change Net Name : Old Net Name=MDI5_1P New Net Name=MDI5_1_P
Change Net Name : Old Net Name=MDI5_2N New Net Name=MDI5_2_N
Change Net Name : Old Net Name=MDI5_2P New Net Name=MDI5_2_P
Change Net Name : Old Net Name=MDI5_3N New Net Name=MDI5_3_N
Change Net Name : Old Net Name=MDI5_3P New Net Name=MDI5_3_P
Change Net Name : Old Net Name=MDI6_0N New Net Name=MDI6_0_N
Change Net Name : Old Net Name=MDI6_0P New Net Name=MDI6_0_P
Change Net Name : Old Net Name=MDI6_1N New Net Name=MDI6_1_N
Change Net Name : Old Net Name=MDI6_1P New Net Name=MDI6_1_P
Change Net Name : Old Net Name=MDI6_2N New Net Name=MDI6_2_N
Change Net Name : Old Net Name=MDI6_2P New Net Name=MDI6_2_P
Change Net Name : Old Net Name=MDI6_3N New Net Name=MDI6_3_N
Change Net Name : Old Net Name=MDI6_3P New Net Name=MDI6_3_P
Change Net Name : Old Net Name=MIO28 New Net Name=MIO1_P
Change Net Name : Old Net Name=MIO29 New Net Name=MIO1_N
Change Net Name : Old Net Name=MIO30 New Net Name=MIO2_P
Change Net Name : Old Net Name=MIO31 New Net Name=MIO2_N
Change Net Name : Old Net Name=MIO32 New Net Name=MIO3_P
Change Net Name : Old Net Name=MIO33 New Net Name=MIO3_N
Change Net Name : Old Net Name=MIO34 New Net Name=MIO4_P
Change Net Name : Old Net Name=MIO35 New Net Name=MIO4_N
Change Net Name : Old Net Name=MIO36 New Net Name=MIO5_P
Change Net Name : Old Net Name=MIO37 New Net Name=MIO5_N
Change Net Name : Old Net Name=MIO38 New Net Name=MIO6_P
Change Net Name : Old Net Name=MIO39 New Net Name=MIO6_N
Change Net Name : Old Net Name=MIO46 New Net Name=MIO7_P
Change Net Name : Old Net Name=MIO47 New Net Name=MIO7_N
Change Net Name : Old Net Name=MIO48 New Net Name=MIO8_P
Change Net Name : Old Net Name=MIO49 New Net Name=MIO8_N
Change Net Name : Old Net Name=MIO50 New Net Name=MIO9_P
Change Net Name : Old Net Name=MX1_0N New Net Name=MX1_0_N
Change Net Name : Old Net Name=MX1_0P New Net Name=MX1_0_P
Change Net Name : Old Net Name=MX1_1N New Net Name=MX1_1_N
Change Net Name : Old Net Name=MX1_1P New Net Name=MX1_1_P
Change Net Name : Old Net Name=MX1_2N New Net Name=MX1_2_N
Change Net Name : Old Net Name=MX1_2P New Net Name=MX1_2_P
Change Net Name : Old Net Name=MX1_3N New Net Name=MX1_3_N
Change Net Name : Old Net Name=MX1_3P New Net Name=MX1_3_P
Change Net Name : Old Net Name=MX2_0N New Net Name=MX2_0_N
Change Net Name : Old Net Name=MX2_0P New Net Name=MX2_0_P
Change Net Name : Old Net Name=MX2_1N New Net Name=MX2_1_N
Change Net Name : Old Net Name=MX2_1P New Net Name=MX2_1_P
Change Net Name : Old Net Name=MX2_2N New Net Name=MX2_2_N
Change Net Name : Old Net Name=MX2_2P New Net Name=MX2_2_P
Change Net Name : Old Net Name=MX2_3N New Net Name=MX2_3_N
Change Net Name : Old Net Name=MX2_3P New Net Name=MX2_3_P
Change Net Name : Old Net Name=MX3_0N New Net Name=MX3_0_N
Change Net Name : Old Net Name=MX3_0P New Net Name=MX3_0_P
Change Net Name : Old Net Name=MX3_1N New Net Name=MX3_1_N
Change Net Name : Old Net Name=MX3_1P New Net Name=MX3_1_P
Change Net Name : Old Net Name=MX3_2N New Net Name=MX3_2_N
Change Net Name : Old Net Name=MX3_2P New Net Name=MX3_2_P
Change Net Name : Old Net Name=MX3_3N New Net Name=MX3_3_N
Change Net Name : Old Net Name=MX3_3P New Net Name=MX3_3_P
Change Net Name : Old Net Name=MX4_0N New Net Name=MX4_0_N
Change Net Name : Old Net Name=MX4_0P New Net Name=MX4_0_P
Change Net Name : Old Net Name=MX4_1N New Net Name=MX4_1_N
Change Net Name : Old Net Name=MX4_1P New Net Name=MX4_1_P
Change Net Name : Old Net Name=MX4_2N New Net Name=MX4_2_N
Change Net Name : Old Net Name=MX4_2P New Net Name=MX4_2_P
Change Net Name : Old Net Name=MX4_3N New Net Name=MX4_3_N
Change Net Name : Old Net Name=MX4_3P New Net Name=MX4_3_P
Change Net Name : Old Net Name=MX5_0N New Net Name=MX5_0_N
Change Net Name : Old Net Name=MX5_0P New Net Name=MX5_0_P
Change Net Name : Old Net Name=MX5_1N New Net Name=MX5_1_N
Change Net Name : Old Net Name=MX5_1P New Net Name=MX5_1_P
Change Net Name : Old Net Name=MX5_2N New Net Name=MX5_2_N
Change Net Name : Old Net Name=MX5_2P New Net Name=MX5_2_P
Change Net Name : Old Net Name=MX5_3N New Net Name=MX5_3_N
Change Net Name : Old Net Name=MX5_3P New Net Name=MX5_3_P
Change Net Name : Old Net Name=MX6_0N New Net Name=MX6_0_N
Change Net Name : Old Net Name=MX6_0P New Net Name=MX6_0_P
Change Net Name : Old Net Name=MX6_1N New Net Name=MX6_1_N
Change Net Name : Old Net Name=MX6_1P New Net Name=MX6_1_P
Change Net Name : Old Net Name=MX6_2N New Net Name=MX6_2_N
Change Net Name : Old Net Name=MX6_2P New Net Name=MX6_2_P
Change Net Name : Old Net Name=MX6_3N New Net Name=MX6_3_N
Change Net Name : Old Net Name=MX6_3P New Net Name=MX6_3_P
Change Net Name : Old Net Name=NetP1_2 New Net Name=MDI0_0_P
Change Net Name : Old Net Name=NetP1_3 New Net Name=MDI0_0_N
Change Net Name : Old Net Name=NetP1_4 New Net Name=MDI0_1_P
Change Net Name : Old Net Name=NetP1_5 New Net Name=MDI0_2_P
Change Net Name : Old Net Name=NetP1_6 New Net Name=MDI0_2_N
Change Net Name : Old Net Name=NetP1_7 New Net Name=MDI0_1_N
Change Net Name : Old Net Name=NetP1_8 New Net Name=MDI0_3_P
Change Net Name : Old Net Name=NetP1_9 New Net Name=MDI0_3_N
Added Pin To Net: NetName=MIO9_N Pin=DB1-11
Added Net: Name=MIO9_N
Added Differential Pair: Name=MDI0_0
Added Differential Pair: Name=MDI0_1
Added Differential Pair: Name=MDI0_2
Added Differential Pair: Name=MDI0_3
Added Differential Pair: Name=MDI1_0
Added Differential Pair: Name=MDI1_1
Added Differential Pair: Name=MDI1_2
Added Differential Pair: Name=MDI1_3
Added Differential Pair: Name=MDI2_0
Added Differential Pair: Name=MDI2_1
Added Differential Pair: Name=MDI2_2
Added Differential Pair: Name=MDI2_3
Added Differential Pair: Name=MDI3_0
Added Differential Pair: Name=MDI3_1
Added Differential Pair: Name=MDI3_2
Added Differential Pair: Name=MDI3_3
Added Differential Pair: Name=MDI4_0
Added Differential Pair: Name=MDI4_1
Added Differential Pair: Name=MDI4_2
Added Differential Pair: Name=MDI4_3
Added Differential Pair: Name=MDI5_0
Added Differential Pair: Name=MDI5_1
Added Differential Pair: Name=MDI5_2
Added Differential Pair: Name=MDI5_3
Added Differential Pair: Name=MDI6_0
Added Differential Pair: Name=MDI6_1
Added Differential Pair: Name=MDI6_2
Added Differential Pair: Name=MDI6_3
Added Differential Pair: Name=MIO1
Added Differential Pair: Name=MIO2
Added Differential Pair: Name=MIO3
Added Differential Pair: Name=MIO4
Added Differential Pair: Name=MIO5
Added Differential Pair: Name=MIO6
Added Differential Pair: Name=MIO7
Added Differential Pair: Name=MIO8
Added Differential Pair: Name=MIO9
Added Differential Pair: Name=MX1_0
Added Differential Pair: Name=MX1_1
Added Differential Pair: Name=MX1_2
Added Differential Pair: Name=MX1_3
Added Differential Pair: Name=MX2_0
Added Differential Pair: Name=MX2_1
Added Differential Pair: Name=MX2_2
Added Differential Pair: Name=MX2_3
Added Differential Pair: Name=MX3_0
Added Differential Pair: Name=MX3_1
Added Differential Pair: Name=MX3_2
Added Differential Pair: Name=MX3_3
Added Differential Pair: Name=MX4_0
Added Differential Pair: Name=MX4_1
Added Differential Pair: Name=MX4_2
Added Differential Pair: Name=MX4_3
Added Differential Pair: Name=MX5_0
Added Differential Pair: Name=MX5_1
Added Differential Pair: Name=MX5_2
Added Differential Pair: Name=MX5_3
Added Differential Pair: Name=MX6_0
Added Differential Pair: Name=MX6_1
Added Differential Pair: Name=MX6_2
Added Differential Pair: Name=MX6_3
