Removed Pin From Net: NetName=MIO22 Pin=R23-1
Removed Pin From Net: NetName=MIO23 Pin=R24-1
Removed Pin From Net: NetName=MIO24 Pin=R25-1
Removed Pin From Net: NetName=MIO25 Pin=R26-1
Removed Pin From Net: NetName=MIO26 Pin=R27-1
Removed Pin From Net: NetName=MIO27 Pin=R28-1
Removed Pin From Net: NetName=IO34_6N Pin=R52-1
Removed Pin From Net: NetName=IO34_8N Pin=R53-1
Removed Pin From Net: NetName=IO34_1P Pin=R54-1
Removed Pin From Net: NetName=IO34_1N Pin=R55-1
Removed Pin From Net: NetName=IO34_20P Pin=R56-1
Removed Pin From Net: NetName=IO34_4P Pin=R57-1
Removed Pin From Net: NetName=IO34_5P Pin=R58-1
Removed Pin From Net: NetName=IO34_5N Pin=R59-1
Removed Pin From Net: NetName=MIO16 Pin=U5-22
Removed Pin From Net: NetName=MIO17 Pin=U5-23
Removed Pin From Net: NetName=MIO18 Pin=U5-24
Removed Pin From Net: NetName=MIO19 Pin=U5-25
Removed Pin From Net: NetName=MIO20 Pin=U5-26
Removed Pin From Net: NetName=MIO21 Pin=U5-27
Removed Pin From Net: NetName=IO34_20N Pin=U6-22
Removed Pin From Net: NetName=IO34_6P Pin=U6-23
Removed Pin From Net: NetName=IO34_24P Pin=U6-24
Removed Pin From Net: NetName=IO34_2N Pin=U6-25
Removed Pin From Net: NetName=IO34_24N Pin=U6-26
Removed Pin From Net: NetName=IO34_2P Pin=U6-27
Removed Pin From Net: NetName=IO34_5P Pin=U6-30
Removed Pin From Net: NetName=IO34_5N Pin=U6-31
Added Pin To Net: NetName=MIO18 Pin=R23-1
Added Pin To Net: NetName=MIO27 Pin=R24-1
Added Pin To Net: NetName=MIO21 Pin=R25-1
Added Pin To Net: NetName=MIO17 Pin=R26-1
Added Pin To Net: NetName=MIO16 Pin=R27-1
Added Pin To Net: NetName=MIO25 Pin=R28-1
Added Pin To Net: NetName=IO34_24P Pin=R52-1
Added Pin To Net: NetName=IO34_5P Pin=R53-1
Added Pin To Net: NetName=IO34_2P Pin=R54-1
Added Pin To Net: NetName=IO34_24N Pin=R55-1
Added Pin To Net: NetName=IO34_2N Pin=R56-1
Added Pin To Net: NetName=IO34_5N Pin=R57-1
Added Pin To Net: NetName=IO34_8N Pin=R58-1
Added Pin To Net: NetName=IO34_4P Pin=R59-1
Added Pin To Net: NetName=MIO23 Pin=U5-22
Added Pin To Net: NetName=MIO19 Pin=U5-23
Added Pin To Net: NetName=MIO24 Pin=U5-24
Added Pin To Net: NetName=MIO20 Pin=U5-25
Added Pin To Net: NetName=MIO26 Pin=U5-26
Added Pin To Net: NetName=MIO22 Pin=U5-27
Added Pin To Net: NetName=IO34_6P Pin=U6-22
Added Pin To Net: NetName=IO34_20N Pin=U6-23
Added Pin To Net: NetName=IO34_6N Pin=U6-24
Added Pin To Net: NetName=IO34_20P Pin=U6-25
Added Pin To Net: NetName=IO34_1N Pin=U6-26
Added Pin To Net: NetName=IO34_1P Pin=U6-27
Added Pin To Net: NetName=IO34_8N Pin=U6-30
Added Pin To Net: NetName=IO34_4P Pin=U6-31
