Change Component Designator: Old Designator=C5 New Designator=C19
Change Component Designator: Old Designator=C6 New Designator=C18
Change Component Designator: Old Designator=C7 New Designator=C17
Change Component Designator: Old Designator=C8 New Designator=C15
Change Component Designator: Old Designator=C9 New Designator=C16
Change Component Designator: Old Designator=C10 New Designator=C20
Change Component Designator: Old Designator=C11 New Designator=C21
Change Component Designator: Old Designator=C12 New Designator=C22
Change Component Designator: Old Designator=C13 New Designator=C26
Change Component Designator: Old Designator=C14 New Designator=C27
Change Component Designator: Old Designator=C15 New Designator=C28
Change Component Designator: Old Designator=C16 New Designator=C23
Change Component Designator: Old Designator=C17 New Designator=C24
Change Component Designator: Old Designator=C18 New Designator=C25
Change Component Designator: Old Designator=C19 New Designator=C29
Change Component Designator: Old Designator=C20 New Designator=C30
Change Component Designator: Old Designator=C21 New Designator=C31
Change Component Designator: Old Designator=C22 New Designator=C32
Change Component Designator: Old Designator=C23 New Designator=C33
Change Component Designator: Old Designator=C24 New Designator=C34
Change Component Designator: Old Designator=C25 New Designator=C35
Change Component Designator: Old Designator=C26 New Designator=C36
Change Component Designator: Old Designator=C27 New Designator=C37
Change Component Designator: Old Designator=L0 New Designator=L1
Change Component Designator: Old Designator=P0 New Designator=P1
Change Component Designator: Old Designator=P1 New Designator=P2
Change Component Designator: Old Designator=R12 New Designator=R44
Change Component Designator: Old Designator=R14 New Designator=R39
Change Component Designator: Old Designator=R15 New Designator=R40
Change Component Designator: Old Designator=R16 New Designator=R45
Change Component Designator: Old Designator=R18 New Designator=R42
Change Component Designator: Old Designator=R20 New Designator=R43
Change Component Designator: Old Designator=R21 New Designator=R41
Change Component Designator: Old Designator=R22 New Designator=R27
Change Component Designator: Old Designator=R23 New Designator=R28
Change Component Designator: Old Designator=R24 New Designator=R29
Change Component Designator: Old Designator=R25 New Designator=R30
Change Component Designator: Old Designator=R26 New Designator=R31
Change Component Designator: Old Designator=R27 New Designator=R32
Change Component Designator: Old Designator=R28 New Designator=R33
Change Component Designator: Old Designator=R29 New Designator=R34
Change Component Designator: Old Designator=R30 New Designator=R35
Change Component Designator: Old Designator=R31 New Designator=R36
Change Component Designator: Old Designator=R32 New Designator=R37
Change Component Designator: Old Designator=R33 New Designator=R38
Change Component Designator: Old Designator=R34 New Designator=R46
Change Component Designator: Old Designator=R35 New Designator=R47
Change Component Designator: Old Designator=R36 New Designator=R50
Change Component Designator: Old Designator=R37 New Designator=R55
Change Component Designator: Old Designator=R38 New Designator=R53
Change Component Designator: Old Designator=R39 New Designator=R51
Change Component Designator: Old Designator=R40 New Designator=R56
Change Component Designator: Old Designator=R41 New Designator=R54
Change Component Designator: Old Designator=R42 New Designator=R52
Change Component Designator: Old Designator=R43 New Designator=R48
Change Component Designator: Old Designator=R44 New Designator=R49
Change Component Designator: Old Designator=U0 New Designator=U4
Change Component Designator: Old Designator=Y0 New Designator=Y1
