Removed Pin From Net: NetName=IO35_9P Pin=R144-1
Removed Pin From Net: NetName=IO35_17P Pin=R145-1
Removed Pin From Net: NetName=IO35_22P Pin=R146-1
Removed Pin From Net: NetName=IO35_9N Pin=R147-1
Removed Pin From Net: NetName=IO35_22N Pin=R148-1
Removed Pin From Net: NetName=IO35_20N Pin=R149-1
Removed Pin From Net: NetName=IO34_14P Pin=R150-1
Removed Pin From Net: NetName=IO34_14N Pin=R151-1
Removed Pin From Net: NetName=IO35_23N Pin=U10-22
Removed Pin From Net: NetName=IO35_7N Pin=U10-23
Removed Pin From Net: NetName=IO35_23P Pin=U10-24
Removed Pin From Net: NetName=IO35_7P Pin=U10-25
Removed Pin From Net: NetName=IO35_14N Pin=U10-26
Removed Pin From Net: NetName=IO35_14P Pin=U10-27
Removed Pin From Net: NetName=IO34_14P Pin=U10-30
Removed Pin From Net: NetName=IO34_14N Pin=U10-31
Added Pin To Net: NetName=IO35_23P Pin=R144-1
Added Pin To Net: NetName=IO34_14P Pin=R145-1
Added Pin To Net: NetName=IO35_14P Pin=R146-1
Added Pin To Net: NetName=IO35_14N Pin=R147-1
Added Pin To Net: NetName=IO35_7P Pin=R148-1
Added Pin To Net: NetName=IO34_14N Pin=R149-1
Added Pin To Net: NetName=IO35_17P Pin=R150-1
Added Pin To Net: NetName=IO35_20N Pin=R151-1
Added Pin To Net: NetName=IO35_7N Pin=U10-22
Added Pin To Net: NetName=IO35_23N Pin=U10-23
Added Pin To Net: NetName=IO35_9P Pin=U10-24
Added Pin To Net: NetName=IO35_22N Pin=U10-25
Added Pin To Net: NetName=IO35_9N Pin=U10-26
Added Pin To Net: NetName=IO35_22P Pin=U10-27
Added Pin To Net: NetName=IO35_17P Pin=U10-30
Added Pin To Net: NetName=IO35_20N Pin=U10-31
