Removed Pin From Net: NetName=MIO9 Pin=JTAG1-5
Removed Pin From Net: NetName=GND Pin=JTAG1-7
Removed Pin From Net: NetName=GND Pin=R18-1
Removed Pin From Net: NetName=NetLED1_K Pin=R18-2
Removed Pin From Net: NetName=5V Pin=USB1-2
Removed Pin From Net: NetName=5V Pin=USB1-5
Removed Member From Class: ClassName=OECU_BASE2 Member=C4
Removed Member From Class: ClassName=OECU_BASE2 Member=C7
Removed Member From Class: ClassName=OECU_BASE4 Member=C14
Removed Member From Class: ClassName=OECU_BASE5 Member=C34
Removed Member From Class: ClassName=OECU_BASE5 Member=C39
Removed Member From Class: ClassName=OECU_BASE5 Member=C41
Removed Member From Class: ClassName=OECU_BASE3 Member=C42
Removed Member From Class: ClassName=OECU_BASE5 Member=C42
Removed Member From Class: ClassName=OECU_BASE6 Member=C42
Removed Member From Class: ClassName=OECU_BASE5 Member=C43
Removed Member From Class: ClassName=OECU_BASE5 Member=C44
Removed Member From Class: ClassName=OECU_BASE5 Member=C46
Removed Member From Class: ClassName=OECU_BASE5 Member=C48
Removed Member From Class: ClassName=OECU_BASE5 Member=C49
Removed Member From Class: ClassName=OECU_BASE5 Member=C55
Removed Member From Class: ClassName=OECU_BASE3 Member=C64
Removed Member From Class: ClassName=OECU_BASE6 Member=C64
Removed Member From Class: ClassName=OECU_BASE6 Member=C67
Removed Member From Class: ClassName=OECU_BASE3 Member=C71
Removed Member From Class: ClassName=OECU_BASE6 Member=C71
Removed Member From Class: ClassName=OECU_BASE6 Member=C72
Removed Member From Class: ClassName=OECU_BASE6 Member=C78
Removed Member From Class: ClassName=OECU_BASE6 Member=C79
Removed Member From Class: ClassName=OECU_BASE3 Member=C83
Removed Member From Class: ClassName=OECU_BASE6 Member=C83
Removed Member From Class: ClassName=OECU_BASE6 Member=C84
Removed Member From Class: ClassName=OECU_BASE3 Member=C91
Removed Member From Class: ClassName=OECU_BASE3 Member=C92
Removed Member From Class: ClassName=OECU_BASE3 Member=C93
Removed Member From Class: ClassName=OECU_BASE3 Member=C96
Removed Member From Class: ClassName=OECU_BASE3 Member=C97
Removed Member From Class: ClassName=OECU_BASE3 Member=C98
Removed Member From Class: ClassName=OECU_BASE4 Member=R28
Removed Member From Class: ClassName=OECU_BASE4 Member=R37
Removed Member From Class: ClassName=OECU_BASE4 Member=R41
Removed Member From Class: ClassName=OECU_BASE4 Member=R44
Removed Member From Class: ClassName=OECU_BASE5 Member=R53
Removed Member From Class: ClassName=OECU_BASE5 Member=R55
Removed Member From Class: ClassName=OECU_BASE5 Member=R56
Removed Member From Class: ClassName=OECU_BASE5 Member=R80
Removed Member From Class: ClassName=OECU_BASE6 Member=R101
Removed Member From Class: ClassName=OECU_BASE6 Member=R103
Removed Member From Class: ClassName=OECU_BASE6 Member=R109
Removed Member From Class: ClassName=OECU_BASE6 Member=R110
Removed Member From Class: ClassName=OECU_BASE3 Member=R119
Removed Member From Class: ClassName=OECU_BASE3 Member=R120
Removed Member From Class: ClassName=OECU_BASE3 Member=R121
Removed Member From Class: ClassName=OECU_BASE3 Member=R122
Removed Member From Class: ClassName=OECU_BASE3 Member=R123
Removed Member From Class: ClassName=OECU_BASE3 Member=R124
Removed Member From Class: ClassName=OECU_BASE3 Member=R125
Removed Member From Class: ClassName=OECU_BASE6 Member=R126
Removed Member From Class: ClassName=OECU_BASE6 Member=R127
Removed Member From Class: ClassName=OECU_BASE6 Member=R128
Removed Member From Class: ClassName=OECU_BASE6 Member=R129
Removed Member From Class: ClassName=OECU_BASE6 Member=R130
Removed Member From Class: ClassName=OECU_BASE3 Member=R131
Removed Member From Class: ClassName=OECU_BASE3 Member=R132
Removed Member From Class: ClassName=OECU_BASE3 Member=R133
Removed Member From Class: ClassName=OECU_BASE3 Member=R134
Removed Member From Class: ClassName=OECU_BASE5 Member=U5
Removed Member From Class: ClassName=OECU_BASE6 Member=U6
Change Component Footprint: Designator=JTAG1 Old Footprint=SH1.25MM_7P New Footprint=HDR2_4P
Change Component Comment : Designator=JTAG1 Old Comment=SH1.25mm_7P New Comment=Header_2.54_4p_2
Change Component Designator: OldDesignator=C2 NewDesignator=C3
Change Component Designator: OldDesignator=C3 NewDesignator=C2
Change Component Designator: OldDesignator=C4 NewDesignator=C5
Change Component Designator: OldDesignator=C5 NewDesignator=C6
Change Component Designator: OldDesignator=C6 NewDesignator=C7
Change Component Designator: OldDesignator=C7 NewDesignator=C9
Change Component Designator: OldDesignator=C8 NewDesignator=C10
Change Component Designator: OldDesignator=C9 NewDesignator=C12
Change Component Designator: OldDesignator=C10 NewDesignator=C13
Change Component Designator: OldDesignator=C11 NewDesignator=C14
Change Component Designator: OldDesignator=C12 NewDesignator=C15
Change Component Designator: OldDesignator=C13 NewDesignator=C16
Change Component Designator: OldDesignator=C14 NewDesignator=C17
Change Component Designator: OldDesignator=C15 NewDesignator=C18
Change Component Designator: OldDesignator=C16 NewDesignator=C19
Change Component Designator: OldDesignator=C17 NewDesignator=C20
Change Component Designator: OldDesignator=C18 NewDesignator=C21
Change Component Designator: OldDesignator=C19 NewDesignator=C22
Change Component Designator: OldDesignator=C20 NewDesignator=C23
Change Component Designator: OldDesignator=C21 NewDesignator=C24
Change Component Designator: OldDesignator=C22 NewDesignator=C25
Change Component Designator: OldDesignator=C23 NewDesignator=C26
Change Component Designator: OldDesignator=C24 NewDesignator=C27
Change Component Designator: OldDesignator=C25 NewDesignator=C28
Change Component Designator: OldDesignator=C26 NewDesignator=C29
Change Component Designator: OldDesignator=C27 NewDesignator=C30
Change Component Designator: OldDesignator=C28 NewDesignator=C31
Change Component Designator: OldDesignator=C29 NewDesignator=C32
Change Component Designator: OldDesignator=C30 NewDesignator=C33
Change Component Designator: OldDesignator=C31 NewDesignator=C34
Change Component Designator: OldDesignator=C32 NewDesignator=C35
Change Component Designator: OldDesignator=C33 NewDesignator=C36
Change Component Designator: OldDesignator=C34 NewDesignator=C37
Change Component Designator: OldDesignator=C35 NewDesignator=C38
Change Component Designator: OldDesignator=C36 NewDesignator=C39
Change Component Designator: OldDesignator=C37 NewDesignator=C40
Change Component Designator: OldDesignator=C38 NewDesignator=C41
Change Component Designator: OldDesignator=C39 NewDesignator=C42
Change Component Designator: OldDesignator=C40 NewDesignator=C43
Change Component Designator: OldDesignator=C41 NewDesignator=C44
Change Component Designator: OldDesignator=C42 NewDesignator=C45
Change Component Designator: OldDesignator=C43 NewDesignator=C46
Change Component Designator: OldDesignator=C44 NewDesignator=C47
Change Component Designator: OldDesignator=C45 NewDesignator=C48
Change Component Designator: OldDesignator=C46 NewDesignator=C49
Change Component Designator: OldDesignator=C47 NewDesignator=C50
Change Component Designator: OldDesignator=C48 NewDesignator=C51
Change Component Designator: OldDesignator=C49 NewDesignator=C52
Change Component Designator: OldDesignator=C50 NewDesignator=C53
Change Component Designator: OldDesignator=C51 NewDesignator=C54
Change Component Designator: OldDesignator=C52 NewDesignator=C55
Change Component Designator: OldDesignator=C53 NewDesignator=C56
Change Component Designator: OldDesignator=C54 NewDesignator=C57
Change Component Designator: OldDesignator=C55 NewDesignator=C58
Change Component Designator: OldDesignator=C56 NewDesignator=C59
Change Component Designator: OldDesignator=C57 NewDesignator=C60
Change Component Designator: OldDesignator=C58 NewDesignator=C61
Change Component Designator: OldDesignator=C59 NewDesignator=C62
Change Component Designator: OldDesignator=C60 NewDesignator=C63
Change Component Designator: OldDesignator=C61 NewDesignator=C64
Change Component Designator: OldDesignator=C62 NewDesignator=C65
Change Component Designator: OldDesignator=C63 NewDesignator=C66
Change Component Designator: OldDesignator=C64 NewDesignator=C67
Change Component Designator: OldDesignator=C65 NewDesignator=C68
Change Component Designator: OldDesignator=C66 NewDesignator=C69
Change Component Designator: OldDesignator=C67 NewDesignator=C70
Change Component Designator: OldDesignator=C68 NewDesignator=C71
Change Component Designator: OldDesignator=C69 NewDesignator=C72
Change Component Designator: OldDesignator=C70 NewDesignator=C73
Change Component Designator: OldDesignator=C71 NewDesignator=C74
Change Component Designator: OldDesignator=C72 NewDesignator=C75
Change Component Designator: OldDesignator=C73 NewDesignator=C76
Change Component Designator: OldDesignator=C74 NewDesignator=C77
Change Component Designator: OldDesignator=C75 NewDesignator=C78
Change Component Designator: OldDesignator=C76 NewDesignator=C79
Change Component Designator: OldDesignator=C77 NewDesignator=C80
Change Component Designator: OldDesignator=C78 NewDesignator=C81
Change Component Designator: OldDesignator=C79 NewDesignator=C82
Change Component Designator: OldDesignator=C80 NewDesignator=C83
Change Component Designator: OldDesignator=C81 NewDesignator=C84
Change Component Designator: OldDesignator=C82 NewDesignator=C85
Change Component Designator: OldDesignator=C83 NewDesignator=C86
Change Component Designator: OldDesignator=C84 NewDesignator=C87
Change Component Designator: OldDesignator=C85 NewDesignator=C88
Change Component Designator: OldDesignator=C86 NewDesignator=C89
Change Component Designator: OldDesignator=C87 NewDesignator=C90
Change Component Designator: OldDesignator=C88 NewDesignator=C91
Change Component Designator: OldDesignator=C89 NewDesignator=C92
Change Component Designator: OldDesignator=C90 NewDesignator=C93
Change Component Designator: OldDesignator=C91 NewDesignator=C94
Change Component Designator: OldDesignator=C92 NewDesignator=C95
Change Component Designator: OldDesignator=C93 NewDesignator=C96
Change Component Designator: OldDesignator=C94 NewDesignator=C97
Change Component Designator: OldDesignator=C95 NewDesignator=C98
Change Component Designator: OldDesignator=C96 NewDesignator=C99
Change Component Designator: OldDesignator=C97 NewDesignator=C100
Change Component Designator: OldDesignator=C98 NewDesignator=C101
Change Component Designator: OldDesignator=C99 NewDesignator=C102
Change Component Designator: OldDesignator=C100 NewDesignator=C103
Change Component Designator: OldDesignator=C101 NewDesignator=C104
Change Component Designator: OldDesignator=C102 NewDesignator=C105
Change Component Designator: OldDesignator=C103 NewDesignator=C106
Change Component Designator: OldDesignator=C104 NewDesignator=C107
Change Component Designator: OldDesignator=C105 NewDesignator=C108
Change Component Designator: OldDesignator=C106 NewDesignator=C109
Change Component Designator: OldDesignator=C107 NewDesignator=C110
Change Component Designator: OldDesignator=C108 NewDesignator=C111
Change Component Designator: OldDesignator=C109 NewDesignator=C112
Change Component Designator: OldDesignator=C110 NewDesignator=C113
Change Component Designator: OldDesignator=C111 NewDesignator=C114
Change Component Designator: OldDesignator=C112 NewDesignator=C115
Change Component Designator: OldDesignator=C113 NewDesignator=C116
Change Component Designator: OldDesignator=C114 NewDesignator=C117
Change Component Designator: OldDesignator=C115 NewDesignator=C118
Change Component Designator: OldDesignator=C116 NewDesignator=C119
Change Component Designator: OldDesignator=C117 NewDesignator=C120
Change Component Designator: OldDesignator=C118 NewDesignator=C121
Change Component Designator: OldDesignator=C119 NewDesignator=C122
Change Component Designator: OldDesignator=C120 NewDesignator=C123
Change Component Designator: OldDesignator=C121 NewDesignator=C124
Change Component Designator: OldDesignator=C122 NewDesignator=C125
Change Component Designator: OldDesignator=C123 NewDesignator=C126
Change Component Designator: OldDesignator=C124 NewDesignator=C127
Change Component Designator: OldDesignator=C125 NewDesignator=C128
Change Component Designator: OldDesignator=C126 NewDesignator=C129
Change Component Designator: OldDesignator=C127 NewDesignator=C130
Change Component Designator: OldDesignator=R5 NewDesignator=R15
Change Component Designator: OldDesignator=R6 NewDesignator=R8
Change Component Designator: OldDesignator=R7 NewDesignator=R9
Change Component Designator: OldDesignator=R8 NewDesignator=R10
Change Component Designator: OldDesignator=R9 NewDesignator=R11
Change Component Designator: OldDesignator=R10 NewDesignator=R12
Change Component Designator: OldDesignator=R11 NewDesignator=R13
Change Component Designator: OldDesignator=R12 NewDesignator=R14
Change Component Designator: OldDesignator=R13 NewDesignator=R17
Change Component Designator: OldDesignator=R14 NewDesignator=R16
Change Component Designator: OldDesignator=R15 NewDesignator=R6
Change Component Designator: OldDesignator=R16 NewDesignator=R7
Change Component Designator: OldDesignator=R17 NewDesignator=R20
Change Component Designator: OldDesignator=R18 NewDesignator=R5
Change Component Designator: OldDesignator=R19 NewDesignator=R22
Change Component Designator: OldDesignator=R20 NewDesignator=R23
Change Component Designator: OldDesignator=R21 NewDesignator=R24
Change Component Designator: OldDesignator=R22 NewDesignator=R25
Change Component Designator: OldDesignator=R23 NewDesignator=R26
Change Component Designator: OldDesignator=R24 NewDesignator=R27
Change Component Designator: OldDesignator=R25 NewDesignator=R28
Change Component Designator: OldDesignator=R26 NewDesignator=R29
Change Component Designator: OldDesignator=R27 NewDesignator=R30
Change Component Designator: OldDesignator=R28 NewDesignator=R31
Change Component Designator: OldDesignator=R29 NewDesignator=R32
Change Component Designator: OldDesignator=R30 NewDesignator=R33
Change Component Designator: OldDesignator=R31 NewDesignator=R34
Change Component Designator: OldDesignator=R32 NewDesignator=R35
Change Component Designator: OldDesignator=R33 NewDesignator=R36
Change Component Designator: OldDesignator=R34 NewDesignator=R37
Change Component Designator: OldDesignator=R35 NewDesignator=R38
Change Component Designator: OldDesignator=R36 NewDesignator=R39
Change Component Designator: OldDesignator=R37 NewDesignator=R40
Change Component Designator: OldDesignator=R38 NewDesignator=R41
Change Component Designator: OldDesignator=R39 NewDesignator=R42
Change Component Designator: OldDesignator=R40 NewDesignator=R43
Change Component Designator: OldDesignator=R41 NewDesignator=R44
Change Component Designator: OldDesignator=R42 NewDesignator=R45
Change Component Designator: OldDesignator=R43 NewDesignator=R46
Change Component Designator: OldDesignator=R44 NewDesignator=R47
Change Component Designator: OldDesignator=R45 NewDesignator=R48
Change Component Designator: OldDesignator=R46 NewDesignator=R49
Change Component Designator: OldDesignator=R47 NewDesignator=R50
Change Component Designator: OldDesignator=R48 NewDesignator=R51
Change Component Designator: OldDesignator=R49 NewDesignator=R52
Change Component Designator: OldDesignator=R50 NewDesignator=R53
Change Component Designator: OldDesignator=R51 NewDesignator=R54
Change Component Designator: OldDesignator=R52 NewDesignator=R55
Change Component Designator: OldDesignator=R53 NewDesignator=R56
Change Component Designator: OldDesignator=R54 NewDesignator=R57
Change Component Designator: OldDesignator=R55 NewDesignator=R58
Change Component Designator: OldDesignator=R56 NewDesignator=R59
Change Component Designator: OldDesignator=R57 NewDesignator=R60
Change Component Designator: OldDesignator=R58 NewDesignator=R61
Change Component Designator: OldDesignator=R59 NewDesignator=R62
Change Component Designator: OldDesignator=R60 NewDesignator=R63
Change Component Designator: OldDesignator=R61 NewDesignator=R64
Change Component Designator: OldDesignator=R62 NewDesignator=R65
Change Component Designator: OldDesignator=R63 NewDesignator=R66
Change Component Designator: OldDesignator=R64 NewDesignator=R67
Change Component Designator: OldDesignator=R65 NewDesignator=R68
Change Component Designator: OldDesignator=R66 NewDesignator=R69
Change Component Designator: OldDesignator=R67 NewDesignator=R70
Change Component Designator: OldDesignator=R68 NewDesignator=R71
Change Component Designator: OldDesignator=R69 NewDesignator=R72
Change Component Designator: OldDesignator=R70 NewDesignator=R73
Change Component Designator: OldDesignator=R71 NewDesignator=R74
Change Component Designator: OldDesignator=R72 NewDesignator=R75
Change Component Designator: OldDesignator=R73 NewDesignator=R76
Change Component Designator: OldDesignator=R74 NewDesignator=R77
Change Component Designator: OldDesignator=R75 NewDesignator=R78
Change Component Designator: OldDesignator=R76 NewDesignator=R79
Change Component Designator: OldDesignator=R77 NewDesignator=R80
Change Component Designator: OldDesignator=R78 NewDesignator=R81
Change Component Designator: OldDesignator=R79 NewDesignator=R82
Change Component Designator: OldDesignator=R80 NewDesignator=R83
Change Component Designator: OldDesignator=R81 NewDesignator=R84
Change Component Designator: OldDesignator=R82 NewDesignator=R85
Change Component Designator: OldDesignator=R83 NewDesignator=R86
Change Component Designator: OldDesignator=R84 NewDesignator=R87
Change Component Designator: OldDesignator=R85 NewDesignator=R88
Change Component Designator: OldDesignator=R86 NewDesignator=R89
Change Component Designator: OldDesignator=R87 NewDesignator=R90
Change Component Designator: OldDesignator=R88 NewDesignator=R91
Change Component Designator: OldDesignator=R89 NewDesignator=R92
Change Component Designator: OldDesignator=R90 NewDesignator=R93
Change Component Designator: OldDesignator=R91 NewDesignator=R94
Change Component Designator: OldDesignator=R92 NewDesignator=R95
Change Component Designator: OldDesignator=R93 NewDesignator=R96
Change Component Designator: OldDesignator=R94 NewDesignator=R97
Change Component Designator: OldDesignator=R95 NewDesignator=R98
Change Component Designator: OldDesignator=R96 NewDesignator=R99
Change Component Designator: OldDesignator=R97 NewDesignator=R100
Change Component Designator: OldDesignator=R98 NewDesignator=R101
Change Component Designator: OldDesignator=R99 NewDesignator=R102
Change Component Designator: OldDesignator=R100 NewDesignator=R103
Change Component Designator: OldDesignator=R101 NewDesignator=R104
Change Component Designator: OldDesignator=R102 NewDesignator=R105
Change Component Designator: OldDesignator=R103 NewDesignator=R106
Change Component Designator: OldDesignator=R104 NewDesignator=R107
Change Component Designator: OldDesignator=R105 NewDesignator=R108
Change Component Designator: OldDesignator=R106 NewDesignator=R109
Change Component Designator: OldDesignator=R107 NewDesignator=R110
Change Component Designator: OldDesignator=R108 NewDesignator=R111
Change Component Designator: OldDesignator=R109 NewDesignator=R112
Change Component Designator: OldDesignator=R110 NewDesignator=R113
Change Component Designator: OldDesignator=R111 NewDesignator=R114
Change Component Designator: OldDesignator=R112 NewDesignator=R115
Change Component Designator: OldDesignator=R113 NewDesignator=R116
Change Component Designator: OldDesignator=R114 NewDesignator=R117
Change Component Designator: OldDesignator=R115 NewDesignator=R118
Change Component Designator: OldDesignator=R116 NewDesignator=R119
Change Component Designator: OldDesignator=R117 NewDesignator=R120
Change Component Designator: OldDesignator=R118 NewDesignator=R121
Change Component Designator: OldDesignator=R119 NewDesignator=R122
Change Component Designator: OldDesignator=R120 NewDesignator=R123
Change Component Designator: OldDesignator=R121 NewDesignator=R124
Change Component Designator: OldDesignator=R122 NewDesignator=R125
Change Component Designator: OldDesignator=R123 NewDesignator=R126
Change Component Designator: OldDesignator=R124 NewDesignator=R127
Change Component Designator: OldDesignator=R125 NewDesignator=R128
Change Component Designator: OldDesignator=R126 NewDesignator=R129
Change Component Designator: OldDesignator=R127 NewDesignator=R130
Change Component Designator: OldDesignator=R128 NewDesignator=R131
Change Component Designator: OldDesignator=R129 NewDesignator=R132
Change Component Designator: OldDesignator=R130 NewDesignator=R133
Change Component Designator: OldDesignator=R131 NewDesignator=R134
Change Component Designator: OldDesignator=R132 NewDesignator=R135
Change Component Designator: OldDesignator=R133 NewDesignator=R136
Change Component Designator: OldDesignator=R134 NewDesignator=R137
Change Component Designator: OldDesignator=R135 NewDesignator=R138
Change Component Designator: OldDesignator=R136 NewDesignator=R139
Change Component Designator: OldDesignator=R137 NewDesignator=R140
Change Component Designator: OldDesignator=R138 NewDesignator=R141
Change Component Designator: OldDesignator=R139 NewDesignator=R142
Change Component Designator: OldDesignator=R140 NewDesignator=R143
Change Component Designator: OldDesignator=R141 NewDesignator=R144
Change Component Designator: OldDesignator=R142 NewDesignator=R145
Change Component Designator: OldDesignator=R143 NewDesignator=R146
Change Component Designator: OldDesignator=R144 NewDesignator=R147
Change Component Designator: OldDesignator=R145 NewDesignator=R148
Change Component Designator: OldDesignator=R146 NewDesignator=R149
Change Component Designator: OldDesignator=R147 NewDesignator=R150
Change Component Designator: OldDesignator=R148 NewDesignator=R151
Change Component Designator: OldDesignator=R149 NewDesignator=R152
Change Component Designator: OldDesignator=R150 NewDesignator=R153
Change Component Designator: OldDesignator=R151 NewDesignator=R154
Change Component Designator: OldDesignator=R152 NewDesignator=R155
Change Component Designator: OldDesignator=R153 NewDesignator=R156
Change Component Designator: OldDesignator=R154 NewDesignator=R157
Change Component Designator: OldDesignator=R155 NewDesignator=R158
Change Component Designator: OldDesignator=R156 NewDesignator=R159
Change Component Designator: OldDesignator=R157 NewDesignator=R160
Change Component Designator: OldDesignator=R158 NewDesignator=R161
Change Component Designator: OldDesignator=R159 NewDesignator=R162
Change Component Designator: OldDesignator=R160 NewDesignator=R163
Change Component Designator: OldDesignator=R161 NewDesignator=R164
Change Component Designator: OldDesignator=R162 NewDesignator=R165
Change Component Designator: OldDesignator=R163 NewDesignator=R166
Change Component Designator: OldDesignator=R164 NewDesignator=R167
Change Component Designator: OldDesignator=R165 NewDesignator=R168
Change Component Designator: OldDesignator=R166 NewDesignator=R169
Change Component Designator: OldDesignator=R167 NewDesignator=R170
Change Component Designator: OldDesignator=R168 NewDesignator=R171
Change Component Designator: OldDesignator=R169 NewDesignator=R172
Change Component Designator: OldDesignator=R170 NewDesignator=R173
Change Component Designator: OldDesignator=R171 NewDesignator=R174
Change Component Designator: OldDesignator=R172 NewDesignator=R175
Change Component Designator: OldDesignator=R173 NewDesignator=R176
Change Component Designator: OldDesignator=R174 NewDesignator=R177
Change Component Designator: OldDesignator=R175 NewDesignator=R178
Change Component Designator: OldDesignator=R176 NewDesignator=R179
Change Component Designator: OldDesignator=R177 NewDesignator=R180
Change Component Designator: OldDesignator=R178 NewDesignator=R181
Change Component Designator: OldDesignator=R179 NewDesignator=R182
Change Component Designator: OldDesignator=R180 NewDesignator=R183
Change Component Designator: OldDesignator=R181 NewDesignator=R184
Change Component Designator: OldDesignator=R182 NewDesignator=R185
Change Component Designator: OldDesignator=R183 NewDesignator=R186
Change Component Designator: OldDesignator=R184 NewDesignator=R187
Change Component Designator: OldDesignator=R185 NewDesignator=R188
Change Component Designator: OldDesignator=R186 NewDesignator=R189
Change Component Designator: OldDesignator=R187 NewDesignator=R190
Change Component Designator: OldDesignator=R188 NewDesignator=R191
Change Component Designator: OldDesignator=R189 NewDesignator=R192
Change Component Designator: OldDesignator=R190 NewDesignator=R193
Change Component Designator: OldDesignator=R191 NewDesignator=R194
Change Component Designator: OldDesignator=R192 NewDesignator=R195
Change Component Designator: OldDesignator=R193 NewDesignator=R196
Change Component Designator: OldDesignator=R194 NewDesignator=R197
Change Component Designator: OldDesignator=U3 NewDesignator=U5
Change Component Designator: OldDesignator=U4 NewDesignator=U6
Change Component Designator: OldDesignator=U5 NewDesignator=U7
Change Component Designator: OldDesignator=U6 NewDesignator=U8
Change Component Designator: OldDesignator=U7 NewDesignator=U9
Change Component Designator: OldDesignator=U8 NewDesignator=U10
Change Component Designator: OldDesignator=U9 NewDesignator=U11
Added Component: Designator=C4(0402)
Added Component: Designator=C8(1206)
Added Component: Designator=C11(0402)
Added Component: Designator=K1(KEY_DIP_6_L)
Added Component: Designator=R18(R_0402)
Added Component: Designator=R19(R_0402)
Added Component: Designator=R21(R_0402)
Added Component: Designator=U3(SOP8-150MIL)
Added Component: Designator=U4(SOT_23_6)
Added Pin To Net: NetName=5V Pin=C4-1
Added Pin To Net: NetName=5V Pin=C8-1
Added Pin To Net: NetName=GND Pin=C8-2
Added Pin To Net: NetName=GND Pin=C11-2
Added Pin To Net: NetName=GND Pin=JTAG1-5
Added Pin To Net: NetName=MIO9 Pin=JTAG1-7
Added Pin To Net: NetName=3V3 Pin=JTAG1-8
Added Pin To Net: NetName=GND Pin=K1-2
Added Pin To Net: NetName=NetLED1_K Pin=R5-1
Added Pin To Net: NetName=GND Pin=R5-2
Added Pin To Net: NetName=GND Pin=R19-2
Added Pin To Net: NetName=GND Pin=R21-2
Added Pin To Net: NetName=GND Pin=U3-8
Added Pin To Net: NetName=5V Pin=U4-2
Added Pin To Net: NetName=5V Pin=U4-3
Change Net Name : Old Net Name=NetC2_1 New Net Name=NetC3_1
Change Net Name : Old Net Name=NetC4_1 New Net Name=NetC5_1
Change Net Name : Old Net Name=NetC5_1 New Net Name=NetC6_1
Change Net Name : Old Net Name=NetC9_2 New Net Name=NetC12_2
Change Net Name : Old Net Name=NetC11_2 New Net Name=NetC14_2
Change Net Name : Old Net Name=NetC26_2 New Net Name=NetC29_2
Change Net Name : Old Net Name=NetC41_2 New Net Name=NetC44_2
Change Net Name : Old Net Name=NetC56_2 New Net Name=NetC59_2
Change Net Name : Old Net Name=NetC71_2 New Net Name=NetC74_2
Change Net Name : Old Net Name=NetC86_2 New Net Name=NetC89_2
Change Net Name : Old Net Name=NetC101_2 New Net Name=NetC104_2
Change Net Name : Old Net Name=NetR5_1 New Net Name=NetR15_1
Change Net Name : Old Net Name=NetR13_1 New Net Name=NetR17_1
Change Net Name : Old Net Name=NetR14_2 New Net Name=NetR16_2
Change Net Name : Old Net Name=NetR15_2 New Net Name=NetR6_2
Change Net Name : Old Net Name=NetR16_2 New Net Name=NetR7_2
Change Net Name : Old Net Name=NetR28_1 New Net Name=NetR31_1
Change Net Name : Old Net Name=NetR28_2 New Net Name=NetR31_2
Change Net Name : Old Net Name=NetR29_1 New Net Name=NetR32_1
Change Net Name : Old Net Name=NetR30_1 New Net Name=NetR33_1
Change Net Name : Old Net Name=NetR62_1 New Net Name=NetR65_1
Change Net Name : Old Net Name=NetR62_2 New Net Name=NetR65_2
Change Net Name : Old Net Name=NetR66_1 New Net Name=NetR69_1
Change Net Name : Old Net Name=NetR67_1 New Net Name=NetR70_1
Change Net Name : Old Net Name=NetR85_1 New Net Name=NetR88_1
Change Net Name : Old Net Name=NetR85_2 New Net Name=NetR88_2
Change Net Name : Old Net Name=NetR89_1 New Net Name=NetR92_1
Change Net Name : Old Net Name=NetR90_1 New Net Name=NetR93_1
Change Net Name : Old Net Name=NetR108_1 New Net Name=NetR111_1
Change Net Name : Old Net Name=NetR108_2 New Net Name=NetR111_2
Change Net Name : Old Net Name=NetR112_1 New Net Name=NetR115_1
Change Net Name : Old Net Name=NetR113_1 New Net Name=NetR116_1
Change Net Name : Old Net Name=NetR131_1 New Net Name=NetR134_1
Change Net Name : Old Net Name=NetR131_2 New Net Name=NetR134_2
Change Net Name : Old Net Name=NetR135_1 New Net Name=NetR138_1
Change Net Name : Old Net Name=NetR136_1 New Net Name=NetR139_1
Change Net Name : Old Net Name=NetR154_1 New Net Name=NetR157_1
Change Net Name : Old Net Name=NetR154_2 New Net Name=NetR157_2
Change Net Name : Old Net Name=NetR158_1 New Net Name=NetR161_1
Change Net Name : Old Net Name=NetR159_1 New Net Name=NetR162_1
Change Net Name : Old Net Name=NetR177_1 New Net Name=NetR180_1
Change Net Name : Old Net Name=NetR177_2 New Net Name=NetR180_2
Change Net Name : Old Net Name=NetR181_1 New Net Name=NetR184_1
Change Net Name : Old Net Name=NetR182_1 New Net Name=NetR185_1
Added Pin To Net: NetName=NetC4_2 Pin=C4-2
Added Pin To Net: NetName=NetC4_2 Pin=R18-1
Added Pin To Net: NetName=NetC4_2 Pin=U4-6
Added Net: Name=NetC4_2
Added Pin To Net: NetName=NetK1_1 Pin=K1-1
Added Pin To Net: NetName=NetK1_1 Pin=U3-3
Added Net: Name=NetK1_1
Added Pin To Net: NetName=NetR19_1 Pin=R19-1
Added Pin To Net: NetName=NetR19_1 Pin=U3-6
Added Pin To Net: NetName=NetR19_1 Pin=U4-5
Added Net: Name=NetR19_1
Added Pin To Net: NetName=NetR21_1 Pin=R21-1
Added Pin To Net: NetName=NetR21_1 Pin=U4-1
Added Net: Name=NetR21_1
Added Pin To Net: NetName=VBUS Pin=C11-1
Added Pin To Net: NetName=VBUS Pin=R18-2
Added Pin To Net: NetName=VBUS Pin=U3-1
Added Pin To Net: NetName=VBUS Pin=U4-4
Added Pin To Net: NetName=VBUS Pin=USB1-2
Added Pin To Net: NetName=VBUS Pin=USB1-5
Added Net: Name=VBUS
Added Member To Class: ClassName=OECU_BASE1 Member=Component C4 104
Added Member To Class: ClassName=OECU_BASE1 Member=Component C5 104
Added Member To Class: ClassName=OECU_BASE1 Member=Component C9 104
Added Member To Class: ClassName=OECU_BASE1 Member=Component C10 22uF
Added Member To Class: ClassName=OECU_BASE1 Member=Component C11 104
Added Member To Class: ClassName=OECU_BASE2 Member=Component C13 10uF
Added Member To Class: ClassName=OECU_BASE2 Member=Component C20 104
Added Member To Class: ClassName=OECU_BASE2 Member=Component C23 104
Added Member To Class: ClassName=OECU_BASE2 Member=Component C24 104
Added Member To Class: ClassName=OECU_BASE2 Member=Component C26 104
Added Member To Class: ClassName=OECU_BASE2 Member=Component C27 10uF
Added Member To Class: ClassName=OECU_BASE2 Member=Component C28 10uF
Added Member To Class: ClassName=OECU_BASE4 Member=Component C45 104
Added Member To Class: ClassName=OECU_BASE4 Member=Component C51 104
Added Member To Class: ClassName=OECU_BASE4 Member=Component C52 104
Added Member To Class: ClassName=OECU_BASE4 Member=Component C57 10uF
Added Member To Class: ClassName=OECU_BASE4 Member=Component C58 10uF
Added Member To Class: ClassName=OECU_BASE5 Member=Component C59 104
Added Member To Class: ClassName=OECU_BASE5 Member=Component C62 104
Added Member To Class: ClassName=OECU_BASE5 Member=Component C63 104
Added Member To Class: ClassName=OECU_BASE5 Member=Component C68 104
Added Member To Class: ClassName=OECU_BASE5 Member=Component C69 10uF
Added Member To Class: ClassName=OECU_BASE5 Member=Component C73 10uF
Added Member To Class: ClassName=OECU_BASE5 Member=Component C74 104
Added Member To Class: ClassName=OECU_BASE5 Member=Component C76 104
Added Member To Class: ClassName=OECU_BASE5 Member=Component C81 104
Added Member To Class: ClassName=OECU_BASE5 Member=Component C85 10uF
Added Member To Class: ClassName=OECU_BASE5 Member=Component C86 10uF
Added Member To Class: ClassName=OECU_BASE5 Member=Component C87 10uF
Added Member To Class: ClassName=OECU_BASE5 Member=Component C88 10uF
Added Member To Class: ClassName=OECU_BASE6 Member=Component C95 104
Added Member To Class: ClassName=OECU_BASE6 Member=Component C99 10uF
Added Member To Class: ClassName=OECU_BASE6 Member=Component C105 104
Added Member To Class: ClassName=OECU_BASE6 Member=Component C106 104
Added Member To Class: ClassName=OECU_BASE6 Member=Component C109 104
Added Member To Class: ClassName=OECU_BASE6 Member=Component C110 104
Added Member To Class: ClassName=OECU_BASE6 Member=Component C112 104
Added Member To Class: ClassName=OECU_BASE6 Member=Component C115 10uF
Added Member To Class: ClassName=OECU_BASE6 Member=Component C116 10uF
Added Member To Class: ClassName=OECU_BASE6 Member=Component C117 10uF
Added Member To Class: ClassName=OECU_BASE6 Member=Component C118 10uF
Added Member To Class: ClassName=OECU_BASE3 Member=Component C121 104
Added Member To Class: ClassName=OECU_BASE3 Member=Component C122 10uF
Added Member To Class: ClassName=OECU_BASE3 Member=Component C123 104
Added Member To Class: ClassName=OECU_BASE3 Member=Component C124 10uF
Added Member To Class: ClassName=OECU_BASE3 Member=Component C125 104
Added Member To Class: ClassName=OECU_BASE3 Member=Component C126 10uF
Added Member To Class: ClassName=OECU_BASE3 Member=Component C127 104
Added Member To Class: ClassName=OECU_BASE3 Member=Component C128 10uF
Added Member To Class: ClassName=OECU_BASE3 Member=Component C129 104
Added Member To Class: ClassName=OECU_BASE3 Member=Component C130 10uF
Added Member To Class: ClassName=OECU_BASE4 Member=Component FB6 102
Added Member To Class: ClassName=OECU_BASE4 Member=Component FB8 102
Added Member To Class: ClassName=OECU_BASE5 Member=Component FB11 102
Added Member To Class: ClassName=OECU_BASE5 Member=Component FB13 102
Added Member To Class: ClassName=OECU_BASE5 Member=Component FB14 102
Added Member To Class: ClassName=OECU_BASE6 Member=Component FB19 102
Added Member To Class: ClassName=OECU_BASE6 Member=Component FB20 102
Added Member To Class: ClassName=OECU_BASE1 Member=Component K1 KEY
Added Member To Class: ClassName=OECU_BASE4 Member=Component L4 22uH
Added Member To Class: ClassName=OECU_BASE5 Member=Component L6 22uH
Added Member To Class: ClassName=OECU_BASE6 Member=Component L8 22uH
Added Member To Class: ClassName=OECU_BASE1 Member=Component R4 10K
Added Member To Class: ClassName=OECU_BASE1 Member=Component R5 1K
Added Member To Class: ClassName=OECU_BASE1 Member=Component R12 10K
Added Member To Class: ClassName=OECU_BASE1 Member=Component R13 10K
Added Member To Class: ClassName=OECU_BASE1 Member=Component R15 4K7
Added Member To Class: ClassName=OECU_BASE1 Member=Component R16 4K7
Added Member To Class: ClassName=OECU_BASE1 Member=Component R18 10K
Added Member To Class: ClassName=OECU_BASE1 Member=Component R20 44K2
Added Member To Class: ClassName=OECU_BASE1 Member=Component R21 1K
Added Member To Class: ClassName=OECU_BASE1 Member=Component R22 200K
Added Member To Class: ClassName=OECU_BASE2 Member=Component R26 22R
Added Member To Class: ClassName=OECU_BASE2 Member=Component R27 22R
Added Member To Class: ClassName=OECU_BASE2 Member=Component R31 22R
Added Member To Class: ClassName=OECU_BASE2 Member=Component R32 0R
Added Member To Class: ClassName=OECU_BASE2 Member=Component R33 4K7
Added Member To Class: ClassName=OECU_BASE2 Member=Component R34 510R
Added Member To Class: ClassName=OECU_BASE2 Member=Component R35 510R
Added Member To Class: ClassName=OECU_BASE2 Member=Component R36 10K
Added Member To Class: ClassName=OECU_BASE2 Member=Component R39 4K7
Added Member To Class: ClassName=OECU_BASE2 Member=Component R43 4K7
Added Member To Class: ClassName=OECU_BASE2 Member=Component R45 4K7
Added Member To Class: ClassName=OECU_BASE2 Member=Component R46 4K7
Added Member To Class: ClassName=OECU_BASE2 Member=Component R47 NC
Added Member To Class: ClassName=OECU_BASE4 Member=Component R54 22R
Added Member To Class: ClassName=OECU_BASE4 Member=Component R57 22R
Added Member To Class: ClassName=OECU_BASE4 Member=Component R62 4K7
Added Member To Class: ClassName=OECU_BASE4 Member=Component R63 4K7
Added Member To Class: ClassName=OECU_BASE4 Member=Component R64 4K7
Added Member To Class: ClassName=OECU_BASE4 Member=Component R65 22R
Added Member To Class: ClassName=OECU_BASE4 Member=Component R66 4K7
Added Member To Class: ClassName=OECU_BASE4 Member=Component R67 4K7
Added Member To Class: ClassName=OECU_BASE4 Member=Component R68 NC
Added Member To Class: ClassName=OECU_BASE4 Member=Component R69 0R
Added Member To Class: ClassName=OECU_BASE4 Member=Component R70 4K7
Added Member To Class: ClassName=OECU_BASE4 Member=Component R71 NC
Added Member To Class: ClassName=OECU_BASE4 Member=Component R72 NC
Added Member To Class: ClassName=OECU_BASE4 Member=Component R73 4K7
Added Member To Class: ClassName=OECU_BASE4 Member=Component R74 10K
Added Member To Class: ClassName=OECU_BASE4 Member=Component R75 22R
Added Member To Class: ClassName=OECU_BASE4 Member=Component R79 22R
Added Member To Class: ClassName=OECU_BASE4 Member=Component R81 22R
Added Member To Class: ClassName=OECU_BASE4 Member=Component R82 22R
Added Member To Class: ClassName=OECU_BASE4 Member=Component R83 4K7
Added Member To Class: ClassName=OECU_BASE4 Member=Component R84 4K7
Added Member To Class: ClassName=OECU_BASE4 Member=Component R85 4K7
Added Member To Class: ClassName=OECU_BASE4 Member=Component R86 4K7
Added Member To Class: ClassName=OECU_BASE4 Member=Component R89 4K7
Added Member To Class: ClassName=OECU_BASE4 Member=Component R91 NC
Added Member To Class: ClassName=OECU_BASE4 Member=Component R92 0R
Added Member To Class: ClassName=OECU_BASE4 Member=Component R93 4K7
Added Member To Class: ClassName=OECU_BASE5 Member=Component R94 NC
Added Member To Class: ClassName=OECU_BASE5 Member=Component R99 22R
Added Member To Class: ClassName=OECU_BASE5 Member=Component R100 22R
Added Member To Class: ClassName=OECU_BASE5 Member=Component R105 22R
Added Member To Class: ClassName=OECU_BASE5 Member=Component R108 4K7
Added Member To Class: ClassName=OECU_BASE5 Member=Component R112 4K7
Added Member To Class: ClassName=OECU_BASE5 Member=Component R113 4K7
Added Member To Class: ClassName=OECU_BASE5 Member=Component R114 NC
Added Member To Class: ClassName=OECU_BASE5 Member=Component R115 0R
Added Member To Class: ClassName=OECU_BASE5 Member=Component R116 4K7
Added Member To Class: ClassName=OECU_BASE5 Member=Component R117 NC
Added Member To Class: ClassName=OECU_BASE5 Member=Component R118 NC
Added Member To Class: ClassName=OECU_BASE5 Member=Component R137 NC
Added Member To Class: ClassName=OECU_BASE5 Member=Component R138 0R
Added Member To Class: ClassName=OECU_BASE5 Member=Component R139 4K7
Added Member To Class: ClassName=OECU_BASE6 Member=Component R146 22R
Added Member To Class: ClassName=OECU_BASE6 Member=Component R148 22R
Added Member To Class: ClassName=OECU_BASE6 Member=Component R149 22R
Added Member To Class: ClassName=OECU_BASE6 Member=Component R150 22R
Added Member To Class: ClassName=OECU_BASE6 Member=Component R155 4K7
Added Member To Class: ClassName=OECU_BASE6 Member=Component R156 4K7
Added Member To Class: ClassName=OECU_BASE6 Member=Component R157 22R
Added Member To Class: ClassName=OECU_BASE6 Member=Component R159 4K7
Added Member To Class: ClassName=OECU_BASE6 Member=Component R160 NC
Added Member To Class: ClassName=OECU_BASE6 Member=Component R164 NC
Added Member To Class: ClassName=OECU_BASE6 Member=Component R169 22R
Added Member To Class: ClassName=OECU_BASE6 Member=Component R170 22R
Added Member To Class: ClassName=OECU_BASE6 Member=Component R172 22R
Added Member To Class: ClassName=OECU_BASE6 Member=Component R173 22R
Added Member To Class: ClassName=OECU_BASE6 Member=Component R174 22R
Added Member To Class: ClassName=OECU_BASE6 Member=Component R175 4K7
Added Member To Class: ClassName=OECU_BASE6 Member=Component R176 4K7
Added Member To Class: ClassName=OECU_BASE6 Member=Component R177 4K7
Added Member To Class: ClassName=OECU_BASE6 Member=Component R178 4K7
Added Member To Class: ClassName=OECU_BASE6 Member=Component R179 4K7
Added Member To Class: ClassName=OECU_BASE6 Member=Component R180 22R
Added Member To Class: ClassName=OECU_BASE6 Member=Component R181 4K7
Added Member To Class: ClassName=OECU_BASE6 Member=Component R182 4K7
Added Member To Class: ClassName=OECU_BASE6 Member=Component R183 NC
Added Member To Class: ClassName=OECU_BASE6 Member=Component R184 0R
Added Member To Class: ClassName=OECU_BASE6 Member=Component R185 4K7
Added Member To Class: ClassName=OECU_BASE3 Member=Component R186 510R
Added Member To Class: ClassName=OECU_BASE3 Member=Component R187 510R
Added Member To Class: ClassName=OECU_BASE3 Member=Component R188 510R
Added Member To Class: ClassName=OECU_BASE3 Member=Component R189 510R
Added Member To Class: ClassName=OECU_BASE3 Member=Component R190 510R
Added Member To Class: ClassName=OECU_BASE3 Member=Component R191 510R
Added Member To Class: ClassName=OECU_BASE3 Member=Component R192 510R
Added Member To Class: ClassName=OECU_BASE3 Member=Component R193 510R
Added Member To Class: ClassName=OECU_BASE3 Member=Component R194 510R
Added Member To Class: ClassName=OECU_BASE3 Member=Component R195 510R
Added Member To Class: ClassName=OECU_BASE3 Member=Component R196 510R
Added Member To Class: ClassName=OECU_BASE3 Member=Component R197 510R
Added Member To Class: ClassName=OECU_BASE1 Member=Component U3 EC191120
Added Member To Class: ClassName=OECU_BASE1 Member=Component U4 TPS27081A
Added Member To Class: ClassName=OECU_BASE5 Member=Component U9 RTL8211E-VB
Added Member To Class: ClassName=OECU_BASE6 Member=Component U10 RTL8211E-VB
