Change Component Designator: Old Designator=C40 New Designator=C28
Change Component Designator: Old Designator=C41 New Designator=C26
Change Component Designator: Old Designator=C42 New Designator=C29
Change Component Designator: Old Designator=C43 New Designator=C32
Change Component Designator: Old Designator=C44 New Designator=C33
Change Component Designator: Old Designator=C45 New Designator=C36
Change Component Designator: Old Designator=C46 New Designator=C40
Change Component Designator: Old Designator=C49 New Designator=C30
Change Component Designator: Old Designator=C50 New Designator=C31
Change Component Designator: Old Designator=C51 New Designator=C34
Change Component Designator: Old Designator=C52 New Designator=C35
Change Component Designator: Old Designator=C53 New Designator=C37
Change Component Designator: Old Designator=C54 New Designator=C38
Change Component Designator: Old Designator=C55 New Designator=C27
Change Component Designator: Old Designator=C56 New Designator=C39
Change Component Designator: Old Designator=C58 New Designator=C41
Change Component Designator: Old Designator=C59 New Designator=C43
Change Component Designator: Old Designator=C60 New Designator=C44
Change Component Designator: Old Designator=C61 New Designator=C47
Change Component Designator: Old Designator=C62 New Designator=C48
Change Component Designator: Old Designator=C63 New Designator=C51
Change Component Designator: Old Designator=C64 New Designator=C54
Change Component Designator: Old Designator=C67 New Designator=C45
Change Component Designator: Old Designator=C68 New Designator=C46
Change Component Designator: Old Designator=C69 New Designator=C49
Change Component Designator: Old Designator=C70 New Designator=C50
Change Component Designator: Old Designator=C71 New Designator=C52
Change Component Designator: Old Designator=C72 New Designator=C53
Change Component Designator: Old Designator=C73 New Designator=C42
Change Component Designator: Old Designator=C74 New Designator=C55
Change Component Designator: Old Designator=FB5 New Designator=FB7
Change Component Designator: Old Designator=FB6 New Designator=FB5
Change Component Designator: Old Designator=FB7 New Designator=FB8
Change Component Designator: Old Designator=FB8 New Designator=FB6
Change Component Designator: Old Designator=L4 New Designator=L3
Change Component Designator: Old Designator=L5 New Designator=L4
Change Component Designator: Old Designator=R22 New Designator=R48
Change Component Designator: Old Designator=R27 New Designator=R71
Change Component Designator: Old Designator=R73 New Designator=R45
Change Component Designator: Old Designator=R74 New Designator=R46
Change Component Designator: Old Designator=R75 New Designator=R47
Change Component Designator: Old Designator=R76 New Designator=R57
Change Component Designator: Old Designator=R77 New Designator=R58
Change Component Designator: Old Designator=R78 New Designator=R59
Change Component Designator: Old Designator=R79 New Designator=R60
Change Component Designator: Old Designator=R80 New Designator=R61
Change Component Designator: Old Designator=R87 New Designator=R49
Change Component Designator: Old Designator=R88 New Designator=R50
Change Component Designator: Old Designator=R89 New Designator=R51
Change Component Designator: Old Designator=R90 New Designator=R52
Change Component Designator: Old Designator=R91 New Designator=R53
Change Component Designator: Old Designator=R92 New Designator=R54
Change Component Designator: Old Designator=R93 New Designator=R55
Change Component Designator: Old Designator=R94 New Designator=R56
Change Component Designator: Old Designator=R95 New Designator=R63
Change Component Designator: Old Designator=R96 New Designator=R64
Change Component Designator: Old Designator=R97 New Designator=R65
Change Component Designator: Old Designator=R98 New Designator=R62
Change Component Designator: Old Designator=R99 New Designator=R66
Change Component Designator: Old Designator=R100 New Designator=R67
Change Component Designator: Old Designator=R105 New Designator=R68
Change Component Designator: Old Designator=R106 New Designator=R69
Change Component Designator: Old Designator=R107 New Designator=R70
Change Component Designator: Old Designator=R108 New Designator=R80
Change Component Designator: Old Designator=R109 New Designator=R81
Change Component Designator: Old Designator=R110 New Designator=R82
Change Component Designator: Old Designator=R111 New Designator=R83
Change Component Designator: Old Designator=R112 New Designator=R84
Change Component Designator: Old Designator=R119 New Designator=R72
Change Component Designator: Old Designator=R120 New Designator=R73
Change Component Designator: Old Designator=R121 New Designator=R74
Change Component Designator: Old Designator=R122 New Designator=R75
Change Component Designator: Old Designator=R123 New Designator=R76
Change Component Designator: Old Designator=R124 New Designator=R77
Change Component Designator: Old Designator=R125 New Designator=R78
Change Component Designator: Old Designator=R126 New Designator=R79
Change Component Designator: Old Designator=R127 New Designator=R86
Change Component Designator: Old Designator=R128 New Designator=R87
Change Component Designator: Old Designator=R129 New Designator=R88
Change Component Designator: Old Designator=R130 New Designator=R85
Change Component Designator: Old Designator=R131 New Designator=R89
Change Component Designator: Old Designator=R132 New Designator=R90
Change Component Designator: Old Designator=U6 New Designator=U4
Change Component Designator: Old Designator=U7 New Designator=U5
