Removed Pin From Net: NetName=IO34_1P Pin=R81-1
Removed Pin From Net: NetName=IO34_1N Pin=R82-1
Removed Pin From Net: NetName=IO34_2P Pin=R83-1
Removed Pin From Net: NetName=IO34_4P Pin=R85-1
Removed Pin From Net: NetName=IO34_4N Pin=R86-1
Removed Pin From Net: NetName=IO34_5P Pin=R87-1
Removed Pin From Net: NetName=IO34_5N Pin=R88-1
Removed Pin From Net: NetName=IO34_6P Pin=R89-1
Removed Pin From Net: NetName=IO34_6N Pin=R90-1
Removed Pin From Net: NetName=IO34_7P Pin=R91-1
Removed Pin From Net: NetName=IO34_7N Pin=R92-1
Removed Pin From Net: NetName=IO34_8P Pin=R93-1
Removed Pin From Net: NetName=IO34_8N Pin=R94-1
Removed Pin From Net: NetName=IO34_9P Pin=R113-1
Removed Pin From Net: NetName=IO34_9N Pin=R114-1
Removed Pin From Net: NetName=IO34_10P Pin=R115-1
Removed Pin From Net: NetName=IO34_10N Pin=R116-1
Removed Pin From Net: NetName=IO34_11P Pin=R117-1
Removed Pin From Net: NetName=IO34_11N Pin=R118-1
Removed Pin From Net: NetName=IO34_13P Pin=R119-1
Removed Pin From Net: NetName=IO34_13N Pin=R120-1
Removed Pin From Net: NetName=IO34_14P Pin=R121-1
Removed Pin From Net: NetName=IO34_14N Pin=R122-1
Removed Pin From Net: NetName=IO34_15P Pin=R123-1
Removed Pin From Net: NetName=IO34_15N Pin=R124-1
Removed Pin From Net: NetName=IO34_16P Pin=R125-1
Removed Pin From Net: NetName=IO34_16N Pin=R126-1
Removed Pin From Net: NetName=IO35_3P Pin=R145-1
Removed Pin From Net: NetName=IO35_3N Pin=R146-1
Removed Pin From Net: NetName=IO35_5P Pin=R147-1
Removed Pin From Net: NetName=IO35_5N Pin=R148-1
Removed Pin From Net: NetName=IO35_6P Pin=R149-1
Removed Pin From Net: NetName=IO35_6N Pin=R150-1
Removed Pin From Net: NetName=IO35_7P Pin=R151-1
Removed Pin From Net: NetName=IO35_7N Pin=R152-1
Removed Pin From Net: NetName=IO35_8P Pin=R153-1
Removed Pin From Net: NetName=IO35_8N Pin=R154-1
Removed Pin From Net: NetName=IO35_9P Pin=R155-1
Removed Pin From Net: NetName=IO35_9N Pin=R156-1
Removed Pin From Net: NetName=IO35_10P Pin=R157-1
Removed Pin From Net: NetName=IO35_10N Pin=R158-1
Removed Pin From Net: NetName=IO35_11P Pin=R177-1
Removed Pin From Net: NetName=IO35_11N Pin=R178-1
Removed Pin From Net: NetName=IO35_12P Pin=R179-1
Removed Pin From Net: NetName=IO35_12N Pin=R180-1
Removed Pin From Net: NetName=IO35_13P Pin=R181-1
Removed Pin From Net: NetName=IO35_13N Pin=R182-1
Removed Pin From Net: NetName=IO35_14P Pin=R183-1
Removed Pin From Net: NetName=IO35_14N Pin=R184-1
Removed Pin From Net: NetName=IO35_15P Pin=R185-1
Removed Pin From Net: NetName=IO35_15N Pin=R186-1
Removed Pin From Net: NetName=IO35_17P Pin=R187-1
Removed Pin From Net: NetName=IO35_17N Pin=R188-1
Removed Pin From Net: NetName=IO35_18P Pin=R189-1
Removed Pin From Net: NetName=IO35_18N Pin=R190-1
Removed Pin From Net: NetName=IO34_17P Pin=R209-1
Removed Pin From Net: NetName=IO34_17N Pin=R210-1
Removed Pin From Net: NetName=IO34_18P Pin=R211-1
Removed Pin From Net: NetName=IO34_18N Pin=R212-1
Removed Pin From Net: NetName=IO34_19P Pin=R213-1
Removed Pin From Net: NetName=IO34_19N Pin=R214-1
Removed Pin From Net: NetName=IO34_20P Pin=R215-1
Removed Pin From Net: NetName=IO34_20N Pin=R216-1
Removed Pin From Net: NetName=IO34_21P Pin=R217-1
Removed Pin From Net: NetName=IO34_21N Pin=R218-1
Removed Pin From Net: NetName=IO34_22P Pin=R219-1
Removed Pin From Net: NetName=IO34_22N Pin=R220-1
Removed Pin From Net: NetName=IO34_23P Pin=R221-1
Removed Pin From Net: NetName=IO34_23N Pin=R222-1
Removed Pin From Net: NetName=IO35_19P Pin=R241-1
Removed Pin From Net: NetName=IO35_19N Pin=R242-1
Removed Pin From Net: NetName=IO35_20P Pin=R243-1
Removed Pin From Net: NetName=IO35_20N Pin=R244-1
Removed Pin From Net: NetName=IO35_21P Pin=R245-1
Removed Pin From Net: NetName=IO35_21N Pin=R246-1
Removed Pin From Net: NetName=IO35_22P Pin=R247-1
Removed Pin From Net: NetName=IO35_22N Pin=R248-1
Removed Pin From Net: NetName=IO35_23P Pin=R249-1
Removed Pin From Net: NetName=IO35_23N Pin=R250-1
Removed Pin From Net: NetName=IO35_24P Pin=R251-1
Removed Pin From Net: NetName=IO35_24N Pin=R252-1
Removed Pin From Net: NetName=IO34_24P Pin=R253-1
Removed Pin From Net: NetName=IO34_24N Pin=R254-1
Removed Pin From Net: NetName=IO34_8P Pin=U6-30
Removed Pin From Net: NetName=IO34_8N Pin=U6-31
Removed Pin From Net: NetName=IO34_16P Pin=U7-30
Removed Pin From Net: NetName=IO34_16N Pin=U7-31
Removed Pin From Net: NetName=IO35_10P Pin=U8-30
Removed Pin From Net: NetName=IO35_10N Pin=U8-31
Removed Pin From Net: NetName=IO35_18P Pin=U9-30
Removed Pin From Net: NetName=IO35_18N Pin=U9-31
Removed Pin From Net: NetName=IO34_23P Pin=U10-30
Removed Pin From Net: NetName=IO34_23N Pin=U10-31
Removed Pin From Net: NetName=IO34_24P Pin=U11-30
Removed Pin From Net: NetName=IO34_24N Pin=U11-31
Added Pin To Net: NetName=MIO9_N Pin=M1-202
Added Pin To Net: NetName=IO34_20N Pin=R81-1
Added Pin To Net: NetName=IO34_6P Pin=R82-1
Added Pin To Net: NetName=IO34_24P Pin=R83-1
Added Pin To Net: NetName=IO34_24N Pin=R85-1
Added Pin To Net: NetName=IO34_2P Pin=R86-1
Added Pin To Net: NetName=IO34_6N Pin=R87-1
Added Pin To Net: NetName=IO34_8N Pin=R88-1
Added Pin To Net: NetName=IO34_1P Pin=R89-1
Added Pin To Net: NetName=IO34_1N Pin=R90-1
Added Pin To Net: NetName=IO34_20P Pin=R91-1
Added Pin To Net: NetName=IO34_4P Pin=R92-1
Added Pin To Net: NetName=IO34_5P Pin=R93-1
Added Pin To Net: NetName=IO34_5N Pin=R94-1
Added Pin To Net: NetName=IO34_19N Pin=R113-1
Added Pin To Net: NetName=IO34_23P Pin=R114-1
Added Pin To Net: NetName=IO34_19P Pin=R115-1
Added Pin To Net: NetName=IO34_23N Pin=R116-1
Added Pin To Net: NetName=IO34_7N Pin=R117-1
Added Pin To Net: NetName=IO34_7P Pin=R118-1
Added Pin To Net: NetName=IO34_11P Pin=R119-1
Added Pin To Net: NetName=IO34_9P Pin=R120-1
Added Pin To Net: NetName=IO34_13P Pin=R121-1
Added Pin To Net: NetName=IO34_11N Pin=R122-1
Added Pin To Net: NetName=IO34_13N Pin=R123-1
Added Pin To Net: NetName=IO34_9N Pin=R124-1
Added Pin To Net: NetName=IO34_4N Pin=R125-1
Added Pin To Net: NetName=IO34_8P Pin=R126-1
Added Pin To Net: NetName=IO35_11N Pin=R145-1
Added Pin To Net: NetName=IO35_11P Pin=R146-1
Added Pin To Net: NetName=IO35_21N Pin=R147-1
Added Pin To Net: NetName=IO35_21P Pin=R148-1
Added Pin To Net: NetName=IO35_8N Pin=R149-1
Added Pin To Net: NetName=IO35_8P Pin=R150-1
Added Pin To Net: NetName=IO35_24P Pin=R151-1
Added Pin To Net: NetName=IO35_10P Pin=R152-1
Added Pin To Net: NetName=IO35_12N Pin=R153-1
Added Pin To Net: NetName=IO35_12P Pin=R154-1
Added Pin To Net: NetName=IO35_24N Pin=R155-1
Added Pin To Net: NetName=IO35_10N Pin=R156-1
Added Pin To Net: NetName=IO35_13N Pin=R157-1
Added Pin To Net: NetName=IO35_13P Pin=R158-1
Added Pin To Net: NetName=IO34_18N Pin=R177-1
Added Pin To Net: NetName=IO34_17N Pin=R178-1
Added Pin To Net: NetName=IO34_18P Pin=R179-1
Added Pin To Net: NetName=IO34_17P Pin=R180-1
Added Pin To Net: NetName=IO34_10N Pin=R181-1
Added Pin To Net: NetName=IO34_22N Pin=R182-1
Added Pin To Net: NetName=IO34_16N Pin=R183-1
Added Pin To Net: NetName=IO34_15N Pin=R184-1
Added Pin To Net: NetName=IO34_21N Pin=R185-1
Added Pin To Net: NetName=IO34_16P Pin=R186-1
Added Pin To Net: NetName=IO34_21P Pin=R187-1
Added Pin To Net: NetName=IO34_15P Pin=R188-1
Added Pin To Net: NetName=IO34_10P Pin=R189-1
Added Pin To Net: NetName=IO34_22P Pin=R190-1
Added Pin To Net: NetName=IO35_23N Pin=R209-1
Added Pin To Net: NetName=IO35_7N Pin=R210-1
Added Pin To Net: NetName=IO35_23P Pin=R211-1
Added Pin To Net: NetName=IO35_7P Pin=R212-1
Added Pin To Net: NetName=IO35_14N Pin=R213-1
Added Pin To Net: NetName=IO35_14P Pin=R214-1
Added Pin To Net: NetName=IO35_9P Pin=R215-1
Added Pin To Net: NetName=IO35_17P Pin=R216-1
Added Pin To Net: NetName=IO35_22P Pin=R217-1
Added Pin To Net: NetName=IO35_9N Pin=R218-1
Added Pin To Net: NetName=IO35_22N Pin=R219-1
Added Pin To Net: NetName=IO35_20N Pin=R220-1
Added Pin To Net: NetName=IO34_14P Pin=R221-1
Added Pin To Net: NetName=IO34_14N Pin=R222-1
Added Pin To Net: NetName=IO35_3N Pin=R241-1
Added Pin To Net: NetName=IO35_5P Pin=R242-1
Added Pin To Net: NetName=IO35_6N Pin=R243-1
Added Pin To Net: NetName=IO35_19P Pin=R244-1
Added Pin To Net: NetName=IO35_6P Pin=R245-1
Added Pin To Net: NetName=IO35_19N Pin=R246-1
Added Pin To Net: NetName=IO35_5N Pin=R247-1
Added Pin To Net: NetName=IO35_15N Pin=R248-1
Added Pin To Net: NetName=IO35_18P Pin=R249-1
Added Pin To Net: NetName=IO35_18N Pin=R250-1
Added Pin To Net: NetName=IO35_3P Pin=R251-1
Added Pin To Net: NetName=IO35_15P Pin=R252-1
Added Pin To Net: NetName=IO35_20P Pin=R253-1
Added Pin To Net: NetName=IO35_17N Pin=R254-1
Added Pin To Net: NetName=IO34_5P Pin=U6-30
Added Pin To Net: NetName=IO34_5N Pin=U6-31
Added Pin To Net: NetName=IO34_4N Pin=U7-30
Added Pin To Net: NetName=IO34_8P Pin=U7-31
Added Pin To Net: NetName=IO35_13N Pin=U8-30
Added Pin To Net: NetName=IO35_13P Pin=U8-31
Added Pin To Net: NetName=IO34_10P Pin=U9-30
Added Pin To Net: NetName=IO34_22P Pin=U9-31
Added Pin To Net: NetName=IO34_14P Pin=U10-30
Added Pin To Net: NetName=IO34_14N Pin=U10-31
Added Pin To Net: NetName=IO35_20P Pin=U11-30
Added Pin To Net: NetName=IO35_17N Pin=U11-31
