Removed Pin From Net: NetName=NetBUS1_U11 Pin=BUS1-U11
Removed Pin From Net: NetName=MIO34 Pin=H1-1
Removed Pin From Net: NetName=MIO32 Pin=H1-2
Removed Pin From Net: NetName=MIO29 Pin=H1-3
Removed Pin From Net: NetName=MIO39 Pin=H1-4
Removed Pin From Net: NetName=MIO28 Pin=H1-5
Removed Pin From Net: NetName=MIO30 Pin=H1-6
Removed Pin From Net: NetName=MIO47 Pin=H1-7
Removed Pin From Net: NetName=MIO49 Pin=H1-8
Removed Pin From Net: NetName=MIO50 Pin=H1-9
Removed Pin From Net: NetName=MIO36 Pin=H1-11
Removed Pin From Net: NetName=MIO33 Pin=H1-12
Removed Pin From Net: NetName=MIO38 Pin=H1-13
Removed Pin From Net: NetName=MIO37 Pin=H1-14
Removed Pin From Net: NetName=MIO35 Pin=H1-15
Removed Pin From Net: NetName=MIO31 Pin=H1-16
Removed Pin From Net: NetName=MIO46 Pin=H1-17
Removed Pin From Net: NetName=MIO48 Pin=H1-18
Removed Pin From Net: NetName=MIO51 Pin=H1-19
Removed Pin From Net: NetName=IO13_19N Pin=H2-1
Removed Pin From Net: NetName=IO13_12N Pin=H2-3
Removed Pin From Net: NetName=IO13_12P Pin=H2-4
Removed Pin From Net: NetName=IO13_22P Pin=H2-5
Removed Pin From Net: NetName=IO13_22N Pin=H2-6
Removed Pin From Net: NetName=IO13_11P Pin=H2-7
Removed Pin From Net: NetName=IO13_11N Pin=H2-8
Removed Pin From Net: NetName=IO13_15P Pin=H2-9
Removed Pin From Net: NetName=IO13_17N Pin=H2-11
Removed Pin From Net: NetName=IO13_21N Pin=H2-13
Removed Pin From Net: NetName=IO13_21P Pin=H2-14
Removed Pin From Net: NetName=IO13_13N Pin=H2-15
Removed Pin From Net: NetName=IO13_13P Pin=H2-16
Removed Pin From Net: NetName=IO13_14N Pin=H2-17
Removed Pin From Net: NetName=IO13_14P Pin=H2-18
Removed Pin From Net: NetName=IO13_15N Pin=H2-19
Removed Pin From Net: NetName=PHY3_1V05A Pin=U8-3
Added Pin To Net: NetName=NetBUS1_U11 Pin=BUS1-U11
Added Pin To Net: NetName=PHY3_1V05A Pin=BUS1-U11
Added Pin To Net: NetName=MIO51 Pin=H1-1
Added Pin To Net: NetName=MIO50 Pin=H1-2
Added Pin To Net: NetName=MIO47 Pin=H1-3
Added Pin To Net: NetName=IO13_15P Pin=H1-4
Added Pin To Net: NetName=IO13_15N Pin=H1-5
Added Pin To Net: NetName=IO13_11N Pin=H1-6
Added Pin To Net: NetName=IO13_11P Pin=H1-7
Added Pin To Net: NetName=IO13_22N Pin=H1-8
Added Pin To Net: NetName=IO13_12P Pin=H1-9
Added Pin To Net: NetName=MIO48 Pin=H1-11
Added Pin To Net: NetName=MIO49 Pin=H1-12
Added Pin To Net: NetName=MIO46 Pin=H1-13
Added Pin To Net: NetName=IO13_14P Pin=H1-14
Added Pin To Net: NetName=IO13_14N Pin=H1-15
Added Pin To Net: NetName=IO13_13P Pin=H1-16
Added Pin To Net: NetName=IO13_13N Pin=H1-17
Added Pin To Net: NetName=IO13_22P Pin=H1-18
Added Pin To Net: NetName=IO13_21P Pin=H1-19
Added Pin To Net: NetName=IO13_12N Pin=H2-1
Added Pin To Net: NetName=IO13_19N Pin=H2-3
Added Pin To Net: NetName=MIO30 Pin=H2-4
Added Pin To Net: NetName=MIO28 Pin=H2-5
Added Pin To Net: NetName=MIO39 Pin=H2-6
Added Pin To Net: NetName=MIO29 Pin=H2-7
Added Pin To Net: NetName=MIO32 Pin=H2-8
Added Pin To Net: NetName=MIO34 Pin=H2-9
Added Pin To Net: NetName=IO13_21N Pin=H2-11
Added Pin To Net: NetName=IO13_17N Pin=H2-13
Added Pin To Net: NetName=MIO31 Pin=H2-14
Added Pin To Net: NetName=MIO35 Pin=H2-15
Added Pin To Net: NetName=MIO37 Pin=H2-16
Added Pin To Net: NetName=MIO38 Pin=H2-17
Added Pin To Net: NetName=MIO33 Pin=H2-18
Added Pin To Net: NetName=MIO36 Pin=H2-19
