Removed Pin From Net: NetName=GND Pin=BOOT-1
Removed Pin From Net: NetName=GND Pin=BOOT-2
Removed Pin From Net: NetName=3V3 Pin=J1-4
Removed Pin From Net: NetName=J_TDI Pin=R23-1
Removed Pin From Net: NetName=3V3 Pin=R23-2
Removed Pin From Net: NetName=J_TMS Pin=R24-1
Removed Pin From Net: NetName=3V3 Pin=R24-2
Removed Pin From Net: NetName=J_TDO Pin=R25-1
Removed Pin From Net: NetName=3V3 Pin=R25-2
Removed Pin From Net: NetName=J_TCK Pin=R26-1
Removed Pin From Net: NetName=3V3 Pin=R26-2
Removed Pin From Net: NetName=MIO16 Pin=R31-1
Removed Pin From Net: NetName=MIO17 Pin=R32-1
Removed Pin From Net: NetName=MIO18 Pin=R33-1
Removed Pin From Net: NetName=MIO19 Pin=R34-1
Removed Pin From Net: NetName=MIO20 Pin=R35-1
Removed Pin From Net: NetName=MIO21 Pin=R36-1
Removed Pin From Net: NetName=LED1_YN Pin=R61-1
Removed Pin From Net: NetName=LED1_GP Pin=R62-1
Removed Pin From Net: NetName=LED2_YN Pin=R63-1
Removed Pin From Net: NetName=LED2_GP Pin=R64-1
Removed Pin From Net: NetName=LED3_YN Pin=R65-1
Removed Pin From Net: NetName=LED3_GP Pin=R66-1
Removed Pin From Net: NetName=LED4_YN Pin=R67-1
Removed Pin From Net: NetName=LED4_GP Pin=R68-1
Removed Pin From Net: NetName=LED5_YN Pin=R69-1
Removed Pin From Net: NetName=LED5_GP Pin=R70-1
Removed Pin From Net: NetName=LED6_YN Pin=R71-1
Removed Pin From Net: NetName=LED6_GP Pin=R72-1
Removed Pin From Net: NetName=IO34_20N Pin=R81-1
Removed Pin From Net: NetName=IO34_6P Pin=R82-1
Removed Pin From Net: NetName=IO34_24P Pin=R83-1
Removed Pin From Net: NetName=IO34_2N Pin=R84-1
Removed Pin From Net: NetName=IO34_24N Pin=R85-1
Removed Pin From Net: NetName=IO34_2P Pin=R86-1
Removed Pin From Net: NetName=IO34_19N Pin=R113-1
Removed Pin From Net: NetName=IO34_23P Pin=R114-1
Removed Pin From Net: NetName=IO34_19P Pin=R115-1
Removed Pin From Net: NetName=IO34_23N Pin=R116-1
Removed Pin From Net: NetName=IO34_7N Pin=R117-1
Removed Pin From Net: NetName=IO34_7P Pin=R118-1
Removed Pin From Net: NetName=IO35_11N Pin=R145-1
Removed Pin From Net: NetName=IO35_11P Pin=R146-1
Removed Pin From Net: NetName=IO35_21N Pin=R147-1
Removed Pin From Net: NetName=IO35_21P Pin=R148-1
Removed Pin From Net: NetName=IO35_8N Pin=R149-1
Removed Pin From Net: NetName=IO35_8P Pin=R150-1
Removed Pin From Net: NetName=IO34_18N Pin=R177-1
Removed Pin From Net: NetName=IO34_17N Pin=R178-1
Removed Pin From Net: NetName=IO34_18P Pin=R179-1
Removed Pin From Net: NetName=IO34_17P Pin=R180-1
Removed Pin From Net: NetName=IO34_10N Pin=R181-1
Removed Pin From Net: NetName=IO34_22N Pin=R182-1
Removed Pin From Net: NetName=IO35_23N Pin=R209-1
Removed Pin From Net: NetName=IO35_7N Pin=R210-1
Removed Pin From Net: NetName=IO35_23P Pin=R211-1
Removed Pin From Net: NetName=IO35_7P Pin=R212-1
Removed Pin From Net: NetName=IO35_14N Pin=R213-1
Removed Pin From Net: NetName=IO35_14P Pin=R214-1
Removed Pin From Net: NetName=IO35_3N Pin=R241-1
Removed Pin From Net: NetName=IO35_5P Pin=R242-1
Removed Pin From Net: NetName=IO35_6N Pin=R243-1
Removed Pin From Net: NetName=IO35_19P Pin=R244-1
Removed Pin From Net: NetName=IO35_6P Pin=R245-1
Removed Pin From Net: NetName=IO35_19N Pin=R246-1
Removed Member From Class: ClassName=OECU_BASE1 Member=BOOT
Removed Member From Class: ClassName=OECU_BASE1 Member=C10
Removed Member From Class: ClassName=OECU_BASE1 Member=C11
Removed Member From Class: ClassName=OECU_BASE2 Member=C33
Removed Member From Class: ClassName=OECU_BASE1 Member=R21
Removed Member From Class: ClassName=OECU_BASE1 Member=R23
Removed Member From Class: ClassName=OECU_BASE1 Member=R24
Removed Member From Class: ClassName=OECU_BASE1 Member=R25
Removed Member From Class: ClassName=OECU_BASE1 Member=R26
Removed Member From Class: ClassName=OECU_BASE2 Member=R33
Removed Member From Class: ClassName=OECU_BASE2 Member=R45
Removed Member From Class: ClassName=OECU_BASE2 Member=R46
Removed Member From Class: ClassName=OECU_BASE2 Member=R47
Removed Member From Class: ClassName=OECU_BASE2 Member=R59
Removed Member From Class: ClassName=OECU_BASE2 Member=R60
Removed Member From Class: ClassName=OECU_BASE2 Member=R61
Removed Member From Class: ClassName=OECU_BASE2 Member=R62
Removed Member From Class: ClassName=OECU_BASE2 Member=R63
Removed Member From Class: ClassName=OECU_BASE2 Member=R64
Removed Member From Class: ClassName=OECU_BASE2 Member=R65
Removed Member From Class: ClassName=OECU_BASE2 Member=R66
Removed Member From Class: ClassName=OECU_BASE2 Member=R67
Removed Member From Class: ClassName=OECU_BASE2 Member=R68
Removed Member From Class: ClassName=OECU_BASE2 Member=R69
Removed Member From Class: ClassName=OECU_BASE2 Member=R70
Removed Member From Class: ClassName=OECU_BASE2 Member=R71
Removed Member From Class: ClassName=OECU_BASE2 Member=R72
Removed Member From Class: ClassName=OECU_BASE3 Member=R109
Removed Member From Class: ClassName=OECU_BASE3 Member=R110
Removed Member From Class: ClassName=OECU_BASE3 Member=R111
Removed Member From Class: ClassName=OECU_BASE3 Member=R112
Removed Member From Class: ClassName=OECU_BASE3 Member=R113
Removed Member From Class: ClassName=OECU_BASE3 Member=R114
Removed Member From Class: ClassName=OECU_BASE3 Member=R115
Removed Member From Class: ClassName=OECU_BASE3 Member=R116
Removed Member From Class: ClassName=OECU_BASE3 Member=R117
Removed Member From Class: ClassName=OECU_BASE3 Member=R118
Removed Member From Class: ClassName=OECU_BASE3 Member=R127
Removed Member From Class: ClassName=OECU_BASE3 Member=R130
Removed Member From Class: ClassName=OECU_BASE4 Member=R145
Removed Member From Class: ClassName=OECU_BASE4 Member=R146
Removed Member From Class: ClassName=OECU_BASE4 Member=R147
Removed Member From Class: ClassName=OECU_BASE4 Member=R148
Removed Member From Class: ClassName=OECU_BASE4 Member=R149
Removed Member From Class: ClassName=OECU_BASE4 Member=R150
Removed Member From Class: ClassName=OECU_BASE4 Member=R177
Removed Member From Class: ClassName=OECU_BASE4 Member=R178
Removed Member From Class: ClassName=OECU_BASE4 Member=R179
Removed Member From Class: ClassName=OECU_BASE4 Member=R180
Removed Member From Class: ClassName=OECU_BASE4 Member=R181
Removed Member From Class: ClassName=OECU_BASE4 Member=R182
Removed Member From Class: ClassName=OECU_BASE5 Member=R209
Removed Member From Class: ClassName=OECU_BASE5 Member=R210
Removed Member From Class: ClassName=OECU_BASE5 Member=R211
Removed Member From Class: ClassName=OECU_BASE5 Member=R212
Removed Member From Class: ClassName=OECU_BASE5 Member=R213
Removed Member From Class: ClassName=OECU_BASE5 Member=R214
Removed Member From Class: ClassName=OECU_BASE5 Member=R241
Removed Member From Class: ClassName=OECU_BASE5 Member=R242
Removed Member From Class: ClassName=OECU_BASE5 Member=R243
Removed Member From Class: ClassName=OECU_BASE5 Member=R244
Removed Member From Class: ClassName=OECU_BASE5 Member=R245
Removed Member From Class: ClassName=OECU_BASE5 Member=R246
Change Component Designator: OldDesignator=C1 NewDesignator=C3
Change Component Designator: OldDesignator=C4 NewDesignator=C6
Change Component Designator: OldDesignator=C5 NewDesignator=C1
Change Component Designator: OldDesignator=C8 NewDesignator=C2
Change Component Designator: OldDesignator=C10 NewDesignator=C4
Change Component Designator: OldDesignator=C11 NewDesignator=C5
Change Component Designator: OldDesignator=C13 NewDesignator=C7
Change Component Designator: OldDesignator=C15 NewDesignator=C8
Change Component Designator: OldDesignator=C17 NewDesignator=C9
Change Component Designator: OldDesignator=C18 NewDesignator=C20
Change Component Designator: OldDesignator=C19 NewDesignator=C21
Change Component Designator: OldDesignator=C20 NewDesignator=C22
Change Component Designator: OldDesignator=C21 NewDesignator=C23
Change Component Designator: OldDesignator=C22 NewDesignator=C24
Change Component Designator: OldDesignator=C23 NewDesignator=C25
Change Component Designator: OldDesignator=C24 NewDesignator=C19
Change Component Designator: OldDesignator=C25 NewDesignator=C10
Change Component Designator: OldDesignator=C26 NewDesignator=C13
Change Component Designator: OldDesignator=C27 NewDesignator=C14
Change Component Designator: OldDesignator=C28 NewDesignator=C15
Change Component Designator: OldDesignator=C29 NewDesignator=C16
Change Component Designator: OldDesignator=C32 NewDesignator=C17
Change Component Designator: OldDesignator=C33 NewDesignator=C18
Change Component Designator: OldDesignator=C38 NewDesignator=C11
Change Component Designator: OldDesignator=C39 NewDesignator=C12
Change Component Designator: OldDesignator=C40 NewDesignator=C28
Change Component Designator: OldDesignator=C41 NewDesignator=C26
Change Component Designator: OldDesignator=C42 NewDesignator=C29
Change Component Designator: OldDesignator=C43 NewDesignator=C32
Change Component Designator: OldDesignator=C44 NewDesignator=C33
Change Component Designator: OldDesignator=C45 NewDesignator=C36
Change Component Designator: OldDesignator=C46 NewDesignator=C40
Change Component Designator: OldDesignator=C49 NewDesignator=C30
Change Component Designator: OldDesignator=C50 NewDesignator=C31
Change Component Designator: OldDesignator=C51 NewDesignator=C34
Change Component Designator: OldDesignator=C52 NewDesignator=C35
Change Component Designator: OldDesignator=C53 NewDesignator=C37
Change Component Designator: OldDesignator=C54 NewDesignator=C38
Change Component Designator: OldDesignator=C55 NewDesignator=C27
Change Component Designator: OldDesignator=C56 NewDesignator=C39
Change Component Designator: OldDesignator=C58 NewDesignator=C41
Change Component Designator: OldDesignator=C59 NewDesignator=C43
Change Component Designator: OldDesignator=C60 NewDesignator=C44
Change Component Designator: OldDesignator=C61 NewDesignator=C47
Change Component Designator: OldDesignator=C62 NewDesignator=C48
Change Component Designator: OldDesignator=C63 NewDesignator=C51
Change Component Designator: OldDesignator=C64 NewDesignator=C54
Change Component Designator: OldDesignator=C67 NewDesignator=C45
Change Component Designator: OldDesignator=C68 NewDesignator=C46
Change Component Designator: OldDesignator=C69 NewDesignator=C49
Change Component Designator: OldDesignator=C70 NewDesignator=C50
Change Component Designator: OldDesignator=C71 NewDesignator=C52
Change Component Designator: OldDesignator=C72 NewDesignator=C53
Change Component Designator: OldDesignator=C73 NewDesignator=C42
Change Component Designator: OldDesignator=C74 NewDesignator=C55
Change Component Designator: OldDesignator=C76 NewDesignator=C58
Change Component Designator: OldDesignator=C77 NewDesignator=C56
Change Component Designator: OldDesignator=C78 NewDesignator=C59
Change Component Designator: OldDesignator=C79 NewDesignator=C60
Change Component Designator: OldDesignator=C80 NewDesignator=C63
Change Component Designator: OldDesignator=C81 NewDesignator=C66
Change Component Designator: OldDesignator=C82 NewDesignator=C69
Change Component Designator: OldDesignator=C85 NewDesignator=C61
Change Component Designator: OldDesignator=C86 NewDesignator=C62
Change Component Designator: OldDesignator=C87 NewDesignator=C64
Change Component Designator: OldDesignator=C88 NewDesignator=C65
Change Component Designator: OldDesignator=C89 NewDesignator=C67
Change Component Designator: OldDesignator=C90 NewDesignator=C68
Change Component Designator: OldDesignator=C91 NewDesignator=C57
Change Component Designator: OldDesignator=C92 NewDesignator=C70
Change Component Designator: OldDesignator=C94 NewDesignator=C73
Change Component Designator: OldDesignator=C95 NewDesignator=C71
Change Component Designator: OldDesignator=C96 NewDesignator=C74
Change Component Designator: OldDesignator=C97 NewDesignator=C77
Change Component Designator: OldDesignator=C98 NewDesignator=C80
Change Component Designator: OldDesignator=C99 NewDesignator=C83
Change Component Designator: OldDesignator=C100 NewDesignator=C85
Change Component Designator: OldDesignator=C103 NewDesignator=C75
Change Component Designator: OldDesignator=C104 NewDesignator=C76
Change Component Designator: OldDesignator=C105 NewDesignator=C78
Change Component Designator: OldDesignator=C106 NewDesignator=C79
Change Component Designator: OldDesignator=C107 NewDesignator=C81
Change Component Designator: OldDesignator=C108 NewDesignator=C82
Change Component Designator: OldDesignator=C109 NewDesignator=C72
Change Component Designator: OldDesignator=C110 NewDesignator=C84
Change Component Designator: OldDesignator=C112 NewDesignator=C88
Change Component Designator: OldDesignator=C113 NewDesignator=C86
Change Component Designator: OldDesignator=C114 NewDesignator=C89
Change Component Designator: OldDesignator=C115 NewDesignator=C90
Change Component Designator: OldDesignator=C116 NewDesignator=C93
Change Component Designator: OldDesignator=C117 NewDesignator=C96
Change Component Designator: OldDesignator=C118 NewDesignator=C99
Change Component Designator: OldDesignator=C121 NewDesignator=C91
Change Component Designator: OldDesignator=C122 NewDesignator=C92
Change Component Designator: OldDesignator=C123 NewDesignator=C94
Change Component Designator: OldDesignator=C124 NewDesignator=C95
Change Component Designator: OldDesignator=C125 NewDesignator=C97
Change Component Designator: OldDesignator=C126 NewDesignator=C98
Change Component Designator: OldDesignator=C127 NewDesignator=C87
Change Component Designator: OldDesignator=C128 NewDesignator=C100
Change Component Designator: OldDesignator=C130 NewDesignator=C103
Change Component Designator: OldDesignator=C131 NewDesignator=C101
Change Component Designator: OldDesignator=C132 NewDesignator=C104
Change Component Designator: OldDesignator=C133 NewDesignator=C107
Change Component Designator: OldDesignator=C134 NewDesignator=C110
Change Component Designator: OldDesignator=C135 NewDesignator=C113
Change Component Designator: OldDesignator=C136 NewDesignator=C115
Change Component Designator: OldDesignator=C139 NewDesignator=C105
Change Component Designator: OldDesignator=C140 NewDesignator=C106
Change Component Designator: OldDesignator=C141 NewDesignator=C108
Change Component Designator: OldDesignator=C142 NewDesignator=C109
Change Component Designator: OldDesignator=C143 NewDesignator=C111
Change Component Designator: OldDesignator=C144 NewDesignator=C112
Change Component Designator: OldDesignator=C145 NewDesignator=C102
Change Component Designator: OldDesignator=C146 NewDesignator=C114
Change Component Designator: OldDesignator=FB5 NewDesignator=FB7
Change Component Designator: OldDesignator=FB6 NewDesignator=FB5
Change Component Designator: OldDesignator=FB7 NewDesignator=FB8
Change Component Designator: OldDesignator=FB8 NewDesignator=FB6
Change Component Designator: OldDesignator=FB11 NewDesignator=FB13
Change Component Designator: OldDesignator=FB12 NewDesignator=FB11
Change Component Designator: OldDesignator=FB13 NewDesignator=FB14
Change Component Designator: OldDesignator=FB14 NewDesignator=FB12
Change Component Designator: OldDesignator=FB17 NewDesignator=FB19
Change Component Designator: OldDesignator=FB18 NewDesignator=FB17
Change Component Designator: OldDesignator=FB19 NewDesignator=FB20
Change Component Designator: OldDesignator=FB20 NewDesignator=FB18
Change Component Designator: OldDesignator=L3 NewDesignator=L2
Change Component Designator: OldDesignator=L4 NewDesignator=L3
Change Component Designator: OldDesignator=L5 NewDesignator=L4
Change Component Designator: OldDesignator=L6 NewDesignator=L5
Change Component Designator: OldDesignator=L7 NewDesignator=L6
Change Component Designator: OldDesignator=L8 NewDesignator=L7
Change Component Designator: OldDesignator=L9 NewDesignator=L8
Change Component Designator: OldDesignator=PS_SRST NewDesignator=PS_SRST1
Change Component Designator: OldDesignator=R1 NewDesignator=R4
Change Component Designator: OldDesignator=R2 NewDesignator=R3
Change Component Designator: OldDesignator=R3 NewDesignator=R1
Change Component Designator: OldDesignator=R4 NewDesignator=R2
Change Component Designator: OldDesignator=R5 NewDesignator=R14
Change Component Designator: OldDesignator=R12 NewDesignator=R33
Change Component Designator: OldDesignator=R13 NewDesignator=R5
Change Component Designator: OldDesignator=R14 NewDesignator=R6
Change Component Designator: OldDesignator=R15 NewDesignator=R7
Change Component Designator: OldDesignator=R16 NewDesignator=R8
Change Component Designator: OldDesignator=R17 NewDesignator=R9
Change Component Designator: OldDesignator=R18 NewDesignator=R10
Change Component Designator: OldDesignator=R19 NewDesignator=R11
Change Component Designator: OldDesignator=R20 NewDesignator=R12
Change Component Designator: OldDesignator=R21 NewDesignator=R13
Change Component Designator: OldDesignator=R22 NewDesignator=R48
Change Component Designator: OldDesignator=R27 NewDesignator=R71
Change Component Designator: OldDesignator=R28 NewDesignator=R17
Change Component Designator: OldDesignator=R29 NewDesignator=R19
Change Component Designator: OldDesignator=R30 NewDesignator=R94
Change Component Designator: OldDesignator=R37 NewDesignator=R20
Change Component Designator: OldDesignator=R38 NewDesignator=R21
Change Component Designator: OldDesignator=R39 NewDesignator=R22
Change Component Designator: OldDesignator=R40 NewDesignator=R23
Change Component Designator: OldDesignator=R41 NewDesignator=R24
Change Component Designator: OldDesignator=R42 NewDesignator=R25
Change Component Designator: OldDesignator=R43 NewDesignator=R26
Change Component Designator: OldDesignator=R44 NewDesignator=R27
Change Component Designator: OldDesignator=R45 NewDesignator=R34
Change Component Designator: OldDesignator=R46 NewDesignator=R35
Change Component Designator: OldDesignator=R47 NewDesignator=R36
Change Component Designator: OldDesignator=R48 NewDesignator=R28
Change Component Designator: OldDesignator=R49 NewDesignator=R29
Change Component Designator: OldDesignator=R50 NewDesignator=R37
Change Component Designator: OldDesignator=R51 NewDesignator=R38
Change Component Designator: OldDesignator=R52 NewDesignator=R39
Change Component Designator: OldDesignator=R53 NewDesignator=R40
Change Component Designator: OldDesignator=R54 NewDesignator=R41
Change Component Designator: OldDesignator=R55 NewDesignator=R42
Change Component Designator: OldDesignator=R56 NewDesignator=R43
Change Component Designator: OldDesignator=R57 NewDesignator=R44
Change Component Designator: OldDesignator=R58 NewDesignator=R30
Change Component Designator: OldDesignator=R59 NewDesignator=R31
Change Component Designator: OldDesignator=R60 NewDesignator=R32
Change Component Designator: OldDesignator=R73 NewDesignator=R45
Change Component Designator: OldDesignator=R74 NewDesignator=R46
Change Component Designator: OldDesignator=R75 NewDesignator=R47
Change Component Designator: OldDesignator=R76 NewDesignator=R57
Change Component Designator: OldDesignator=R77 NewDesignator=R58
Change Component Designator: OldDesignator=R78 NewDesignator=R59
Change Component Designator: OldDesignator=R79 NewDesignator=R60
Change Component Designator: OldDesignator=R80 NewDesignator=R61
Change Component Designator: OldDesignator=R87 NewDesignator=R49
Change Component Designator: OldDesignator=R88 NewDesignator=R50
Change Component Designator: OldDesignator=R89 NewDesignator=R51
Change Component Designator: OldDesignator=R90 NewDesignator=R52
Change Component Designator: OldDesignator=R91 NewDesignator=R53
Change Component Designator: OldDesignator=R92 NewDesignator=R54
Change Component Designator: OldDesignator=R93 NewDesignator=R55
Change Component Designator: OldDesignator=R94 NewDesignator=R56
Change Component Designator: OldDesignator=R95 NewDesignator=R63
Change Component Designator: OldDesignator=R96 NewDesignator=R64
Change Component Designator: OldDesignator=R97 NewDesignator=R65
Change Component Designator: OldDesignator=R98 NewDesignator=R62
Change Component Designator: OldDesignator=R99 NewDesignator=R66
Change Component Designator: OldDesignator=R100 NewDesignator=R67
Change Component Designator: OldDesignator=R105 NewDesignator=R68
Change Component Designator: OldDesignator=R106 NewDesignator=R69
Change Component Designator: OldDesignator=R107 NewDesignator=R70
Change Component Designator: OldDesignator=R108 NewDesignator=R80
Change Component Designator: OldDesignator=R109 NewDesignator=R81
Change Component Designator: OldDesignator=R110 NewDesignator=R82
Change Component Designator: OldDesignator=R111 NewDesignator=R83
Change Component Designator: OldDesignator=R112 NewDesignator=R84
Change Component Designator: OldDesignator=R119 NewDesignator=R72
Change Component Designator: OldDesignator=R120 NewDesignator=R73
Change Component Designator: OldDesignator=R121 NewDesignator=R74
Change Component Designator: OldDesignator=R122 NewDesignator=R75
Change Component Designator: OldDesignator=R123 NewDesignator=R76
Change Component Designator: OldDesignator=R124 NewDesignator=R77
Change Component Designator: OldDesignator=R125 NewDesignator=R78
Change Component Designator: OldDesignator=R126 NewDesignator=R79
Change Component Designator: OldDesignator=R127 NewDesignator=R86
Change Component Designator: OldDesignator=R128 NewDesignator=R87
Change Component Designator: OldDesignator=R129 NewDesignator=R88
Change Component Designator: OldDesignator=R130 NewDesignator=R85
Change Component Designator: OldDesignator=R131 NewDesignator=R89
Change Component Designator: OldDesignator=R132 NewDesignator=R90
Change Component Designator: OldDesignator=R137 NewDesignator=R91
Change Component Designator: OldDesignator=R138 NewDesignator=R92
Change Component Designator: OldDesignator=R139 NewDesignator=R93
Change Component Designator: OldDesignator=R140 NewDesignator=R103
Change Component Designator: OldDesignator=R141 NewDesignator=R104
Change Component Designator: OldDesignator=R142 NewDesignator=R105
Change Component Designator: OldDesignator=R143 NewDesignator=R106
Change Component Designator: OldDesignator=R144 NewDesignator=R107
Change Component Designator: OldDesignator=R151 NewDesignator=R95
Change Component Designator: OldDesignator=R152 NewDesignator=R96
Change Component Designator: OldDesignator=R153 NewDesignator=R97
Change Component Designator: OldDesignator=R154 NewDesignator=R98
Change Component Designator: OldDesignator=R155 NewDesignator=R99
Change Component Designator: OldDesignator=R156 NewDesignator=R100
Change Component Designator: OldDesignator=R157 NewDesignator=R101
Change Component Designator: OldDesignator=R158 NewDesignator=R102
Change Component Designator: OldDesignator=R159 NewDesignator=R109
Change Component Designator: OldDesignator=R160 NewDesignator=R110
Change Component Designator: OldDesignator=R161 NewDesignator=R111
Change Component Designator: OldDesignator=R162 NewDesignator=R108
Change Component Designator: OldDesignator=R163 NewDesignator=R112
Change Component Designator: OldDesignator=R164 NewDesignator=R113
Change Component Designator: OldDesignator=R169 NewDesignator=R114
Change Component Designator: OldDesignator=R170 NewDesignator=R115
Change Component Designator: OldDesignator=R171 NewDesignator=R116
Change Component Designator: OldDesignator=R172 NewDesignator=R126
Change Component Designator: OldDesignator=R173 NewDesignator=R127
Change Component Designator: OldDesignator=R174 NewDesignator=R128
Change Component Designator: OldDesignator=R175 NewDesignator=R129
Change Component Designator: OldDesignator=R176 NewDesignator=R130
Change Component Designator: OldDesignator=R183 NewDesignator=R118
Change Component Designator: OldDesignator=R184 NewDesignator=R119
Change Component Designator: OldDesignator=R185 NewDesignator=R120
Change Component Designator: OldDesignator=R186 NewDesignator=R121
Change Component Designator: OldDesignator=R187 NewDesignator=R122
Change Component Designator: OldDesignator=R188 NewDesignator=R123
Change Component Designator: OldDesignator=R189 NewDesignator=R124
Change Component Designator: OldDesignator=R190 NewDesignator=R125
Change Component Designator: OldDesignator=R191 NewDesignator=R132
Change Component Designator: OldDesignator=R192 NewDesignator=R133
Change Component Designator: OldDesignator=R193 NewDesignator=R134
Change Component Designator: OldDesignator=R194 NewDesignator=R131
Change Component Designator: OldDesignator=R195 NewDesignator=R135
Change Component Designator: OldDesignator=R196 NewDesignator=R136
Change Component Designator: OldDesignator=R201 NewDesignator=R137
Change Component Designator: OldDesignator=R202 NewDesignator=R138
Change Component Designator: OldDesignator=R203 NewDesignator=R139
Change Component Designator: OldDesignator=R204 NewDesignator=R149
Change Component Designator: OldDesignator=R205 NewDesignator=R150
Change Component Designator: OldDesignator=R206 NewDesignator=R151
Change Component Designator: OldDesignator=R207 NewDesignator=R152
Change Component Designator: OldDesignator=R208 NewDesignator=R153
Change Component Designator: OldDesignator=R215 NewDesignator=R141
Change Component Designator: OldDesignator=R216 NewDesignator=R142
Change Component Designator: OldDesignator=R217 NewDesignator=R143
Change Component Designator: OldDesignator=R218 NewDesignator=R144
Change Component Designator: OldDesignator=R219 NewDesignator=R145
Change Component Designator: OldDesignator=R220 NewDesignator=R146
Change Component Designator: OldDesignator=R221 NewDesignator=R147
Change Component Designator: OldDesignator=R222 NewDesignator=R148
Change Component Designator: OldDesignator=R223 NewDesignator=R155
Change Component Designator: OldDesignator=R224 NewDesignator=R156
Change Component Designator: OldDesignator=R225 NewDesignator=R157
Change Component Designator: OldDesignator=R226 NewDesignator=R154
Change Component Designator: OldDesignator=R227 NewDesignator=R158
Change Component Designator: OldDesignator=R228 NewDesignator=R159
Change Component Designator: OldDesignator=R233 NewDesignator=R160
Change Component Designator: OldDesignator=R234 NewDesignator=R161
Change Component Designator: OldDesignator=R235 NewDesignator=R162
Change Component Designator: OldDesignator=R236 NewDesignator=R172
Change Component Designator: OldDesignator=R237 NewDesignator=R173
Change Component Designator: OldDesignator=R238 NewDesignator=R174
Change Component Designator: OldDesignator=R239 NewDesignator=R175
Change Component Designator: OldDesignator=R240 NewDesignator=R176
Change Component Designator: OldDesignator=R247 NewDesignator=R164
Change Component Designator: OldDesignator=R248 NewDesignator=R165
Change Component Designator: OldDesignator=R249 NewDesignator=R166
Change Component Designator: OldDesignator=R250 NewDesignator=R167
Change Component Designator: OldDesignator=R251 NewDesignator=R168
Change Component Designator: OldDesignator=R252 NewDesignator=R169
Change Component Designator: OldDesignator=R253 NewDesignator=R170
Change Component Designator: OldDesignator=R254 NewDesignator=R171
Change Component Designator: OldDesignator=R255 NewDesignator=R178
Change Component Designator: OldDesignator=R256 NewDesignator=R179
Change Component Designator: OldDesignator=R257 NewDesignator=R180
Change Component Designator: OldDesignator=R258 NewDesignator=R177
Change Component Designator: OldDesignator=R259 NewDesignator=R181
Change Component Designator: OldDesignator=R260 NewDesignator=R182
Change Component Designator: OldDesignator=R266 NewDesignator=R117
Change Component Designator: OldDesignator=R267 NewDesignator=R140
Change Component Designator: OldDesignator=R268 NewDesignator=R163
Change Component Designator: OldDesignator=RST_POR NewDesignator=RST_POR1
Change Component Designator: OldDesignator=U4 NewDesignator=U2
Change Component Designator: OldDesignator=U5 NewDesignator=U3
Change Component Designator: OldDesignator=U6 NewDesignator=U4
Change Component Designator: OldDesignator=U7 NewDesignator=U5
Change Component Designator: OldDesignator=U8 NewDesignator=U6
Change Component Designator: OldDesignator=U9 NewDesignator=U7
Change Component Designator: OldDesignator=U10 NewDesignator=U8
Change Component Designator: OldDesignator=U11 NewDesignator=U9
Change Component Designator: OldDesignator=USB NewDesignator=USB1
Added Component: Designator=BOOT1(DIP_SWITCH_2.54_2_SMD_S)
Added Component: Designator=BUS1(HR916130H)
Added Component: Designator=BUS2(HR916130H)
Added Component: Designator=BUS3(HR916130H)
Added Component: Designator=C116(0402)
Added Component: Designator=C117(0402)
Added Component: Designator=C118(0402)
Added Component: Designator=C119(0402)
Added Component: Designator=C120(0402)
Added Component: Designator=C121(0402)
Added Component: Designator=C122(0402)
Added Component: Designator=C123(0402)
Added Component: Designator=C124(0402)
Added Component: Designator=C125(0402)
Added Component: Designator=C126(0402)
Added Component: Designator=C127(0402)
Added Component: Designator=H1(SCSI20_1)
Added Component: Designator=H2(SCSI20_1)
Added Component: Designator=JTAG1(SH1.25MM_7P)
Added Component: Designator=LED1(LED_0603)
Added Component: Designator=M1(DDR3_204P_H8)
Added Component: Designator=R15(R_0402)
Added Component: Designator=R16(R_0402)
Added Component: Designator=R18(R_0402)
Added Component: Designator=R183(R_0402)
Added Component: Designator=R184(R_0402)
Added Component: Designator=R185(R_0402)
Added Component: Designator=R186(R_0402)
Added Component: Designator=R187(R_0402)
Added Component: Designator=R188(R_0402)
Added Component: Designator=R189(R_0402)
Added Component: Designator=R190(R_0402)
Added Component: Designator=R191(R_0402)
Added Component: Designator=R192(R_0402)
Added Component: Designator=R193(R_0402)
Added Component: Designator=R194(R_0402)
Added Pin To Net: NetName=GND Pin=BOOT1-3
Added Pin To Net: NetName=GND Pin=BOOT1-4
Added Pin To Net: NetName=GND Pin=BUS1-1
Added Pin To Net: NetName=GND Pin=BUS1-2
Added Pin To Net: NetName=GND Pin=BUS1-3
Added Pin To Net: NetName=GND Pin=BUS1-4
Added Pin To Net: NetName=MDI2_0_P Pin=BUS1-D2
Added Pin To Net: NetName=MDI2_0_N Pin=BUS1-D3
Added Pin To Net: NetName=MDI2_1_P Pin=BUS1-D4
Added Pin To Net: NetName=MDI2_2_P Pin=BUS1-D5
Added Pin To Net: NetName=MDI2_2_N Pin=BUS1-D6
Added Pin To Net: NetName=MDI2_1_N Pin=BUS1-D7
Added Pin To Net: NetName=MDI2_3_P Pin=BUS1-D8
Added Pin To Net: NetName=MDI2_3_N Pin=BUS1-D9
Added Pin To Net: NetName=GND Pin=BUS1-D10
Added Pin To Net: NetName=GND Pin=BUS1-D12
Added Pin To Net: NetName=3V3 Pin=BUS1-D14
Added Pin To Net: NetName=MDI1_0_P Pin=BUS1-U2
Added Pin To Net: NetName=MDI1_0_N Pin=BUS1-U3
Added Pin To Net: NetName=MDI1_1_P Pin=BUS1-U4
Added Pin To Net: NetName=MDI1_2_P Pin=BUS1-U5
Added Pin To Net: NetName=MDI1_2_N Pin=BUS1-U6
Added Pin To Net: NetName=MDI1_1_N Pin=BUS1-U7
Added Pin To Net: NetName=MDI1_3_P Pin=BUS1-U8
Added Pin To Net: NetName=MDI1_3_N Pin=BUS1-U9
Added Pin To Net: NetName=GND Pin=BUS1-U10
Added Pin To Net: NetName=GND Pin=BUS1-U12
Added Pin To Net: NetName=3V3 Pin=BUS1-U14
Added Pin To Net: NetName=GND Pin=BUS2-1
Added Pin To Net: NetName=GND Pin=BUS2-2
Added Pin To Net: NetName=GND Pin=BUS2-3
Added Pin To Net: NetName=GND Pin=BUS2-4
Added Pin To Net: NetName=MDI4_0_P Pin=BUS2-D2
Added Pin To Net: NetName=MDI4_0_N Pin=BUS2-D3
Added Pin To Net: NetName=MDI4_1_P Pin=BUS2-D4
Added Pin To Net: NetName=MDI4_2_P Pin=BUS2-D5
Added Pin To Net: NetName=MDI4_2_N Pin=BUS2-D6
Added Pin To Net: NetName=MDI4_1_N Pin=BUS2-D7
Added Pin To Net: NetName=MDI4_3_P Pin=BUS2-D8
Added Pin To Net: NetName=MDI4_3_N Pin=BUS2-D9
Added Pin To Net: NetName=GND Pin=BUS2-D10
Added Pin To Net: NetName=GND Pin=BUS2-D12
Added Pin To Net: NetName=3V3 Pin=BUS2-D14
Added Pin To Net: NetName=MDI3_0_P Pin=BUS2-U2
Added Pin To Net: NetName=MDI3_0_N Pin=BUS2-U3
Added Pin To Net: NetName=MDI3_1_P Pin=BUS2-U4
Added Pin To Net: NetName=MDI3_2_P Pin=BUS2-U5
Added Pin To Net: NetName=MDI3_2_N Pin=BUS2-U6
Added Pin To Net: NetName=MDI3_1_N Pin=BUS2-U7
Added Pin To Net: NetName=MDI3_3_P Pin=BUS2-U8
Added Pin To Net: NetName=MDI3_3_N Pin=BUS2-U9
Added Pin To Net: NetName=GND Pin=BUS2-U10
Added Pin To Net: NetName=GND Pin=BUS2-U12
Added Pin To Net: NetName=3V3 Pin=BUS2-U14
Added Pin To Net: NetName=GND Pin=BUS3-1
Added Pin To Net: NetName=GND Pin=BUS3-2
Added Pin To Net: NetName=GND Pin=BUS3-3
Added Pin To Net: NetName=GND Pin=BUS3-4
Added Pin To Net: NetName=MDI6_0_P Pin=BUS3-D2
Added Pin To Net: NetName=MDI6_0_N Pin=BUS3-D3
Added Pin To Net: NetName=MDI6_1_P Pin=BUS3-D4
Added Pin To Net: NetName=MDI6_2_P Pin=BUS3-D5
Added Pin To Net: NetName=MDI6_2_N Pin=BUS3-D6
Added Pin To Net: NetName=MDI6_1_N Pin=BUS3-D7
Added Pin To Net: NetName=MDI6_3_P Pin=BUS3-D8
Added Pin To Net: NetName=MDI6_3_N Pin=BUS3-D9
Added Pin To Net: NetName=GND Pin=BUS3-D10
Added Pin To Net: NetName=GND Pin=BUS3-D12
Added Pin To Net: NetName=3V3 Pin=BUS3-D14
Added Pin To Net: NetName=MDI5_0_P Pin=BUS3-U2
Added Pin To Net: NetName=MDI5_0_N Pin=BUS3-U3
Added Pin To Net: NetName=MDI5_1_P Pin=BUS3-U4
Added Pin To Net: NetName=MDI5_2_P Pin=BUS3-U5
Added Pin To Net: NetName=MDI5_2_N Pin=BUS3-U6
Added Pin To Net: NetName=MDI5_1_N Pin=BUS3-U7
Added Pin To Net: NetName=MDI5_3_P Pin=BUS3-U8
Added Pin To Net: NetName=MDI5_3_N Pin=BUS3-U9
Added Pin To Net: NetName=GND Pin=BUS3-U10
Added Pin To Net: NetName=GND Pin=BUS3-U12
Added Pin To Net: NetName=3V3 Pin=BUS3-U14
Added Pin To Net: NetName=GND Pin=C116-1
Added Pin To Net: NetName=GND Pin=C117-1
Added Pin To Net: NetName=GND Pin=C118-1
Added Pin To Net: NetName=GND Pin=C119-1
Added Pin To Net: NetName=GND Pin=C120-1
Added Pin To Net: NetName=GND Pin=C121-1
Added Pin To Net: NetName=GND Pin=C122-1
Added Pin To Net: NetName=GND Pin=C123-1
Added Pin To Net: NetName=GND Pin=C124-1
Added Pin To Net: NetName=GND Pin=C125-1
Added Pin To Net: NetName=GND Pin=C126-1
Added Pin To Net: NetName=GND Pin=C127-1
Added Pin To Net: NetName=GND Pin=H1-21
Added Pin To Net: NetName=GND Pin=H1-22
Added Pin To Net: NetName=GND Pin=H2-21
Added Pin To Net: NetName=GND Pin=H2-22
Added Pin To Net: NetName=J_TDI Pin=JTAG1-1
Added Pin To Net: NetName=J_TMS Pin=JTAG1-2
Added Pin To Net: NetName=J_TDO Pin=JTAG1-3
Added Pin To Net: NetName=J_TCK Pin=JTAG1-4
Added Pin To Net: NetName=MIO9 Pin=JTAG1-5
Added Pin To Net: NetName=MIO8 Pin=JTAG1-6
Added Pin To Net: NetName=GND Pin=JTAG1-7
Added Pin To Net: NetName=5V Pin=LED1-A
Added Pin To Net: NetName=NetLED1_K Pin=LED1-K
Added Pin To Net: NetName=GND Pin=M1-0
Added Pin To Net: NetName=GND Pin=M1-0
Added Pin To Net: NetName=5V Pin=M1-1
Added Pin To Net: NetName=5V Pin=M1-2
Added Pin To Net: NetName=5V Pin=M1-3
Added Pin To Net: NetName=5V Pin=M1-4
Added Pin To Net: NetName=GND Pin=M1-5
Added Pin To Net: NetName=GND Pin=M1-6
Added Pin To Net: NetName=1V8 Pin=M1-7
Added Pin To Net: NetName=1V8 Pin=M1-8
Added Pin To Net: NetName=GND Pin=M1-9
Added Pin To Net: NetName=GND Pin=M1-10
Added Pin To Net: NetName=GND Pin=M1-11
Added Pin To Net: NetName=GND Pin=M1-12
Added Pin To Net: NetName=GND Pin=M1-13
Added Pin To Net: NetName=GND Pin=M1-14
Added Pin To Net: NetName=MIO4 Pin=M1-15
Added Pin To Net: NetName=MIO5 Pin=M1-16
Added Pin To Net: NetName=MIO8 Pin=M1-17
Added Pin To Net: NetName=MIO0 Pin=M1-18
Added Pin To Net: NetName=GND Pin=M1-19
Added Pin To Net: NetName=GND Pin=M1-20
Added Pin To Net: NetName=J_TMS Pin=M1-21
Added Pin To Net: NetName=MIO9 Pin=M1-22
Added Pin To Net: NetName=J_TDI Pin=M1-23
Added Pin To Net: NetName=MIO7 Pin=M1-24
Added Pin To Net: NetName=J_TDO Pin=M1-25
Added Pin To Net: NetName=PS_POR_B Pin=M1-26
Added Pin To Net: NetName=J_TCK Pin=M1-27
Added Pin To Net: NetName=RESET_POR Pin=M1-28
Added Pin To Net: NetName=PS_SRST_B Pin=M1-30
Added Pin To Net: NetName=GND Pin=M1-37
Added Pin To Net: NetName=GND Pin=M1-38
Added Pin To Net: NetName=V5 Pin=M1-43
Added Pin To Net: NetName=V13 Pin=M1-53
Added Pin To Net: NetName=U13 Pin=M1-54
Added Pin To Net: NetName=GND Pin=M1-55
Added Pin To Net: NetName=GND Pin=M1-56
Added Pin To Net: NetName=IO35_13P Pin=M1-57
Added Pin To Net: NetName=IO34_5N Pin=M1-58
Added Pin To Net: NetName=IO35_13N Pin=M1-59
Added Pin To Net: NetName=IO34_5P Pin=M1-60
Added Pin To Net: NetName=IO34_2P Pin=M1-61
Added Pin To Net: NetName=IO34_24N Pin=M1-62
Added Pin To Net: NetName=IO34_2N Pin=M1-63
Added Pin To Net: NetName=IO34_24P Pin=M1-64
Added Pin To Net: NetName=IO34_6P Pin=M1-65
Added Pin To Net: NetName=IO34_20N Pin=M1-66
Added Pin To Net: NetName=IO34_6N Pin=M1-67
Added Pin To Net: NetName=IO34_20P Pin=M1-68
Added Pin To Net: NetName=IO35_8P Pin=M1-69
Added Pin To Net: NetName=IO35_8N Pin=M1-71
Added Pin To Net: NetName=GND Pin=M1-73
Added Pin To Net: NetName=GND Pin=M1-74
Added Pin To Net: NetName=IO34_1N Pin=M1-88
Added Pin To Net: NetName=IO34_1P Pin=M1-90
Added Pin To Net: NetName=GND Pin=M1-91
Added Pin To Net: NetName=GND Pin=M1-92
Added Pin To Net: NetName=IO34_8N Pin=M1-93
Added Pin To Net: NetName=IO34_4P Pin=M1-94
Added Pin To Net: NetName=IO34_8P Pin=M1-95
Added Pin To Net: NetName=IO34_4N Pin=M1-96
Added Pin To Net: NetName=IO34_7P Pin=M1-97
Added Pin To Net: NetName=IO35_21P Pin=M1-98
Added Pin To Net: NetName=IO34_7N Pin=M1-99
Added Pin To Net: NetName=IO35_21N Pin=M1-100
Added Pin To Net: NetName=IO34_23N Pin=M1-101
Added Pin To Net: NetName=IO34_19P Pin=M1-102
Added Pin To Net: NetName=IO34_23P Pin=M1-103
Added Pin To Net: NetName=IO34_19N Pin=M1-104
Added Pin To Net: NetName=IO34_11P Pin=M1-105
Added Pin To Net: NetName=IO34_13N Pin=M1-106
Added Pin To Net: NetName=IO34_11N Pin=M1-107
Added Pin To Net: NetName=IO34_13P Pin=M1-108
Added Pin To Net: NetName=GND Pin=M1-109
Added Pin To Net: NetName=GND Pin=M1-110
Added Pin To Net: NetName=IO34_9P Pin=M1-111
Added Pin To Net: NetName=IO35_11P Pin=M1-112
Added Pin To Net: NetName=IO34_9N Pin=M1-113
Added Pin To Net: NetName=IO35_11N Pin=M1-114
Added Pin To Net: NetName=IO34_22P Pin=M1-115
Added Pin To Net: NetName=IO34_10P Pin=M1-116
Added Pin To Net: NetName=IO34_22N Pin=M1-117
Added Pin To Net: NetName=IO34_10N Pin=M1-118
Added Pin To Net: NetName=PL_GCLK Pin=M1-119
Added Pin To Net: NetName=IO35_24P Pin=M1-120
Added Pin To Net: NetName=U19 Pin=M1-121
Added Pin To Net: NetName=IO35_24N Pin=M1-122
Added Pin To Net: NetName=T19 Pin=M1-123
Added Pin To Net: NetName=IO35_12P Pin=M1-124
Added Pin To Net: NetName=R19 Pin=M1-125
Added Pin To Net: NetName=IO35_12N Pin=M1-126
Added Pin To Net: NetName=GND Pin=M1-127
Added Pin To Net: NetName=GND Pin=M1-128
Added Pin To Net: NetName=IO34_17P Pin=M1-129
Added Pin To Net: NetName=IO34_18P Pin=M1-130
Added Pin To Net: NetName=IO34_17N Pin=M1-131
Added Pin To Net: NetName=IO34_18N Pin=M1-132
Added Pin To Net: NetName=IO34_16N Pin=M1-133
Added Pin To Net: NetName=IO34_21P Pin=M1-134
Added Pin To Net: NetName=IO34_16P Pin=M1-135
Added Pin To Net: NetName=IO34_21N Pin=M1-136
Added Pin To Net: NetName=IO34_15N Pin=M1-137
Added Pin To Net: NetName=IO35_10P Pin=M1-138
Added Pin To Net: NetName=IO34_15P Pin=M1-139
Added Pin To Net: NetName=IO35_10N Pin=M1-140
Added Pin To Net: NetName=GND Pin=M1-141
Added Pin To Net: NetName=GND Pin=M1-142
Added Pin To Net: NetName=IO34_14N Pin=M1-143
Added Pin To Net: NetName=IO35_14P Pin=M1-144
Added Pin To Net: NetName=IO34_14P Pin=M1-145
Added Pin To Net: NetName=IO35_14N Pin=M1-146
Added Pin To Net: NetName=IO35_7P Pin=M1-147
Added Pin To Net: NetName=IO35_23P Pin=M1-148
Added Pin To Net: NetName=IO35_7N Pin=M1-149
Added Pin To Net: NetName=IO35_23N Pin=M1-150
Added Pin To Net: NetName=IO35_9P Pin=M1-151
Added Pin To Net: NetName=IO35_22N Pin=M1-152
Added Pin To Net: NetName=IO35_9N Pin=M1-153
Added Pin To Net: NetName=IO35_22P Pin=M1-154
Added Pin To Net: NetName=GND Pin=M1-155
Added Pin To Net: NetName=GND Pin=M1-156
Added Pin To Net: NetName=IO35_17P Pin=M1-157
Added Pin To Net: NetName=IO35_20N Pin=M1-158
Added Pin To Net: NetName=IO35_17N Pin=M1-159
Added Pin To Net: NetName=IO35_20P Pin=M1-160
Added Pin To Net: NetName=IO35_19N Pin=M1-161
Added Pin To Net: NetName=IO35_6P Pin=M1-162
Added Pin To Net: NetName=IO35_19P Pin=M1-163
Added Pin To Net: NetName=IO35_6N Pin=M1-164
Added Pin To Net: NetName=IO35_5P Pin=M1-165
Added Pin To Net: NetName=IO35_3N Pin=M1-166
Added Pin To Net: NetName=IO35_5N Pin=M1-167
Added Pin To Net: NetName=IO35_3P Pin=M1-168
Added Pin To Net: NetName=MIO27 Pin=M1-169
Added Pin To Net: NetName=MIO25 Pin=M1-170
Added Pin To Net: NetName=MIO17 Pin=M1-171
Added Pin To Net: NetName=MIO21 Pin=M1-172
Added Pin To Net: NetName=GND Pin=M1-173
Added Pin To Net: NetName=GND Pin=M1-174
Added Pin To Net: NetName=MIO18 Pin=M1-175
Added Pin To Net: NetName=MIO16 Pin=M1-176
Added Pin To Net: NetName=MIO19 Pin=M1-177
Added Pin To Net: NetName=MIO23 Pin=M1-178
Added Pin To Net: NetName=MIO20 Pin=M1-179
Added Pin To Net: NetName=MIO24 Pin=M1-180
Added Pin To Net: NetName=MIO22 Pin=M1-181
Added Pin To Net: NetName=MIO26 Pin=M1-182
Added Pin To Net: NetName=MIO40 Pin=M1-183
Added Pin To Net: NetName=MIO42 Pin=M1-184
Added Pin To Net: NetName=MIO44 Pin=M1-186
Added Pin To Net: NetName=GND Pin=M1-187
Added Pin To Net: NetName=GND Pin=M1-188
Added Pin To Net: NetName=MIO45 Pin=M1-189
Added Pin To Net: NetName=MIO41 Pin=M1-193
Added Pin To Net: NetName=IO35_18N Pin=M1-195
Added Pin To Net: NetName=MIO52 Pin=M1-196
Added Pin To Net: NetName=IO35_18P Pin=M1-197
Added Pin To Net: NetName=MIO53 Pin=M1-198
Added Pin To Net: NetName=IO35_15N Pin=M1-199
Added Pin To Net: NetName=MIO43 Pin=M1-200
Added Pin To Net: NetName=IO35_15P Pin=M1-201
Added Pin To Net: NetName=GND Pin=M1-203
Added Pin To Net: NetName=GND Pin=M1-204
Added Pin To Net: NetName=GND Pin=R15-1
Added Pin To Net: NetName=GND Pin=R16-1
Added Pin To Net: NetName=GND Pin=R18-1
Added Pin To Net: NetName=NetLED1_K Pin=R18-2
Added Pin To Net: NetName=LED1_GP Pin=R183-1
Added Pin To Net: NetName=LED1_YN Pin=R184-1
Added Pin To Net: NetName=LED2_GP Pin=R185-2
Added Pin To Net: NetName=LED2_YN Pin=R186-1
Added Pin To Net: NetName=LED3_GP Pin=R187-1
Added Pin To Net: NetName=LED3_YN Pin=R188-1
Added Pin To Net: NetName=LED4_GP Pin=R189-2
Added Pin To Net: NetName=LED4_YN Pin=R190-1
Added Pin To Net: NetName=LED5_GP Pin=R191-1
Added Pin To Net: NetName=LED5_YN Pin=R192-1
Added Pin To Net: NetName=LED6_GP Pin=R193-2
Added Pin To Net: NetName=LED6_YN Pin=R194-1
Added Pin To Net: NetName=MIO16 Pin=U3-22
Added Pin To Net: NetName=MIO17 Pin=U3-23
Added Pin To Net: NetName=MIO18 Pin=U3-24
Added Pin To Net: NetName=MIO19 Pin=U3-25
Added Pin To Net: NetName=MIO20 Pin=U3-26
Added Pin To Net: NetName=MIO21 Pin=U3-27
Added Pin To Net: NetName=IO34_20N Pin=U4-22
Added Pin To Net: NetName=IO34_6P Pin=U4-23
Added Pin To Net: NetName=IO34_24P Pin=U4-24
Added Pin To Net: NetName=IO34_2N Pin=U4-25
Added Pin To Net: NetName=IO34_24N Pin=U4-26
Added Pin To Net: NetName=IO34_2P Pin=U4-27
Added Pin To Net: NetName=IO34_19N Pin=U5-22
Added Pin To Net: NetName=IO34_23P Pin=U5-23
Added Pin To Net: NetName=IO34_19P Pin=U5-24
Added Pin To Net: NetName=IO34_23N Pin=U5-25
Added Pin To Net: NetName=IO34_7N Pin=U5-26
Added Pin To Net: NetName=IO34_7P Pin=U5-27
Added Pin To Net: NetName=IO35_11N Pin=U6-22
Added Pin To Net: NetName=IO35_11P Pin=U6-23
Added Pin To Net: NetName=IO35_21N Pin=U6-24
Added Pin To Net: NetName=IO35_21P Pin=U6-25
Added Pin To Net: NetName=IO35_8N Pin=U6-26
Added Pin To Net: NetName=IO35_8P Pin=U6-27
Added Pin To Net: NetName=IO34_18N Pin=U7-22
Added Pin To Net: NetName=IO34_17N Pin=U7-23
Added Pin To Net: NetName=IO34_18P Pin=U7-24
Added Pin To Net: NetName=IO34_17P Pin=U7-25
Added Pin To Net: NetName=IO34_10N Pin=U7-26
Added Pin To Net: NetName=IO34_22N Pin=U7-27
Added Pin To Net: NetName=IO35_23N Pin=U8-22
Added Pin To Net: NetName=IO35_7N Pin=U8-23
Added Pin To Net: NetName=IO35_23P Pin=U8-24
Added Pin To Net: NetName=IO35_7P Pin=U8-25
Added Pin To Net: NetName=IO35_14N Pin=U8-26
Added Pin To Net: NetName=IO35_14P Pin=U8-27
Added Pin To Net: NetName=IO35_3N Pin=U9-22
Added Pin To Net: NetName=IO35_5P Pin=U9-23
Added Pin To Net: NetName=IO35_6N Pin=U9-24
Added Pin To Net: NetName=IO35_19P Pin=U9-25
Added Pin To Net: NetName=IO35_6P Pin=U9-26
Added Pin To Net: NetName=IO35_19N Pin=U9-27
Added Pin To Net: NetName=5V Pin=USB1-2
Added Pin To Net: NetName=5V Pin=USB1-5
Change Net Name : Old Net Name=NetC8_1 New Net Name=NetC2_1
Change Net Name : Old Net Name=NetC10_1 New Net Name=NetC4_1
Change Net Name : Old Net Name=NetC11_1 New Net Name=NetC5_1
Change Net Name : Old Net Name=NetC17_2 New Net Name=NetC9_2
Change Net Name : Old Net Name=NetC38_2 New Net Name=NetC11_2
Change Net Name : Old Net Name=NetC41_2 New Net Name=NetC26_2
Change Net Name : Old Net Name=NetC58_2 New Net Name=NetC41_2
Change Net Name : Old Net Name=NetC77_2 New Net Name=NetC56_2
Change Net Name : Old Net Name=NetC95_2 New Net Name=NetC71_2
Change Net Name : Old Net Name=NetC113_2 New Net Name=NetC86_2
Change Net Name : Old Net Name=NetC131_2 New Net Name=NetC101_2
Change Net Name : Old Net Name=NetL3_2 New Net Name=NetL2_2
Change Net Name : Old Net Name=NetL4_2 New Net Name=NetL3_2
Change Net Name : Old Net Name=NetL5_2 New Net Name=NetL4_2
Change Net Name : Old Net Name=NetL6_2 New Net Name=NetL5_2
Change Net Name : Old Net Name=NetL7_2 New Net Name=NetL6_2
Change Net Name : Old Net Name=NetL8_2 New Net Name=NetL7_2
Change Net Name : Old Net Name=NetL9_2 New Net Name=NetL8_2
Change Net Name : Old Net Name=NetR5_2 New Net Name=NetR14_2
Change Net Name : Old Net Name=NetR13_1 New Net Name=NetR5_1
Change Net Name : Old Net Name=NetR21_1 New Net Name=NetR13_1
Change Net Name : Old Net Name=NetR48_1 New Net Name=NetR28_1
Change Net Name : Old Net Name=NetR48_2 New Net Name=NetR28_2
Change Net Name : Old Net Name=NetR49_1 New Net Name=NetR29_1
Change Net Name : Old Net Name=NetR58_1 New Net Name=NetR30_1
Change Net Name : Old Net Name=NetR98_1 New Net Name=NetR62_1
Change Net Name : Old Net Name=NetR98_2 New Net Name=NetR62_2
Change Net Name : Old Net Name=NetR99_1 New Net Name=NetR66_1
Change Net Name : Old Net Name=NetR100_1 New Net Name=NetR67_1
Change Net Name : Old Net Name=NetR130_1 New Net Name=NetR85_1
Change Net Name : Old Net Name=NetR130_2 New Net Name=NetR85_2
Change Net Name : Old Net Name=NetR131_1 New Net Name=NetR89_1
Change Net Name : Old Net Name=NetR132_1 New Net Name=NetR90_1
Change Net Name : Old Net Name=NetR162_1 New Net Name=NetR108_1
Change Net Name : Old Net Name=NetR162_2 New Net Name=NetR108_2
Change Net Name : Old Net Name=NetR163_1 New Net Name=NetR112_1
Change Net Name : Old Net Name=NetR164_1 New Net Name=NetR113_1
Change Net Name : Old Net Name=NetR194_1 New Net Name=NetR131_1
Change Net Name : Old Net Name=NetR194_2 New Net Name=NetR131_2
Change Net Name : Old Net Name=NetR195_1 New Net Name=NetR135_1
Change Net Name : Old Net Name=NetR196_1 New Net Name=NetR136_1
Change Net Name : Old Net Name=NetR226_1 New Net Name=NetR154_1
Change Net Name : Old Net Name=NetR226_2 New Net Name=NetR154_2
Change Net Name : Old Net Name=NetR227_1 New Net Name=NetR158_1
Change Net Name : Old Net Name=NetR228_1 New Net Name=NetR159_1
Change Net Name : Old Net Name=NetR258_1 New Net Name=NetR177_1
Change Net Name : Old Net Name=NetR258_2 New Net Name=NetR177_2
Change Net Name : Old Net Name=NetR259_1 New Net Name=NetR181_1
Change Net Name : Old Net Name=NetR260_1 New Net Name=NetR182_1
Added Pin To Net: NetName=IO13_11N Pin=M1-78
Added Net: Name=IO13_11N
Added Pin To Net: NetName=IO13_11P Pin=M1-76
Added Net: Name=IO13_11P
Added Pin To Net: NetName=IO13_12N Pin=M1-50
Added Net: Name=IO13_12N
Added Pin To Net: NetName=IO13_12P Pin=M1-52
Added Net: Name=IO13_12P
Added Pin To Net: NetName=IO13_13N Pin=M1-75
Added Net: Name=IO13_13N
Added Pin To Net: NetName=IO13_13P Pin=M1-77
Added Net: Name=IO13_13P
Added Pin To Net: NetName=IO13_14N Pin=M1-79
Added Net: Name=IO13_14N
Added Pin To Net: NetName=IO13_14P Pin=M1-81
Added Net: Name=IO13_14P
Added Pin To Net: NetName=IO13_15N Pin=M1-80
Added Net: Name=IO13_15N
Added Pin To Net: NetName=IO13_15P Pin=M1-82
Added Net: Name=IO13_15P
Added Pin To Net: NetName=IO13_16N Pin=M1-84
Added Net: Name=IO13_16N
Added Pin To Net: NetName=IO13_16P Pin=M1-86
Added Net: Name=IO13_16P
Added Pin To Net: NetName=IO13_17N Pin=M1-45
Added Net: Name=IO13_17N
Added Pin To Net: NetName=IO13_17P Pin=M1-47
Added Net: Name=IO13_17P
Added Pin To Net: NetName=IO13_18N Pin=M1-83
Added Net: Name=IO13_18N
Added Pin To Net: NetName=IO13_18P Pin=M1-85
Added Net: Name=IO13_18P
Added Pin To Net: NetName=IO13_19N Pin=M1-46
Added Net: Name=IO13_19N
Added Pin To Net: NetName=IO13_19P Pin=M1-48
Added Net: Name=IO13_19P
Added Pin To Net: NetName=IO13_20N Pin=M1-89
Added Net: Name=IO13_20N
Added Pin To Net: NetName=IO13_20P Pin=M1-87
Added Net: Name=IO13_20P
Added Pin To Net: NetName=IO13_21N Pin=M1-49
Added Net: Name=IO13_21N
Added Pin To Net: NetName=IO13_21P Pin=M1-51
Added Net: Name=IO13_21P
Added Pin To Net: NetName=IO13_22N Pin=M1-72
Added Net: Name=IO13_22N
Added Pin To Net: NetName=IO13_22P Pin=M1-70
Added Net: Name=IO13_22P
Added Pin To Net: NetName=MIO28 Pin=M1-42
Added Net: Name=MIO28
Added Pin To Net: NetName=MIO29 Pin=M1-36
Added Net: Name=MIO29
Added Pin To Net: NetName=MIO30 Pin=M1-44
Added Net: Name=MIO30
Added Pin To Net: NetName=MIO31 Pin=M1-41
Added Net: Name=MIO31
Added Pin To Net: NetName=MIO32 Pin=M1-34
Added Net: Name=MIO32
Added Pin To Net: NetName=MIO33 Pin=M1-31
Added Net: Name=MIO33
Added Pin To Net: NetName=MIO34 Pin=M1-32
Added Net: Name=MIO34
Added Pin To Net: NetName=MIO35 Pin=M1-39
Added Net: Name=MIO35
Added Pin To Net: NetName=MIO36 Pin=M1-29
Added Net: Name=MIO36
Added Pin To Net: NetName=MIO37 Pin=M1-35
Added Net: Name=MIO37
Added Pin To Net: NetName=MIO38 Pin=M1-33
Added Net: Name=MIO38
Added Pin To Net: NetName=MIO39 Pin=M1-40
Added Net: Name=MIO39
Added Pin To Net: NetName=MIO46 Pin=M1-185
Added Net: Name=MIO46
Added Pin To Net: NetName=MIO47 Pin=M1-190
Added Net: Name=MIO47
Added Pin To Net: NetName=MIO48 Pin=M1-194
Added Net: Name=MIO48
Added Pin To Net: NetName=MIO49 Pin=M1-191
Added Net: Name=MIO49
Added Pin To Net: NetName=MIO50 Pin=M1-192
Added Net: Name=MIO50
Added Pin To Net: NetName=MIO51 Pin=M1-202
Added Net: Name=MIO51
Added Pin To Net: NetName=NetBOOT1_1 Pin=BOOT1-1
Added Pin To Net: NetName=NetBOOT1_1 Pin=R1-1
Added Pin To Net: NetName=NetBOOT1_1 Pin=R4-1
Added Net: Name=NetBOOT1_1
Added Pin To Net: NetName=NetBOOT1_2 Pin=BOOT1-2
Added Pin To Net: NetName=NetBOOT1_2 Pin=R2-1
Added Pin To Net: NetName=NetBOOT1_2 Pin=R3-1
Added Net: Name=NetBOOT1_2
Added Pin To Net: NetName=NetBUS1_D1 Pin=BUS1-D1
Added Pin To Net: NetName=NetBUS1_D1 Pin=C118-2
Added Pin To Net: NetName=NetBUS1_D1 Pin=C119-2
Added Net: Name=NetBUS1_D1
Added Pin To Net: NetName=NetBUS1_D11 Pin=BUS1-D11
Added Pin To Net: NetName=NetBUS1_D11 Pin=R185-1
Added Net: Name=NetBUS1_D11
Added Pin To Net: NetName=NetBUS1_D13 Pin=BUS1-D13
Added Pin To Net: NetName=NetBUS1_D13 Pin=R186-2
Added Net: Name=NetBUS1_D13
Added Pin To Net: NetName=NetBUS1_U1 Pin=BUS1-U1
Added Pin To Net: NetName=NetBUS1_U1 Pin=C116-2
Added Pin To Net: NetName=NetBUS1_U1 Pin=C117-2
Added Net: Name=NetBUS1_U1
Added Pin To Net: NetName=NetBUS1_U11 Pin=BUS1-U11
Added Pin To Net: NetName=NetBUS1_U11 Pin=R183-2
Added Net: Name=NetBUS1_U11
Added Pin To Net: NetName=NetBUS1_U13 Pin=BUS1-U13
Added Pin To Net: NetName=NetBUS1_U13 Pin=R184-2
Added Net: Name=NetBUS1_U13
Added Pin To Net: NetName=NetBUS2_D1 Pin=BUS2-D1
Added Pin To Net: NetName=NetBUS2_D1 Pin=C122-2
Added Pin To Net: NetName=NetBUS2_D1 Pin=C123-2
Added Net: Name=NetBUS2_D1
Added Pin To Net: NetName=NetBUS2_D11 Pin=BUS2-D11
Added Pin To Net: NetName=NetBUS2_D11 Pin=R189-1
Added Net: Name=NetBUS2_D11
Added Pin To Net: NetName=NetBUS2_D13 Pin=BUS2-D13
Added Pin To Net: NetName=NetBUS2_D13 Pin=R190-2
Added Net: Name=NetBUS2_D13
Added Pin To Net: NetName=NetBUS2_U1 Pin=BUS2-U1
Added Pin To Net: NetName=NetBUS2_U1 Pin=C120-2
Added Pin To Net: NetName=NetBUS2_U1 Pin=C121-2
Added Net: Name=NetBUS2_U1
Added Pin To Net: NetName=NetBUS2_U11 Pin=BUS2-U11
Added Pin To Net: NetName=NetBUS2_U11 Pin=R187-2
Added Net: Name=NetBUS2_U11
Added Pin To Net: NetName=NetBUS2_U13 Pin=BUS2-U13
Added Pin To Net: NetName=NetBUS2_U13 Pin=R188-2
Added Net: Name=NetBUS2_U13
Added Pin To Net: NetName=NetBUS3_D1 Pin=BUS3-D1
Added Pin To Net: NetName=NetBUS3_D1 Pin=C126-2
Added Pin To Net: NetName=NetBUS3_D1 Pin=C127-2
Added Net: Name=NetBUS3_D1
Added Pin To Net: NetName=NetBUS3_D11 Pin=BUS3-D11
Added Pin To Net: NetName=NetBUS3_D11 Pin=R193-1
Added Net: Name=NetBUS3_D11
Added Pin To Net: NetName=NetBUS3_D13 Pin=BUS3-D13
Added Pin To Net: NetName=NetBUS3_D13 Pin=R194-2
Added Net: Name=NetBUS3_D13
Added Pin To Net: NetName=NetBUS3_U1 Pin=BUS3-U1
Added Pin To Net: NetName=NetBUS3_U1 Pin=C124-2
Added Pin To Net: NetName=NetBUS3_U1 Pin=C125-2
Added Net: Name=NetBUS3_U1
Added Pin To Net: NetName=NetBUS3_U11 Pin=BUS3-U11
Added Pin To Net: NetName=NetBUS3_U11 Pin=R191-2
Added Net: Name=NetBUS3_U11
Added Pin To Net: NetName=NetBUS3_U13 Pin=BUS3-U13
Added Pin To Net: NetName=NetBUS3_U13 Pin=R192-2
Added Net: Name=NetBUS3_U13
Added Pin To Net: NetName=NetR15_2 Pin=R15-2
Added Pin To Net: NetName=NetR15_2 Pin=USB1-3
Added Net: Name=NetR15_2
Added Pin To Net: NetName=NetR16_2 Pin=R16-2
Added Pin To Net: NetName=NetR16_2 Pin=USB1-4
Added Net: Name=NetR16_2
Change Class Name : Old Net Name=OECU_BASE3 New Net Name=OECU_BASE4
Change Class Name : Old Net Name=OECU_BASE4 New Net Name=OECU_BASE5
Change Class Name : Old Net Name=OECU_BASE5 New Net Name=OECU_BASE6
Added Class: Name=OECU_BASE3
Added Member To Class: ClassName=OECU_BASE1 Member=Component BOOT1 DIP_SWITCH_2.54_2_SMD_S
Added Member To Class: ClassName=OECU_BASE1 Member=Component C3 104
Added Member To Class: ClassName=OECU_BASE1 Member=Component C6 104
Added Member To Class: ClassName=OECU_BASE2 Member=Component C25 10uF
Added Member To Class: ClassName=OECU_BASE1 Member=Component LED1 LED
Added Member To Class: ClassName=OECU_BASE1 Member=Component M1 DDR3_204P_H8
Added Member To Class: ClassName=OECU_BASE1 Member=Component R14 4K7
Added Member To Class: ClassName=OECU_BASE1 Member=Component R15 5K1
Added Member To Class: ClassName=OECU_BASE1 Member=Component R16 5K1
Added Member To Class: ClassName=OECU_BASE1 Member=Component R18 1K
