Removed Pin From Net: NetName=MDI1_0_P Pin=T1-2
Removed Pin From Net: NetName=MDI1_0_N Pin=T1-3
Removed Pin From Net: NetName=MDI1_1_P Pin=T1-5
Removed Pin From Net: NetName=MDI1_1_N Pin=T1-6
Removed Pin From Net: NetName=MDI1_2_P Pin=T1-8
Removed Pin From Net: NetName=MDI1_2_N Pin=T1-9
Removed Pin From Net: NetName=MDI1_3_P Pin=T1-11
Removed Pin From Net: NetName=MDI1_3_N Pin=T1-12
Removed Pin From Net: NetName=MX1_3_N Pin=T1-13
Removed Pin From Net: NetName=MX1_3_P Pin=T1-14
Removed Pin From Net: NetName=MX1_2_N Pin=T1-16
Removed Pin From Net: NetName=MX1_2_P Pin=T1-17
Removed Pin From Net: NetName=MX1_1_N Pin=T1-19
Removed Pin From Net: NetName=MX1_1_P Pin=T1-20
Removed Pin From Net: NetName=MX1_0_N Pin=T1-22
Removed Pin From Net: NetName=MX1_0_P Pin=T1-23
Removed Pin From Net: NetName=MDI2_0_P Pin=T2-2
Removed Pin From Net: NetName=MDI2_0_N Pin=T2-3
Removed Pin From Net: NetName=MDI2_1_P Pin=T2-5
Removed Pin From Net: NetName=MDI2_1_N Pin=T2-6
Removed Pin From Net: NetName=MDI2_2_P Pin=T2-8
Removed Pin From Net: NetName=MDI2_2_N Pin=T2-9
Removed Pin From Net: NetName=MDI2_3_P Pin=T2-11
Removed Pin From Net: NetName=MDI2_3_N Pin=T2-12
Removed Pin From Net: NetName=MX2_3_N Pin=T2-13
Removed Pin From Net: NetName=MX2_3_P Pin=T2-14
Removed Pin From Net: NetName=MX2_2_N Pin=T2-16
Removed Pin From Net: NetName=MX2_2_P Pin=T2-17
Removed Pin From Net: NetName=MX2_1_N Pin=T2-19
Removed Pin From Net: NetName=MX2_1_P Pin=T2-20
Removed Pin From Net: NetName=MX2_0_N Pin=T2-22
Removed Pin From Net: NetName=MX2_0_P Pin=T2-23
Removed Pin From Net: NetName=MDI3_0_P Pin=T3-2
Removed Pin From Net: NetName=MDI3_0_N Pin=T3-3
Removed Pin From Net: NetName=MDI3_1_P Pin=T3-5
Removed Pin From Net: NetName=MDI3_1_N Pin=T3-6
Removed Pin From Net: NetName=MDI3_2_P Pin=T3-8
Removed Pin From Net: NetName=MDI3_2_N Pin=T3-9
Removed Pin From Net: NetName=MDI3_3_P Pin=T3-11
Removed Pin From Net: NetName=MDI3_3_N Pin=T3-12
Removed Pin From Net: NetName=MX3_3_N Pin=T3-13
Removed Pin From Net: NetName=MX3_3_P Pin=T3-14
Removed Pin From Net: NetName=MX3_2_N Pin=T3-16
Removed Pin From Net: NetName=MX3_2_P Pin=T3-17
Removed Pin From Net: NetName=MX3_1_N Pin=T3-19
Removed Pin From Net: NetName=MX3_1_P Pin=T3-20
Removed Pin From Net: NetName=MX3_0_N Pin=T3-22
Removed Pin From Net: NetName=MX3_0_P Pin=T3-23
Removed Pin From Net: NetName=MDI4_0_P Pin=T4-2
Removed Pin From Net: NetName=MDI4_0_N Pin=T4-3
Removed Pin From Net: NetName=MDI4_1_P Pin=T4-5
Removed Pin From Net: NetName=MDI4_1_N Pin=T4-6
Removed Pin From Net: NetName=MDI4_2_P Pin=T4-8
Removed Pin From Net: NetName=MDI4_2_N Pin=T4-9
Removed Pin From Net: NetName=MDI4_3_P Pin=T4-11
Removed Pin From Net: NetName=MDI4_3_N Pin=T4-12
Removed Pin From Net: NetName=MX4_3_N Pin=T4-13
Removed Pin From Net: NetName=MX4_3_P Pin=T4-14
Removed Pin From Net: NetName=MX4_2_N Pin=T4-16
Removed Pin From Net: NetName=MX4_2_P Pin=T4-17
Removed Pin From Net: NetName=MX4_1_N Pin=T4-19
Removed Pin From Net: NetName=MX4_1_P Pin=T4-20
Removed Pin From Net: NetName=MX4_0_N Pin=T4-22
Removed Pin From Net: NetName=MX4_0_P Pin=T4-23
Removed Pin From Net: NetName=MDI5_0_P Pin=T5-2
Removed Pin From Net: NetName=MDI5_0_N Pin=T5-3
Removed Pin From Net: NetName=MDI5_1_P Pin=T5-5
Removed Pin From Net: NetName=MDI5_1_N Pin=T5-6
Removed Pin From Net: NetName=MDI5_2_P Pin=T5-8
Removed Pin From Net: NetName=MDI5_2_N Pin=T5-9
Removed Pin From Net: NetName=MDI5_3_P Pin=T5-11
Removed Pin From Net: NetName=MDI5_3_N Pin=T5-12
Removed Pin From Net: NetName=MX5_3_N Pin=T5-13
Removed Pin From Net: NetName=MX5_3_P Pin=T5-14
Removed Pin From Net: NetName=MX5_2_N Pin=T5-16
Removed Pin From Net: NetName=MX5_2_P Pin=T5-17
Removed Pin From Net: NetName=MX5_1_N Pin=T5-19
Removed Pin From Net: NetName=MX5_1_P Pin=T5-20
Removed Pin From Net: NetName=MX5_0_N Pin=T5-22
Removed Pin From Net: NetName=MX5_0_P Pin=T5-23
Removed Pin From Net: NetName=MDI6_0_P Pin=T6-2
Removed Pin From Net: NetName=MDI6_0_N Pin=T6-3
Removed Pin From Net: NetName=MDI6_1_P Pin=T6-5
Removed Pin From Net: NetName=MDI6_1_N Pin=T6-6
Removed Pin From Net: NetName=MDI6_2_P Pin=T6-8
Removed Pin From Net: NetName=MDI6_2_N Pin=T6-9
Removed Pin From Net: NetName=MDI6_3_P Pin=T6-11
Removed Pin From Net: NetName=MDI6_3_N Pin=T6-12
Removed Pin From Net: NetName=MX6_3_N Pin=T6-13
Removed Pin From Net: NetName=MX6_3_P Pin=T6-14
Removed Pin From Net: NetName=MX6_2_N Pin=T6-16
Removed Pin From Net: NetName=MX6_2_P Pin=T6-17
Removed Pin From Net: NetName=MX6_1_N Pin=T6-19
Removed Pin From Net: NetName=MX6_1_P Pin=T6-20
Removed Pin From Net: NetName=MX6_0_N Pin=T6-22
Removed Pin From Net: NetName=MX6_0_P Pin=T6-23
Added Pin To Net: NetName=MDI1_3_N Pin=T1-2
Added Pin To Net: NetName=MDI1_3_P Pin=T1-3
Added Pin To Net: NetName=MDI1_2_N Pin=T1-5
Added Pin To Net: NetName=MDI1_2_P Pin=T1-6
Added Pin To Net: NetName=MDI1_1_N Pin=T1-8
Added Pin To Net: NetName=MDI1_1_P Pin=T1-9
Added Pin To Net: NetName=MDI1_0_N Pin=T1-11
Added Pin To Net: NetName=MDI1_0_P Pin=T1-12
Added Pin To Net: NetName=MX1_0_P Pin=T1-13
Added Pin To Net: NetName=MX1_0_N Pin=T1-14
Added Pin To Net: NetName=MX1_1_P Pin=T1-16
Added Pin To Net: NetName=MX1_1_N Pin=T1-17
Added Pin To Net: NetName=MX1_2_P Pin=T1-19
Added Pin To Net: NetName=MX1_2_N Pin=T1-20
Added Pin To Net: NetName=MX1_3_P Pin=T1-22
Added Pin To Net: NetName=MX1_3_N Pin=T1-23
Added Pin To Net: NetName=MDI2_3_N Pin=T2-2
Added Pin To Net: NetName=MDI2_3_P Pin=T2-3
Added Pin To Net: NetName=MDI2_2_N Pin=T2-5
Added Pin To Net: NetName=MDI2_2_P Pin=T2-6
Added Pin To Net: NetName=MDI2_1_N Pin=T2-8
Added Pin To Net: NetName=MDI2_1_P Pin=T2-9
Added Pin To Net: NetName=MDI2_0_N Pin=T2-11
Added Pin To Net: NetName=MDI2_0_P Pin=T2-12
Added Pin To Net: NetName=MX2_0_P Pin=T2-13
Added Pin To Net: NetName=MX2_0_N Pin=T2-14
Added Pin To Net: NetName=MX2_1_P Pin=T2-16
Added Pin To Net: NetName=MX2_1_N Pin=T2-17
Added Pin To Net: NetName=MX2_2_P Pin=T2-19
Added Pin To Net: NetName=MX2_2_N Pin=T2-20
Added Pin To Net: NetName=MX2_3_P Pin=T2-22
Added Pin To Net: NetName=MX2_3_N Pin=T2-23
Added Pin To Net: NetName=MDI3_3_N Pin=T3-2
Added Pin To Net: NetName=MDI3_3_P Pin=T3-3
Added Pin To Net: NetName=MDI3_2_N Pin=T3-5
Added Pin To Net: NetName=MDI3_2_P Pin=T3-6
Added Pin To Net: NetName=MDI3_1_N Pin=T3-8
Added Pin To Net: NetName=MDI3_1_P Pin=T3-9
Added Pin To Net: NetName=MDI3_0_N Pin=T3-11
Added Pin To Net: NetName=MDI3_0_P Pin=T3-12
Added Pin To Net: NetName=MX3_0_P Pin=T3-13
Added Pin To Net: NetName=MX3_0_N Pin=T3-14
Added Pin To Net: NetName=MX3_1_P Pin=T3-16
Added Pin To Net: NetName=MX3_1_N Pin=T3-17
Added Pin To Net: NetName=MX3_2_P Pin=T3-19
Added Pin To Net: NetName=MX3_2_N Pin=T3-20
Added Pin To Net: NetName=MX3_3_P Pin=T3-22
Added Pin To Net: NetName=MX3_3_N Pin=T3-23
Added Pin To Net: NetName=MDI4_3_N Pin=T4-2
Added Pin To Net: NetName=MDI4_3_P Pin=T4-3
Added Pin To Net: NetName=MDI4_2_N Pin=T4-5
Added Pin To Net: NetName=MDI4_2_P Pin=T4-6
Added Pin To Net: NetName=MDI4_1_N Pin=T4-8
Added Pin To Net: NetName=MDI4_1_P Pin=T4-9
Added Pin To Net: NetName=MDI4_0_N Pin=T4-11
Added Pin To Net: NetName=MDI4_0_P Pin=T4-12
Added Pin To Net: NetName=MX4_0_P Pin=T4-13
Added Pin To Net: NetName=MX4_0_N Pin=T4-14
Added Pin To Net: NetName=MX4_1_P Pin=T4-16
Added Pin To Net: NetName=MX4_1_N Pin=T4-17
Added Pin To Net: NetName=MX4_2_P Pin=T4-19
Added Pin To Net: NetName=MX4_2_N Pin=T4-20
Added Pin To Net: NetName=MX4_3_P Pin=T4-22
Added Pin To Net: NetName=MX4_3_N Pin=T4-23
Added Pin To Net: NetName=MDI5_3_N Pin=T5-2
Added Pin To Net: NetName=MDI5_3_P Pin=T5-3
Added Pin To Net: NetName=MDI5_2_N Pin=T5-5
Added Pin To Net: NetName=MDI5_2_P Pin=T5-6
Added Pin To Net: NetName=MDI5_1_N Pin=T5-8
Added Pin To Net: NetName=MDI5_1_P Pin=T5-9
Added Pin To Net: NetName=MDI5_0_N Pin=T5-11
Added Pin To Net: NetName=MDI5_0_P Pin=T5-12
Added Pin To Net: NetName=MX5_0_P Pin=T5-13
Added Pin To Net: NetName=MX5_0_N Pin=T5-14
Added Pin To Net: NetName=MX5_1_P Pin=T5-16
Added Pin To Net: NetName=MX5_1_N Pin=T5-17
Added Pin To Net: NetName=MX5_2_P Pin=T5-19
Added Pin To Net: NetName=MX5_2_N Pin=T5-20
Added Pin To Net: NetName=MX5_3_P Pin=T5-22
Added Pin To Net: NetName=MX5_3_N Pin=T5-23
Added Pin To Net: NetName=MDI6_3_N Pin=T6-2
Added Pin To Net: NetName=MDI6_3_P Pin=T6-3
Added Pin To Net: NetName=MDI6_2_N Pin=T6-5
Added Pin To Net: NetName=MDI6_2_P Pin=T6-6
Added Pin To Net: NetName=MDI6_1_N Pin=T6-8
Added Pin To Net: NetName=MDI6_1_P Pin=T6-9
Added Pin To Net: NetName=MDI6_0_N Pin=T6-11
Added Pin To Net: NetName=MDI6_0_P Pin=T6-12
Added Pin To Net: NetName=MX6_0_P Pin=T6-13
Added Pin To Net: NetName=MX6_0_N Pin=T6-14
Added Pin To Net: NetName=MX6_1_P Pin=T6-16
Added Pin To Net: NetName=MX6_1_N Pin=T6-17
Added Pin To Net: NetName=MX6_2_P Pin=T6-19
Added Pin To Net: NetName=MX6_2_N Pin=T6-20
Added Pin To Net: NetName=MX6_3_P Pin=T6-22
Added Pin To Net: NetName=MX6_3_N Pin=T6-23
