Change Component Designator: Old Designator=BOOT New Designator=BOOT1
Change Component Designator: Old Designator=C1 New Designator=C3
Change Component Designator: Old Designator=C4 New Designator=C6
Change Component Designator: Old Designator=C5 New Designator=C1
Change Component Designator: Old Designator=C8 New Designator=C2
Change Component Designator: Old Designator=C10 New Designator=C4
Change Component Designator: Old Designator=C11 New Designator=C5
Change Component Designator: Old Designator=C13 New Designator=C7
Change Component Designator: Old Designator=C15 New Designator=C8
Change Component Designator: Old Designator=M2 New Designator=M1
Change Component Designator: Old Designator=PS_SRST New Designator=PS_SRST1
Change Component Designator: Old Designator=R1 New Designator=R4
Change Component Designator: Old Designator=R2 New Designator=R3
Change Component Designator: Old Designator=R3 New Designator=R1
Change Component Designator: Old Designator=R4 New Designator=R2
Change Component Designator: Old Designator=R5 New Designator=R14
Change Component Designator: Old Designator=R6 New Designator=R15
Change Component Designator: Old Designator=R7 New Designator=R16
Change Component Designator: Old Designator=R11 New Designator=R18
Change Component Designator: Old Designator=R13 New Designator=R5
Change Component Designator: Old Designator=R14 New Designator=R6
Change Component Designator: Old Designator=R15 New Designator=R7
Change Component Designator: Old Designator=R16 New Designator=R8
Change Component Designator: Old Designator=R17 New Designator=R9
Change Component Designator: Old Designator=R18 New Designator=R10
Change Component Designator: Old Designator=R19 New Designator=R11
Change Component Designator: Old Designator=R20 New Designator=R12
Change Component Designator: Old Designator=R21 New Designator=R13
Change Component Designator: Old Designator=R28 New Designator=R17
Change Component Designator: Old Designator=R29 New Designator=R19
Change Component Designator: Old Designator=RST_POR New Designator=RST_POR1
Change Component Designator: Old Designator=U4 New Designator=U2
Change Component Designator: Old Designator=USB New Designator=USB1
