Removed Pin From Net: NetName=PHY_1V05D Pin=FB2-1
Removed Pin From Net: NetName=PHY_1V05 Pin=FB2-2
Removed Pin From Net: NetName=PHY_1V05A Pin=FB3-1
Removed Pin From Net: NetName=PHY_1V05 Pin=FB3-2
Removed Pin From Net: NetName=PHY1_1V05D Pin=FB6-1
Removed Pin From Net: NetName=PHY1_1V05 Pin=FB6-2
Removed Pin From Net: NetName=PHY2_1V05D Pin=FB7-1
Removed Pin From Net: NetName=PHY2_1V05 Pin=FB7-2
Removed Pin From Net: NetName=PHY1_1V05A Pin=FB8-1
Removed Pin From Net: NetName=PHY1_1V05 Pin=FB8-2
Removed Pin From Net: NetName=PHY2_1V05A Pin=FB9-1
Removed Pin From Net: NetName=PHY2_1V05 Pin=FB9-2
Removed Pin From Net: NetName=PHY3_1V05D Pin=FB12-1
Removed Pin From Net: NetName=PHY3_1V05 Pin=FB12-2
Removed Pin From Net: NetName=PHY4_1V05D Pin=FB13-1
Removed Pin From Net: NetName=PHY4_1V05 Pin=FB13-2
Removed Pin From Net: NetName=PHY3_1V05A Pin=FB14-1
Removed Pin From Net: NetName=PHY3_1V05 Pin=FB14-2
Removed Pin From Net: NetName=PHY4_1V05A Pin=FB15-1
Removed Pin From Net: NetName=PHY4_1V05 Pin=FB15-2
Removed Pin From Net: NetName=PHY5_1V05D Pin=FB18-1
Removed Pin From Net: NetName=PHY5_1V05 Pin=FB18-2
Removed Pin From Net: NetName=PHY6_1V05D Pin=FB19-1
Removed Pin From Net: NetName=PHY6_1V05 Pin=FB19-2
Removed Pin From Net: NetName=PHY5_1V05A Pin=FB20-1
Removed Pin From Net: NetName=PHY5_1V05 Pin=FB20-2
Removed Pin From Net: NetName=PHY6_1V05A Pin=FB21-1
Removed Pin From Net: NetName=PHY6_1V05 Pin=FB21-2
Change Component Footprint: Designator=FB2 Old Footprint=0402 New Footprint=0603
Change Component Footprint: Designator=FB3 Old Footprint=0402 New Footprint=0603
Change Component Footprint: Designator=FB6 Old Footprint=0402 New Footprint=0603
Change Component Footprint: Designator=FB7 Old Footprint=0402 New Footprint=0603
Change Component Footprint: Designator=FB8 Old Footprint=0402 New Footprint=0603
Change Component Footprint: Designator=FB9 Old Footprint=0402 New Footprint=0603
Change Component Footprint: Designator=FB18 Old Footprint=0402 New Footprint=0603
Change Component Footprint: Designator=FB19 Old Footprint=0402 New Footprint=0603
Change Component Footprint: Designator=FB20 Old Footprint=0402 New Footprint=0603
Change Component Footprint: Designator=FB21 Old Footprint=0402 New Footprint=0603
Change Component Footprint: Designator=FB10 Old Footprint=0603_C New Footprint=0402
Change Component Footprint: Designator=FB11 Old Footprint=0603_C New Footprint=0402
Change Component Footprint: Designator=FB12 Old Footprint=0603_C New Footprint=0603
Change Component Footprint: Designator=FB13 Old Footprint=0603_C New Footprint=0603
Change Component Footprint: Designator=FB14 Old Footprint=0603_C New Footprint=0603
Change Component Footprint: Designator=FB15 Old Footprint=0603_C New Footprint=0603
Added Pin To Net: NetName=PHY_1V05 Pin=FB2-1
Added Pin To Net: NetName=PHY_1V05D Pin=FB2-2
Added Pin To Net: NetName=PHY_1V05 Pin=FB3-1
Added Pin To Net: NetName=PHY_1V05A Pin=FB3-2
Added Pin To Net: NetName=PHY1_1V05 Pin=FB6-1
Added Pin To Net: NetName=PHY1_1V05D Pin=FB6-2
Added Pin To Net: NetName=PHY2_1V05 Pin=FB7-1
Added Pin To Net: NetName=PHY2_1V05D Pin=FB7-2
Added Pin To Net: NetName=PHY1_1V05 Pin=FB8-1
Added Pin To Net: NetName=PHY1_1V05A Pin=FB8-2
Added Pin To Net: NetName=PHY2_1V05 Pin=FB9-1
Added Pin To Net: NetName=PHY2_1V05A Pin=FB9-2
Added Pin To Net: NetName=PHY3_1V05 Pin=FB12-1
Added Pin To Net: NetName=PHY3_1V05D Pin=FB12-2
Added Pin To Net: NetName=PHY4_1V05 Pin=FB13-1
Added Pin To Net: NetName=PHY4_1V05D Pin=FB13-2
Added Pin To Net: NetName=PHY3_1V05 Pin=FB14-1
Added Pin To Net: NetName=PHY3_1V05A Pin=FB14-2
Added Pin To Net: NetName=PHY4_1V05 Pin=FB15-1
Added Pin To Net: NetName=PHY4_1V05A Pin=FB15-2
Added Pin To Net: NetName=PHY5_1V05 Pin=FB18-1
Added Pin To Net: NetName=PHY5_1V05D Pin=FB18-2
Added Pin To Net: NetName=PHY6_1V05 Pin=FB19-1
Added Pin To Net: NetName=PHY6_1V05D Pin=FB19-2
Added Pin To Net: NetName=PHY5_1V05 Pin=FB20-1
Added Pin To Net: NetName=PHY5_1V05A Pin=FB20-2
Added Pin To Net: NetName=PHY6_1V05 Pin=FB21-1
Added Pin To Net: NetName=PHY6_1V05A Pin=FB21-2
