Removed Pin From Net: NetName=GND Pin=R1-1
Removed Pin From Net: NetName=GND Pin=R2-1
Removed Pin From Net: NetName=5V Pin=SW1-2
Removed Pin From Net: NetName=5V Pin=SW2-2
Removed Pin From Net: NetName=GND Pin=USB-0
Removed Pin From Net: NetName=GND Pin=USB-0
Removed Pin From Net: NetName=GND Pin=USB-0
Removed Pin From Net: NetName=GND Pin=USB-0
Removed Pin From Net: NetName=GND Pin=USB-1
Removed Pin From Net: NetName=GND Pin=USB-6
Removed Member From Class: ClassName=OECU_BASE3 Member=C44
Removed Member From Class: ClassName=OECU_BASE1 Member=USB
Change Component Footprint: Designator=DB1 Old Footprint=DB25_1 New Footprint=DB15_1
Change Component Comment : Designator=R1 Old Comment=5.1K New Comment=5K1
Change Component Comment : Designator=R2 Old Comment=5.1K New Comment=5K1
Change Component Comment : Designator=DB1 Old Comment=DB25_1 New Comment=DB15_1
Change Component Designator: OldDesignator=C5 NewDesignator=C21
Change Component Designator: OldDesignator=C6 NewDesignator=C20
Change Component Designator: OldDesignator=C7 NewDesignator=C19
Change Component Designator: OldDesignator=C8 NewDesignator=C17
Change Component Designator: OldDesignator=C9 NewDesignator=C18
Change Component Designator: OldDesignator=C10 NewDesignator=C22
Change Component Designator: OldDesignator=C11 NewDesignator=C23
Change Component Designator: OldDesignator=C12 NewDesignator=C24
Change Component Designator: OldDesignator=C13 NewDesignator=C28
Change Component Designator: OldDesignator=C14 NewDesignator=C29
Change Component Designator: OldDesignator=C15 NewDesignator=C30
Change Component Designator: OldDesignator=C16 NewDesignator=C25
Change Component Designator: OldDesignator=C17 NewDesignator=C26
Change Component Designator: OldDesignator=C18 NewDesignator=C27
Change Component Designator: OldDesignator=C19 NewDesignator=C31
Change Component Designator: OldDesignator=C20 NewDesignator=C32
Change Component Designator: OldDesignator=C21 NewDesignator=C33
Change Component Designator: OldDesignator=C22 NewDesignator=C34
Change Component Designator: OldDesignator=C23 NewDesignator=C35
Change Component Designator: OldDesignator=C24 NewDesignator=C36
Change Component Designator: OldDesignator=C25 NewDesignator=C37
Change Component Designator: OldDesignator=C26 NewDesignator=C38
Change Component Designator: OldDesignator=C27 NewDesignator=C39
Change Component Designator: OldDesignator=C28 NewDesignator=C40
Change Component Designator: OldDesignator=C29 NewDesignator=C42
Change Component Designator: OldDesignator=C30 NewDesignator=C44
Change Component Designator: OldDesignator=C31 NewDesignator=C58
Change Component Designator: OldDesignator=C32 NewDesignator=C46
Change Component Designator: OldDesignator=C33 NewDesignator=C47
Change Component Designator: OldDesignator=C34 NewDesignator=C48
Change Component Designator: OldDesignator=C35 NewDesignator=C59
Change Component Designator: OldDesignator=C36 NewDesignator=C60
Change Component Designator: OldDesignator=C37 NewDesignator=C61
Change Component Designator: OldDesignator=C38 NewDesignator=C52
Change Component Designator: OldDesignator=C39 NewDesignator=C53
Change Component Designator: OldDesignator=C40 NewDesignator=C54
Change Component Designator: OldDesignator=C41 NewDesignator=C62
Change Component Designator: OldDesignator=C42 NewDesignator=C63
Change Component Designator: OldDesignator=C43 NewDesignator=C41
Change Component Designator: OldDesignator=C44 NewDesignator=C43
Change Component Designator: OldDesignator=C46 NewDesignator=C49
Change Component Designator: OldDesignator=C47 NewDesignator=C50
Change Component Designator: OldDesignator=C48 NewDesignator=C51
Change Component Designator: OldDesignator=C49 NewDesignator=C55
Change Component Designator: OldDesignator=C50 NewDesignator=C56
Change Component Designator: OldDesignator=C51 NewDesignator=C57
Change Component Designator: OldDesignator=C52 NewDesignator=C64
Change Component Designator: OldDesignator=C53 NewDesignator=C65
Change Component Designator: OldDesignator=C54 NewDesignator=C66
Change Component Designator: OldDesignator=C55 NewDesignator=C67
Change Component Designator: OldDesignator=C56 NewDesignator=C68
Change Component Designator: OldDesignator=C57 NewDesignator=C69
Change Component Designator: OldDesignator=C58 NewDesignator=C76
Change Component Designator: OldDesignator=C59 NewDesignator=C77
Change Component Designator: OldDesignator=C60 NewDesignator=C78
Change Component Designator: OldDesignator=C61 NewDesignator=C79
Change Component Designator: OldDesignator=C62 NewDesignator=C80
Change Component Designator: OldDesignator=C63 NewDesignator=C81
Change Component Designator: OldDesignator=C64 NewDesignator=C82
Change Component Designator: OldDesignator=C65 NewDesignator=C83
Change Component Designator: OldDesignator=C66 NewDesignator=C84
Change Component Designator: OldDesignator=C67 NewDesignator=C85
Change Component Designator: OldDesignator=C68 NewDesignator=C86
Change Component Designator: OldDesignator=C69 NewDesignator=C87
Change Component Designator: OldDesignator=C70 NewDesignator=C88
Change Component Designator: OldDesignator=C71 NewDesignator=C89
Change Component Designator: OldDesignator=C72 NewDesignator=C90
Change Component Designator: OldDesignator=C73 NewDesignator=C91
Change Component Designator: OldDesignator=C74 NewDesignator=C92
Change Component Designator: OldDesignator=C75 NewDesignator=C93
Change Component Designator: OldDesignator=C76 NewDesignator=C94
Change Component Designator: OldDesignator=C77 NewDesignator=C95
Change Component Designator: OldDesignator=C78 NewDesignator=C96
Change Component Designator: OldDesignator=C79 NewDesignator=C97
Change Component Designator: OldDesignator=C80 NewDesignator=C98
Change Component Designator: OldDesignator=C81 NewDesignator=C99
Change Component Designator: OldDesignator=C82 NewDesignator=C100
Change Component Designator: OldDesignator=C83 NewDesignator=C101
Change Component Designator: OldDesignator=C84 NewDesignator=C102
Change Component Designator: OldDesignator=C85 NewDesignator=C103
Change Component Designator: OldDesignator=C86 NewDesignator=C104
Change Component Designator: OldDesignator=C87 NewDesignator=C105
Change Component Designator: OldDesignator=C88 NewDesignator=C112
Change Component Designator: OldDesignator=C89 NewDesignator=C113
Change Component Designator: OldDesignator=C90 NewDesignator=C114
Change Component Designator: OldDesignator=C91 NewDesignator=C115
Change Component Designator: OldDesignator=C92 NewDesignator=C116
Change Component Designator: OldDesignator=C93 NewDesignator=C117
Change Component Designator: OldDesignator=C94 NewDesignator=C118
Change Component Designator: OldDesignator=C95 NewDesignator=C119
Change Component Designator: OldDesignator=C96 NewDesignator=C120
Change Component Designator: OldDesignator=C97 NewDesignator=C121
Change Component Designator: OldDesignator=C98 NewDesignator=C122
Change Component Designator: OldDesignator=C99 NewDesignator=C123
Change Component Designator: OldDesignator=C100 NewDesignator=C124
Change Component Designator: OldDesignator=C101 NewDesignator=C125
Change Component Designator: OldDesignator=C102 NewDesignator=C126
Change Component Designator: OldDesignator=C103 NewDesignator=C127
Change Component Designator: OldDesignator=C104 NewDesignator=C128
Change Component Designator: OldDesignator=C105 NewDesignator=C129
Change Component Designator: OldDesignator=C106 NewDesignator=C130
Change Component Designator: OldDesignator=C107 NewDesignator=C131
Change Component Designator: OldDesignator=C108 NewDesignator=C132
Change Component Designator: OldDesignator=C109 NewDesignator=C133
Change Component Designator: OldDesignator=C110 NewDesignator=C134
Change Component Designator: OldDesignator=C111 NewDesignator=C135
Change Component Designator: OldDesignator=C112 NewDesignator=C136
Change Component Designator: OldDesignator=C113 NewDesignator=C137
Change Component Designator: OldDesignator=C114 NewDesignator=C138
Change Component Designator: OldDesignator=C115 NewDesignator=C139
Change Component Designator: OldDesignator=C116 NewDesignator=C140
Change Component Designator: OldDesignator=C117 NewDesignator=C141
Change Component Designator: OldDesignator=FB5 NewDesignator=FB6
Change Component Designator: OldDesignator=FB6 NewDesignator=FB8
Change Component Designator: OldDesignator=FB7 NewDesignator=FB5
Change Component Designator: OldDesignator=FB8 NewDesignator=FB7
Change Component Designator: OldDesignator=KE_2 NewDesignator=KE_1
Change Component Designator: OldDesignator=L0 NewDesignator=L3
Change Component Designator: OldDesignator=L1 NewDesignator=L4
Change Component Designator: OldDesignator=L2 NewDesignator=L5
Change Component Designator: OldDesignator=L3 NewDesignator=L6
Change Component Designator: OldDesignator=L4 NewDesignator=L7
Change Component Designator: OldDesignator=L5 NewDesignator=L8
Change Component Designator: OldDesignator=L6 NewDesignator=L9
Change Component Designator: OldDesignator=P0 NewDesignator=P1
Change Component Designator: OldDesignator=P1 NewDesignator=P2
Change Component Designator: OldDesignator=R3 NewDesignator=R21
Change Component Designator: OldDesignator=R4 NewDesignator=R22
Change Component Designator: OldDesignator=R5 NewDesignator=R24
Change Component Designator: OldDesignator=R6 NewDesignator=R28
Change Component Designator: OldDesignator=R12 NewDesignator=R51
Change Component Designator: OldDesignator=R13 NewDesignator=R72
Change Component Designator: OldDesignator=R14 NewDesignator=R46
Change Component Designator: OldDesignator=R15 NewDesignator=R47
Change Component Designator: OldDesignator=R16 NewDesignator=R56
Change Component Designator: OldDesignator=R17 NewDesignator=R74
Change Component Designator: OldDesignator=R18 NewDesignator=R49
Change Component Designator: OldDesignator=R19 NewDesignator=R76
Change Component Designator: OldDesignator=R20 NewDesignator=R50
Change Component Designator: OldDesignator=R21 NewDesignator=R48
Change Component Designator: OldDesignator=R22 NewDesignator=R30
Change Component Designator: OldDesignator=R23 NewDesignator=R31
Change Component Designator: OldDesignator=R24 NewDesignator=R32
Change Component Designator: OldDesignator=R25 NewDesignator=R33
Change Component Designator: OldDesignator=R26 NewDesignator=R34
Change Component Designator: OldDesignator=R27 NewDesignator=R35
Change Component Designator: OldDesignator=R28 NewDesignator=R36
Change Component Designator: OldDesignator=R29 NewDesignator=R37
Change Component Designator: OldDesignator=R30 NewDesignator=R40
Change Component Designator: OldDesignator=R31 NewDesignator=R43
Change Component Designator: OldDesignator=R32 NewDesignator=R44
Change Component Designator: OldDesignator=R33 NewDesignator=R45
Change Component Designator: OldDesignator=R34 NewDesignator=R61
Change Component Designator: OldDesignator=R35 NewDesignator=R62
Change Component Designator: OldDesignator=R36 NewDesignator=R65
Change Component Designator: OldDesignator=R37 NewDesignator=R70
Change Component Designator: OldDesignator=R38 NewDesignator=R68
Change Component Designator: OldDesignator=R39 NewDesignator=R66
Change Component Designator: OldDesignator=R40 NewDesignator=R71
Change Component Designator: OldDesignator=R41 NewDesignator=R69
Change Component Designator: OldDesignator=R42 NewDesignator=R67
Change Component Designator: OldDesignator=R43 NewDesignator=R63
Change Component Designator: OldDesignator=R44 NewDesignator=R64
Change Component Designator: OldDesignator=R45 NewDesignator=R78
Change Component Designator: OldDesignator=R46 NewDesignator=R80
Change Component Designator: OldDesignator=R47 NewDesignator=R82
Change Component Designator: OldDesignator=R48 NewDesignator=R84
Change Component Designator: OldDesignator=R49 NewDesignator=R86
Change Component Designator: OldDesignator=R50 NewDesignator=R88
Change Component Designator: OldDesignator=R51 NewDesignator=R90
Change Component Designator: OldDesignator=R52 NewDesignator=R92
Change Component Designator: OldDesignator=R53 NewDesignator=R94
Change Component Designator: OldDesignator=R54 NewDesignator=R96
Change Component Designator: OldDesignator=R55 NewDesignator=R98
Change Component Designator: OldDesignator=R56 NewDesignator=R100
Change Component Designator: OldDesignator=R57 NewDesignator=R102
Change Component Designator: OldDesignator=R58 NewDesignator=R104
Change Component Designator: OldDesignator=R59 NewDesignator=R106
Change Component Designator: OldDesignator=R60 NewDesignator=R108
Change Component Designator: OldDesignator=R61 NewDesignator=R110
Change Component Designator: OldDesignator=R62 NewDesignator=R112
Change Component Designator: OldDesignator=R63 NewDesignator=R114
Change Component Designator: OldDesignator=R64 NewDesignator=R116
Change Component Designator: OldDesignator=R65 NewDesignator=R117
Change Component Designator: OldDesignator=R66 NewDesignator=R120
Change Component Designator: OldDesignator=R67 NewDesignator=R121
Change Component Designator: OldDesignator=R68 NewDesignator=R124
Change Component Designator: OldDesignator=R69 NewDesignator=R125
Change Component Designator: OldDesignator=R70 NewDesignator=R73
Change Component Designator: OldDesignator=R71 NewDesignator=R75
Change Component Designator: OldDesignator=R72 NewDesignator=R77
Change Component Designator: OldDesignator=R73 NewDesignator=R79
Change Component Designator: OldDesignator=R74 NewDesignator=R81
Change Component Designator: OldDesignator=R75 NewDesignator=R83
Change Component Designator: OldDesignator=R76 NewDesignator=R85
Change Component Designator: OldDesignator=R77 NewDesignator=R87
Change Component Designator: OldDesignator=R78 NewDesignator=R89
Change Component Designator: OldDesignator=R79 NewDesignator=R91
Change Component Designator: OldDesignator=R80 NewDesignator=R93
Change Component Designator: OldDesignator=R81 NewDesignator=R95
Change Component Designator: OldDesignator=R82 NewDesignator=R97
Change Component Designator: OldDesignator=R83 NewDesignator=R99
Change Component Designator: OldDesignator=R84 NewDesignator=R101
Change Component Designator: OldDesignator=R85 NewDesignator=R103
Change Component Designator: OldDesignator=R86 NewDesignator=R105
Change Component Designator: OldDesignator=R87 NewDesignator=R107
Change Component Designator: OldDesignator=R88 NewDesignator=R109
Change Component Designator: OldDesignator=R89 NewDesignator=R111
Change Component Designator: OldDesignator=R90 NewDesignator=R113
Change Component Designator: OldDesignator=R91 NewDesignator=R115
Change Component Designator: OldDesignator=R92 NewDesignator=R118
Change Component Designator: OldDesignator=R93 NewDesignator=R119
Change Component Designator: OldDesignator=R94 NewDesignator=R122
Change Component Designator: OldDesignator=R95 NewDesignator=R123
Change Component Designator: OldDesignator=R96 NewDesignator=R126
Change Component Designator: OldDesignator=R97 NewDesignator=R127
Change Component Designator: OldDesignator=R98 NewDesignator=R136
Change Component Designator: OldDesignator=R99 NewDesignator=R137
Change Component Designator: OldDesignator=R100 NewDesignator=R138
Change Component Designator: OldDesignator=R101 NewDesignator=R139
Change Component Designator: OldDesignator=R102 NewDesignator=R140
Change Component Designator: OldDesignator=R103 NewDesignator=R141
Change Component Designator: OldDesignator=R104 NewDesignator=R142
Change Component Designator: OldDesignator=R105 NewDesignator=R143
Change Component Designator: OldDesignator=R106 NewDesignator=R144
Change Component Designator: OldDesignator=R107 NewDesignator=R145
Change Component Designator: OldDesignator=R108 NewDesignator=R146
Change Component Designator: OldDesignator=R109 NewDesignator=R147
Change Component Designator: OldDesignator=R110 NewDesignator=R148
Change Component Designator: OldDesignator=R111 NewDesignator=R149
Change Component Designator: OldDesignator=R112 NewDesignator=R150
Change Component Designator: OldDesignator=R113 NewDesignator=R151
Change Component Designator: OldDesignator=R114 NewDesignator=R152
Change Component Designator: OldDesignator=R115 NewDesignator=R153
Change Component Designator: OldDesignator=R116 NewDesignator=R154
Change Component Designator: OldDesignator=R117 NewDesignator=R155
Change Component Designator: OldDesignator=R118 NewDesignator=R156
Change Component Designator: OldDesignator=R119 NewDesignator=R157
Change Component Designator: OldDesignator=R120 NewDesignator=R158
Change Component Designator: OldDesignator=R121 NewDesignator=R159
Change Component Designator: OldDesignator=R122 NewDesignator=R160
Change Component Designator: OldDesignator=R123 NewDesignator=R161
Change Component Designator: OldDesignator=R124 NewDesignator=R162
Change Component Designator: OldDesignator=R125 NewDesignator=R163
Change Component Designator: OldDesignator=R126 NewDesignator=R164
Change Component Designator: OldDesignator=R127 NewDesignator=R165
Change Component Designator: OldDesignator=R128 NewDesignator=R166
Change Component Designator: OldDesignator=R129 NewDesignator=R167
Change Component Designator: OldDesignator=R130 NewDesignator=R168
Change Component Designator: OldDesignator=R131 NewDesignator=R169
Change Component Designator: OldDesignator=R132 NewDesignator=R170
Change Component Designator: OldDesignator=R133 NewDesignator=R171
Change Component Designator: OldDesignator=R134 NewDesignator=R172
Change Component Designator: OldDesignator=R135 NewDesignator=R173
Change Component Designator: OldDesignator=R136 NewDesignator=R174
Change Component Designator: OldDesignator=R137 NewDesignator=R175
Change Component Designator: OldDesignator=R138 NewDesignator=R176
Change Component Designator: OldDesignator=R139 NewDesignator=R177
Change Component Designator: OldDesignator=R140 NewDesignator=R178
Change Component Designator: OldDesignator=R141 NewDesignator=R179
Change Component Designator: OldDesignator=R142 NewDesignator=R180
Change Component Designator: OldDesignator=R143 NewDesignator=R181
Change Component Designator: OldDesignator=R144 NewDesignator=R182
Change Component Designator: OldDesignator=R145 NewDesignator=R183
Change Component Designator: OldDesignator=R146 NewDesignator=R184
Change Component Designator: OldDesignator=R147 NewDesignator=R185
Change Component Designator: OldDesignator=R148 NewDesignator=R186
Change Component Designator: OldDesignator=R149 NewDesignator=R187
Change Component Designator: OldDesignator=R150 NewDesignator=R188
Change Component Designator: OldDesignator=R151 NewDesignator=R189
Change Component Designator: OldDesignator=R152 NewDesignator=R190
Change Component Designator: OldDesignator=R153 NewDesignator=R191
Change Component Designator: OldDesignator=R154 NewDesignator=R200
Change Component Designator: OldDesignator=R155 NewDesignator=R201
Change Component Designator: OldDesignator=R156 NewDesignator=R202
Change Component Designator: OldDesignator=R157 NewDesignator=R203
Change Component Designator: OldDesignator=R158 NewDesignator=R204
Change Component Designator: OldDesignator=R159 NewDesignator=R205
Change Component Designator: OldDesignator=R160 NewDesignator=R206
Change Component Designator: OldDesignator=R161 NewDesignator=R207
Change Component Designator: OldDesignator=R162 NewDesignator=R208
Change Component Designator: OldDesignator=R163 NewDesignator=R209
Change Component Designator: OldDesignator=R164 NewDesignator=R210
Change Component Designator: OldDesignator=R165 NewDesignator=R211
Change Component Designator: OldDesignator=R166 NewDesignator=R212
Change Component Designator: OldDesignator=R167 NewDesignator=R213
Change Component Designator: OldDesignator=R168 NewDesignator=R214
Change Component Designator: OldDesignator=R169 NewDesignator=R215
Change Component Designator: OldDesignator=R170 NewDesignator=R216
Change Component Designator: OldDesignator=R171 NewDesignator=R217
Change Component Designator: OldDesignator=R172 NewDesignator=R218
Change Component Designator: OldDesignator=R173 NewDesignator=R219
Change Component Designator: OldDesignator=R174 NewDesignator=R220
Change Component Designator: OldDesignator=R175 NewDesignator=R221
Change Component Designator: OldDesignator=R176 NewDesignator=R222
Change Component Designator: OldDesignator=R177 NewDesignator=R223
Change Component Designator: OldDesignator=R178 NewDesignator=R224
Change Component Designator: OldDesignator=R179 NewDesignator=R225
Change Component Designator: OldDesignator=R180 NewDesignator=R226
Change Component Designator: OldDesignator=R181 NewDesignator=R227
Change Component Designator: OldDesignator=R182 NewDesignator=R228
Change Component Designator: OldDesignator=R183 NewDesignator=R229
Change Component Designator: OldDesignator=R184 NewDesignator=R230
Change Component Designator: OldDesignator=R185 NewDesignator=R231
Change Component Designator: OldDesignator=R186 NewDesignator=R232
Change Component Designator: OldDesignator=R187 NewDesignator=R233
Change Component Designator: OldDesignator=R188 NewDesignator=R234
Change Component Designator: OldDesignator=R189 NewDesignator=R236
Change Component Designator: OldDesignator=R190 NewDesignator=R235
Change Component Designator: OldDesignator=R191 NewDesignator=R238
Change Component Designator: OldDesignator=R192 NewDesignator=R237
Change Component Designator: OldDesignator=R193 NewDesignator=R240
Change Component Designator: OldDesignator=R194 NewDesignator=R239
Change Component Designator: OldDesignator=R195 NewDesignator=R242
Change Component Designator: OldDesignator=R196 NewDesignator=R241
Change Component Designator: OldDesignator=R197 NewDesignator=R243
Change Component Designator: OldDesignator=R198 NewDesignator=R244
Change Component Designator: OldDesignator=R199 NewDesignator=R245
Change Component Designator: OldDesignator=R200 NewDesignator=R248
Change Component Designator: OldDesignator=R201 NewDesignator=R249
Change Component Designator: OldDesignator=R202 NewDesignator=R246
Change Component Designator: OldDesignator=R203 NewDesignator=R247
Change Component Designator: OldDesignator=R204 NewDesignator=R252
Change Component Designator: OldDesignator=R205 NewDesignator=R253
Change Component Designator: OldDesignator=R206 NewDesignator=R250
Change Component Designator: OldDesignator=R207 NewDesignator=R251
Change Component Designator: OldDesignator=R208 NewDesignator=R254
Change Component Designator: OldDesignator=R209 NewDesignator=R255
Change Component Designator: OldDesignator=RST_ESR NewDesignator=RST_ESR1
Change Component Designator: OldDesignator=RST_POR NewDesignator=RST_POR1
Change Component Designator: OldDesignator=U0 NewDesignator=U4
Change Component Designator: OldDesignator=U1 NewDesignator=U5
Change Component Designator: OldDesignator=U2 NewDesignator=U6
Change Component Designator: OldDesignator=U3 NewDesignator=U7
Change Component Designator: OldDesignator=U4 NewDesignator=U8
Change Component Designator: OldDesignator=U5 NewDesignator=U9
Change Component Designator: OldDesignator=U6 NewDesignator=U10
Change Component Designator: OldDesignator=Y0 NewDesignator=Y1
Change Component Designator: OldDesignator=Y1 NewDesignator=Y2
Change Component Designator: OldDesignator=Y2 NewDesignator=Y3
Change Component Designator: OldDesignator=Y3 NewDesignator=Y4
Change Component Designator: OldDesignator=Y4 NewDesignator=Y5
Change Component Designator: OldDesignator=Y5 NewDesignator=Y6
Change Component Designator: OldDesignator=Y6 NewDesignator=Y7
Added Component: Designator=C1(0603_C)
Added Component: Designator=C2(0603_C)
Added Component: Designator=C3(0603_C)
Added Component: Designator=C4(0603_C)
Added Component: Designator=C5(0603_C)
Added Component: Designator=C6(0603_C)
Added Component: Designator=C7(0603_C)
Added Component: Designator=C8(0603_C)
Added Component: Designator=C9(0603_C)
Added Component: Designator=C10(0603_C)
Added Component: Designator=C11(0603_C)
Added Component: Designator=C12(0603_C)
Added Component: Designator=C13(0603_C)
Added Component: Designator=C14(0603_C)
Added Component: Designator=C15(0603_C)
Added Component: Designator=C16(0603_C)
Added Component: Designator=C70(0603_C)
Added Component: Designator=C71(0603_C)
Added Component: Designator=C72(0603_C)
Added Component: Designator=C73(0603_C)
Added Component: Designator=C74(C1206)
Add component (AddParameter): Name = "LatestRevisionDate"; Value = "29-May-2009"; VariantName = "[No Variations]"
Add component (AddParameter): Name = "LatestRevisionNote"; Value = "IPC-7351 Footprint Added."; VariantName = "[No Variations]"
Add component (AddParameter): Name = "PackageDescription"; Value = "Chip Capacitor"; VariantName = "[No Variations]"
Add component (AddParameter): Name = "PackageReference"; Value = "C1206"; VariantName = "[No Variations]"
Add component (AddParameter): Name = "Published"; Value = "8-Jun-2000"; VariantName = "[No Variations]"
Add component (AddParameter): Name = "Publisher"; Value = "Altium Limited"; VariantName = "[No Variations]"
Added Component: Designator=C75(C1206)
Add component (AddParameter): Name = "LatestRevisionDate"; Value = "29-May-2009"; VariantName = "[No Variations]"
Add component (AddParameter): Name = "LatestRevisionNote"; Value = "IPC-7351 Footprint Added."; VariantName = "[No Variations]"
Add component (AddParameter): Name = "PackageDescription"; Value = "Chip Capacitor"; VariantName = "[No Variations]"
Add component (AddParameter): Name = "PackageReference"; Value = "C1206"; VariantName = "[No Variations]"
Add component (AddParameter): Name = "Published"; Value = "8-Jun-2000"; VariantName = "[No Variations]"
Add component (AddParameter): Name = "Publisher"; Value = "Altium Limited"; VariantName = "[No Variations]"
Added Component: Designator=C106(0603_C)
Added Component: Designator=C107(0603_C)
Added Component: Designator=C108(0603_C)
Added Component: Designator=C109(0603_C)
Added Component: Designator=C110(C1206)
Add component (AddParameter): Name = "LatestRevisionDate"; Value = "29-May-2009"; VariantName = "[No Variations]"
Add component (AddParameter): Name = "LatestRevisionNote"; Value = "IPC-7351 Footprint Added."; VariantName = "[No Variations]"
Add component (AddParameter): Name = "PackageDescription"; Value = "Chip Capacitor"; VariantName = "[No Variations]"
Add component (AddParameter): Name = "PackageReference"; Value = "C1206"; VariantName = "[No Variations]"
Add component (AddParameter): Name = "Published"; Value = "8-Jun-2000"; VariantName = "[No Variations]"
Add component (AddParameter): Name = "Publisher"; Value = "Altium Limited"; VariantName = "[No Variations]"
Added Component: Designator=C111(C1206)
Add component (AddParameter): Name = "LatestRevisionDate"; Value = "29-May-2009"; VariantName = "[No Variations]"
Add component (AddParameter): Name = "LatestRevisionNote"; Value = "IPC-7351 Footprint Added."; VariantName = "[No Variations]"
Add component (AddParameter): Name = "PackageDescription"; Value = "Chip Capacitor"; VariantName = "[No Variations]"
Add component (AddParameter): Name = "PackageReference"; Value = "C1206"; VariantName = "[No Variations]"
Add component (AddParameter): Name = "Published"; Value = "8-Jun-2000"; VariantName = "[No Variations]"
Add component (AddParameter): Name = "Publisher"; Value = "Altium Limited"; VariantName = "[No Variations]"
Added Component: Designator=C142(0603_C)
Added Component: Designator=C143(0603_C)
Added Component: Designator=C144(0603_C)
Added Component: Designator=C145(0603_C)
Added Component: Designator=C146(C1206)
Add component (AddParameter): Name = "LatestRevisionDate"; Value = "29-May-2009"; VariantName = "[No Variations]"
Add component (AddParameter): Name = "LatestRevisionNote"; Value = "IPC-7351 Footprint Added."; VariantName = "[No Variations]"
Add component (AddParameter): Name = "PackageDescription"; Value = "Chip Capacitor"; VariantName = "[No Variations]"
Add component (AddParameter): Name = "PackageReference"; Value = "C1206"; VariantName = "[No Variations]"
Add component (AddParameter): Name = "Published"; Value = "8-Jun-2000"; VariantName = "[No Variations]"
Add component (AddParameter): Name = "Publisher"; Value = "Altium Limited"; VariantName = "[No Variations]"
Added Component: Designator=C147(C1206)
Add component (AddParameter): Name = "LatestRevisionDate"; Value = "29-May-2009"; VariantName = "[No Variations]"
Add component (AddParameter): Name = "LatestRevisionNote"; Value = "IPC-7351 Footprint Added."; VariantName = "[No Variations]"
Add component (AddParameter): Name = "PackageDescription"; Value = "Chip Capacitor"; VariantName = "[No Variations]"
Add component (AddParameter): Name = "PackageReference"; Value = "C1206"; VariantName = "[No Variations]"
Add component (AddParameter): Name = "Published"; Value = "8-Jun-2000"; VariantName = "[No Variations]"
Add component (AddParameter): Name = "Publisher"; Value = "Altium Limited"; VariantName = "[No Variations]"
Added Component: Designator=L1(0420_L)
Added Component: Designator=L2(0420_L)
Added Component: Designator=R3(0603_R)
Added Component: Designator=R4(0603_R)
Added Component: Designator=R5(0603_R)
Added Component: Designator=R6(0603_R)
Added Component: Designator=R7(0603_R)
Added Component: Designator=R8(0603_R)
Added Component: Designator=R9(0603_R)
Added Component: Designator=R10(0603_R)
Added Component: Designator=R11(0603_R)
Added Component: Designator=R12(0603_R)
Added Component: Designator=R13(0603_R)
Added Component: Designator=R14(0603_R)
Added Component: Designator=R15(0603_R)
Added Component: Designator=R16(0603_R)
Added Component: Designator=R17(0603_R)
Added Component: Designator=R18(0603_R)
Added Component: Designator=R19(0603_R)
Added Component: Designator=R20(0603_R)
Added Component: Designator=R23(0603_R)
Added Component: Designator=R25(0603_R)
Added Component: Designator=R26(0603_R)
Added Component: Designator=R27(0603_R)
Added Component: Designator=R29(0603_R)
Added Component: Designator=R38(0603_R)
Added Component: Designator=R39(0603_R)
Added Component: Designator=R41(0603_R)
Added Component: Designator=R42(0603_R)
Added Component: Designator=R52(0603_R)
Added Component: Designator=R53(0603_R)
Added Component: Designator=R54(0603_R)
Added Component: Designator=R55(0603_R)
Added Component: Designator=R57(0603_R)
Added Component: Designator=R58(0603_R)
Added Component: Designator=R59(0603_R)
Added Component: Designator=R60(0603_R)
Added Component: Designator=R128(0603_R)
Added Component: Designator=R129(0603_R)
Added Component: Designator=R130(0603_R)
Added Component: Designator=R131(0603_R)
Added Component: Designator=R132(0603_R)
Added Component: Designator=R133(0603_R)
Added Component: Designator=R134(0603_R)
Added Component: Designator=R135(0603_R)
Added Component: Designator=R192(0603_R)
Added Component: Designator=R193(0603_R)
Added Component: Designator=R194(0603_R)
Added Component: Designator=R195(0603_R)
Added Component: Designator=R196(0603_R)
Added Component: Designator=R197(0603_R)
Added Component: Designator=R198(0603_R)
Added Component: Designator=R199(0603_R)
Added Component: Designator=R256(0603_R)
Added Component: Designator=R257(0603_R)
Added Component: Designator=R258(0603_R)
Added Component: Designator=R259(0603_R)
Added Component: Designator=R260(0603_R)
Added Component: Designator=R261(0603_R)
Added Component: Designator=R262(0603_R)
Added Component: Designator=R263(0603_R)
Added Component: Designator=U3(TSSOP20)
Added Component: Designator=U*1(WQFN8)
Added Component: Designator=USB1(USB_C_6PIN)
Added Pin To Net: NetName=GND Pin=C1-1
Added Pin To Net: NetName=5V Pin=C1-2
Added Pin To Net: NetName=3V3 Pin=C2-2
Added Pin To Net: NetName=GND Pin=C3-1
Added Pin To Net: NetName=3V3 Pin=C3-2
Added Pin To Net: NetName=GND Pin=C4-1
Added Pin To Net: NetName=3V3 Pin=C4-2
Added Pin To Net: NetName=3V3 Pin=C5-2
Added Pin To Net: NetName=GND Pin=C6-1
Added Pin To Net: NetName=GND Pin=C7-2
Added Pin To Net: NetName=GND Pin=C8-1
Added Pin To Net: NetName=5V Pin=C8-2
Added Pin To Net: NetName=1V8 Pin=C9-2
Added Pin To Net: NetName=GND Pin=C10-1
Added Pin To Net: NetName=1V8 Pin=C10-2
Added Pin To Net: NetName=GND Pin=C11-1
Added Pin To Net: NetName=1V8 Pin=C11-2
Added Pin To Net: NetName=1V8 Pin=C12-2
Added Pin To Net: NetName=GND Pin=C13-1
Added Pin To Net: NetName=GND Pin=C14-2
Added Pin To Net: NetName=GND Pin=C15-1
Added Pin To Net: NetName=1V8 Pin=C15-2
Added Pin To Net: NetName=GND Pin=C16-1
Added Pin To Net: NetName=3V3 Pin=C16-2
Added Pin To Net: NetName=GND Pin=C70-1
Added Pin To Net: NetName=GND Pin=C71-1
Added Pin To Net: NetName=GND Pin=C72-1
Added Pin To Net: NetName=GND Pin=C73-1
Added Pin To Net: NetName=GND Pin=C74-1
Added Pin To Net: NetName=GND Pin=C75-1
Added Pin To Net: NetName=GND Pin=C106-1
Added Pin To Net: NetName=GND Pin=C107-1
Added Pin To Net: NetName=GND Pin=C108-1
Added Pin To Net: NetName=GND Pin=C109-1
Added Pin To Net: NetName=GND Pin=C110-1
Added Pin To Net: NetName=GND Pin=C111-1
Added Pin To Net: NetName=GND Pin=C142-1
Added Pin To Net: NetName=GND Pin=C143-1
Added Pin To Net: NetName=GND Pin=C144-1
Added Pin To Net: NetName=GND Pin=C145-1
Added Pin To Net: NetName=GND Pin=C146-1
Added Pin To Net: NetName=GND Pin=C147-1
Added Pin To Net: NetName=3V3 Pin=J1-4
Added Pin To Net: NetName=GND Pin=J1-6
Added Pin To Net: NetName=MIO0 Pin=J1-9
Added Pin To Net: NetName=GND Pin=J1-10
Added Pin To Net: NetName=GND Pin=J1-10
Added Pin To Net: NetName=GND Pin=J1-10
Added Pin To Net: NetName=GND Pin=J1-10
Added Pin To Net: NetName=3V3 Pin=L1-1
Added Pin To Net: NetName=1V8 Pin=L2-1
Added Pin To Net: NetName=3V3 Pin=P2-9
Added Pin To Net: NetName=GND Pin=P2-12
Added Pin To Net: NetName=3V3 Pin=P2-21
Added Pin To Net: NetName=GND Pin=P2-24
Added Pin To Net: NetName=3V3 Pin=P2-33
Added Pin To Net: NetName=GND Pin=P2-36
Added Pin To Net: NetName=3V3 Pin=P2-45
Added Pin To Net: NetName=GND Pin=P2-48
Added Pin To Net: NetName=3V3 Pin=P2-57
Added Pin To Net: NetName=GND Pin=P2-60
Added Pin To Net: NetName=3V3 Pin=P2-69
Added Pin To Net: NetName=GND Pin=P2-72
Added Pin To Net: NetName=GND Pin=P2-73
Added Pin To Net: NetName=GND Pin=P2-74
Added Pin To Net: NetName=GND Pin=P2-75
Added Pin To Net: NetName=GND Pin=P2-76
Added Pin To Net: NetName=J_TDI Pin=R1-1
Added Pin To Net: NetName=3V3 Pin=R1-2
Added Pin To Net: NetName=J_TMS Pin=R2-1
Added Pin To Net: NetName=3V3 Pin=R2-2
Added Pin To Net: NetName=J_TDO Pin=R3-1
Added Pin To Net: NetName=3V3 Pin=R3-2
Added Pin To Net: NetName=J_TCK Pin=R4-1
Added Pin To Net: NetName=3V3 Pin=R4-2
Added Pin To Net: NetName=GND Pin=R5-1
Added Pin To Net: NetName=GND Pin=R6-1
Added Pin To Net: NetName=5V Pin=R7-2
Added Pin To Net: NetName=3V3 Pin=R8-2
Added Pin To Net: NetName=5V Pin=R10-2
Added Pin To Net: NetName=GND Pin=R11-2
Added Pin To Net: NetName=5V Pin=R12-2
Added Pin To Net: NetName=1V8 Pin=R13-2
Added Pin To Net: NetName=5V Pin=R14-2
Added Pin To Net: NetName=5V Pin=R15-1
Added Pin To Net: NetName=5V Pin=R16-1
Added Pin To Net: NetName=GND Pin=R17-2
Added Pin To Net: NetName=3V3 Pin=R18-1
Added Pin To Net: NetName=3V3 Pin=R19-1
Added Pin To Net: NetName=3V3 Pin=R20-1
Added Pin To Net: NetName=3V3 Pin=R23-1
Added Pin To Net: NetName=3V3 Pin=R25-1
Added Pin To Net: NetName=3V3 Pin=R26-1
Added Pin To Net: NetName=3V3 Pin=R27-1
Added Pin To Net: NetName=MIO0 Pin=R27-2
Added Pin To Net: NetName=1V8 Pin=R29-1
Added Pin To Net: NetName=P1_AD0 Pin=R38-1
Added Pin To Net: NetName=P1_AD0 Pin=R39-1
Added Pin To Net: NetName=P1_AD1 Pin=R41-1
Added Pin To Net: NetName=P1_AD1 Pin=R42-1
Added Pin To Net: NetName=P1_AD0 Pin=R52-1
Added Pin To Net: NetName=P1_AD0 Pin=R53-1
Added Pin To Net: NetName=P1_AD1 Pin=R54-1
Added Pin To Net: NetName=P1_AD1 Pin=R55-1
Added Pin To Net: NetName=P1_AD0 Pin=R57-1
Added Pin To Net: NetName=P1_AD0 Pin=R58-1
Added Pin To Net: NetName=P1_AD1 Pin=R59-1
Added Pin To Net: NetName=P1_AD1 Pin=R60-1
Added Pin To Net: NetName=MDI1_0P Pin=T1-2
Added Pin To Net: NetName=MDI1_0N Pin=T1-3
Added Pin To Net: NetName=MDI1_1P Pin=T1-5
Added Pin To Net: NetName=MDI1_1N Pin=T1-6
Added Pin To Net: NetName=MDI1_2P Pin=T1-8
Added Pin To Net: NetName=MDI1_2N Pin=T1-9
Added Pin To Net: NetName=MDI1_3P Pin=T1-11
Added Pin To Net: NetName=MDI1_3N Pin=T1-12
Added Pin To Net: NetName=MDI2_0P Pin=T2-2
Added Pin To Net: NetName=MDI2_0N Pin=T2-3
Added Pin To Net: NetName=MDI2_1P Pin=T2-5
Added Pin To Net: NetName=MDI2_1N Pin=T2-6
Added Pin To Net: NetName=MDI2_2P Pin=T2-8
Added Pin To Net: NetName=MDI2_2N Pin=T2-9
Added Pin To Net: NetName=MDI2_3P Pin=T2-11
Added Pin To Net: NetName=MDI2_3N Pin=T2-12
Added Pin To Net: NetName=MDI3_0P Pin=T3-2
Added Pin To Net: NetName=MDI3_0N Pin=T3-3
Added Pin To Net: NetName=MDI3_1P Pin=T3-5
Added Pin To Net: NetName=MDI3_1N Pin=T3-6
Added Pin To Net: NetName=MDI3_2P Pin=T3-8
Added Pin To Net: NetName=MDI3_2N Pin=T3-9
Added Pin To Net: NetName=MDI3_3P Pin=T3-11
Added Pin To Net: NetName=MDI3_3N Pin=T3-12
Added Pin To Net: NetName=MDI4_0P Pin=T4-2
Added Pin To Net: NetName=MDI4_0N Pin=T4-3
Added Pin To Net: NetName=MDI4_1P Pin=T4-5
Added Pin To Net: NetName=MDI4_1N Pin=T4-6
Added Pin To Net: NetName=MDI4_2P Pin=T4-8
Added Pin To Net: NetName=MDI4_2N Pin=T4-9
Added Pin To Net: NetName=MDI4_3P Pin=T4-11
Added Pin To Net: NetName=MDI4_3N Pin=T4-12
Added Pin To Net: NetName=MDI5_0P Pin=T5-2
Added Pin To Net: NetName=MDI5_0N Pin=T5-3
Added Pin To Net: NetName=MDI5_1P Pin=T5-5
Added Pin To Net: NetName=MDI5_1N Pin=T5-6
Added Pin To Net: NetName=MDI5_2P Pin=T5-8
Added Pin To Net: NetName=MDI5_2N Pin=T5-9
Added Pin To Net: NetName=MDI5_3P Pin=T5-11
Added Pin To Net: NetName=MDI5_3N Pin=T5-12
Added Pin To Net: NetName=MDI6_0P Pin=T6-2
Added Pin To Net: NetName=MDI6_0N Pin=T6-3
Added Pin To Net: NetName=MDI6_1P Pin=T6-5
Added Pin To Net: NetName=MDI6_1N Pin=T6-6
Added Pin To Net: NetName=MDI6_2P Pin=T6-8
Added Pin To Net: NetName=MDI6_2N Pin=T6-9
Added Pin To Net: NetName=MDI6_3P Pin=T6-11
Added Pin To Net: NetName=MDI6_3N Pin=T6-12
Added Pin To Net: NetName=1V8 Pin=U3-2
Added Pin To Net: NetName=MIO44 Pin=U3-3
Added Pin To Net: NetName=MIO45 Pin=U3-4
Added Pin To Net: NetName=MIO41 Pin=U3-5
Added Pin To Net: NetName=MIO40 Pin=U3-6
Added Pin To Net: NetName=MIO42 Pin=U3-7
Added Pin To Net: NetName=MIO43 Pin=U3-8
Added Pin To Net: NetName=GND Pin=U3-11
Added Pin To Net: NetName=3V3 Pin=U3-19
Added Pin To Net: NetName=GND Pin=U*1-4
Added Pin To Net: NetName=5V Pin=U*1-6
Added Pin To Net: NetName=GND Pin=USB1-0
Added Pin To Net: NetName=GND Pin=USB1-0
Added Pin To Net: NetName=GND Pin=USB1-0
Added Pin To Net: NetName=GND Pin=USB1-0
Added Pin To Net: NetName=GND Pin=USB1-1
Added Pin To Net: NetName=GND Pin=USB1-6
Change Net Name : Old Net Name=NetC5_2 New Net Name=NetC21_2
Change Net Name : Old Net Name=NetC8_2 New Net Name=NetC17_2
Change Net Name : Old Net Name=NetC30_2 New Net Name=NetC44_2
Change Net Name : Old Net Name=NetC62_2 New Net Name=NetC80_2
Change Net Name : Old Net Name=NetC63_2 New Net Name=NetC81_2
Change Net Name : Old Net Name=NetC92_2 New Net Name=NetC116_2
Change Net Name : Old Net Name=NetC93_2 New Net Name=NetC117_2
Change Net Name : Old Net Name=NetKE_2_3 New Net Name=NetKE_1_3
Change Net Name : Old Net Name=NetKE_2_4 New Net Name=NetKE_1_4
Change Net Name : Old Net Name=NetL0_1 New Net Name=NetL3_1
Change Net Name : Old Net Name=NetL1_1 New Net Name=NetL4_1
Change Net Name : Old Net Name=NetL2_1 New Net Name=NetL5_1
Change Net Name : Old Net Name=NetL3_1 New Net Name=NetL6_1
Change Net Name : Old Net Name=NetL4_1 New Net Name=NetL7_1
Change Net Name : Old Net Name=NetL5_1 New Net Name=NetL8_1
Change Net Name : Old Net Name=NetL6_1 New Net Name=NetL9_1
Change Net Name : Old Net Name=NetP0_2 New Net Name=NetP1_2
Change Net Name : Old Net Name=NetP0_3 New Net Name=NetP1_3
Change Net Name : Old Net Name=NetP0_4 New Net Name=NetP1_4
Change Net Name : Old Net Name=NetP0_5 New Net Name=NetP1_5
Change Net Name : Old Net Name=NetP0_6 New Net Name=NetP1_6
Change Net Name : Old Net Name=NetP0_7 New Net Name=NetP1_7
Change Net Name : Old Net Name=NetP0_8 New Net Name=NetP1_8
Change Net Name : Old Net Name=NetP0_9 New Net Name=NetP1_9
Change Net Name : Old Net Name=NetP0_11 New Net Name=NetP1_11
Change Net Name : Old Net Name=NetP0_13 New Net Name=NetP1_13
Change Net Name : Old Net Name=NetR12_1 New Net Name=NetR51_1
Change Net Name : Old Net Name=NetR12_2 New Net Name=NetR51_2
Change Net Name : Old Net Name=NetR13_2 New Net Name=NetR72_2
Change Net Name : Old Net Name=NetR16_1 New Net Name=NetR56_1
Change Net Name : Old Net Name=NetR17_2 New Net Name=NetR74_2
Change Net Name : Old Net Name=NetR18_1 New Net Name=NetR49_1
Change Net Name : Old Net Name=NetR19_2 New Net Name=NetR76_2
Change Net Name : Old Net Name=NetR22_2 New Net Name=NetR30_2
Change Net Name : Old Net Name=NetR23_2 New Net Name=NetR31_2
Change Net Name : Old Net Name=NetR24_2 New Net Name=NetR32_2
Change Net Name : Old Net Name=NetR25_2 New Net Name=NetR33_2
Change Net Name : Old Net Name=NetR26_2 New Net Name=NetR34_2
Change Net Name : Old Net Name=NetR27_2 New Net Name=NetR35_2
Change Net Name : Old Net Name=NetR28_2 New Net Name=NetR36_2
Change Net Name : Old Net Name=NetR45_2 New Net Name=NetR78_2
Change Net Name : Old Net Name=NetR46_2 New Net Name=NetR80_2
Change Net Name : Old Net Name=NetR47_2 New Net Name=NetR82_2
Change Net Name : Old Net Name=NetR48_2 New Net Name=NetR84_2
Change Net Name : Old Net Name=NetR56_1 New Net Name=NetR100_1
Change Net Name : Old Net Name=NetR57_1 New Net Name=NetR102_1
Change Net Name : Old Net Name=NetR57_2 New Net Name=NetR102_2
Change Net Name : Old Net Name=NetR58_1 New Net Name=NetR104_1
Change Net Name : Old Net Name=NetR70_2 New Net Name=NetR73_2
Change Net Name : Old Net Name=NetR71_2 New Net Name=NetR75_2
Change Net Name : Old Net Name=NetR72_2 New Net Name=NetR77_2
Change Net Name : Old Net Name=NetR73_2 New Net Name=NetR79_2
Change Net Name : Old Net Name=NetR74_2 New Net Name=NetR81_2
Change Net Name : Old Net Name=NetR75_2 New Net Name=NetR83_2
Change Net Name : Old Net Name=NetR76_2 New Net Name=NetR85_2
Change Net Name : Old Net Name=NetR84_1 New Net Name=NetR101_1
Change Net Name : Old Net Name=NetR85_1 New Net Name=NetR103_1
Change Net Name : Old Net Name=NetR85_2 New Net Name=NetR103_2
Change Net Name : Old Net Name=NetR86_1 New Net Name=NetR105_1
Change Net Name : Old Net Name=NetR98_2 New Net Name=NetR136_2
Change Net Name : Old Net Name=NetR99_2 New Net Name=NetR137_2
Change Net Name : Old Net Name=NetR100_2 New Net Name=NetR138_2
Change Net Name : Old Net Name=NetR101_2 New Net Name=NetR139_2
Change Net Name : Old Net Name=NetR102_2 New Net Name=NetR140_2
Change Net Name : Old Net Name=NetR103_2 New Net Name=NetR141_2
Change Net Name : Old Net Name=NetR104_2 New Net Name=NetR142_2
Change Net Name : Old Net Name=NetR105_2 New Net Name=NetR143_2
Change Net Name : Old Net Name=NetR106_2 New Net Name=NetR144_2
Change Net Name : Old Net Name=NetR107_2 New Net Name=NetR145_2
Change Net Name : Old Net Name=NetR108_2 New Net Name=NetR146_2
Change Net Name : Old Net Name=NetR109_2 New Net Name=NetR147_2
Change Net Name : Old Net Name=NetR110_2 New Net Name=NetR148_2
Change Net Name : Old Net Name=NetR111_2 New Net Name=NetR149_2
Change Net Name : Old Net Name=NetR126_1 New Net Name=NetR164_1
Change Net Name : Old Net Name=NetR127_1 New Net Name=NetR165_1
Change Net Name : Old Net Name=NetR128_1 New Net Name=NetR166_1
Change Net Name : Old Net Name=NetR128_2 New Net Name=NetR166_2
Change Net Name : Old Net Name=NetR129_1 New Net Name=NetR167_1
Change Net Name : Old Net Name=NetR129_2 New Net Name=NetR167_2
Change Net Name : Old Net Name=NetR130_1 New Net Name=NetR168_1
Change Net Name : Old Net Name=NetR131_1 New Net Name=NetR169_1
Change Net Name : Old Net Name=NetR154_2 New Net Name=NetR200_2
Change Net Name : Old Net Name=NetR155_2 New Net Name=NetR201_2
Change Net Name : Old Net Name=NetR156_2 New Net Name=NetR202_2
Change Net Name : Old Net Name=NetR157_2 New Net Name=NetR203_2
Change Net Name : Old Net Name=NetR158_2 New Net Name=NetR204_2
Change Net Name : Old Net Name=NetR159_2 New Net Name=NetR205_2
Change Net Name : Old Net Name=NetR160_2 New Net Name=NetR206_2
Change Net Name : Old Net Name=NetR161_2 New Net Name=NetR207_2
Change Net Name : Old Net Name=NetR162_2 New Net Name=NetR208_2
Change Net Name : Old Net Name=NetR163_2 New Net Name=NetR209_2
Change Net Name : Old Net Name=NetR164_2 New Net Name=NetR210_2
Change Net Name : Old Net Name=NetR165_2 New Net Name=NetR211_2
Change Net Name : Old Net Name=NetR166_2 New Net Name=NetR212_2
Change Net Name : Old Net Name=NetR167_2 New Net Name=NetR213_2
Change Net Name : Old Net Name=NetR182_1 New Net Name=NetR228_1
Change Net Name : Old Net Name=NetR183_1 New Net Name=NetR229_1
Change Net Name : Old Net Name=NetR184_1 New Net Name=NetR230_1
Change Net Name : Old Net Name=NetR184_2 New Net Name=NetR230_2
Change Net Name : Old Net Name=NetR185_1 New Net Name=NetR231_1
Change Net Name : Old Net Name=NetR185_2 New Net Name=NetR231_2
Change Net Name : Old Net Name=NetR186_1 New Net Name=NetR232_1
Change Net Name : Old Net Name=NetR187_1 New Net Name=NetR233_1
Change Net Name : Old Net Name=P1_AD0 New Net Name=LED1_YN
Change Net Name : Old Net Name=P1_AD1 New Net Name=LED1_GP
Change Net Name : Old Net Name=P2_AD0 New Net Name=LED2_YN
Change Net Name : Old Net Name=P2_AD1 New Net Name=LED2_GP
Change Net Name : Old Net Name=P3_AD0 New Net Name=LED3_YN
Change Net Name : Old Net Name=P3_AD1 New Net Name=LED3_GP
Change Net Name : Old Net Name=P4_AD0 New Net Name=LED4_YN
Change Net Name : Old Net Name=P4_AD1 New Net Name=LED4_GP
Change Net Name : Old Net Name=P5_AD0 New Net Name=LED5_YN
Change Net Name : Old Net Name=P5_AD1 New Net Name=LED5_GP
Change Net Name : Old Net Name=P6_AD0 New Net Name=LED6_YN
Change Net Name : Old Net Name=P6_AD1 New Net Name=LED6_GP
Added Pin To Net: NetName=MX1_0N Pin=P2-2
Added Pin To Net: NetName=MX1_0N Pin=T1-22
Added Net: Name=MX1_0N
Added Pin To Net: NetName=MX1_0P Pin=P2-1
Added Pin To Net: NetName=MX1_0P Pin=T1-23
Added Net: Name=MX1_0P
Added Pin To Net: NetName=MX1_1N Pin=P2-6
Added Pin To Net: NetName=MX1_1N Pin=T1-19
Added Net: Name=MX1_1N
Added Pin To Net: NetName=MX1_1P Pin=P2-3
Added Pin To Net: NetName=MX1_1P Pin=T1-20
Added Net: Name=MX1_1P
Added Pin To Net: NetName=MX1_2N Pin=P2-5
Added Pin To Net: NetName=MX1_2N Pin=T1-16
Added Net: Name=MX1_2N
Added Pin To Net: NetName=MX1_2P Pin=P2-4
Added Pin To Net: NetName=MX1_2P Pin=T1-17
Added Net: Name=MX1_2P
Added Pin To Net: NetName=MX1_3N Pin=P2-8
Added Pin To Net: NetName=MX1_3N Pin=T1-13
Added Net: Name=MX1_3N
Added Pin To Net: NetName=MX1_3P Pin=P2-7
Added Pin To Net: NetName=MX1_3P Pin=T1-14
Added Net: Name=MX1_3P
Added Pin To Net: NetName=MX2_0N Pin=P2-14
Added Pin To Net: NetName=MX2_0N Pin=T2-22
Added Net: Name=MX2_0N
Added Pin To Net: NetName=MX2_0P Pin=P2-13
Added Pin To Net: NetName=MX2_0P Pin=T2-23
Added Net: Name=MX2_0P
Added Pin To Net: NetName=MX2_1N Pin=P2-18
Added Pin To Net: NetName=MX2_1N Pin=T2-19
Added Net: Name=MX2_1N
Added Pin To Net: NetName=MX2_1P Pin=P2-15
Added Pin To Net: NetName=MX2_1P Pin=T2-20
Added Net: Name=MX2_1P
Added Pin To Net: NetName=MX2_2N Pin=P2-17
Added Pin To Net: NetName=MX2_2N Pin=T2-16
Added Net: Name=MX2_2N
Added Pin To Net: NetName=MX2_2P Pin=P2-16
Added Pin To Net: NetName=MX2_2P Pin=T2-17
Added Net: Name=MX2_2P
Added Pin To Net: NetName=MX2_3N Pin=P2-20
Added Pin To Net: NetName=MX2_3N Pin=T2-13
Added Net: Name=MX2_3N
Added Pin To Net: NetName=MX2_3P Pin=P2-19
Added Pin To Net: NetName=MX2_3P Pin=T2-14
Added Net: Name=MX2_3P
Added Pin To Net: NetName=MX3_0N Pin=P2-26
Added Pin To Net: NetName=MX3_0N Pin=T3-22
Added Net: Name=MX3_0N
Added Pin To Net: NetName=MX3_0P Pin=P2-25
Added Pin To Net: NetName=MX3_0P Pin=T3-23
Added Net: Name=MX3_0P
Added Pin To Net: NetName=MX3_1N Pin=P2-30
Added Pin To Net: NetName=MX3_1N Pin=T3-19
Added Net: Name=MX3_1N
Added Pin To Net: NetName=MX3_1P Pin=P2-27
Added Pin To Net: NetName=MX3_1P Pin=T3-20
Added Net: Name=MX3_1P
Added Pin To Net: NetName=MX3_2N Pin=P2-29
Added Pin To Net: NetName=MX3_2N Pin=T3-16
Added Net: Name=MX3_2N
Added Pin To Net: NetName=MX3_2P Pin=P2-28
Added Pin To Net: NetName=MX3_2P Pin=T3-17
Added Net: Name=MX3_2P
Added Pin To Net: NetName=MX3_3N Pin=P2-32
Added Pin To Net: NetName=MX3_3N Pin=T3-13
Added Net: Name=MX3_3N
Added Pin To Net: NetName=MX3_3P Pin=P2-31
Added Pin To Net: NetName=MX3_3P Pin=T3-14
Added Net: Name=MX3_3P
Added Pin To Net: NetName=MX4_0N Pin=P2-38
Added Pin To Net: NetName=MX4_0N Pin=T4-22
Added Net: Name=MX4_0N
Added Pin To Net: NetName=MX4_0P Pin=P2-37
Added Pin To Net: NetName=MX4_0P Pin=T4-23
Added Net: Name=MX4_0P
Added Pin To Net: NetName=MX4_1N Pin=P2-42
Added Pin To Net: NetName=MX4_1N Pin=T4-19
Added Net: Name=MX4_1N
Added Pin To Net: NetName=MX4_1P Pin=P2-39
Added Pin To Net: NetName=MX4_1P Pin=T4-20
Added Net: Name=MX4_1P
Added Pin To Net: NetName=MX4_2N Pin=P2-41
Added Pin To Net: NetName=MX4_2N Pin=T4-16
Added Net: Name=MX4_2N
Added Pin To Net: NetName=MX4_2P Pin=P2-40
Added Pin To Net: NetName=MX4_2P Pin=T4-17
Added Net: Name=MX4_2P
Added Pin To Net: NetName=MX4_3N Pin=P2-44
Added Pin To Net: NetName=MX4_3N Pin=T4-13
Added Net: Name=MX4_3N
Added Pin To Net: NetName=MX4_3P Pin=P2-43
Added Pin To Net: NetName=MX4_3P Pin=T4-14
Added Net: Name=MX4_3P
Added Pin To Net: NetName=MX5_0N Pin=P2-50
Added Pin To Net: NetName=MX5_0N Pin=T5-22
Added Net: Name=MX5_0N
Added Pin To Net: NetName=MX5_0P Pin=P2-49
Added Pin To Net: NetName=MX5_0P Pin=T5-23
Added Net: Name=MX5_0P
Added Pin To Net: NetName=MX5_1N Pin=P2-54
Added Pin To Net: NetName=MX5_1N Pin=T5-19
Added Net: Name=MX5_1N
Added Pin To Net: NetName=MX5_1P Pin=P2-51
Added Pin To Net: NetName=MX5_1P Pin=T5-20
Added Net: Name=MX5_1P
Added Pin To Net: NetName=MX5_2N Pin=P2-53
Added Pin To Net: NetName=MX5_2N Pin=T5-16
Added Net: Name=MX5_2N
Added Pin To Net: NetName=MX5_2P Pin=P2-52
Added Pin To Net: NetName=MX5_2P Pin=T5-17
Added Net: Name=MX5_2P
Added Pin To Net: NetName=MX5_3N Pin=P2-56
Added Pin To Net: NetName=MX5_3N Pin=T5-13
Added Net: Name=MX5_3N
Added Pin To Net: NetName=MX5_3P Pin=P2-55
Added Pin To Net: NetName=MX5_3P Pin=T5-14
Added Net: Name=MX5_3P
Added Pin To Net: NetName=MX6_0N Pin=P2-62
Added Pin To Net: NetName=MX6_0N Pin=T6-22
Added Net: Name=MX6_0N
Added Pin To Net: NetName=MX6_0P Pin=P2-61
Added Pin To Net: NetName=MX6_0P Pin=T6-23
Added Net: Name=MX6_0P
Added Pin To Net: NetName=MX6_1N Pin=P2-66
Added Pin To Net: NetName=MX6_1N Pin=T6-19
Added Net: Name=MX6_1N
Added Pin To Net: NetName=MX6_1P Pin=P2-63
Added Pin To Net: NetName=MX6_1P Pin=T6-20
Added Net: Name=MX6_1P
Added Pin To Net: NetName=MX6_2N Pin=P2-65
Added Pin To Net: NetName=MX6_2N Pin=T6-16
Added Net: Name=MX6_2N
Added Pin To Net: NetName=MX6_2P Pin=P2-64
Added Pin To Net: NetName=MX6_2P Pin=T6-17
Added Net: Name=MX6_2P
Added Pin To Net: NetName=MX6_3N Pin=P2-68
Added Pin To Net: NetName=MX6_3N Pin=T6-13
Added Net: Name=MX6_3N
Added Pin To Net: NetName=MX6_3P Pin=P2-67
Added Pin To Net: NetName=MX6_3P Pin=T6-14
Added Net: Name=MX6_3P
Added Pin To Net: NetName=NetC2_1 Pin=C2-1
Added Pin To Net: NetName=NetC2_1 Pin=R8-1
Added Pin To Net: NetName=NetC2_1 Pin=R11-1
Added Net: Name=NetC2_1
Added Pin To Net: NetName=NetC5_1 Pin=C5-1
Added Net: Name=NetC5_1
Added Pin To Net: NetName=NetC7_1 Pin=C7-1
Added Net: Name=NetC7_1
Added Pin To Net: NetName=NetC9_1 Pin=C9-1
Added Pin To Net: NetName=NetC9_1 Pin=R13-1
Added Pin To Net: NetName=NetC9_1 Pin=R17-1
Added Net: Name=NetC9_1
Added Pin To Net: NetName=NetC12_1 Pin=C12-1
Added Net: Name=NetC12_1
Added Pin To Net: NetName=NetC13_2 Pin=C13-2
Added Pin To Net: NetName=NetC13_2 Pin=U*1-7
Added Net: Name=NetC13_2
Added Pin To Net: NetName=NetC14_1 Pin=C14-1
Added Net: Name=NetC14_1
Added Pin To Net: NetName=NetC70_2 Pin=C70-2
Added Pin To Net: NetName=NetC70_2 Pin=C71-2
Added Pin To Net: NetName=NetC70_2 Pin=T1-1
Added Pin To Net: NetName=NetC70_2 Pin=T1-4
Added Pin To Net: NetName=NetC70_2 Pin=T1-7
Added Pin To Net: NetName=NetC70_2 Pin=T1-10
Added Net: Name=NetC70_2
Added Pin To Net: NetName=NetC72_2 Pin=C72-2
Added Pin To Net: NetName=NetC72_2 Pin=C73-2
Added Pin To Net: NetName=NetC72_2 Pin=T2-1
Added Pin To Net: NetName=NetC72_2 Pin=T2-4
Added Pin To Net: NetName=NetC72_2 Pin=T2-7
Added Pin To Net: NetName=NetC72_2 Pin=T2-10
Added Net: Name=NetC72_2
Added Pin To Net: NetName=NetC74_2 Pin=C74-2
Added Pin To Net: NetName=NetC74_2 Pin=R128-2
Added Pin To Net: NetName=NetC74_2 Pin=R130-2
Added Pin To Net: NetName=NetC74_2 Pin=R132-2
Added Pin To Net: NetName=NetC74_2 Pin=R134-2
Added Net: Name=NetC74_2
Added Pin To Net: NetName=NetC75_2 Pin=C75-2
Added Pin To Net: NetName=NetC75_2 Pin=R129-2
Added Pin To Net: NetName=NetC75_2 Pin=R131-2
Added Pin To Net: NetName=NetC75_2 Pin=R133-2
Added Pin To Net: NetName=NetC75_2 Pin=R135-2
Added Net: Name=NetC75_2
Added Pin To Net: NetName=NetC106_2 Pin=C106-2
Added Pin To Net: NetName=NetC106_2 Pin=C107-2
Added Pin To Net: NetName=NetC106_2 Pin=T3-1
Added Pin To Net: NetName=NetC106_2 Pin=T3-4
Added Pin To Net: NetName=NetC106_2 Pin=T3-7
Added Pin To Net: NetName=NetC106_2 Pin=T3-10
Added Net: Name=NetC106_2
Added Pin To Net: NetName=NetC108_2 Pin=C108-2
Added Pin To Net: NetName=NetC108_2 Pin=C109-2
Added Pin To Net: NetName=NetC108_2 Pin=T4-1
Added Pin To Net: NetName=NetC108_2 Pin=T4-4
Added Pin To Net: NetName=NetC108_2 Pin=T4-7
Added Pin To Net: NetName=NetC108_2 Pin=T4-10
Added Net: Name=NetC108_2
Added Pin To Net: NetName=NetC110_2 Pin=C110-2
Added Pin To Net: NetName=NetC110_2 Pin=R192-2
Added Pin To Net: NetName=NetC110_2 Pin=R194-2
Added Pin To Net: NetName=NetC110_2 Pin=R196-2
Added Pin To Net: NetName=NetC110_2 Pin=R198-2
Added Net: Name=NetC110_2
Added Pin To Net: NetName=NetC111_2 Pin=C111-2
Added Pin To Net: NetName=NetC111_2 Pin=R193-2
Added Pin To Net: NetName=NetC111_2 Pin=R195-2
Added Pin To Net: NetName=NetC111_2 Pin=R197-2
Added Pin To Net: NetName=NetC111_2 Pin=R199-2
Added Net: Name=NetC111_2
Added Pin To Net: NetName=NetC142_2 Pin=C142-2
Added Pin To Net: NetName=NetC142_2 Pin=C143-2
Added Pin To Net: NetName=NetC142_2 Pin=T5-1
Added Pin To Net: NetName=NetC142_2 Pin=T5-4
Added Pin To Net: NetName=NetC142_2 Pin=T5-7
Added Pin To Net: NetName=NetC142_2 Pin=T5-10
Added Net: Name=NetC142_2
Added Pin To Net: NetName=NetC144_2 Pin=C144-2
Added Pin To Net: NetName=NetC144_2 Pin=C145-2
Added Pin To Net: NetName=NetC144_2 Pin=T6-1
Added Pin To Net: NetName=NetC144_2 Pin=T6-4
Added Pin To Net: NetName=NetC144_2 Pin=T6-7
Added Pin To Net: NetName=NetC144_2 Pin=T6-10
Added Net: Name=NetC144_2
Added Pin To Net: NetName=NetC146_2 Pin=C146-2
Added Pin To Net: NetName=NetC146_2 Pin=R256-2
Added Pin To Net: NetName=NetC146_2 Pin=R258-2
Added Pin To Net: NetName=NetC146_2 Pin=R260-2
Added Pin To Net: NetName=NetC146_2 Pin=R262-2
Added Net: Name=NetC146_2
Added Pin To Net: NetName=NetC147_2 Pin=C147-2
Added Pin To Net: NetName=NetC147_2 Pin=R257-2
Added Pin To Net: NetName=NetC147_2 Pin=R259-2
Added Pin To Net: NetName=NetC147_2 Pin=R261-2
Added Pin To Net: NetName=NetC147_2 Pin=R263-2
Added Net: Name=NetC147_2
Added Pin To Net: NetName=NetL1_2 Pin=L1-2
Added Net: Name=NetL1_2
Added Pin To Net: NetName=NetL2_2 Pin=L2-2
Added Net: Name=NetL2_2
Added Pin To Net: NetName=NetP2_10 Pin=P2-10
Added Pin To Net: NetName=NetP2_10 Pin=R38-2
Added Net: Name=NetP2_10
Added Pin To Net: NetName=NetP2_11 Pin=P2-11
Added Pin To Net: NetName=NetP2_11 Pin=R41-2
Added Net: Name=NetP2_11
Added Pin To Net: NetName=NetP2_22 Pin=P2-22
Added Pin To Net: NetName=NetP2_22 Pin=R52-2
Added Net: Name=NetP2_22
Added Pin To Net: NetName=NetP2_23 Pin=P2-23
Added Pin To Net: NetName=NetP2_23 Pin=R54-2
Added Net: Name=NetP2_23
Added Pin To Net: NetName=NetP2_34 Pin=P2-34
Added Pin To Net: NetName=NetP2_34 Pin=R57-2
Added Net: Name=NetP2_34
Added Pin To Net: NetName=NetP2_35 Pin=P2-35
Added Pin To Net: NetName=NetP2_35 Pin=R59-2
Added Net: Name=NetP2_35
Added Pin To Net: NetName=NetP2_46 Pin=P2-46
Added Pin To Net: NetName=NetP2_46 Pin=R39-2
Added Net: Name=NetP2_46
Added Pin To Net: NetName=NetP2_47 Pin=P2-47
Added Pin To Net: NetName=NetP2_47 Pin=R42-2
Added Net: Name=NetP2_47
Added Pin To Net: NetName=NetP2_58 Pin=P2-58
Added Pin To Net: NetName=NetP2_58 Pin=R53-2
Added Net: Name=NetP2_58
Added Pin To Net: NetName=NetP2_59 Pin=P2-59
Added Pin To Net: NetName=NetP2_59 Pin=R55-2
Added Net: Name=NetP2_59
Added Pin To Net: NetName=NetP2_70 Pin=P2-70
Added Pin To Net: NetName=NetP2_70 Pin=R58-2
Added Net: Name=NetP2_70
Added Pin To Net: NetName=NetP2_71 Pin=P2-71
Added Pin To Net: NetName=NetP2_71 Pin=R60-2
Added Net: Name=NetP2_71
Added Pin To Net: NetName=NetR5_2 Pin=R5-2
Added Pin To Net: NetName=NetR5_2 Pin=USB1-3
Added Net: Name=NetR5_2
Added Pin To Net: NetName=NetR6_2 Pin=R6-2
Added Pin To Net: NetName=NetR6_2 Pin=USB1-4
Added Net: Name=NetR6_2
Added Pin To Net: NetName=NetR7_1 Pin=R7-1
Added Net: Name=NetR7_1
Added Pin To Net: NetName=NetR9_1 Pin=R9-1
Added Pin To Net: NetName=NetR9_1 Pin=SW1-1
Added Pin To Net: NetName=NetR9_1 Pin=SW2-1
Added Net: Name=NetR9_1
Added Pin To Net: NetName=NetR10_1 Pin=R10-1
Added Net: Name=NetR10_1
Added Pin To Net: NetName=NetR12_1 Pin=R12-1
Added Net: Name=NetR12_1
Added Pin To Net: NetName=NetR14_1 Pin=R14-1
Added Net: Name=NetR14_1
Added Pin To Net: NetName=NetR15_2 Pin=R15-2
Added Pin To Net: NetName=NetR15_2 Pin=U*1-5
Added Net: Name=NetR15_2
Added Pin To Net: NetName=NetR16_2 Pin=R16-2
Added Pin To Net: NetName=NetR16_2 Pin=U*1-3
Added Net: Name=NetR16_2
Added Pin To Net: NetName=NetR29_2 Pin=R29-2
Added Pin To Net: NetName=NetR29_2 Pin=U3-10
Added Net: Name=NetR29_2
Added Pin To Net: NetName=NetR128_1 Pin=R128-1
Added Pin To Net: NetName=NetR128_1 Pin=T1-24
Added Net: Name=NetR128_1
Added Pin To Net: NetName=NetR129_1 Pin=R129-1
Added Pin To Net: NetName=NetR129_1 Pin=T2-24
Added Net: Name=NetR129_1
Added Pin To Net: NetName=NetR130_1 Pin=R130-1
Added Pin To Net: NetName=NetR130_1 Pin=T1-21
Added Net: Name=NetR130_1
Added Pin To Net: NetName=NetR131_1 Pin=R131-1
Added Pin To Net: NetName=NetR131_1 Pin=T2-21
Added Net: Name=NetR131_1
Added Pin To Net: NetName=NetR132_1 Pin=R132-1
Added Pin To Net: NetName=NetR132_1 Pin=T1-18
Added Net: Name=NetR132_1
Added Pin To Net: NetName=NetR133_1 Pin=R133-1
Added Pin To Net: NetName=NetR133_1 Pin=T2-18
Added Net: Name=NetR133_1
Added Pin To Net: NetName=NetR134_1 Pin=R134-1
Added Pin To Net: NetName=NetR134_1 Pin=T1-15
Added Net: Name=NetR134_1
Added Pin To Net: NetName=NetR135_1 Pin=R135-1
Added Pin To Net: NetName=NetR135_1 Pin=T2-15
Added Net: Name=NetR135_1
Added Pin To Net: NetName=NetR192_1 Pin=R192-1
Added Pin To Net: NetName=NetR192_1 Pin=T3-24
Added Net: Name=NetR192_1
Added Pin To Net: NetName=NetR193_1 Pin=R193-1
Added Pin To Net: NetName=NetR193_1 Pin=T4-24
Added Net: Name=NetR193_1
Added Pin To Net: NetName=NetR194_1 Pin=R194-1
Added Pin To Net: NetName=NetR194_1 Pin=T3-21
Added Net: Name=NetR194_1
Added Pin To Net: NetName=NetR195_1 Pin=R195-1
Added Pin To Net: NetName=NetR195_1 Pin=T4-21
Added Net: Name=NetR195_1
Added Pin To Net: NetName=NetR196_1 Pin=R196-1
Added Pin To Net: NetName=NetR196_1 Pin=T3-18
Added Net: Name=NetR196_1
Added Pin To Net: NetName=NetR197_1 Pin=R197-1
Added Pin To Net: NetName=NetR197_1 Pin=T4-18
Added Net: Name=NetR197_1
Added Pin To Net: NetName=NetR198_1 Pin=R198-1
Added Pin To Net: NetName=NetR198_1 Pin=T3-15
Added Net: Name=NetR198_1
Added Pin To Net: NetName=NetR199_1 Pin=R199-1
Added Pin To Net: NetName=NetR199_1 Pin=T4-15
Added Net: Name=NetR199_1
Added Pin To Net: NetName=NetR256_1 Pin=R256-1
Added Pin To Net: NetName=NetR256_1 Pin=T5-24
Added Net: Name=NetR256_1
Added Pin To Net: NetName=NetR257_1 Pin=R257-1
Added Pin To Net: NetName=NetR257_1 Pin=T6-24
Added Net: Name=NetR257_1
Added Pin To Net: NetName=NetR258_1 Pin=R258-1
Added Pin To Net: NetName=NetR258_1 Pin=T5-21
Added Net: Name=NetR258_1
Added Pin To Net: NetName=NetR259_1 Pin=R259-1
Added Pin To Net: NetName=NetR259_1 Pin=T6-21
Added Net: Name=NetR259_1
Added Pin To Net: NetName=NetR260_1 Pin=R260-1
Added Pin To Net: NetName=NetR260_1 Pin=T5-18
Added Net: Name=NetR260_1
Added Pin To Net: NetName=NetR261_1 Pin=R261-1
Added Pin To Net: NetName=NetR261_1 Pin=T6-18
Added Net: Name=NetR261_1
Added Pin To Net: NetName=NetR262_1 Pin=R262-1
Added Pin To Net: NetName=NetR262_1 Pin=T5-15
Added Net: Name=NetR262_1
Added Pin To Net: NetName=NetR263_1 Pin=R263-1
Added Pin To Net: NetName=NetR263_1 Pin=T6-15
Added Net: Name=NetR263_1
Added Pin To Net: NetName=ON/OFF Pin=C6-2
Added Pin To Net: NetName=ON/OFF Pin=SW1-2
Added Pin To Net: NetName=ON/OFF Pin=SW2-2
Added Pin To Net: NetName=ON/OFF Pin=U*1-8
Added Net: Name=ON/OFF
Added Pin To Net: NetName=SD_CK Pin=J1-5
Added Pin To Net: NetName=SD_CK Pin=R23-2
Added Pin To Net: NetName=SD_CK Pin=U3-15
Added Net: Name=SD_CK
Added Pin To Net: NetName=SD_CMD Pin=J1-3
Added Pin To Net: NetName=SD_CMD Pin=R20-2
Added Pin To Net: NetName=SD_CMD Pin=U3-16
Added Net: Name=SD_CMD
Added Pin To Net: NetName=SD_D0 Pin=J1-7
Added Pin To Net: NetName=SD_D0 Pin=R25-2
Added Pin To Net: NetName=SD_D0 Pin=U3-14
Added Net: Name=SD_D0
Added Pin To Net: NetName=SD_D1 Pin=J1-8
Added Pin To Net: NetName=SD_D1 Pin=R26-2
Added Pin To Net: NetName=SD_D1 Pin=U3-13
Added Net: Name=SD_D1
Added Pin To Net: NetName=SD_D2 Pin=J1-1
Added Pin To Net: NetName=SD_D2 Pin=R18-2
Added Pin To Net: NetName=SD_D2 Pin=U3-18
Added Net: Name=SD_D2
Added Pin To Net: NetName=SD_D3 Pin=J1-2
Added Pin To Net: NetName=SD_D3 Pin=R19-2
Added Pin To Net: NetName=SD_D3 Pin=U3-17
Added Net: Name=SD_D3
Added Pin To Net: NetName=VBUS_IN Pin=R9-2
Added Pin To Net: NetName=VBUS_IN Pin=U*1-1
Added Pin To Net: NetName=VBUS_IN Pin=U*1-2
Added Pin To Net: NetName=VBUS_IN Pin=USB1-2
Added Pin To Net: NetName=VBUS_IN Pin=USB1-5
Added Net: Name=VBUS_IN
Added Member To Class: ClassName=OECU_BASE1 Member=Component C1 22uF
Added Member To Class: ClassName=OECU_BASE1 Member=Component C2 104
Added Member To Class: ClassName=OECU_BASE1 Member=Component C3 104
Added Member To Class: ClassName=OECU_BASE1 Member=Component C4 22uF
Added Member To Class: ClassName=OECU_BASE1 Member=Component C5 104
Added Member To Class: ClassName=OECU_BASE1 Member=Component C6 47uF
Added Member To Class: ClassName=OECU_BASE1 Member=Component C7 104
Added Member To Class: ClassName=OECU_BASE1 Member=Component C8 22uF
Added Member To Class: ClassName=OECU_BASE1 Member=Component C9 104
Added Member To Class: ClassName=OECU_BASE1 Member=Component C10 104
Added Member To Class: ClassName=OECU_BASE1 Member=Component C11 22uF
Added Member To Class: ClassName=OECU_BASE1 Member=Component C12 104
Added Member To Class: ClassName=OECU_BASE1 Member=Component C13 47uF
Added Member To Class: ClassName=OECU_BASE1 Member=Component C14 104
Added Member To Class: ClassName=OECU_BASE1 Member=Component C15 104
Added Member To Class: ClassName=OECU_BASE1 Member=Component C16 104
Added Member To Class: ClassName=OECU_BASE3 Member=Component C62 10uF
Added Member To Class: ClassName=OECU_BASE3 Member=Component C70 10uF
Added Member To Class: ClassName=OECU_BASE3 Member=Component C71 104
Added Member To Class: ClassName=OECU_BASE3 Member=Component C72 10uF
Added Member To Class: ClassName=OECU_BASE3 Member=Component C73 104
Added Member To Class: ClassName=OECU_BASE3 Member=Component C74 1uF
Added Member To Class: ClassName=OECU_BASE3 Member=Component C75 1uF
Added Member To Class: ClassName=OECU_BASE4 Member=Component C106 10uF
Added Member To Class: ClassName=OECU_BASE4 Member=Component C107 104
Added Member To Class: ClassName=OECU_BASE4 Member=Component C108 10uF
Added Member To Class: ClassName=OECU_BASE4 Member=Component C109 104
Added Member To Class: ClassName=OECU_BASE4 Member=Component C110 1uF
Added Member To Class: ClassName=OECU_BASE4 Member=Component C111 1uF
Added Member To Class: ClassName=OECU_BASE5 Member=Component C142 10uF
Added Member To Class: ClassName=OECU_BASE5 Member=Component C143 104
Added Member To Class: ClassName=OECU_BASE5 Member=Component C144 10uF
Added Member To Class: ClassName=OECU_BASE5 Member=Component C145 104
Added Member To Class: ClassName=OECU_BASE5 Member=Component C146 1uF
Added Member To Class: ClassName=OECU_BASE5 Member=Component C147 1uF
Added Member To Class: ClassName=OECU_BASE1 Member=Component L1 3.3uH
Added Member To Class: ClassName=OECU_BASE1 Member=Component L2 3.3uH
Added Member To Class: ClassName=OECU_BASE1 Member=Component R7 4.7K
Added Member To Class: ClassName=OECU_BASE1 Member=Component R8 200K
Added Member To Class: ClassName=OECU_BASE1 Member=Component R9 4.7K
Added Member To Class: ClassName=OECU_BASE1 Member=Component R10 4.7K
Added Member To Class: ClassName=OECU_BASE1 Member=Component R11 44K2
Added Member To Class: ClassName=OECU_BASE1 Member=Component R12 4.7K
Added Member To Class: ClassName=OECU_BASE1 Member=Component R13 200K
Added Member To Class: ClassName=OECU_BASE1 Member=Component R14 4.7K
Added Member To Class: ClassName=OECU_BASE1 Member=Component R15 NC
Added Member To Class: ClassName=OECU_BASE1 Member=Component R16 NC
Added Member To Class: ClassName=OECU_BASE1 Member=Component R17 100K
Added Member To Class: ClassName=OECU_BASE1 Member=Component R18 10K
Added Member To Class: ClassName=OECU_BASE1 Member=Component R19 10K
Added Member To Class: ClassName=OECU_BASE1 Member=Component R20 10K
Added Member To Class: ClassName=OECU_BASE1 Member=Component R21 10K
Added Member To Class: ClassName=OECU_BASE1 Member=Component R22 10K
Added Member To Class: ClassName=OECU_BASE1 Member=Component R23 10K
Added Member To Class: ClassName=OECU_BASE1 Member=Component R24 20K
Added Member To Class: ClassName=OECU_BASE1 Member=Component R25 10K
Added Member To Class: ClassName=OECU_BASE1 Member=Component R26 10K
Added Member To Class: ClassName=OECU_BASE1 Member=Component R27 10K
Added Member To Class: ClassName=OECU_BASE1 Member=Component R28 20K
Added Member To Class: ClassName=OECU_BASE1 Member=Component R29 4.7K
Added Member To Class: ClassName=OECU_BASE2 Member=Component R52 510R
Added Member To Class: ClassName=OECU_BASE2 Member=Component R53 510R
Added Member To Class: ClassName=OECU_BASE2 Member=Component R54 510R
Added Member To Class: ClassName=OECU_BASE2 Member=Component R55 510R
Added Member To Class: ClassName=OECU_BASE2 Member=Component R57 510R
Added Member To Class: ClassName=OECU_BASE2 Member=Component R58 510R
Added Member To Class: ClassName=OECU_BASE2 Member=Component R59 510R
Added Member To Class: ClassName=OECU_BASE2 Member=Component R60 510R
Added Member To Class: ClassName=OECU_BASE2 Member=Component R66 NC
Added Member To Class: ClassName=OECU_BASE2 Member=Component R67 4.7K
Added Member To Class: ClassName=OECU_BASE2 Member=Component R68 NC
Added Member To Class: ClassName=OECU_BASE2 Member=Component R69 4.7K
Added Member To Class: ClassName=OECU_BASE3 Member=Component R128 75R
Added Member To Class: ClassName=OECU_BASE3 Member=Component R129 75R
Added Member To Class: ClassName=OECU_BASE3 Member=Component R130 75R
Added Member To Class: ClassName=OECU_BASE3 Member=Component R131 75R
Added Member To Class: ClassName=OECU_BASE3 Member=Component R132 75R
Added Member To Class: ClassName=OECU_BASE3 Member=Component R133 75R
Added Member To Class: ClassName=OECU_BASE3 Member=Component R134 75R
Added Member To Class: ClassName=OECU_BASE3 Member=Component R135 75R
Added Member To Class: ClassName=OECU_BASE4 Member=Component R192 75R
Added Member To Class: ClassName=OECU_BASE4 Member=Component R193 75R
Added Member To Class: ClassName=OECU_BASE4 Member=Component R194 75R
Added Member To Class: ClassName=OECU_BASE4 Member=Component R195 75R
Added Member To Class: ClassName=OECU_BASE4 Member=Component R196 75R
Added Member To Class: ClassName=OECU_BASE4 Member=Component R197 75R
Added Member To Class: ClassName=OECU_BASE4 Member=Component R198 75R
Added Member To Class: ClassName=OECU_BASE4 Member=Component R199 75R
Added Member To Class: ClassName=OECU_BASE5 Member=Component R256 75R
Added Member To Class: ClassName=OECU_BASE5 Member=Component R257 75R
Added Member To Class: ClassName=OECU_BASE5 Member=Component R258 75R
Added Member To Class: ClassName=OECU_BASE5 Member=Component R259 75R
Added Member To Class: ClassName=OECU_BASE5 Member=Component R260 75R
Added Member To Class: ClassName=OECU_BASE5 Member=Component R261 75R
Added Member To Class: ClassName=OECU_BASE5 Member=Component R262 75R
Added Member To Class: ClassName=OECU_BASE5 Member=Component R263 75R
Added Member To Class: ClassName=OECU_BASE1 Member=Component U3 TXS0108E
Added Member To Class: ClassName=OECU_BASE1 Member=Component U*1 TPS22992
Added Member To Class: ClassName=OECU_BASE1 Member=Component USB1 USB_C_6P
