Change Component Designator: Old Designator=C1 New Designator=C13
Change Component Designator: Old Designator=C2 New Designator=C14
Change Component Designator: Old Designator=C3 New Designator=C1
Change Component Designator: Old Designator=C4 New Designator=C2
Change Component Designator: Old Designator=C118 New Designator=C3
Change Component Designator: Old Designator=C119 New Designator=C4
Change Component Designator: Old Designator=C120 New Designator=C5
Change Component Designator: Old Designator=C121 New Designator=C6
Change Component Designator: Old Designator=C122 New Designator=C7
Change Component Designator: Old Designator=C123 New Designator=C8
Change Component Designator: Old Designator=C124 New Designator=C9
Change Component Designator: Old Designator=C125 New Designator=C10
Change Component Designator: Old Designator=C126 New Designator=C11
Change Component Designator: Old Designator=C127 New Designator=C12
Change Component Designator: Old Designator=KE_2 New Designator=KE_1
Change Component Designator: Old Designator=L* New Designator=L*1
Change Component Designator: Old Designator=L* New Designator=L*2
Change Component Designator: Old Designator=R1 New Designator=R8
Change Component Designator: Old Designator=R2 New Designator=R9
Change Component Designator: Old Designator=R3 New Designator=R18
Change Component Designator: Old Designator=R4 New Designator=R19
Change Component Designator: Old Designator=R5 New Designator=R21
Change Component Designator: Old Designator=R6 New Designator=R25
Change Component Designator: Old Designator=R7 New Designator=R1
Change Component Designator: Old Designator=R8 New Designator=R2
Change Component Designator: Old Designator=R9 New Designator=R3
Change Component Designator: Old Designator=R10 New Designator=R4
Change Component Designator: Old Designator=R11 New Designator=R15
Change Component Designator: Old Designator=R210 New Designator=R16
Change Component Designator: Old Designator=R211 New Designator=R17
Change Component Designator: Old Designator=R212 New Designator=R20
Change Component Designator: Old Designator=R213 New Designator=R22
Change Component Designator: Old Designator=R214 New Designator=R23
Change Component Designator: Old Designator=R215 New Designator=R24
Change Component Designator: Old Designator=R216 New Designator=R26
Change Component Designator: Old Designator=R217 New Designator=R5
Change Component Designator: Old Designator=R218 New Designator=R6
Change Component Designator: Old Designator=R219 New Designator=R7
Change Component Designator: Old Designator=R220 New Designator=R10
Change Component Designator: Old Designator=R221 New Designator=R11
Change Component Designator: Old Designator=R222 New Designator=R12
Change Component Designator: Old Designator=R223 New Designator=R13
Change Component Designator: Old Designator=R224 New Designator=R14
Change Component Designator: Old Designator=RST_ESR New Designator=RST_ESR1
Change Component Designator: Old Designator=RST_POR New Designator=RST_POR1
Change Component Designator: Old Designator=U7 New Designator=U3
Change Component Designator: Old Designator=U8 New Designator=U1
Change Component Designator: Old Designator=U9 New Designator=U2
Change Component Designator: Old Designator=USB New Designator=USB1
