Change Component Comment : Designator=DB2 Old Comment=Comment New Comment=DB25_1
Added Pin To Net: NetName=GND Pin=DB1-26
Added Pin To Net: NetName=GND Pin=DB1-27
Added Pin To Net: NetName=GND Pin=DB2-13
Added Pin To Net: NetName=GND Pin=DB2-26
Added Pin To Net: NetName=GND Pin=DB2-27
Added Pin To Net: NetName=IO13_11_N Pin=DB2-14
Added Pin To Net: NetName=IO13_11_N Pin=M1-78
Added Net: Name=IO13_11_N
Added Pin To Net: NetName=IO13_11_P Pin=DB2-1
Added Pin To Net: NetName=IO13_11_P Pin=M1-76
Added Net: Name=IO13_11_P
Added Pin To Net: NetName=IO13_12_N Pin=DB2-15
Added Pin To Net: NetName=IO13_12_N Pin=M1-50
Added Net: Name=IO13_12_N
Added Pin To Net: NetName=IO13_12_P Pin=DB2-2
Added Pin To Net: NetName=IO13_12_P Pin=M1-52
Added Net: Name=IO13_12_P
Added Pin To Net: NetName=IO13_13_N Pin=DB2-16
Added Pin To Net: NetName=IO13_13_N Pin=M1-75
Added Net: Name=IO13_13_N
Added Pin To Net: NetName=IO13_13_P Pin=DB2-3
Added Pin To Net: NetName=IO13_13_P Pin=M1-77
Added Net: Name=IO13_13_P
Added Pin To Net: NetName=IO13_14_N Pin=DB2-17
Added Pin To Net: NetName=IO13_14_N Pin=M1-79
Added Net: Name=IO13_14_N
Added Pin To Net: NetName=IO13_14_P Pin=DB2-4
Added Pin To Net: NetName=IO13_14_P Pin=M1-81
Added Net: Name=IO13_14_P
Added Pin To Net: NetName=IO13_15_N Pin=DB2-18
Added Pin To Net: NetName=IO13_15_N Pin=M1-80
Added Net: Name=IO13_15_N
Added Pin To Net: NetName=IO13_15_P Pin=DB2-5
Added Pin To Net: NetName=IO13_15_P Pin=M1-82
Added Net: Name=IO13_15_P
Added Pin To Net: NetName=IO13_16_N Pin=DB2-19
Added Pin To Net: NetName=IO13_16_N Pin=M1-84
Added Net: Name=IO13_16_N
Added Pin To Net: NetName=IO13_16_P Pin=DB2-6
Added Pin To Net: NetName=IO13_16_P Pin=M1-86
Added Net: Name=IO13_16_P
Added Pin To Net: NetName=IO13_17_N Pin=DB2-20
Added Pin To Net: NetName=IO13_17_N Pin=M1-45
Added Net: Name=IO13_17_N
Added Pin To Net: NetName=IO13_17_P Pin=DB2-7
Added Pin To Net: NetName=IO13_17_P Pin=M1-47
Added Net: Name=IO13_17_P
Added Pin To Net: NetName=IO13_18_N Pin=DB2-21
Added Pin To Net: NetName=IO13_18_N Pin=M1-83
Added Net: Name=IO13_18_N
Added Pin To Net: NetName=IO13_18_P Pin=DB2-8
Added Pin To Net: NetName=IO13_18_P Pin=M1-85
Added Net: Name=IO13_18_P
Added Pin To Net: NetName=IO13_19_N Pin=DB2-22
Added Pin To Net: NetName=IO13_19_N Pin=M1-46
Added Net: Name=IO13_19_N
Added Pin To Net: NetName=IO13_19_P Pin=DB2-9
Added Pin To Net: NetName=IO13_19_P Pin=M1-48
Added Net: Name=IO13_19_P
Added Pin To Net: NetName=IO13_20_N Pin=DB2-23
Added Pin To Net: NetName=IO13_20_N Pin=M1-89
Added Net: Name=IO13_20_N
Added Pin To Net: NetName=IO13_20_P Pin=DB2-10
Added Pin To Net: NetName=IO13_20_P Pin=M1-87
Added Net: Name=IO13_20_P
Added Pin To Net: NetName=IO13_21_N Pin=DB2-24
Added Pin To Net: NetName=IO13_21_N Pin=M1-49
Added Net: Name=IO13_21_N
Added Pin To Net: NetName=IO13_21_P Pin=DB2-11
Added Pin To Net: NetName=IO13_21_P Pin=M1-51
Added Net: Name=IO13_21_P
Added Pin To Net: NetName=IO13_22_N Pin=DB2-25
Added Pin To Net: NetName=IO13_22_N Pin=M1-72
Added Net: Name=IO13_22_N
Added Pin To Net: NetName=IO13_22_P Pin=DB2-12
Added Pin To Net: NetName=IO13_22_P Pin=M1-70
Added Net: Name=IO13_22_P
Added Differential Pair: Name=IO13_11
Added Differential Pair: Name=IO13_12
Added Differential Pair: Name=IO13_13
Added Differential Pair: Name=IO13_14
Added Differential Pair: Name=IO13_15
Added Differential Pair: Name=IO13_16
Added Differential Pair: Name=IO13_17
Added Differential Pair: Name=IO13_18
Added Differential Pair: Name=IO13_19
Added Differential Pair: Name=IO13_20
Added Differential Pair: Name=IO13_21
Added Differential Pair: Name=IO13_22
Added Member To Class: ClassName=OECU_BASE2 Member=Component DB2 DB25_1
