Change Component Designator: Old Designator=C? New Designator=C68
Change Component Designator: Old Designator=C? New Designator=C69
Change Component Designator: Old Designator=C? New Designator=C70
Change Component Designator: Old Designator=C? New Designator=C71
Change Component Designator: Old Designator=C? New Designator=C72
Change Component Designator: Old Designator=C? New Designator=C73
Change Component Designator: Old Designator=L2 New Designator=L4
Change Component Designator: Old Designator=L3 New Designator=L5
Change Component Designator: Old Designator=R57 New Designator=R69
Change Component Designator: Old Designator=R58 New Designator=R70
Change Component Designator: Old Designator=R59 New Designator=R71
Change Component Designator: Old Designator=R60 New Designator=R72
Change Component Designator: Old Designator=R61 New Designator=R73
Change Component Designator: Old Designator=R62 New Designator=R74
Change Component Designator: Old Designator=R63 New Designator=R75
Change Component Designator: Old Designator=R64 New Designator=R76
Change Component Designator: Old Designator=R65 New Designator=R77
Change Component Designator: Old Designator=R66 New Designator=R78
Change Component Designator: Old Designator=R67 New Designator=R79
Change Component Designator: Old Designator=R68 New Designator=R80
Change Component Designator: Old Designator=R69 New Designator=R81
Change Component Designator: Old Designator=R70 New Designator=R82
Change Component Designator: Old Designator=R71 New Designator=R83
Change Component Designator: Old Designator=R72 New Designator=R84
Change Component Designator: Old Designator=R73 New Designator=R85
Change Component Designator: Old Designator=R74 New Designator=R86
Change Component Designator: Old Designator=R75 New Designator=R87
Change Component Designator: Old Designator=R76 New Designator=R88
Change Component Designator: Old Designator=R77 New Designator=R89
Change Component Designator: Old Designator=R78 New Designator=R90
Change Component Designator: Old Designator=R79 New Designator=R91
Change Component Designator: Old Designator=R80 New Designator=R92
Change Component Designator: Old Designator=R81 New Designator=R93
Change Component Designator: Old Designator=R82 New Designator=R94
Change Component Designator: Old Designator=R83 New Designator=R95
Change Component Designator: Old Designator=R84 New Designator=R96
Change Component Designator: Old Designator=R85 New Designator=R97
Change Component Designator: Old Designator=R86 New Designator=R98
Change Component Designator: Old Designator=R87 New Designator=R99
Change Component Designator: Old Designator=R88 New Designator=R100
Change Component Designator: Old Designator=R89 New Designator=R101
Change Component Designator: Old Designator=R90 New Designator=R102
Change Component Designator: Old Designator=R91 New Designator=R103
Change Component Designator: Old Designator=R92 New Designator=R104
Change Component Designator: Old Designator=R93 New Designator=R105
Change Component Designator: Old Designator=R94 New Designator=R106
Change Component Designator: Old Designator=R95 New Designator=R107
Change Component Designator: Old Designator=R96 New Designator=R108
Change Component Designator: Old Designator=R97 New Designator=R109
Change Component Designator: Old Designator=R98 New Designator=R110
Change Component Designator: Old Designator=R99 New Designator=R111
Change Component Designator: Old Designator=R100 New Designator=R112
Change Component Designator: Old Designator=R101 New Designator=R113
Change Component Designator: Old Designator=R102 New Designator=R114
Change Component Designator: Old Designator=R103 New Designator=R115
Change Component Designator: Old Designator=R104 New Designator=R116
Change Component Designator: Old Designator=R105 New Designator=R117
Change Component Designator: Old Designator=R106 New Designator=R118
Change Component Designator: Old Designator=R107 New Designator=R119
Change Component Designator: Old Designator=R108 New Designator=R120
Change Component Designator: Old Designator=R109 New Designator=R121
Change Component Designator: Old Designator=R110 New Designator=R122
Change Component Designator: Old Designator=R111 New Designator=R123
Change Component Designator: Old Designator=R112 New Designator=R124
Change Component Designator: Old Designator=R? New Designator=R125
Change Component Designator: Old Designator=R? New Designator=R126
Change Component Designator: Old Designator=R? New Designator=R127
Change Component Designator: Old Designator=R? New Designator=R128
Change Component Designator: Old Designator=R? New Designator=R129
Change Component Designator: Old Designator=R? New Designator=R130
Change Component Designator: Old Designator=R? New Designator=R131
Change Component Designator: Old Designator=R? New Designator=R132
Change Component Designator: Old Designator=T? New Designator=T2
