Removed Member From Class: ClassName=OECU_BASE1 Member=C17
Removed Member From Class: ClassName=OECU_BASE1 Member=C25
Removed Member From Class: ClassName=OECU_BASE1 Member=C27
Removed Member From Class: ClassName=OECU_BASE1 Member=C29
Removed Member From Class: ClassName=OECU_BASE1 Member=C43
Removed Member From Class: ClassName=OECU_BASE2 Member=C43
Removed Member From Class: ClassName=OECU_BASE1 Member=C49
Removed Member From Class: ClassName=OECU_BASE2 Member=C49
Removed Member From Class: ClassName=OECU_BASE1 Member=C51
Removed Member From Class: ClassName=OECU_BASE2 Member=C51
Removed Member From Class: ClassName=OECU_BASE2 Member=C64
Removed Member From Class: ClassName=OECU_BASE2 Member=C65
Removed Member From Class: ClassName=OECU_BASE1 Member=C66
Removed Member From Class: ClassName=OECU_BASE2 Member=C66
Removed Member From Class: ClassName=OECU_BASE1 Member=C68
Removed Member From Class: ClassName=OECU_BASE2 Member=C68
Removed Member From Class: ClassName=OECU_BASE1 Member=C76
Removed Member From Class: ClassName=OECU_BASE2 Member=C76
Removed Member From Class: ClassName=OECU_BASE3 Member=C76
Removed Member From Class: ClassName=OECU_BASE1 Member=C77
Removed Member From Class: ClassName=OECU_BASE2 Member=C77
Removed Member From Class: ClassName=OECU_BASE3 Member=C77
Removed Member From Class: ClassName=OECU_BASE1 Member=C78
Removed Member From Class: ClassName=OECU_BASE2 Member=C78
Removed Member From Class: ClassName=OECU_BASE3 Member=C78
Removed Member From Class: ClassName=OECU_BASE2 Member=C79
Removed Member From Class: ClassName=OECU_BASE3 Member=C79
Removed Member From Class: ClassName=OECU_BASE4 Member=C118
Removed Member From Class: ClassName=OECU_BASE4 Member=C119
Removed Member From Class: ClassName=OECU_BASE4 Member=C120
Removed Member From Class: ClassName=OECU_BASE4 Member=C121
Removed Member From Class: ClassName=OECU_BASE3 Member=C122
Removed Member From Class: ClassName=OECU_BASE4 Member=C122
Removed Member From Class: ClassName=OECU_BASE4 Member=C123
Removed Member From Class: ClassName=OECU_BASE4 Member=C124
Removed Member From Class: ClassName=OECU_BASE4 Member=C125
Removed Member From Class: ClassName=OECU_BASE4 Member=C126
Removed Member From Class: ClassName=OECU_BASE4 Member=C127
Removed Member From Class: ClassName=OECU_BASE4 Member=C128
Removed Member From Class: ClassName=OECU_BASE4 Member=C129
Removed Member From Class: ClassName=OECU_BASE4 Member=C130
Removed Member From Class: ClassName=OECU_BASE4 Member=C131
Removed Member From Class: ClassName=OECU_BASE4 Member=C132
Removed Member From Class: ClassName=OECU_BASE4 Member=C133
Removed Member From Class: ClassName=OECU_BASE4 Member=C134
Removed Member From Class: ClassName=OECU_BASE4 Member=C135
Removed Member From Class: ClassName=OECU_BASE3 Member=C136
Removed Member From Class: ClassName=OECU_BASE4 Member=C136
Removed Member From Class: ClassName=OECU_BASE3 Member=C137
Removed Member From Class: ClassName=OECU_BASE4 Member=C137
Removed Member From Class: ClassName=OECU_BASE3 Member=C138
Removed Member From Class: ClassName=OECU_BASE4 Member=C138
Removed Member From Class: ClassName=OECU_BASE3 Member=C139
Removed Member From Class: ClassName=OECU_BASE4 Member=C139
Removed Member From Class: ClassName=OECU_BASE3 Member=C140
Removed Member From Class: ClassName=OECU_BASE4 Member=C140
Removed Member From Class: ClassName=OECU_BASE3 Member=C141
Removed Member From Class: ClassName=OECU_BASE4 Member=C141
Removed Member From Class: ClassName=OECU_BASE1 Member=L5
Removed Member From Class: ClassName=OECU_BASE1 Member=L7
Removed Member From Class: ClassName=OECU_BASE3 Member=L7
Removed Member From Class: ClassName=OECU_BASE4 Member=L9
Removed Member From Class: ClassName=OECU_BASE1 Member=R48
Removed Member From Class: ClassName=OECU_BASE1 Member=R62
Removed Member From Class: ClassName=OECU_BASE1 Member=R70
Removed Member From Class: ClassName=OECU_BASE1 Member=R72
Removed Member From Class: ClassName=OECU_BASE1 Member=R74
Removed Member From Class: ClassName=OECU_BASE1 Member=R76
Removed Member From Class: ClassName=OECU_BASE1 Member=R78
Removed Member From Class: ClassName=OECU_BASE2 Member=R78
Removed Member From Class: ClassName=OECU_BASE1 Member=R82
Removed Member From Class: ClassName=OECU_BASE2 Member=R82
Removed Member From Class: ClassName=OECU_BASE1 Member=R86
Removed Member From Class: ClassName=OECU_BASE2 Member=R86
Removed Member From Class: ClassName=OECU_BASE1 Member=R90
Removed Member From Class: ClassName=OECU_BASE2 Member=R90
Removed Member From Class: ClassName=OECU_BASE2 Member=R94
Removed Member From Class: ClassName=OECU_BASE2 Member=R98
Removed Member From Class: ClassName=OECU_BASE2 Member=R102
Removed Member From Class: ClassName=OECU_BASE2 Member=R106
Removed Member From Class: ClassName=OECU_BASE1 Member=R110
Removed Member From Class: ClassName=OECU_BASE2 Member=R110
Removed Member From Class: ClassName=OECU_BASE1 Member=R114
Removed Member From Class: ClassName=OECU_BASE2 Member=R114
Removed Member From Class: ClassName=OECU_BASE2 Member=R120
Removed Member From Class: ClassName=OECU_BASE2 Member=R121
Removed Member From Class: ClassName=OECU_BASE2 Member=R124
Removed Member From Class: ClassName=OECU_BASE2 Member=R125
Removed Member From Class: ClassName=OECU_BASE2 Member=R126
Removed Member From Class: ClassName=OECU_BASE1 Member=R137
Removed Member From Class: ClassName=OECU_BASE2 Member=R137
Removed Member From Class: ClassName=OECU_BASE3 Member=R137
Removed Member From Class: ClassName=OECU_BASE1 Member=R138
Removed Member From Class: ClassName=OECU_BASE2 Member=R138
Removed Member From Class: ClassName=OECU_BASE3 Member=R138
Removed Member From Class: ClassName=OECU_BASE3 Member=R139
Removed Member From Class: ClassName=OECU_BASE3 Member=R141
Removed Member From Class: ClassName=OECU_BASE2 Member=R142
Removed Member From Class: ClassName=OECU_BASE3 Member=R142
Removed Member From Class: ClassName=OECU_BASE3 Member=R143
Removed Member From Class: ClassName=OECU_BASE3 Member=R145
Removed Member From Class: ClassName=OECU_BASE2 Member=R146
Removed Member From Class: ClassName=OECU_BASE3 Member=R146
Removed Member From Class: ClassName=OECU_BASE1 Member=R147
Removed Member From Class: ClassName=OECU_BASE2 Member=R147
Removed Member From Class: ClassName=OECU_BASE3 Member=R147
Removed Member From Class: ClassName=OECU_BASE3 Member=R149
Removed Member From Class: ClassName=OECU_BASE3 Member=R150
Removed Member From Class: ClassName=OECU_BASE3 Member=R151
Removed Member From Class: ClassName=OECU_BASE3 Member=R153
Removed Member From Class: ClassName=OECU_BASE1 Member=R154
Removed Member From Class: ClassName=OECU_BASE2 Member=R154
Removed Member From Class: ClassName=OECU_BASE3 Member=R154
Removed Member From Class: ClassName=OECU_BASE1 Member=R155
Removed Member From Class: ClassName=OECU_BASE2 Member=R155
Removed Member From Class: ClassName=OECU_BASE3 Member=R155
Removed Member From Class: ClassName=OECU_BASE2 Member=R156
Removed Member From Class: ClassName=OECU_BASE3 Member=R156
Removed Member From Class: ClassName=OECU_BASE1 Member=R157
Removed Member From Class: ClassName=OECU_BASE2 Member=R157
Removed Member From Class: ClassName=OECU_BASE3 Member=R157
Removed Member From Class: ClassName=OECU_BASE4 Member=R209
Removed Member From Class: ClassName=OECU_BASE4 Member=R210
Removed Member From Class: ClassName=OECU_BASE4 Member=R211
Removed Member From Class: ClassName=OECU_BASE3 Member=R212
Removed Member From Class: ClassName=OECU_BASE4 Member=R212
Removed Member From Class: ClassName=OECU_BASE3 Member=R213
Removed Member From Class: ClassName=OECU_BASE4 Member=R213
Removed Member From Class: ClassName=OECU_BASE3 Member=R214
Removed Member From Class: ClassName=OECU_BASE4 Member=R214
Removed Member From Class: ClassName=OECU_BASE3 Member=R215
Removed Member From Class: ClassName=OECU_BASE4 Member=R215
Removed Member From Class: ClassName=OECU_BASE3 Member=R216
Removed Member From Class: ClassName=OECU_BASE4 Member=R216
Removed Member From Class: ClassName=OECU_BASE3 Member=R217
Removed Member From Class: ClassName=OECU_BASE4 Member=R217
Removed Member From Class: ClassName=OECU_BASE3 Member=R218
Removed Member From Class: ClassName=OECU_BASE4 Member=R218
Removed Member From Class: ClassName=OECU_BASE3 Member=R219
Removed Member From Class: ClassName=OECU_BASE4 Member=R219
Removed Member From Class: ClassName=OECU_BASE4 Member=R220
Removed Member From Class: ClassName=OECU_BASE4 Member=R221
Removed Member From Class: ClassName=OECU_BASE4 Member=R222
Removed Member From Class: ClassName=OECU_BASE4 Member=R223
Removed Member From Class: ClassName=OECU_BASE4 Member=R224
Removed Member From Class: ClassName=OECU_BASE4 Member=R225
Removed Member From Class: ClassName=OECU_BASE4 Member=R226
Removed Member From Class: ClassName=OECU_BASE4 Member=R227
Removed Member From Class: ClassName=OECU_BASE4 Member=R228
Removed Member From Class: ClassName=OECU_BASE4 Member=R229
Removed Member From Class: ClassName=OECU_BASE4 Member=R230
Removed Member From Class: ClassName=OECU_BASE4 Member=R231
Removed Member From Class: ClassName=OECU_BASE4 Member=R232
Removed Member From Class: ClassName=OECU_BASE4 Member=R233
Removed Member From Class: ClassName=OECU_BASE4 Member=R234
Removed Member From Class: ClassName=OECU_BASE4 Member=R235
Removed Member From Class: ClassName=OECU_BASE4 Member=R236
Removed Member From Class: ClassName=OECU_BASE4 Member=R237
Removed Member From Class: ClassName=OECU_BASE4 Member=R238
Removed Member From Class: ClassName=OECU_BASE4 Member=R239
Removed Member From Class: ClassName=OECU_BASE4 Member=R240
Removed Member From Class: ClassName=OECU_BASE4 Member=R241
Removed Member From Class: ClassName=OECU_BASE4 Member=R242
Removed Member From Class: ClassName=OECU_BASE4 Member=R243
Removed Member From Class: ClassName=OECU_BASE4 Member=R244
Removed Member From Class: ClassName=OECU_BASE4 Member=R245
Removed Member From Class: ClassName=OECU_BASE4 Member=R250
Removed Member From Class: ClassName=OECU_BASE4 Member=R251
Removed Member From Class: ClassName=OECU_BASE4 Member=R252
Removed Member From Class: ClassName=OECU_BASE4 Member=R253
Removed Member From Class: ClassName=OECU_BASE4 Member=R254
Removed Member From Class: ClassName=OECU_BASE1 Member=U7
Removed Member From Class: ClassName=OECU_BASE2 Member=U8
Removed Member From Class: ClassName=OECU_BASE3 Member=U10
Removed Member From Class: ClassName=OECU_BASE2 Member=Y3
Change Component Footprint: Designator=DB1 Old Footprint=DB15_1 New Footprint=DB25_1
Change Component Comment : Designator=DB1 Old Comment=DB15_1 New Comment=DB25_1
Change Component Designator: OldDesignator=U*1 NewDesignator=U11
Added Pin To Net: NetName=MIO7 Pin=U3-9
Change Net Name : Old Net Name=QSPI_D2 New Net Name=MIO4
Change Net Name : Old Net Name=QSPI_D3 New Net Name=MIO5
Added Pin To Net: NetName=MIO7_3V3 Pin=U3-12
Added Net: Name=MIO7_3V3
Added Member To Class: ClassName=OECU_BASE1 Member=Component C5 104
Added Member To Class: ClassName=OECU_BASE1 Member=Component C6 47uF
Added Member To Class: ClassName=OECU_BASE1 Member=Component C7 104
Added Member To Class: ClassName=OECU_BASE1 Member=Component C8 22uF
Added Member To Class: ClassName=OECU_BASE1 Member=Component C9 104
Added Member To Class: ClassName=OECU_BASE1 Member=Component C10 104
Added Member To Class: ClassName=OECU_BASE1 Member=Component C11 22uF
Added Member To Class: ClassName=OECU_BASE1 Member=Component C12 104
Added Member To Class: ClassName=OECU_BASE1 Member=Component C13 47uF
Added Member To Class: ClassName=OECU_BASE1 Member=Component C14 104
Added Member To Class: ClassName=OECU_BASE1 Member=Component C15 104
Added Member To Class: ClassName=OECU_BASE1 Member=Component C16 104
Added Member To Class: ClassName=OECU_BASE2 Member=Component C18 104
Added Member To Class: ClassName=OECU_BASE2 Member=Component C19 104
Added Member To Class: ClassName=OECU_BASE2 Member=Component C20 10uF
Added Member To Class: ClassName=OECU_BASE2 Member=Component C21 104
Added Member To Class: ClassName=OECU_BASE2 Member=Component C22 104
Added Member To Class: ClassName=OECU_BASE2 Member=Component C23 104
Added Member To Class: ClassName=OECU_BASE2 Member=Component C24 10uF
Added Member To Class: ClassName=OECU_BASE2 Member=Component C26 104
Added Member To Class: ClassName=OECU_BASE2 Member=Component C28 104
Added Member To Class: ClassName=OECU_BASE2 Member=Component C30 10uF
Added Member To Class: ClassName=OECU_BASE2 Member=Component C31 104
Added Member To Class: ClassName=OECU_BASE2 Member=Component C32 10uF
Added Member To Class: ClassName=OECU_BASE2 Member=Component C33 10uF
Added Member To Class: ClassName=OECU_BASE2 Member=Component C34 104
Added Member To Class: ClassName=OECU_BASE2 Member=Component C35 104
Added Member To Class: ClassName=OECU_BASE2 Member=Component C36 104
Added Member To Class: ClassName=OECU_BASE2 Member=Component C37 104
Added Member To Class: ClassName=OECU_BASE2 Member=Component C38 10uF
Added Member To Class: ClassName=OECU_BASE2 Member=Component C39 10uF
Added Member To Class: ClassName=OECU_BASE3 Member=Component C40 104
Added Member To Class: ClassName=OECU_BASE3 Member=Component C42 10uF
Added Member To Class: ClassName=OECU_BASE3 Member=Component C44 104
Added Member To Class: ClassName=OECU_BASE3 Member=Component C46 104
Added Member To Class: ClassName=OECU_BASE3 Member=Component C47 104
Added Member To Class: ClassName=OECU_BASE3 Member=Component C48 10uF
Added Member To Class: ClassName=OECU_BASE3 Member=Component C50 104
Added Member To Class: ClassName=OECU_BASE3 Member=Component C52 104
Added Member To Class: ClassName=OECU_BASE3 Member=Component C53 104
Added Member To Class: ClassName=OECU_BASE3 Member=Component C54 10uF
Added Member To Class: ClassName=OECU_BASE3 Member=Component C55 104
Added Member To Class: ClassName=OECU_BASE3 Member=Component C56 104
Added Member To Class: ClassName=OECU_BASE3 Member=Component C57 10uF
Added Member To Class: ClassName=OECU_BASE3 Member=Component C58 104
Added Member To Class: ClassName=OECU_BASE3 Member=Component C59 104
Added Member To Class: ClassName=OECU_BASE3 Member=Component C60 104
Added Member To Class: ClassName=OECU_BASE3 Member=Component C61 104
Added Member To Class: ClassName=OECU_BASE3 Member=Component C62 10uF
Added Member To Class: ClassName=OECU_BASE3 Member=Component C70 10uF
Added Member To Class: ClassName=OECU_BASE3 Member=Component C71 104
Added Member To Class: ClassName=OECU_BASE3 Member=Component C72 10uF
Added Member To Class: ClassName=OECU_BASE3 Member=Component C73 104
Added Member To Class: ClassName=OECU_BASE3 Member=Component C74 1uF
Added Member To Class: ClassName=OECU_BASE3 Member=Component C75 1uF
Added Member To Class: ClassName=OECU_BASE4 Member=Component C80 104
Added Member To Class: ClassName=OECU_BASE4 Member=Component C81 104
Added Member To Class: ClassName=OECU_BASE4 Member=Component C82 104
Added Member To Class: ClassName=OECU_BASE4 Member=Component C83 104
Added Member To Class: ClassName=OECU_BASE4 Member=Component C84 10uF
Added Member To Class: ClassName=OECU_BASE4 Member=Component C85 104
Added Member To Class: ClassName=OECU_BASE4 Member=Component C86 104
Added Member To Class: ClassName=OECU_BASE4 Member=Component C87 10uF
Added Member To Class: ClassName=OECU_BASE4 Member=Component C88 104
Added Member To Class: ClassName=OECU_BASE4 Member=Component C89 104
Added Member To Class: ClassName=OECU_BASE4 Member=Component C90 10uF
Added Member To Class: ClassName=OECU_BASE4 Member=Component C91 104
Added Member To Class: ClassName=OECU_BASE4 Member=Component C92 104
Added Member To Class: ClassName=OECU_BASE4 Member=Component C93 10uF
Added Member To Class: ClassName=OECU_BASE4 Member=Component C94 104
Added Member To Class: ClassName=OECU_BASE4 Member=Component C95 104
Added Member To Class: ClassName=OECU_BASE4 Member=Component C96 104
Added Member To Class: ClassName=OECU_BASE4 Member=Component C97 104
Added Member To Class: ClassName=OECU_BASE4 Member=Component C98 10uF
Added Member To Class: ClassName=OECU_BASE4 Member=Component C99 10uF
Added Member To Class: ClassName=OECU_BASE4 Member=Component C100 104
Added Member To Class: ClassName=OECU_BASE4 Member=Component C101 104
Added Member To Class: ClassName=OECU_BASE4 Member=Component C102 104
Added Member To Class: ClassName=OECU_BASE4 Member=Component C103 104
Added Member To Class: ClassName=OECU_BASE4 Member=Component C104 10uF
Added Member To Class: ClassName=OECU_BASE4 Member=Component C105 10uF
Added Member To Class: ClassName=OECU_BASE4 Member=Component C106 10uF
Added Member To Class: ClassName=OECU_BASE4 Member=Component C107 104
Added Member To Class: ClassName=OECU_BASE4 Member=Component C108 10uF
Added Member To Class: ClassName=OECU_BASE4 Member=Component C109 104
Added Member To Class: ClassName=OECU_BASE4 Member=Component C110 1uF
Added Member To Class: ClassName=OECU_BASE4 Member=Component C111 1uF
Added Member To Class: ClassName=OECU_BASE5 Member=Component C112 104
Added Member To Class: ClassName=OECU_BASE5 Member=Component C113 104
Added Member To Class: ClassName=OECU_BASE5 Member=Component C114 10uF
Added Member To Class: ClassName=OECU_BASE5 Member=Component C115 10uF
Added Member To Class: ClassName=OECU_BASE5 Member=Component C116 104
Added Member To Class: ClassName=OECU_BASE5 Member=Component C117 104
Added Member To Class: ClassName=OECU_BASE3 Member=Component FB6 102
Added Member To Class: ClassName=OECU_BASE3 Member=Component FB7 102
Added Member To Class: ClassName=OECU_BASE1 Member=Component L1 3.3uH
Added Member To Class: ClassName=OECU_BASE1 Member=Component L2 3.3uH
Added Member To Class: ClassName=OECU_BASE3 Member=Component L4 2.2uH
Added Member To Class: ClassName=OECU_BASE4 Member=Component L6 2.2uH
Added Member To Class: ClassName=OECU_BASE2 Member=Component P1 RJ45
Added Member To Class: ClassName=OECU_BASE1 Member=Component R3 5K1
Added Member To Class: ClassName=OECU_BASE1 Member=Component R4 5K1
Added Member To Class: ClassName=OECU_BASE1 Member=Component R5 5.1K
Added Member To Class: ClassName=OECU_BASE1 Member=Component R6 5.1K
Added Member To Class: ClassName=OECU_BASE1 Member=Component R12 4.7K
Added Member To Class: ClassName=OECU_BASE1 Member=Component R13 200K
Added Member To Class: ClassName=OECU_BASE1 Member=Component R14 4.7K
Added Member To Class: ClassName=OECU_BASE1 Member=Component R15 NC
Added Member To Class: ClassName=OECU_BASE1 Member=Component R16 NC
Added Member To Class: ClassName=OECU_BASE1 Member=Component R17 100K
Added Member To Class: ClassName=OECU_BASE1 Member=Component R18 10K
Added Member To Class: ClassName=OECU_BASE1 Member=Component R19 10K
Added Member To Class: ClassName=OECU_BASE1 Member=Component R20 10K
Added Member To Class: ClassName=OECU_BASE1 Member=Component R23 10K
Added Member To Class: ClassName=OECU_BASE1 Member=Component R25 10K
Added Member To Class: ClassName=OECU_BASE1 Member=Component R26 10K
Added Member To Class: ClassName=OECU_BASE1 Member=Component R27 10K
Added Member To Class: ClassName=OECU_BASE1 Member=Component R29 4.7K
Added Member To Class: ClassName=OECU_BASE2 Member=Component R30 22R
Added Member To Class: ClassName=OECU_BASE2 Member=Component R31 22R
Added Member To Class: ClassName=OECU_BASE2 Member=Component R32 22R
Added Member To Class: ClassName=OECU_BASE2 Member=Component R33 22R
Added Member To Class: ClassName=OECU_BASE2 Member=Component R34 22R
Added Member To Class: ClassName=OECU_BASE2 Member=Component R35 22R
Added Member To Class: ClassName=OECU_BASE2 Member=Component R36 22R
Added Member To Class: ClassName=OECU_BASE2 Member=Component R37 22R
Added Member To Class: ClassName=OECU_BASE2 Member=Component R38 510R
Added Member To Class: ClassName=OECU_BASE2 Member=Component R39 510R
Added Member To Class: ClassName=OECU_BASE2 Member=Component R40 22R
Added Member To Class: ClassName=OECU_BASE2 Member=Component R41 510R
Added Member To Class: ClassName=OECU_BASE2 Member=Component R42 510R
Added Member To Class: ClassName=OECU_BASE2 Member=Component R43 22R
Added Member To Class: ClassName=OECU_BASE2 Member=Component R44 22R
Added Member To Class: ClassName=OECU_BASE2 Member=Component R45 22R
Added Member To Class: ClassName=OECU_BASE2 Member=Component R46 1K5
Added Member To Class: ClassName=OECU_BASE2 Member=Component R47 1K5
Added Member To Class: ClassName=OECU_BASE2 Member=Component R49 4.7K
Added Member To Class: ClassName=OECU_BASE2 Member=Component R50 510R
Added Member To Class: ClassName=OECU_BASE2 Member=Component R51 22R
Added Member To Class: ClassName=OECU_BASE2 Member=Component R52 510R
Added Member To Class: ClassName=OECU_BASE2 Member=Component R53 510R
Added Member To Class: ClassName=OECU_BASE2 Member=Component R54 510R
Added Member To Class: ClassName=OECU_BASE2 Member=Component R55 510R
Added Member To Class: ClassName=OECU_BASE2 Member=Component R56 0R
Added Member To Class: ClassName=OECU_BASE2 Member=Component R57 510R
Added Member To Class: ClassName=OECU_BASE2 Member=Component R58 510R
Added Member To Class: ClassName=OECU_BASE2 Member=Component R59 510R
Added Member To Class: ClassName=OECU_BASE2 Member=Component R60 510R
Added Member To Class: ClassName=OECU_BASE2 Member=Component R61 4.7K
Added Member To Class: ClassName=OECU_BASE2 Member=Component R63 4.7K
Added Member To Class: ClassName=OECU_BASE2 Member=Component R64 4.7K
Added Member To Class: ClassName=OECU_BASE2 Member=Component R65 4.7K
Added Member To Class: ClassName=OECU_BASE2 Member=Component R67 4.7K
Added Member To Class: ClassName=OECU_BASE2 Member=Component R68 NC
Added Member To Class: ClassName=OECU_BASE2 Member=Component R69 4.7K
Added Member To Class: ClassName=OECU_BASE2 Member=Component R71 NC
Added Member To Class: ClassName=OECU_BASE3 Member=Component R73 22R
Added Member To Class: ClassName=OECU_BASE3 Member=Component R75 22R
Added Member To Class: ClassName=OECU_BASE3 Member=Component R77 22R
Added Member To Class: ClassName=OECU_BASE3 Member=Component R79 22R
Added Member To Class: ClassName=OECU_BASE3 Member=Component R80 22R
Added Member To Class: ClassName=OECU_BASE3 Member=Component R81 22R
Added Member To Class: ClassName=OECU_BASE3 Member=Component R83 22R
Added Member To Class: ClassName=OECU_BASE3 Member=Component R84 22R
Added Member To Class: ClassName=OECU_BASE3 Member=Component R85 22R
Added Member To Class: ClassName=OECU_BASE3 Member=Component R87 22R
Added Member To Class: ClassName=OECU_BASE3 Member=Component R88 22R
Added Member To Class: ClassName=OECU_BASE3 Member=Component R89 22R
Added Member To Class: ClassName=OECU_BASE3 Member=Component R91 22R
Added Member To Class: ClassName=OECU_BASE3 Member=Component R92 22R
Added Member To Class: ClassName=OECU_BASE3 Member=Component R93 22R
Added Member To Class: ClassName=OECU_BASE3 Member=Component R95 22R
Added Member To Class: ClassName=OECU_BASE3 Member=Component R96 1K5
Added Member To Class: ClassName=OECU_BASE3 Member=Component R97 1K5
Added Member To Class: ClassName=OECU_BASE3 Member=Component R99 1K5
Added Member To Class: ClassName=OECU_BASE3 Member=Component R100 4.7K
Added Member To Class: ClassName=OECU_BASE3 Member=Component R101 4.7K
Added Member To Class: ClassName=OECU_BASE3 Member=Component R103 22R
Added Member To Class: ClassName=OECU_BASE3 Member=Component R104 0R
Added Member To Class: ClassName=OECU_BASE3 Member=Component R105 0R
Added Member To Class: ClassName=OECU_BASE3 Member=Component R107 4.7K
Added Member To Class: ClassName=OECU_BASE3 Member=Component R108 4.7K
Added Member To Class: ClassName=OECU_BASE3 Member=Component R109 4.7K
Added Member To Class: ClassName=OECU_BASE3 Member=Component R111 4.7K
Added Member To Class: ClassName=OECU_BASE3 Member=Component R112 4.7K
Added Member To Class: ClassName=OECU_BASE3 Member=Component R113 4.7K
Added Member To Class: ClassName=OECU_BASE3 Member=Component R115 4.7K
Added Member To Class: ClassName=OECU_BASE3 Member=Component R116 NC
Added Member To Class: ClassName=OECU_BASE3 Member=Component R117 4.7K
Added Member To Class: ClassName=OECU_BASE3 Member=Component R118 NC
Added Member To Class: ClassName=OECU_BASE3 Member=Component R119 4.7K
Added Member To Class: ClassName=OECU_BASE3 Member=Component R128 75R
Added Member To Class: ClassName=OECU_BASE3 Member=Component R129 75R
Added Member To Class: ClassName=OECU_BASE3 Member=Component R130 75R
Added Member To Class: ClassName=OECU_BASE3 Member=Component R131 75R
Added Member To Class: ClassName=OECU_BASE3 Member=Component R132 75R
Added Member To Class: ClassName=OECU_BASE3 Member=Component R133 75R
Added Member To Class: ClassName=OECU_BASE3 Member=Component R134 75R
Added Member To Class: ClassName=OECU_BASE3 Member=Component R135 75R
Added Member To Class: ClassName=OECU_BASE4 Member=Component R158 22R
Added Member To Class: ClassName=OECU_BASE4 Member=Component R159 22R
Added Member To Class: ClassName=OECU_BASE4 Member=Component R160 1K5
Added Member To Class: ClassName=OECU_BASE4 Member=Component R161 1K5
Added Member To Class: ClassName=OECU_BASE4 Member=Component R162 1K5
Added Member To Class: ClassName=OECU_BASE4 Member=Component R163 1K5
Added Member To Class: ClassName=OECU_BASE4 Member=Component R164 4.7K
Added Member To Class: ClassName=OECU_BASE4 Member=Component R165 4.7K
Added Member To Class: ClassName=OECU_BASE4 Member=Component R166 22R
Added Member To Class: ClassName=OECU_BASE4 Member=Component R167 22R
Added Member To Class: ClassName=OECU_BASE4 Member=Component R168 0R
Added Member To Class: ClassName=OECU_BASE4 Member=Component R169 0R
Added Member To Class: ClassName=OECU_BASE4 Member=Component R170 4.7K
Added Member To Class: ClassName=OECU_BASE4 Member=Component R171 4.7K
Added Member To Class: ClassName=OECU_BASE4 Member=Component R172 4.7K
Added Member To Class: ClassName=OECU_BASE4 Member=Component R173 4.7K
Added Member To Class: ClassName=OECU_BASE4 Member=Component R174 4.7K
Added Member To Class: ClassName=OECU_BASE4 Member=Component R175 4.7K
Added Member To Class: ClassName=OECU_BASE4 Member=Component R176 4.7K
Added Member To Class: ClassName=OECU_BASE4 Member=Component R177 4.7K
Added Member To Class: ClassName=OECU_BASE4 Member=Component R178 4.7K
Added Member To Class: ClassName=OECU_BASE4 Member=Component R179 4.7K
Added Member To Class: ClassName=OECU_BASE4 Member=Component R180 NC
Added Member To Class: ClassName=OECU_BASE4 Member=Component R181 4.7K
Added Member To Class: ClassName=OECU_BASE4 Member=Component R182 NC
Added Member To Class: ClassName=OECU_BASE4 Member=Component R183 4.7K
Added Member To Class: ClassName=OECU_BASE4 Member=Component R184 NC
Added Member To Class: ClassName=OECU_BASE4 Member=Component R185 4.7K
Added Member To Class: ClassName=OECU_BASE4 Member=Component R186 NC
Added Member To Class: ClassName=OECU_BASE4 Member=Component R187 4.7K
Added Member To Class: ClassName=OECU_BASE4 Member=Component R188 4.7K
Added Member To Class: ClassName=OECU_BASE4 Member=Component R189 NC
Added Member To Class: ClassName=OECU_BASE4 Member=Component R190 4.7K
Added Member To Class: ClassName=OECU_BASE4 Member=Component R191 NC
Added Member To Class: ClassName=OECU_BASE4 Member=Component R192 75R
Added Member To Class: ClassName=OECU_BASE4 Member=Component R193 75R
Added Member To Class: ClassName=OECU_BASE4 Member=Component R194 75R
Added Member To Class: ClassName=OECU_BASE4 Member=Component R195 75R
Added Member To Class: ClassName=OECU_BASE4 Member=Component R196 75R
Added Member To Class: ClassName=OECU_BASE4 Member=Component R197 75R
Added Member To Class: ClassName=OECU_BASE4 Member=Component R198 75R
Added Member To Class: ClassName=OECU_BASE4 Member=Component R199 75R
Added Member To Class: ClassName=OECU_BASE5 Member=Component R200 22R
Added Member To Class: ClassName=OECU_BASE5 Member=Component R202 22R
Added Member To Class: ClassName=OECU_BASE5 Member=Component R203 22R
Added Member To Class: ClassName=OECU_BASE5 Member=Component R204 22R
Added Member To Class: ClassName=OECU_BASE5 Member=Component R205 22R
Added Member To Class: ClassName=OECU_BASE5 Member=Component R206 22R
Added Member To Class: ClassName=OECU_BASE5 Member=Component R207 22R
Added Member To Class: ClassName=OECU_BASE5 Member=Component R208 22R
Added Member To Class: ClassName=OECU_BASE1 Member=Component U3 TXS0108E
Added Member To Class: ClassName=OECU_BASE2 Member=Component U4 RTL8211E-VL
Added Member To Class: ClassName=OECU_BASE3 Member=Component U6 RTL8211E-VB
Added Member To Class: ClassName=OECU_BASE2 Member=Component Y1 25Mhz
Added Member To Class: ClassName=OECU_BASE3 Member=Component Y2 25Mhz
Added Member To Class: ClassName=OECU_BASE4 Member=Component Y4 25Mhz
Added Member To Class: ClassName=OECU_BASE5 Member=Component Y6 25Mhz
