Change Net Name : Old Net Name=AN0 New Net Name=P0_AN0
Change Net Name : Old Net Name=AN1 New Net Name=P0_AN1
Change Net Name : Old Net Name=NetR31_2 New Net Name=P0_TXC
Change Net Name : Old Net Name=NetR32_2 New Net Name=P0_TXD0
Change Net Name : Old Net Name=NetR33_2 New Net Name=P0_TXD1
Change Net Name : Old Net Name=NetR34_2 New Net Name=P0_TXD2
Change Net Name : Old Net Name=NetR35_2 New Net Name=P0_TXD3
Change Net Name : Old Net Name=NetR36_2 New Net Name=P0_TXCTL
Change Net Name : Old Net Name=NetR37_2 New Net Name=P0_RXC
Change Net Name : Old Net Name=NetR81_2 New Net Name=P1_TXC
Change Net Name : Old Net Name=NetR82_2 New Net Name=P1_TXD0
Change Net Name : Old Net Name=NetR83_2 New Net Name=P1_TXD1
Change Net Name : Old Net Name=NetR84_2 New Net Name=P1_TXD2
Change Net Name : Old Net Name=NetR85_2 New Net Name=P1_TXD3
Change Net Name : Old Net Name=NetR86_2 New Net Name=P1_TXCTL
Change Net Name : Old Net Name=NetR87_2 New Net Name=P1_RXC
Change Net Name : Old Net Name=NetR113_2 New Net Name=P2_TXC
Change Net Name : Old Net Name=NetR114_2 New Net Name=P2_TXD0
Change Net Name : Old Net Name=NetR115_2 New Net Name=P2_TXD1
Change Net Name : Old Net Name=NetR116_2 New Net Name=P2_TXD2
Change Net Name : Old Net Name=NetR117_2 New Net Name=P2_TXD3
Change Net Name : Old Net Name=NetR118_2 New Net Name=P2_TXCTL
Change Net Name : Old Net Name=NetR119_2 New Net Name=P2_RXC
Change Net Name : Old Net Name=NetR145_2 New Net Name=P3_TXC
Change Net Name : Old Net Name=NetR146_2 New Net Name=P3_TXD0
Change Net Name : Old Net Name=NetR147_2 New Net Name=P3_TXD1
Change Net Name : Old Net Name=NetR148_2 New Net Name=P3_TXD2
Change Net Name : Old Net Name=NetR149_2 New Net Name=P3_TXD3
Change Net Name : Old Net Name=NetR150_2 New Net Name=P3_TXCTL
Change Net Name : Old Net Name=NetR151_2 New Net Name=P3_RXC
Change Net Name : Old Net Name=NetR177_2 New Net Name=P4_TXC
Change Net Name : Old Net Name=NetR178_2 New Net Name=P4_TXD0
Change Net Name : Old Net Name=NetR179_2 New Net Name=P4_TXD1
Change Net Name : Old Net Name=NetR180_2 New Net Name=P4_TXD2
Change Net Name : Old Net Name=NetR181_2 New Net Name=P4_TXD3
Change Net Name : Old Net Name=NetR182_2 New Net Name=P4_TXCTL
Change Net Name : Old Net Name=NetR183_2 New Net Name=P4_RXC
Change Net Name : Old Net Name=NetR209_2 New Net Name=P5_TXC
Change Net Name : Old Net Name=NetR210_2 New Net Name=P5_TXD0
Change Net Name : Old Net Name=NetR211_2 New Net Name=P5_TXD1
Change Net Name : Old Net Name=NetR212_2 New Net Name=P5_TXD2
Change Net Name : Old Net Name=NetR213_2 New Net Name=P5_TXD3
Change Net Name : Old Net Name=NetR214_2 New Net Name=P5_TXCTL
Change Net Name : Old Net Name=NetR215_2 New Net Name=P5_RXC
Change Net Name : Old Net Name=NetR241_2 New Net Name=P6_TXC
Change Net Name : Old Net Name=NetR242_2 New Net Name=P6_TXD0
Change Net Name : Old Net Name=NetR243_2 New Net Name=P6_TXD1
Change Net Name : Old Net Name=NetR244_2 New Net Name=P6_TXD2
Change Net Name : Old Net Name=NetR245_2 New Net Name=P6_TXD3
Change Net Name : Old Net Name=NetR246_2 New Net Name=P6_TXCTL
Change Net Name : Old Net Name=NetR247_2 New Net Name=P6_RXC
Change Net Name : Old Net Name=PHY_AD2 New Net Name=P0_AD2
Change Net Name : Old Net Name=SELRGV New Net Name=P0_SELRGV
Change Net Name : Old Net Name=TXDLY New Net Name=P0_TXDLY
