Added Component: Designator=U1(QFN12)
Added Component: Designator=U2(QFN12)
Added Pin To Net: NetName=NetL1_2 Pin=U1-1
Added Pin To Net: NetName=3V3 Pin=U1-2
Added Pin To Net: NetName=NetC11_1 Pin=U1-3
Added Pin To Net: NetName=NetC10_1 Pin=U1-4
Added Pin To Net: NetName=NetR21_1 Pin=U1-5
Added Pin To Net: NetName=NetC8_1 Pin=U1-6
Added Pin To Net: NetName=NetR13_1 Pin=U1-7
Added Pin To Net: NetName=5V Pin=U1-8
Added Pin To Net: NetName=NetL1_2 Pin=U1-9
Added Pin To Net: NetName=GND Pin=U1-10
Added Pin To Net: NetName=GND Pin=U1-11
Added Pin To Net: NetName=GND Pin=U1-12
Added Pin To Net: NetName=5V Pin=U1-13
Added Pin To Net: NetName=NetL2_2 Pin=U2-1
Added Pin To Net: NetName=1V8 Pin=U2-2
Added Pin To Net: NetName=NetC12_1 Pin=U2-3
Added Pin To Net: NetName=NetC9_1 Pin=U2-4
Added Pin To Net: NetName=NetR22_1 Pin=U2-5
Added Pin To Net: NetName=NetC7_1 Pin=U2-6
Added Pin To Net: NetName=NetR12_1 Pin=U2-7
Added Pin To Net: NetName=5V Pin=U2-8
Added Pin To Net: NetName=NetL2_2 Pin=U2-9
Added Pin To Net: NetName=GND Pin=U2-10
Added Pin To Net: NetName=GND Pin=U2-11
Added Pin To Net: NetName=GND Pin=U2-12
Added Pin To Net: NetName=5V Pin=U2-13
Added Member To Class: ClassName=OECU_BASE1 Member=Component U1 MP2145
Added Member To Class: ClassName=OECU_BASE1 Member=Component U2 MP2145
