Removed Pin From Net: NetName=MIO44 Pin=U2-3
Removed Pin From Net: NetName=MIO45 Pin=U2-4
Removed Pin From Net: NetName=MIO41 Pin=U2-5
Removed Pin From Net: NetName=MIO42 Pin=U2-7
Removed Pin From Net: NetName=MIO43 Pin=U2-8
Removed Pin From Net: NetName=MIO7 Pin=U2-9
Removed Pin From Net: NetName=MIO7_3V3 Pin=U2-12
Removed Pin From Net: NetName=SD_D1 Pin=U2-13
Removed Pin From Net: NetName=SD_D0 Pin=U2-14
Removed Pin From Net: NetName=SD_CMD Pin=U2-16
Removed Pin From Net: NetName=SD_D3 Pin=U2-17
Removed Pin From Net: NetName=SD_D2 Pin=U2-18
Added Pin To Net: NetName=MIO7 Pin=U2-3
Added Pin To Net: NetName=MIO43 Pin=U2-4
Added Pin To Net: NetName=MIO42 Pin=U2-5
Added Pin To Net: NetName=MIO41 Pin=U2-7
Added Pin To Net: NetName=MIO45 Pin=U2-8
Added Pin To Net: NetName=MIO44 Pin=U2-9
Added Pin To Net: NetName=SD_D2 Pin=U2-12
Added Pin To Net: NetName=SD_D3 Pin=U2-13
Added Pin To Net: NetName=SD_CMD Pin=U2-14
Added Pin To Net: NetName=SD_D0 Pin=U2-16
Added Pin To Net: NetName=SD_D1 Pin=U2-17
Added Pin To Net: NetName=MIO7_3V3 Pin=U2-18
