Removed Pin From Net: NetName=MIO36 Pin=H1-1
Removed Pin From Net: NetName=MIO33 Pin=H1-2
Removed Pin From Net: NetName=MIO38 Pin=H1-3
Removed Pin From Net: NetName=MIO37 Pin=H1-4
Removed Pin From Net: NetName=MIO35 Pin=H1-5
Removed Pin From Net: NetName=MIO31 Pin=H1-6
Removed Pin From Net: NetName=MIO46 Pin=H1-7
Removed Pin From Net: NetName=MIO49 Pin=H1-8
Removed Pin From Net: NetName=MIO51 Pin=H1-9
Removed Pin From Net: NetName=5V Pin=H1-10
Removed Pin From Net: NetName=MIO34 Pin=H1-11
Removed Pin From Net: NetName=MIO32 Pin=H1-12
Removed Pin From Net: NetName=MIO29 Pin=H1-13
Removed Pin From Net: NetName=MIO39 Pin=H1-14
Removed Pin From Net: NetName=MIO28 Pin=H1-15
Removed Pin From Net: NetName=MIO30 Pin=H1-16
Removed Pin From Net: NetName=MIO47 Pin=H1-17
Removed Pin From Net: NetName=MIO50 Pin=H1-18
Removed Pin From Net: NetName=MIO48 Pin=H1-19
Removed Pin From Net: NetName=GND Pin=H1-20
Removed Pin From Net: NetName=IO13_17N Pin=H2-1
Removed Pin From Net: NetName=IO13_17P Pin=H2-2
Removed Pin From Net: NetName=IO13_21N Pin=H2-3
Removed Pin From Net: NetName=IO13_21P Pin=H2-4
Removed Pin From Net: NetName=IO13_13N Pin=H2-5
Removed Pin From Net: NetName=IO13_13P Pin=H2-6
Removed Pin From Net: NetName=IO13_14N Pin=H2-7
Removed Pin From Net: NetName=IO13_14P Pin=H2-8
Removed Pin From Net: NetName=IO13_15N Pin=H2-9
Removed Pin From Net: NetName=5V Pin=H2-10
Removed Pin From Net: NetName=IO13_19N Pin=H2-11
Removed Pin From Net: NetName=IO13_19P Pin=H2-12
Removed Pin From Net: NetName=IO13_12N Pin=H2-13
Removed Pin From Net: NetName=IO13_12P Pin=H2-14
Removed Pin From Net: NetName=IO13_22P Pin=H2-15
Removed Pin From Net: NetName=IO13_22N Pin=H2-16
Removed Pin From Net: NetName=IO13_11P Pin=H2-17
Removed Pin From Net: NetName=IO13_11N Pin=H2-18
Removed Pin From Net: NetName=IO13_15P Pin=H2-19
Removed Pin From Net: NetName=GND Pin=H2-20
Change Component Designator: OldDesignator=D*1 NewDesignator=D2
Change Component Designator: OldDesignator=FAN1 NewDesignator=FAN
Change Component Designator: OldDesignator=JTAG1 NewDesignator=JTAG
Change Component Designator: OldDesignator=LED1 NewDesignator=D1
Change Component Designator: OldDesignator=OLED1 NewDesignator=OLED
Added Pin To Net: NetName=GND Pin=D2-2
Added Pin To Net: NetName=MIO34 Pin=H1-1
Added Pin To Net: NetName=MIO32 Pin=H1-2
Added Pin To Net: NetName=MIO29 Pin=H1-3
Added Pin To Net: NetName=MIO39 Pin=H1-4
Added Pin To Net: NetName=MIO28 Pin=H1-5
Added Pin To Net: NetName=MIO30 Pin=H1-6
Added Pin To Net: NetName=MIO47 Pin=H1-7
Added Pin To Net: NetName=MIO50 Pin=H1-8
Added Pin To Net: NetName=MIO48 Pin=H1-9
Added Pin To Net: NetName=GND Pin=H1-10
Added Pin To Net: NetName=MIO36 Pin=H1-11
Added Pin To Net: NetName=MIO33 Pin=H1-12
Added Pin To Net: NetName=MIO38 Pin=H1-13
Added Pin To Net: NetName=MIO37 Pin=H1-14
Added Pin To Net: NetName=MIO35 Pin=H1-15
Added Pin To Net: NetName=MIO31 Pin=H1-16
Added Pin To Net: NetName=MIO46 Pin=H1-17
Added Pin To Net: NetName=MIO49 Pin=H1-18
Added Pin To Net: NetName=MIO51 Pin=H1-19
Added Pin To Net: NetName=5V Pin=H1-20
Added Pin To Net: NetName=IO13_19N Pin=H2-1
Added Pin To Net: NetName=IO13_19P Pin=H2-2
Added Pin To Net: NetName=IO13_12N Pin=H2-3
Added Pin To Net: NetName=IO13_12P Pin=H2-4
Added Pin To Net: NetName=IO13_22P Pin=H2-5
Added Pin To Net: NetName=IO13_22N Pin=H2-6
Added Pin To Net: NetName=IO13_11P Pin=H2-7
Added Pin To Net: NetName=IO13_11N Pin=H2-8
Added Pin To Net: NetName=IO13_15P Pin=H2-9
Added Pin To Net: NetName=GND Pin=H2-10
Added Pin To Net: NetName=IO13_17N Pin=H2-11
Added Pin To Net: NetName=IO13_17P Pin=H2-12
Added Pin To Net: NetName=IO13_21N Pin=H2-13
Added Pin To Net: NetName=IO13_21P Pin=H2-14
Added Pin To Net: NetName=IO13_13N Pin=H2-15
Added Pin To Net: NetName=IO13_13P Pin=H2-16
Added Pin To Net: NetName=IO13_14N Pin=H2-17
Added Pin To Net: NetName=IO13_14P Pin=H2-18
Added Pin To Net: NetName=IO13_15N Pin=H2-19
Added Pin To Net: NetName=5V Pin=H2-20
Added Pin To Net: NetName=GND Pin=OLED-1
Added Pin To Net: NetName=3V3 Pin=OLED-2
Added Pin To Net: NetName=IO13_16N Pin=OLED-3
Added Pin To Net: NetName=IO13_18P Pin=OLED-4
Added Pin To Net: NetName=IO13_16P Pin=OLED-5
Added Pin To Net: NetName=IO13_20P Pin=OLED-6
Added Pin To Net: NetName=IO13_20N Pin=OLED-7
Added Pin To Net: NetName=MIO7_3V3 Pin=R190-1
Added Pin To Net: NetName=5V Pin=R191-1
Added Pin To Net: NetName=GND Pin=R192-2
Change Net Name : Old Net Name=NetLED1_K New Net Name=NetD1_K
Added Pin To Net: NetName=NetD2_1 Pin=D2-1
Added Pin To Net: NetName=NetD2_1 Pin=R190-2
Added Pin To Net: NetName=NetD2_1 Pin=R192-1
Added Net: Name=NetD2_1
Added Pin To Net: NetName=NetD2_3 Pin=D2-3
Added Pin To Net: NetName=NetD2_3 Pin=FAN-2
Added Net: Name=NetD2_3
Added Pin To Net: NetName=NetFAN_1 Pin=FAN-1
Added Pin To Net: NetName=NetFAN_1 Pin=R191-2
Added Net: Name=NetFAN_1
Added Member To Class: ClassName=OECU_BASE1 Member=Component C4 104
Added Member To Class: ClassName=OECU_BASE2 Member=Component C15 104
Added Member To Class: ClassName=OECU_BASE2 Member=Component C17 104
Added Member To Class: ClassName=OECU_BASE2 Member=Component C20 10uF
Added Member To Class: ClassName=OECU_BASE2 Member=Component C21 104
Added Member To Class: ClassName=OECU_BASE2 Member=Component C24 104
Added Member To Class: ClassName=OECU_BASE2 Member=Component C25 104
Added Member To Class: ClassName=OECU_BASE6 Member=Component D2 SI2302
Added Member To Class: ClassName=OECU_BASE6 Member=Component FAN SH1.25mm_2P
Added Member To Class: ClassName=OECU_BASE6 Member=Component OLED Header_2.54_7P
Added Member To Class: ClassName=OECU_BASE1 Member=Component R5 4K7
Added Member To Class: ClassName=OECU_BASE1 Member=Component R6 1K
Added Member To Class: ClassName=OECU_BASE1 Member=Component R7 10K
Added Member To Class: ClassName=OECU_BASE1 Member=Component R9 10K
Added Member To Class: ClassName=OECU_BASE1 Member=Component R11 10K
Added Member To Class: ClassName=OECU_BASE1 Member=Component R13 10K
Added Member To Class: ClassName=OECU_BASE1 Member=Component R16 4K7
Added Member To Class: ClassName=OECU_BASE1 Member=Component R22 1K
Added Member To Class: ClassName=OECU_BASE2 Member=Component R32 22R
Added Member To Class: ClassName=OECU_BASE2 Member=Component R34 4K7
Added Member To Class: ClassName=OECU_BASE2 Member=Component R35 NC
Added Member To Class: ClassName=OECU_BASE2 Member=Component R37 4K7
Added Member To Class: ClassName=OECU_BASE2 Member=Component R40 4K7
Added Member To Class: ClassName=OECU_BASE2 Member=Component R41 4K7
Added Member To Class: ClassName=OECU_BASE2 Member=Component R44 510R
Added Member To Class: ClassName=OECU_BASE6 Member=Component R190 100R
Added Member To Class: ClassName=OECU_BASE6 Member=Component R191 10R
Added Member To Class: ClassName=OECU_BASE6 Member=Component R192 10K
Added Member To Class: ClassName=OECU_BASE6 Member=Component R193 510R
Added Member To Class: ClassName=OECU_BASE6 Member=Component R195 510R
Added Member To Class: ClassName=OECU_BASE6 Member=Component R197 510R
