Removed Pin From Net: NetName=LED1_YN Pin=R63-1
Removed Pin From Net: NetName=LED1_GP Pin=R64-1
Removed Pin From Net: NetName=LED1_YN Pin=R65-1
Removed Pin From Net: NetName=LED1_GP Pin=R66-1
Removed Pin From Net: NetName=LED1_YN Pin=R67-1
Removed Pin From Net: NetName=LED1_GP Pin=R68-1
Removed Pin From Net: NetName=LED1_YN Pin=R69-1
Removed Pin From Net: NetName=LED1_GP Pin=R70-1
Removed Pin From Net: NetName=LED1_YN Pin=R71-1
Removed Pin From Net: NetName=LED1_GP Pin=R72-1
Added Pin To Net: NetName=LED2_YN Pin=R63-1
Added Pin To Net: NetName=LED2_GP Pin=R64-1
Added Pin To Net: NetName=LED3_YN Pin=R65-1
Added Pin To Net: NetName=LED3_GP Pin=R66-1
Added Pin To Net: NetName=LED4_YN Pin=R67-1
Added Pin To Net: NetName=LED4_GP Pin=R68-1
Added Pin To Net: NetName=LED5_YN Pin=R69-1
Added Pin To Net: NetName=LED5_GP Pin=R70-1
Added Pin To Net: NetName=LED6_YN Pin=R71-1
Added Pin To Net: NetName=LED6_GP Pin=R72-1
Added Member To Class: ClassName=OECU_BASE1 Member=Component C1 104
Added Member To Class: ClassName=OECU_BASE1 Member=Component C5 22uF
Added Member To Class: ClassName=OECU_BASE1 Member=Component C8 104
Added Member To Class: ClassName=OECU_BASE1 Member=Component C10 104
Added Member To Class: ClassName=OECU_BASE1 Member=Component C11 104
Added Member To Class: ClassName=OECU_BASE1 Member=Component C12 104
Added Member To Class: ClassName=OECU_BASE1 Member=Component C13 104
Added Member To Class: ClassName=OECU_BASE1 Member=Component C14 104
Added Member To Class: ClassName=OECU_BASE1 Member=Component C16 22uF
Added Member To Class: ClassName=OECU_BASE2 Member=Component C19 104
Added Member To Class: ClassName=OECU_BASE2 Member=Component C20 104
Added Member To Class: ClassName=OECU_BASE2 Member=Component C21 104
Added Member To Class: ClassName=OECU_BASE2 Member=Component C23 10uF
Added Member To Class: ClassName=OECU_BASE2 Member=Component C25 10uF
Added Member To Class: ClassName=OECU_BASE2 Member=Component C27 104
Added Member To Class: ClassName=OECU_BASE2 Member=Component C29 104
Added Member To Class: ClassName=OECU_BASE2 Member=Component C38 104
Added Member To Class: ClassName=OECU_BASE2 Member=Component C39 10uF
Added Member To Class: ClassName=OECU_BASE3 Member=Component C40 104
Added Member To Class: ClassName=OECU_BASE3 Member=Component C44 104
Added Member To Class: ClassName=OECU_BASE3 Member=Component C49 104
Added Member To Class: ClassName=OECU_BASE3 Member=Component C51 104
Added Member To Class: ClassName=OECU_BASE3 Member=Component C52 104
Added Member To Class: ClassName=OECU_BASE3 Member=Component C56 10uF
Added Member To Class: ClassName=OECU_BASE3 Member=Component C58 104
Added Member To Class: ClassName=OECU_BASE3 Member=Component C60 104
Added Member To Class: ClassName=OECU_BASE3 Member=Component C64 10uF
Added Member To Class: ClassName=OECU_BASE3 Member=Component C66 104
Added Member To Class: ClassName=OECU_BASE3 Member=Component C68 104
Added Member To Class: ClassName=OECU_BASE3 Member=Component C69 104
Added Member To Class: ClassName=OECU_BASE3 Member=Component C71 10uF
Added Member To Class: ClassName=OECU_BASE3 Member=Component C72 10uF
Added Member To Class: ClassName=OECU_BASE3 Member=Component C73 104
Added Member To Class: ClassName=OECU_BASE4 Member=Component C78 104
Added Member To Class: ClassName=OECU_BASE4 Member=Component C80 104
Added Member To Class: ClassName=OECU_BASE4 Member=Component C82 10uF
Added Member To Class: ClassName=OECU_BASE4 Member=Component C87 104
Added Member To Class: ClassName=OECU_BASE4 Member=Component C88 104
Added Member To Class: ClassName=OECU_BASE4 Member=Component C92 10uF
Added Member To Class: ClassName=OECU_BASE4 Member=Component C95 104
Added Member To Class: ClassName=OECU_BASE4 Member=Component C96 104
Added Member To Class: ClassName=OECU_BASE4 Member=Component C98 104
Added Member To Class: ClassName=OECU_BASE4 Member=Component C100 10uF
Added Member To Class: ClassName=OECU_BASE4 Member=Component C102 104
Added Member To Class: ClassName=OECU_BASE4 Member=Component C103 104
Added Member To Class: ClassName=OECU_BASE4 Member=Component C104 104
Added Member To Class: ClassName=OECU_BASE4 Member=Component C107 10uF
Added Member To Class: ClassName=OECU_BASE4 Member=Component C108 10uF
Added Member To Class: ClassName=OECU_BASE4 Member=Component C109 104
Added Member To Class: ClassName=OECU_BASE4 Member=Component C110 10uF
Added Member To Class: ClassName=OECU_BASE5 Member=Component C114 104
Added Member To Class: ClassName=OECU_BASE5 Member=Component C116 104
Added Member To Class: ClassName=OECU_BASE5 Member=Component C118 10uF
Added Member To Class: ClassName=OECU_BASE5 Member=Component C123 104
Added Member To Class: ClassName=OECU_BASE5 Member=Component C124 104
Added Member To Class: ClassName=OECU_BASE5 Member=Component C128 10uF
Added Member To Class: ClassName=OECU_BASE5 Member=Component C131 104
Added Member To Class: ClassName=OECU_BASE5 Member=Component C132 104
Added Member To Class: ClassName=OECU_BASE5 Member=Component C134 104
Added Member To Class: ClassName=OECU_BASE5 Member=Component C136 10uF
Added Member To Class: ClassName=OECU_BASE5 Member=Component C138 104
Added Member To Class: ClassName=OECU_BASE5 Member=Component C139 104
Added Member To Class: ClassName=OECU_BASE5 Member=Component C140 104
Added Member To Class: ClassName=OECU_BASE5 Member=Component C143 10uF
Added Member To Class: ClassName=OECU_BASE5 Member=Component C144 10uF
Added Member To Class: ClassName=OECU_BASE5 Member=Component C145 104
Added Member To Class: ClassName=OECU_BASE5 Member=Component C146 10uF
Added Member To Class: ClassName=OECU_BASE1 Member=Component R5 4K7
Added Member To Class: ClassName=OECU_BASE1 Member=Component R6 5K1
Added Member To Class: ClassName=OECU_BASE1 Member=Component R8 4K7
Added Member To Class: ClassName=OECU_BASE1 Member=Component R9 NC
Added Member To Class: ClassName=OECU_BASE1 Member=Component R13 4K7
Added Member To Class: ClassName=OECU_BASE1 Member=Component R17 10K
Added Member To Class: ClassName=OECU_BASE1 Member=Component R19 10K
Added Member To Class: ClassName=OECU_BASE1 Member=Component R21 4K7
Added Member To Class: ClassName=OECU_BASE1 Member=Component R23 5K1
Added Member To Class: ClassName=OECU_BASE1 Member=Component R25 5K1
Added Member To Class: ClassName=OECU_BASE1 Member=Component R26 5K1
Added Member To Class: ClassName=OECU_BASE1 Member=Component R27 100K
Added Member To Class: ClassName=OECU_BASE1 Member=Component R28 44K2
Added Member To Class: ClassName=OECU_BASE1 Member=Component R30 200K
Added Member To Class: ClassName=OECU_BASE2 Member=Component R39 22R
Added Member To Class: ClassName=OECU_BASE2 Member=Component R46 NC
Added Member To Class: ClassName=OECU_BASE2 Member=Component R48 22R
Added Member To Class: ClassName=OECU_BASE2 Member=Component R49 0R
Added Member To Class: ClassName=OECU_BASE2 Member=Component R53 4K7
Added Member To Class: ClassName=OECU_BASE2 Member=Component R55 4K7
Added Member To Class: ClassName=OECU_BASE2 Member=Component R58 4K7
Added Member To Class: ClassName=OECU_BASE2 Member=Component R60 510R
Added Member To Class: ClassName=OECU_BASE2 Member=Component R63 510R
Added Member To Class: ClassName=OECU_BASE2 Member=Component R64 510R
Added Member To Class: ClassName=OECU_BASE2 Member=Component R67 510R
Added Member To Class: ClassName=OECU_BASE2 Member=Component R68 510R
Added Member To Class: ClassName=OECU_BASE2 Member=Component R69 510R
Added Member To Class: ClassName=OECU_BASE2 Member=Component R70 510R
Added Member To Class: ClassName=OECU_BASE2 Member=Component R71 510R
Added Member To Class: ClassName=OECU_BASE2 Member=Component R72 510R
Added Member To Class: ClassName=OECU_BASE3 Member=Component R73 NC
Added Member To Class: ClassName=OECU_BASE3 Member=Component R75 4K7
Added Member To Class: ClassName=OECU_BASE3 Member=Component R77 4K7
Added Member To Class: ClassName=OECU_BASE3 Member=Component R79 4K7
Added Member To Class: ClassName=OECU_BASE3 Member=Component R83 22R
Added Member To Class: ClassName=OECU_BASE3 Member=Component R84 22R
Added Member To Class: ClassName=OECU_BASE3 Member=Component R85 22R
Added Member To Class: ClassName=OECU_BASE3 Member=Component R87 22R
Added Member To Class: ClassName=OECU_BASE3 Member=Component R88 22R
Added Member To Class: ClassName=OECU_BASE3 Member=Component R91 22R
Added Member To Class: ClassName=OECU_BASE3 Member=Component R96 4K7
Added Member To Class: ClassName=OECU_BASE3 Member=Component R97 NC
Added Member To Class: ClassName=OECU_BASE3 Member=Component R99 0R
Added Member To Class: ClassName=OECU_BASE3 Member=Component R100 4K7
Added Member To Class: ClassName=OECU_BASE3 Member=Component R102 75R
Added Member To Class: ClassName=OECU_BASE3 Member=Component R103 75R
Added Member To Class: ClassName=OECU_BASE3 Member=Component R104 75R
Added Member To Class: ClassName=OECU_BASE3 Member=Component R107 4K7
Added Member To Class: ClassName=OECU_BASE3 Member=Component R111 4K7
Added Member To Class: ClassName=OECU_BASE3 Member=Component R112 4K7
Added Member To Class: ClassName=OECU_BASE3 Member=Component R113 22R
Added Member To Class: ClassName=OECU_BASE3 Member=Component R115 22R
Added Member To Class: ClassName=OECU_BASE3 Member=Component R117 22R
Added Member To Class: ClassName=OECU_BASE3 Member=Component R118 22R
Added Member To Class: ClassName=OECU_BASE3 Member=Component R119 22R
Added Member To Class: ClassName=OECU_BASE3 Member=Component R120 22R
Added Member To Class: ClassName=OECU_BASE3 Member=Component R121 22R
Added Member To Class: ClassName=OECU_BASE3 Member=Component R124 22R
Added Member To Class: ClassName=OECU_BASE3 Member=Component R125 22R
Added Member To Class: ClassName=OECU_BASE3 Member=Component R129 NC
Added Member To Class: ClassName=OECU_BASE3 Member=Component R130 22R
Added Member To Class: ClassName=OECU_BASE3 Member=Component R134 75R
Added Member To Class: ClassName=OECU_BASE4 Member=Component R145 22R
Added Member To Class: ClassName=OECU_BASE4 Member=Component R147 22R
Added Member To Class: ClassName=OECU_BASE4 Member=Component R149 22R
Added Member To Class: ClassName=OECU_BASE4 Member=Component R151 22R
Added Member To Class: ClassName=OECU_BASE4 Member=Component R159 4K7
Added Member To Class: ClassName=OECU_BASE4 Member=Component R161 NC
Added Member To Class: ClassName=OECU_BASE4 Member=Component R165 75R
Added Member To Class: ClassName=OECU_BASE4 Member=Component R166 75R
Added Member To Class: ClassName=OECU_BASE4 Member=Component R167 75R
Added Member To Class: ClassName=OECU_BASE4 Member=Component R168 75R
Added Member To Class: ClassName=OECU_BASE4 Member=Component R173 4K7
Added Member To Class: ClassName=OECU_BASE4 Member=Component R175 4K7
Added Member To Class: ClassName=OECU_BASE4 Member=Component R177 22R
Added Member To Class: ClassName=OECU_BASE4 Member=Component R178 22R
Added Member To Class: ClassName=OECU_BASE4 Member=Component R179 22R
Added Member To Class: ClassName=OECU_BASE4 Member=Component R180 22R
Added Member To Class: ClassName=OECU_BASE4 Member=Component R181 22R
Added Member To Class: ClassName=OECU_BASE4 Member=Component R182 22R
Added Member To Class: ClassName=OECU_BASE4 Member=Component R183 22R
Added Member To Class: ClassName=OECU_BASE4 Member=Component R184 22R
Added Member To Class: ClassName=OECU_BASE4 Member=Component R185 22R
Added Member To Class: ClassName=OECU_BASE4 Member=Component R186 22R
Added Member To Class: ClassName=OECU_BASE4 Member=Component R187 22R
Added Member To Class: ClassName=OECU_BASE4 Member=Component R188 22R
Added Member To Class: ClassName=OECU_BASE4 Member=Component R189 22R
Added Member To Class: ClassName=OECU_BASE4 Member=Component R190 22R
Added Member To Class: ClassName=OECU_BASE4 Member=Component R191 4K7
Added Member To Class: ClassName=OECU_BASE4 Member=Component R192 4K7
Added Member To Class: ClassName=OECU_BASE4 Member=Component R194 22R
Added Member To Class: ClassName=OECU_BASE4 Member=Component R196 4K7
Added Member To Class: ClassName=OECU_BASE4 Member=Component R198 75R
Added Member To Class: ClassName=OECU_BASE5 Member=Component R202 NC
Added Member To Class: ClassName=OECU_BASE5 Member=Component R206 4K7
Added Member To Class: ClassName=OECU_BASE5 Member=Component R208 4K7
Added Member To Class: ClassName=OECU_BASE5 Member=Component R209 22R
Added Member To Class: ClassName=OECU_BASE5 Member=Component R210 22R
Added Member To Class: ClassName=OECU_BASE5 Member=Component R211 22R
Added Member To Class: ClassName=OECU_BASE5 Member=Component R212 22R
Added Member To Class: ClassName=OECU_BASE5 Member=Component R213 22R
Added Member To Class: ClassName=OECU_BASE5 Member=Component R214 22R
Added Member To Class: ClassName=OECU_BASE5 Member=Component R215 22R
Added Member To Class: ClassName=OECU_BASE5 Member=Component R216 22R
Added Member To Class: ClassName=OECU_BASE5 Member=Component R218 22R
Added Member To Class: ClassName=OECU_BASE5 Member=Component R220 22R
Added Member To Class: ClassName=OECU_BASE5 Member=Component R222 22R
Added Member To Class: ClassName=OECU_BASE5 Member=Component R226 22R
Added Member To Class: ClassName=OECU_BASE5 Member=Component R228 4K7
Added Member To Class: ClassName=OECU_BASE5 Member=Component R230 75R
Added Member To Class: ClassName=OECU_BASE5 Member=Component R232 75R
Added Member To Class: ClassName=OECU_BASE5 Member=Component R234 NC
Added Member To Class: ClassName=OECU_BASE5 Member=Component R235 4K7
Added Member To Class: ClassName=OECU_BASE5 Member=Component R239 4K7
Added Member To Class: ClassName=OECU_BASE5 Member=Component R241 22R
Added Member To Class: ClassName=OECU_BASE5 Member=Component R244 22R
Added Member To Class: ClassName=OECU_BASE5 Member=Component R246 22R
Added Member To Class: ClassName=OECU_BASE5 Member=Component R248 22R
Added Member To Class: ClassName=OECU_BASE5 Member=Component R250 22R
Added Member To Class: ClassName=OECU_BASE5 Member=Component R252 22R
Added Member To Class: ClassName=OECU_BASE5 Member=Component R254 22R
Added Member To Class: ClassName=OECU_BASE5 Member=Component R256 4K7
Added Member To Class: ClassName=OECU_BASE5 Member=Component R258 22R
Added Member To Class: ClassName=OECU_BASE5 Member=Component R260 4K7
Added Member To Class: ClassName=OECU_BASE5 Member=Component R262 75R
